Torch version: 2.5.1
CUDA available: True
CUDA device count: 2
CUDA device name: NVIDIA H100 80GB HBM3
Loading year 2001
[PatchDiffusionDataset] Timestep splits per patch size:
  Patch size 64: 438 timesteps assigned
  Patch size 896: 8322 timesteps assigned
[PatchDiffusionDataset] Extracting patches of size 64 from 438 timesteps
[Warning] Found NaNs in patches for patch size 64
[PatchDiffusionDataset] Patch size 64 Kept patches fraction (expected) = 0.10
[PatchDiffusionDataset] Patch size 64: kept 9.63173680467518% (6230/64682) patches after IS, discarded 58452
[PatchDiffusionDataset] Extracting patches of size 896 from 8322 timesteps
[Warning] Found NaNs in patches for patch size 896
[PatchDiffusionDataset] Patch size 896 Kept patches fraction (expected) = 0.07
[PatchDiffusionDataset] Patch size 896: kept 6.806156806156806% (566/8316) patches after IS, discarded 7750
[LogScaler] Auto-selected c = 0.1000
[LogScaler] mean=0.5047, std=0.9664
Raw values stats:
min: 0.0 max: 25.093822
NaNs: 0 Infs: 0
[PatchDiffusionDataset] total path_sets = 2 with lengths [6230, 566]

[Cache] Saved dataset to cache/precip_patch_dataset_2001_isp_ag_multi_patch.pkl

Loading year 2002
[PatchDiffusionDataset] Timestep splits per patch size:
  Patch size 64: 438 timesteps assigned
  Patch size 896: 8322 timesteps assigned
[PatchDiffusionDataset] Extracting patches of size 64 from 438 timesteps
[Warning] Found NaNs in patches for patch size 64
[PatchDiffusionDataset] Patch size 64 Kept patches fraction (expected) = 0.09
[PatchDiffusionDataset] Patch size 64: kept 9.14306809616834% (5944/65011) patches after IS, discarded 59067
[PatchDiffusionDataset] Extracting patches of size 896 from 8322 timesteps
