Torch version: 2.5.1
CUDA available: True
CUDA device count: 2
CUDA device name: NVIDIA H100 80GB HBM3
Loading year 2001

[Cache] Loaded dataset from cache/precip_patch_dataset_2001_isp_ag_multi_patch.pkl

Loading year 2002
[PatchDiffusionDataset] Timestep splits per patch size:
  Patch size 64: 1095 timesteps assigned
  Patch size 128: 1095 timesteps assigned
  Patch size 256: 4380 timesteps assigned
  Patch size 512: 1095 timesteps assigned
  Patch size 896: 1095 timesteps assigned
[PatchDiffusionDataset] Extracting patches of size 64 from 1095 timesteps
[Warning] Found NaNs in patches for patch size 64
[PatchDiffusionDataset] Patch size 64 Kept patches fraction (expected) = 0.09
[PatchDiffusionDataset] Patch size 64: kept 9.42696318169235% (15324/162555) patches after IS, discarded 147231
[PatchDiffusionDataset] Extracting patches of size 128 from 1095 timesteps
[Warning] Found NaNs in patches for patch size 128
[PatchDiffusionDataset] Patch size 128 Kept patches fraction (expected) = 0.09
[PatchDiffusionDataset] Patch size 128: kept 8.747729728487021% (3805/43497) patches after IS, discarded 39692
[PatchDiffusionDataset] Extracting patches of size 256 from 4380 timesteps
[Warning] Found NaNs in patches for patch size 256
