Torch version: 2.5.1
CUDA available: True
CUDA device count: 4
CUDA device name: NVIDIA H100 80GB HBM3

[Cache] Loaded dataset from cache/precip_dataset_2001-2010_256_8760_10%.pkl

Output path set to: output_new/normal_Nov10_1411_256_0.1
[Prepare Run] No model file provided, initialized new, random model.
[Nov10_1411] Starting epoch 1/150...
Epoch 1/150 - train_loss: 0.069985 - val_loss: 0.059344
[Nov10_1425] Starting epoch 2/150...
Epoch 2/150 - train_loss: 0.059674 - val_loss: 0.053320
[Nov10_1439] Starting epoch 3/150...
Epoch 3/150 - train_loss: 0.057387 - val_loss: 0.054890
[Nov10_1452] Starting epoch 4/150...
Epoch 4/150 - train_loss: 0.056374 - val_loss: 0.055562
[Nov10_1506] Starting epoch 5/150...
Epoch 5/150 - train_loss: 0.055298 - val_loss: 0.054224
[Nov10_1520] Starting epoch 6/150...
Epoch 6/150 - train_loss: 0.054514 - val_loss: 0.053781
[Nov10_1533] Starting epoch 7/150...
