Torch version: 2.5.1
CUDA available: True
CUDA device count: 4
CUDA device name: NVIDIA H100 80GB HBM3
Output path set to: output_new/optuna_best_Nov04_2333_256_0.1

[Cache] Loaded dataset from cache/precip_dataset_2001-2002_256_8760_10%.pkl

[Nov04_2333] Starting epoch 1/1...
Epoch 1/1 - avg_loss: 0.097258
[Nov04_2335] Sampling 1-16 / 64
[Nov04_2336] Sampling 17-32 / 64
[Nov04_2337] Sampling 33-48 / 64
[Nov04_2337] Sampling 49-64 / 64
Sample stats: -2.0390305519104004 6.5596418380737305 -0.20655745267868042 1.3079442977905273
<class 'torch.Tensor'> torch.Size([32, 1, 256, 256])
[Plot] Saved output_new/optuna_best_Nov04_2333_256_0.1/samples/plot1.png
[Plot] Saved histogram comparison to output_new/optuna_best_Nov04_2333_256_0.1/histograms/hist1.png
[Plot] Saved histogram comparison to output_new/optuna_best_Nov04_2333_256_0.1/histograms/hist2.png
[Nov04_2338] Starting epoch 1/1...
Epoch 1/1 - avg_loss: 0.086427
[Nov04_2340] Sampling 1-16 / 64
[Nov04_2341] Sampling 17-32 / 64
[Nov04_2342] Sampling 33-48 / 64
[Nov04_2343] Sampling 49-64 / 64
Sample stats: -6.2965168952941895 3.693997859954834 -3.7135798931121826 0.7686785459518433
<class 'torch.Tensor'> torch.Size([32, 1, 256, 256])
[Plot] Saved output_new/optuna_best_Nov04_2333_256_0.1/samples/plot2.png
[Plot] Saved histogram comparison to output_new/optuna_best_Nov04_2333_256_0.1/histograms/hist3.png
[Plot] Saved histogram comparison to output_new/optuna_best_Nov04_2333_256_0.1/histograms/hist4.png

=== Parameter-wise Summary ===

Parameter: dropout
  0.1877339358825859: avg RMSE=0.0973, avg time=335.2s over 1 trials
  0.153631736272617: avg RMSE=0.0864, avg time=329.6s over 1 trials

Parameter: optimizer
  Adam: avg RMSE=0.0973, avg time=335.2s over 1 trials
  AdamW: avg RMSE=0.0864, avg time=329.6s over 1 trials

Parameter: scheduler
  ExponentialLR: avg RMSE=0.0973, avg time=335.2s over 1 trials
  WarmupCosine: avg RMSE=0.0864, avg time=329.6s over 1 trials

Parameter: lr
  7.068193557774192e-05: avg RMSE=0.0973, avg time=335.2s over 1 trials
  0.0008198889117936674: avg RMSE=0.0864, avg time=329.6s over 1 trials
