Python executable1: /p/system/packages/tools/miniforge/25.3.0-3/bin/python
Python executabl2: /home/merlinho/.conda/envs/diffusion_rain/bin/python
Python executable3: /home/merlinho/.conda/envs/diffusion_rain/bin/python
heyaa
/home/merlinho/.conda/envs/diffusion_rain/bin/python
['', '/home/merlinho/testspace/DDPM_Inpainting', '/home/merlinho/.conda/envs/diffusion_rain/lib/python310.zip', '/home/merlinho/.conda/envs/diffusion_rain/lib/python3.10', '/home/merlinho/.conda/envs/diffusion_rain/lib/python3.10/lib-dynload', '/home/merlinho/.conda/envs/diffusion_rain/lib/python3.10/site-packages']
Test A
herreee
2.5.1
done
Test B
Python executable4: /home/merlinho/.conda/envs/diffusion_rain/bin/python
Torch version: 2.5.1
CUDA available: True
CUDA device count: 2
CUDA device name: NVIDIA H100 80GB HBM3

[Cache] Loaded dataset from cache/precip_dataset_2001-2001_128_8760_10%.pkl

Best model: output/models/best_model_0.0134_1014_17.pt (loss=0.013357)
Using 2 GPUs via DataParallel
Sampling, at 999/1000
Sampling, at 998/1000
Sampling, at 997/1000
Sampling, at 996/1000
Sampling, at 995/1000
Sampling, at 994/1000
Sampling, at 993/1000
Sampling, at 992/1000
Sampling, at 991/1000
Sampling, at 990/1000
Sampling, at 989/1000
Sampling, at 988/1000
Sampling, at 987/1000
Sampling, at 986/1000
Sampling, at 985/1000
Sampling, at 984/1000
Sampling, at 983/1000
Sampling, at 982/1000
Sampling, at 981/1000
Sampling, at 980/1000
Sampling, at 979/1000
Sampling, at 978/1000
Sampling, at 977/1000
Sampling, at 976/1000
Sampling, at 975/1000
Sampling, at 974/1000
Sampling, at 973/1000
Sampling, at 972/1000
Sampling, at 971/1000
Sampling, at 970/1000
Sampling, at 969/1000
Sampling, at 968/1000
Sampling, at 967/1000
Sampling, at 966/1000
Sampling, at 965/1000
Sampling, at 964/1000
Sampling, at 963/1000
Sampling, at 962/1000
Sampling, at 961/1000
Sampling, at 960/1000
Sampling, at 959/1000
Sampling, at 958/1000
Sampling, at 957/1000
Sampling, at 956/1000
Sampling, at 955/1000
Sampling, at 954/1000
Sampling, at 953/1000
Sampling, at 952/1000
Sampling, at 951/1000
Sampling, at 950/1000
Sampling, at 949/1000
Sampling, at 948/1000
Sampling, at 947/1000
Sampling, at 946/1000
Sampling, at 945/1000
Sampling, at 944/1000
Sampling, at 943/1000
Sampling, at 942/1000
Sampling, at 941/1000
Sampling, at 940/1000
Sampling, at 939/1000
Sampling, at 938/1000
Sampling, at 937/1000
Sampling, at 936/1000
Sampling, at 935/1000
Sampling, at 934/1000
Sampling, at 933/1000
Sampling, at 932/1000
Sampling, at 931/1000
Sampling, at 930/1000
Sampling, at 929/1000
Sampling, at 928/1000
Sampling, at 927/1000
Sampling, at 926/1000
Sampling, at 925/1000
Sampling, at 924/1000
Sampling, at 923/1000
Sampling, at 922/1000
Sampling, at 921/1000
Sampling, at 920/1000
Sampling, at 919/1000
Sampling, at 918/1000
Sampling, at 917/1000
Sampling, at 916/1000
Sampling, at 915/1000
Sampling, at 914/1000
Sampling, at 913/1000
Sampling, at 912/1000
Sampling, at 911/1000
Sampling, at 910/1000
Sampling, at 909/1000
Sampling, at 908/1000
Sampling, at 907/1000
Sampling, at 906/1000
Sampling, at 905/1000
Sampling, at 904/1000
Sampling, at 903/1000
Sampling, at 902/1000
Sampling, at 901/1000
Sampling, at 900/1000
Sampling, at 899/1000
Sampling, at 898/1000
Sampling, at 897/1000
Sampling, at 896/1000
Sampling, at 895/1000
Sampling, at 894/1000
Sampling, at 893/1000
Sampling, at 892/1000
Sampling, at 891/1000
Sampling, at 890/1000
Sampling, at 889/1000
Sampling, at 888/1000
Sampling, at 887/1000
Sampling, at 886/1000
Sampling, at 885/1000
Sampling, at 884/1000
Sampling, at 883/1000
Sampling, at 882/1000
Sampling, at 881/1000
Sampling, at 880/1000
Sampling, at 879/1000
Sampling, at 878/1000
Sampling, at 877/1000
Sampling, at 876/1000
Sampling, at 875/1000
Sampling, at 874/1000
Sampling, at 873/1000
Sampling, at 872/1000
Sampling, at 871/1000
Sampling, at 870/1000
Sampling, at 869/1000
Sampling, at 868/1000
Sampling, at 867/1000
Sampling, at 866/1000
Sampling, at 865/1000
Sampling, at 864/1000
Sampling, at 863/1000
Sampling, at 862/1000
Sampling, at 861/1000
Sampling, at 860/1000
Sampling, at 859/1000
Sampling, at 858/1000
Sampling, at 857/1000
Sampling, at 856/1000
Sampling, at 855/1000
Sampling, at 854/1000
Sampling, at 853/1000
Sampling, at 852/1000
Sampling, at 851/1000
Sampling, at 850/1000
Sampling, at 849/1000
Sampling, at 848/1000
Sampling, at 847/1000
Sampling, at 846/1000
Sampling, at 845/1000
Sampling, at 844/1000
Sampling, at 843/1000
Sampling, at 842/1000
Sampling, at 841/1000
Sampling, at 840/1000
Sampling, at 839/1000
Sampling, at 838/1000
Sampling, at 837/1000
Sampling, at 836/1000
Sampling, at 835/1000
Sampling, at 834/1000
Sampling, at 833/1000
Sampling, at 832/1000
Sampling, at 831/1000
Sampling, at 830/1000
Sampling, at 829/1000
Sampling, at 828/1000
Sampling, at 827/1000
Sampling, at 826/1000
Sampling, at 825/1000
Sampling, at 824/1000
Sampling, at 823/1000
Sampling, at 822/1000
Sampling, at 821/1000
Sampling, at 820/1000
Sampling, at 819/1000
Sampling, at 818/1000
Sampling, at 817/1000
Sampling, at 816/1000
Sampling, at 815/1000
Sampling, at 814/1000
Sampling, at 813/1000
Sampling, at 812/1000
Sampling, at 811/1000
Sampling, at 810/1000
Sampling, at 809/1000
Sampling, at 808/1000
Sampling, at 807/1000
Sampling, at 806/1000
Sampling, at 805/1000
Sampling, at 804/1000
Sampling, at 803/1000
Sampling, at 802/1000
Sampling, at 801/1000
Sampling, at 800/1000
Sampling, at 799/1000
Sampling, at 798/1000
Sampling, at 797/1000
Sampling, at 796/1000
Sampling, at 795/1000
Sampling, at 794/1000
Sampling, at 793/1000
Sampling, at 792/1000
Sampling, at 791/1000
Sampling, at 790/1000
Sampling, at 789/1000
Sampling, at 788/1000
Sampling, at 787/1000
Sampling, at 786/1000
Sampling, at 785/1000
Sampling, at 784/1000
Sampling, at 783/1000
Sampling, at 782/1000
Sampling, at 781/1000
Sampling, at 780/1000
Sampling, at 779/1000
Sampling, at 778/1000
Sampling, at 777/1000
Sampling, at 776/1000
Sampling, at 775/1000
Sampling, at 774/1000
Sampling, at 773/1000
Sampling, at 772/1000
Sampling, at 771/1000
Sampling, at 770/1000
Sampling, at 769/1000
Sampling, at 768/1000
Sampling, at 767/1000
Sampling, at 766/1000
Sampling, at 765/1000
Sampling, at 764/1000
Sampling, at 763/1000
Sampling, at 762/1000
Sampling, at 761/1000
Sampling, at 760/1000
Sampling, at 759/1000
Sampling, at 758/1000
Sampling, at 757/1000
Sampling, at 756/1000
Sampling, at 755/1000
Sampling, at 754/1000
Sampling, at 753/1000
Sampling, at 752/1000
Sampling, at 751/1000
Sampling, at 750/1000
Sampling, at 749/1000
Sampling, at 748/1000
Sampling, at 747/1000
Sampling, at 746/1000
Sampling, at 745/1000
Sampling, at 744/1000
Sampling, at 743/1000
Sampling, at 742/1000
Sampling, at 741/1000
Sampling, at 740/1000
Sampling, at 739/1000
Sampling, at 738/1000
Sampling, at 737/1000
Sampling, at 736/1000
Sampling, at 735/1000
Sampling, at 734/1000
Sampling, at 733/1000
Sampling, at 732/1000
Sampling, at 731/1000
Sampling, at 730/1000
Sampling, at 729/1000
Sampling, at 728/1000
Sampling, at 727/1000
Sampling, at 726/1000
Sampling, at 725/1000
Sampling, at 724/1000
Sampling, at 723/1000
Sampling, at 722/1000
Sampling, at 721/1000
Sampling, at 720/1000
Sampling, at 719/1000
Sampling, at 718/1000
Sampling, at 717/1000
Sampling, at 716/1000
Sampling, at 715/1000
Sampling, at 714/1000
Sampling, at 713/1000
Sampling, at 712/1000
Sampling, at 711/1000
Sampling, at 710/1000
Sampling, at 709/1000
Sampling, at 708/1000
Sampling, at 707/1000
Sampling, at 706/1000
Sampling, at 705/1000
Sampling, at 704/1000
Sampling, at 703/1000
Sampling, at 702/1000
Sampling, at 701/1000
Sampling, at 700/1000
Sampling, at 699/1000
Sampling, at 698/1000
Sampling, at 697/1000
Sampling, at 696/1000
Sampling, at 695/1000
Sampling, at 694/1000
Sampling, at 693/1000
Sampling, at 692/1000
Sampling, at 691/1000
Sampling, at 690/1000
Sampling, at 689/1000
Sampling, at 688/1000
Sampling, at 687/1000
Sampling, at 686/1000
Sampling, at 685/1000
Sampling, at 684/1000
Sampling, at 683/1000
Sampling, at 682/1000
Sampling, at 681/1000
Sampling, at 680/1000
Sampling, at 679/1000
Sampling, at 678/1000
Sampling, at 677/1000
Sampling, at 676/1000
Sampling, at 675/1000
Sampling, at 674/1000
Sampling, at 673/1000
Sampling, at 672/1000
Sampling, at 671/1000
Sampling, at 670/1000
Sampling, at 669/1000
Sampling, at 668/1000
Sampling, at 667/1000
Sampling, at 666/1000
Sampling, at 665/1000
Sampling, at 664/1000
Sampling, at 663/1000
Sampling, at 662/1000
Sampling, at 661/1000
Sampling, at 660/1000
Sampling, at 659/1000
Sampling, at 658/1000
Sampling, at 657/1000
Sampling, at 656/1000
Sampling, at 655/1000
Sampling, at 654/1000
Sampling, at 653/1000
Sampling, at 652/1000
Sampling, at 651/1000
Sampling, at 650/1000
Sampling, at 649/1000
Sampling, at 648/1000
Sampling, at 647/1000
Sampling, at 646/1000
Sampling, at 645/1000
Sampling, at 644/1000
Sampling, at 643/1000
Sampling, at 642/1000
Sampling, at 641/1000
Sampling, at 640/1000
Sampling, at 639/1000
Sampling, at 638/1000
Sampling, at 637/1000
Sampling, at 636/1000
Sampling, at 635/1000
Sampling, at 634/1000
Sampling, at 633/1000
Sampling, at 632/1000
Sampling, at 631/1000
Sampling, at 630/1000
Sampling, at 629/1000
Sampling, at 628/1000
Sampling, at 627/1000
Sampling, at 626/1000
Sampling, at 625/1000
Sampling, at 624/1000
Sampling, at 623/1000
Sampling, at 622/1000
Sampling, at 621/1000
Sampling, at 620/1000
Sampling, at 619/1000
Sampling, at 618/1000
Sampling, at 617/1000
Sampling, at 616/1000
Sampling, at 615/1000
Sampling, at 614/1000
Sampling, at 613/1000
Sampling, at 612/1000
Sampling, at 611/1000
Sampling, at 610/1000
Sampling, at 609/1000
Sampling, at 608/1000
Sampling, at 607/1000
Sampling, at 606/1000
Sampling, at 605/1000
Sampling, at 604/1000
Sampling, at 603/1000
Sampling, at 602/1000
Sampling, at 601/1000
Sampling, at 600/1000
Sampling, at 599/1000
Sampling, at 598/1000
Sampling, at 597/1000
Sampling, at 596/1000
Sampling, at 595/1000
Sampling, at 594/1000
Sampling, at 593/1000
Sampling, at 592/1000
Sampling, at 591/1000
Sampling, at 590/1000
Sampling, at 589/1000
Sampling, at 588/1000
Sampling, at 587/1000
Sampling, at 586/1000
Sampling, at 585/1000
Sampling, at 584/1000
Sampling, at 583/1000
Sampling, at 582/1000
Sampling, at 581/1000
Sampling, at 580/1000
Sampling, at 579/1000
Sampling, at 578/1000
Sampling, at 577/1000
Sampling, at 576/1000
Sampling, at 575/1000
Sampling, at 574/1000
Sampling, at 573/1000
Sampling, at 572/1000
Sampling, at 571/1000
Sampling, at 570/1000
Sampling, at 569/1000
Sampling, at 568/1000
Sampling, at 567/1000
Sampling, at 566/1000
Sampling, at 565/1000
Sampling, at 564/1000
Sampling, at 563/1000
Sampling, at 562/1000
Sampling, at 561/1000
Sampling, at 560/1000
Sampling, at 559/1000
Sampling, at 558/1000
Sampling, at 557/1000
Sampling, at 556/1000
Sampling, at 555/1000
Sampling, at 554/1000
Sampling, at 553/1000
Sampling, at 552/1000
Sampling, at 551/1000
Sampling, at 550/1000
Sampling, at 549/1000
Sampling, at 548/1000
Sampling, at 547/1000
Sampling, at 546/1000
Sampling, at 545/1000
Sampling, at 544/1000
Sampling, at 543/1000
Sampling, at 542/1000
Sampling, at 541/1000
Sampling, at 540/1000
Sampling, at 539/1000
Sampling, at 538/1000
Sampling, at 537/1000
Sampling, at 536/1000
Sampling, at 535/1000
Sampling, at 534/1000
Sampling, at 533/1000
Sampling, at 532/1000
Sampling, at 531/1000
Sampling, at 530/1000
Sampling, at 529/1000
Sampling, at 528/1000
Sampling, at 527/1000
Sampling, at 526/1000
Sampling, at 525/1000
Sampling, at 524/1000
Sampling, at 523/1000
Sampling, at 522/1000
Sampling, at 521/1000
Sampling, at 520/1000
Sampling, at 519/1000
Sampling, at 518/1000
Sampling, at 517/1000
Sampling, at 516/1000
Sampling, at 515/1000
Sampling, at 514/1000
Sampling, at 513/1000
Sampling, at 512/1000
Sampling, at 511/1000
Sampling, at 510/1000
Sampling, at 509/1000
Sampling, at 508/1000
Sampling, at 507/1000
Sampling, at 506/1000
Sampling, at 505/1000
Sampling, at 504/1000
Sampling, at 503/1000
Sampling, at 502/1000
Sampling, at 501/1000
Sampling, at 500/1000
Sampling, at 499/1000
Sampling, at 498/1000
Sampling, at 497/1000
Sampling, at 496/1000
Sampling, at 495/1000
Sampling, at 494/1000
Sampling, at 493/1000
Sampling, at 492/1000
Sampling, at 491/1000
Sampling, at 490/1000
Sampling, at 489/1000
Sampling, at 488/1000
Sampling, at 487/1000
Sampling, at 486/1000
Sampling, at 485/1000
Sampling, at 484/1000
Sampling, at 483/1000
Sampling, at 482/1000
Sampling, at 481/1000
Sampling, at 480/1000
Sampling, at 479/1000
Sampling, at 478/1000
Sampling, at 477/1000
Sampling, at 476/1000
Sampling, at 475/1000
Sampling, at 474/1000
Sampling, at 473/1000
Sampling, at 472/1000
Sampling, at 471/1000
Sampling, at 470/1000
Sampling, at 469/1000
Sampling, at 468/1000
Sampling, at 467/1000
Sampling, at 466/1000
Sampling, at 465/1000
Sampling, at 464/1000
Sampling, at 463/1000
Sampling, at 462/1000
Sampling, at 461/1000
Sampling, at 460/1000
Sampling, at 459/1000
Sampling, at 458/1000
Sampling, at 457/1000
Sampling, at 456/1000
Sampling, at 455/1000
Sampling, at 454/1000
Sampling, at 453/1000
Sampling, at 452/1000
Sampling, at 451/1000
Sampling, at 450/1000
Sampling, at 449/1000
Sampling, at 448/1000
Sampling, at 447/1000
Sampling, at 446/1000
Sampling, at 445/1000
Sampling, at 444/1000
Sampling, at 443/1000
Sampling, at 442/1000
Sampling, at 441/1000
Sampling, at 440/1000
Sampling, at 439/1000
Sampling, at 438/1000
Sampling, at 437/1000
Sampling, at 436/1000
Sampling, at 435/1000
Sampling, at 434/1000
Sampling, at 433/1000
Sampling, at 432/1000
Sampling, at 431/1000
Sampling, at 430/1000
Sampling, at 429/1000
Sampling, at 428/1000
Sampling, at 427/1000
Sampling, at 426/1000
Sampling, at 425/1000
Sampling, at 424/1000
Sampling, at 423/1000
Sampling, at 422/1000
Sampling, at 421/1000
Sampling, at 420/1000
Sampling, at 419/1000
Sampling, at 418/1000
Sampling, at 417/1000
Sampling, at 416/1000
Sampling, at 415/1000
Sampling, at 414/1000
Sampling, at 413/1000
Sampling, at 412/1000
Sampling, at 411/1000
Sampling, at 410/1000
Sampling, at 409/1000
Sampling, at 408/1000
Sampling, at 407/1000
Sampling, at 406/1000
Sampling, at 405/1000
Sampling, at 404/1000
Sampling, at 403/1000
Sampling, at 402/1000
Sampling, at 401/1000
Sampling, at 400/1000
Sampling, at 399/1000
Sampling, at 398/1000
Sampling, at 397/1000
Sampling, at 396/1000
Sampling, at 395/1000
Sampling, at 394/1000
Sampling, at 393/1000
Sampling, at 392/1000
Sampling, at 391/1000
Sampling, at 390/1000
Sampling, at 389/1000
Sampling, at 388/1000
Sampling, at 387/1000
Sampling, at 386/1000
Sampling, at 385/1000
Sampling, at 384/1000
Sampling, at 383/1000
Sampling, at 382/1000
Sampling, at 381/1000
Sampling, at 380/1000
Sampling, at 379/1000
Sampling, at 378/1000
Sampling, at 377/1000
Sampling, at 376/1000
Sampling, at 375/1000
Sampling, at 374/1000
Sampling, at 373/1000
Sampling, at 372/1000
Sampling, at 371/1000
Sampling, at 370/1000
Sampling, at 369/1000
Sampling, at 368/1000
Sampling, at 367/1000
Sampling, at 366/1000
Sampling, at 365/1000
Sampling, at 364/1000
Sampling, at 363/1000
Sampling, at 362/1000
Sampling, at 361/1000
Sampling, at 360/1000
Sampling, at 359/1000
Sampling, at 358/1000
Sampling, at 357/1000
Sampling, at 356/1000
Sampling, at 355/1000
Sampling, at 354/1000
Sampling, at 353/1000
Sampling, at 352/1000
Sampling, at 351/1000
Sampling, at 350/1000
Sampling, at 349/1000
Sampling, at 348/1000
Sampling, at 347/1000
Sampling, at 346/1000
Sampling, at 345/1000
Sampling, at 344/1000
Sampling, at 343/1000
Sampling, at 342/1000
Sampling, at 341/1000
Sampling, at 340/1000
Sampling, at 339/1000
Sampling, at 338/1000
Sampling, at 337/1000
Sampling, at 336/1000
Sampling, at 335/1000
Sampling, at 334/1000
Sampling, at 333/1000
Sampling, at 332/1000
Sampling, at 331/1000
Sampling, at 330/1000
Sampling, at 329/1000
Sampling, at 328/1000
Sampling, at 327/1000
Sampling, at 326/1000
Sampling, at 325/1000
Sampling, at 324/1000
Sampling, at 323/1000
Sampling, at 322/1000
Sampling, at 321/1000
Sampling, at 320/1000
Sampling, at 319/1000
Sampling, at 318/1000
Sampling, at 317/1000
Sampling, at 316/1000
Sampling, at 315/1000
Sampling, at 314/1000
Sampling, at 313/1000
Sampling, at 312/1000
Sampling, at 311/1000
Sampling, at 310/1000
Sampling, at 309/1000
Sampling, at 308/1000
Sampling, at 307/1000
Sampling, at 306/1000
Sampling, at 305/1000
Sampling, at 304/1000
Sampling, at 303/1000
Sampling, at 302/1000
Sampling, at 301/1000
Sampling, at 300/1000
Sampling, at 299/1000
Sampling, at 298/1000
Sampling, at 297/1000
Sampling, at 296/1000
Sampling, at 295/1000
Sampling, at 294/1000
Sampling, at 293/1000
Sampling, at 292/1000
Sampling, at 291/1000
Sampling, at 290/1000
Sampling, at 289/1000
Sampling, at 288/1000
Sampling, at 287/1000
Sampling, at 286/1000
Sampling, at 285/1000
Sampling, at 284/1000
Sampling, at 283/1000
Sampling, at 282/1000
Sampling, at 281/1000
Sampling, at 280/1000
Sampling, at 279/1000
Sampling, at 278/1000
Sampling, at 277/1000
Sampling, at 276/1000
Sampling, at 275/1000
Sampling, at 274/1000
Sampling, at 273/1000
Sampling, at 272/1000
Sampling, at 271/1000
Sampling, at 270/1000
Sampling, at 269/1000
Sampling, at 268/1000
Sampling, at 267/1000
Sampling, at 266/1000
Sampling, at 265/1000
Sampling, at 264/1000
Sampling, at 263/1000
Sampling, at 262/1000
Sampling, at 261/1000
Sampling, at 260/1000
Sampling, at 259/1000
Sampling, at 258/1000
Sampling, at 257/1000
Sampling, at 256/1000
Sampling, at 255/1000
Sampling, at 254/1000
Sampling, at 253/1000
Sampling, at 252/1000
Sampling, at 251/1000
Sampling, at 250/1000
Sampling, at 249/1000
Sampling, at 248/1000
Sampling, at 247/1000
Sampling, at 246/1000
Sampling, at 245/1000
Sampling, at 244/1000
Sampling, at 243/1000
Sampling, at 242/1000
Sampling, at 241/1000
Sampling, at 240/1000
Sampling, at 239/1000
Sampling, at 238/1000
Sampling, at 237/1000
Sampling, at 236/1000
Sampling, at 235/1000
Sampling, at 234/1000
Sampling, at 233/1000
Sampling, at 232/1000
Sampling, at 231/1000
Sampling, at 230/1000
Sampling, at 229/1000
Sampling, at 228/1000
Sampling, at 227/1000
Sampling, at 226/1000
Sampling, at 225/1000
Sampling, at 224/1000
Sampling, at 223/1000
Sampling, at 222/1000
Sampling, at 221/1000
Sampling, at 220/1000
Sampling, at 219/1000
Sampling, at 218/1000
Sampling, at 217/1000
Sampling, at 216/1000
Sampling, at 215/1000
Sampling, at 214/1000
Sampling, at 213/1000
Sampling, at 212/1000
Sampling, at 211/1000
Sampling, at 210/1000
Sampling, at 209/1000
Sampling, at 208/1000
Sampling, at 207/1000
Sampling, at 206/1000
Sampling, at 205/1000
Sampling, at 204/1000
Sampling, at 203/1000
Sampling, at 202/1000
Sampling, at 201/1000
Sampling, at 200/1000
Sampling, at 199/1000
Sampling, at 198/1000
Sampling, at 197/1000
Sampling, at 196/1000
Sampling, at 195/1000
Sampling, at 194/1000
Sampling, at 193/1000
Sampling, at 192/1000
Sampling, at 191/1000
Sampling, at 190/1000
Sampling, at 189/1000
Sampling, at 188/1000
Sampling, at 187/1000
Sampling, at 186/1000
Sampling, at 185/1000
Sampling, at 184/1000
Sampling, at 183/1000
Sampling, at 182/1000
Sampling, at 181/1000
Sampling, at 180/1000
Sampling, at 179/1000
Sampling, at 178/1000
Sampling, at 177/1000
Sampling, at 176/1000
Sampling, at 175/1000
Sampling, at 174/1000
Sampling, at 173/1000
Sampling, at 172/1000
Sampling, at 171/1000
Sampling, at 170/1000
Sampling, at 169/1000
Sampling, at 168/1000
Sampling, at 167/1000
Sampling, at 166/1000
Sampling, at 165/1000
Sampling, at 164/1000
Sampling, at 163/1000
Sampling, at 162/1000
Sampling, at 161/1000
Sampling, at 160/1000
Sampling, at 159/1000
Sampling, at 158/1000
Sampling, at 157/1000
Sampling, at 156/1000
Sampling, at 155/1000
Sampling, at 154/1000
Sampling, at 153/1000
Sampling, at 152/1000
Sampling, at 151/1000
Sampling, at 150/1000
Sampling, at 149/1000
Sampling, at 148/1000
Sampling, at 147/1000
Sampling, at 146/1000
Sampling, at 145/1000
Sampling, at 144/1000
Sampling, at 143/1000
Sampling, at 142/1000
Sampling, at 141/1000
Sampling, at 140/1000
Sampling, at 139/1000
Sampling, at 138/1000
Sampling, at 137/1000
Sampling, at 136/1000
Sampling, at 135/1000
Sampling, at 134/1000
Sampling, at 133/1000
Sampling, at 132/1000
Sampling, at 131/1000
Sampling, at 130/1000
Sampling, at 129/1000
Sampling, at 128/1000
Sampling, at 127/1000
Sampling, at 126/1000
Sampling, at 125/1000
Sampling, at 124/1000
Sampling, at 123/1000
Sampling, at 122/1000
Sampling, at 121/1000
Sampling, at 120/1000
Sampling, at 119/1000
Sampling, at 118/1000
Sampling, at 117/1000
Sampling, at 116/1000
Sampling, at 115/1000
Sampling, at 114/1000
Sampling, at 113/1000
Sampling, at 112/1000
Sampling, at 111/1000
Sampling, at 110/1000
Sampling, at 109/1000
Sampling, at 108/1000
Sampling, at 107/1000
Sampling, at 106/1000
Sampling, at 105/1000
Sampling, at 104/1000
Sampling, at 103/1000
Sampling, at 102/1000
Sampling, at 101/1000
Sampling, at 100/1000
Sampling, at 99/1000
Sampling, at 98/1000
Sampling, at 97/1000
Sampling, at 96/1000
Sampling, at 95/1000
Sampling, at 94/1000
Sampling, at 93/1000
Sampling, at 92/1000
Sampling, at 91/1000
Sampling, at 90/1000
Sampling, at 89/1000
Sampling, at 88/1000
Sampling, at 87/1000
Sampling, at 86/1000
Sampling, at 85/1000
Sampling, at 84/1000
Sampling, at 83/1000
Sampling, at 82/1000
Sampling, at 81/1000
Sampling, at 80/1000
Sampling, at 79/1000
Sampling, at 78/1000
Sampling, at 77/1000
Sampling, at 76/1000
Sampling, at 75/1000
Sampling, at 74/1000
Sampling, at 73/1000
Sampling, at 72/1000
Sampling, at 71/1000
Sampling, at 70/1000
Sampling, at 69/1000
Sampling, at 68/1000
Sampling, at 67/1000
Sampling, at 66/1000
Sampling, at 65/1000
Sampling, at 64/1000
Sampling, at 63/1000
Sampling, at 62/1000
Sampling, at 61/1000
Sampling, at 60/1000
Sampling, at 59/1000
Sampling, at 58/1000
Sampling, at 57/1000
Sampling, at 56/1000
Sampling, at 55/1000
Sampling, at 54/1000
Sampling, at 53/1000
Sampling, at 52/1000
Sampling, at 51/1000
Sampling, at 50/1000
Sampling, at 49/1000
Sampling, at 48/1000
Sampling, at 47/1000
Sampling, at 46/1000
Sampling, at 45/1000
Sampling, at 44/1000
Sampling, at 43/1000
Sampling, at 42/1000
Sampling, at 41/1000
Sampling, at 40/1000
Sampling, at 39/1000
Sampling, at 38/1000
Sampling, at 37/1000
Sampling, at 36/1000
Sampling, at 35/1000
Sampling, at 34/1000
Sampling, at 33/1000
Sampling, at 32/1000
Sampling, at 31/1000
Sampling, at 30/1000
Sampling, at 29/1000
Sampling, at 28/1000
Sampling, at 27/1000
Sampling, at 26/1000
Sampling, at 25/1000
Sampling, at 24/1000
Sampling, at 23/1000
Sampling, at 22/1000
Sampling, at 21/1000
Sampling, at 20/1000
Sampling, at 19/1000
Sampling, at 18/1000
Sampling, at 17/1000
Sampling, at 16/1000
Sampling, at 15/1000
Sampling, at 14/1000
Sampling, at 13/1000
Sampling, at 12/1000
Sampling, at 11/1000
Sampling, at 10/1000
Sampling, at 9/1000
Sampling, at 8/1000
Sampling, at 7/1000
Sampling, at 6/1000
Sampling, at 5/1000
Sampling, at 4/1000
Sampling, at 3/1000
Sampling, at 2/1000
Sampling, at 1/1000
Sampling, at 0/1000
[Plot] Saved output/plots/plot87.png
Sampling, at 999/1000
Sampling, at 998/1000
Sampling, at 997/1000
Sampling, at 996/1000
Sampling, at 995/1000
Sampling, at 994/1000
Sampling, at 993/1000
Sampling, at 992/1000
Sampling, at 991/1000
Sampling, at 990/1000
Sampling, at 989/1000
Sampling, at 988/1000
Sampling, at 987/1000
Sampling, at 986/1000
Sampling, at 985/1000
Sampling, at 984/1000
Sampling, at 983/1000
Sampling, at 982/1000
Sampling, at 981/1000
Sampling, at 980/1000
Sampling, at 979/1000
Sampling, at 978/1000
Sampling, at 977/1000
Sampling, at 976/1000
Sampling, at 975/1000
Sampling, at 974/1000
Sampling, at 973/1000
Sampling, at 972/1000
Sampling, at 971/1000
Sampling, at 970/1000
Sampling, at 969/1000
Sampling, at 968/1000
Sampling, at 967/1000
Sampling, at 966/1000
Sampling, at 965/1000
Sampling, at 964/1000
Sampling, at 963/1000
Sampling, at 962/1000
Sampling, at 961/1000
Sampling, at 960/1000
Sampling, at 959/1000
Sampling, at 958/1000
Sampling, at 957/1000
Sampling, at 956/1000
Sampling, at 955/1000
Sampling, at 954/1000
Sampling, at 953/1000
Sampling, at 952/1000
Sampling, at 951/1000
Sampling, at 950/1000
Sampling, at 949/1000
Sampling, at 948/1000
Sampling, at 947/1000
Sampling, at 946/1000
Sampling, at 945/1000
Sampling, at 944/1000
Sampling, at 943/1000
Sampling, at 942/1000
Sampling, at 941/1000
Sampling, at 940/1000
Sampling, at 939/1000
Sampling, at 938/1000
Sampling, at 937/1000
Sampling, at 936/1000
Sampling, at 935/1000
Sampling, at 934/1000
Sampling, at 933/1000
Sampling, at 932/1000
Sampling, at 931/1000
Sampling, at 930/1000
Sampling, at 929/1000
Sampling, at 928/1000
Sampling, at 927/1000
Sampling, at 926/1000
Sampling, at 925/1000
Sampling, at 924/1000
Sampling, at 923/1000
Sampling, at 922/1000
Sampling, at 921/1000
Sampling, at 920/1000
Sampling, at 919/1000
Sampling, at 918/1000
Sampling, at 917/1000
Sampling, at 916/1000
Sampling, at 915/1000
Sampling, at 914/1000
Sampling, at 913/1000
Sampling, at 912/1000
Sampling, at 911/1000
Sampling, at 910/1000
Sampling, at 909/1000
Sampling, at 908/1000
Sampling, at 907/1000
Sampling, at 906/1000
Sampling, at 905/1000
Sampling, at 904/1000
Sampling, at 903/1000
Sampling, at 902/1000
Sampling, at 901/1000
Sampling, at 900/1000
Sampling, at 899/1000
Sampling, at 898/1000
Sampling, at 897/1000
Sampling, at 896/1000
Sampling, at 895/1000
Sampling, at 894/1000
Sampling, at 893/1000
Sampling, at 892/1000
Sampling, at 891/1000
Sampling, at 890/1000
Sampling, at 889/1000
Sampling, at 888/1000
Sampling, at 887/1000
Sampling, at 886/1000
Sampling, at 885/1000
Sampling, at 884/1000
Sampling, at 883/1000
Sampling, at 882/1000
Sampling, at 881/1000
Sampling, at 880/1000
Sampling, at 879/1000
Sampling, at 878/1000
Sampling, at 877/1000
Sampling, at 876/1000
Sampling, at 875/1000
Sampling, at 874/1000
Sampling, at 873/1000
Sampling, at 872/1000
Sampling, at 871/1000
Sampling, at 870/1000
Sampling, at 869/1000
Sampling, at 868/1000
Sampling, at 867/1000
Sampling, at 866/1000
Sampling, at 865/1000
Sampling, at 864/1000
Sampling, at 863/1000
Sampling, at 862/1000
Sampling, at 861/1000
Sampling, at 860/1000
Sampling, at 859/1000
Sampling, at 858/1000
Sampling, at 857/1000
Sampling, at 856/1000
Sampling, at 855/1000
Sampling, at 854/1000
Sampling, at 853/1000
Sampling, at 852/1000
Sampling, at 851/1000
Sampling, at 850/1000
Sampling, at 849/1000
Sampling, at 848/1000
Sampling, at 847/1000
Sampling, at 846/1000
Sampling, at 845/1000
Sampling, at 844/1000
Sampling, at 843/1000
Sampling, at 842/1000
Sampling, at 841/1000
Sampling, at 840/1000
Sampling, at 839/1000
Sampling, at 838/1000
Sampling, at 837/1000
Sampling, at 836/1000
Sampling, at 835/1000
Sampling, at 834/1000
Sampling, at 833/1000
Sampling, at 832/1000
Sampling, at 831/1000
Sampling, at 830/1000
Sampling, at 829/1000
Sampling, at 828/1000
Sampling, at 827/1000
Sampling, at 826/1000
Sampling, at 825/1000
Sampling, at 824/1000
Sampling, at 823/1000
Sampling, at 822/1000
Sampling, at 821/1000
Sampling, at 820/1000
Sampling, at 819/1000
Sampling, at 818/1000
Sampling, at 817/1000
Sampling, at 816/1000
Sampling, at 815/1000
Sampling, at 814/1000
Sampling, at 813/1000
Sampling, at 812/1000
Sampling, at 811/1000
Sampling, at 810/1000
Sampling, at 809/1000
Sampling, at 808/1000
Sampling, at 807/1000
Sampling, at 806/1000
Sampling, at 805/1000
Sampling, at 804/1000
Sampling, at 803/1000
Sampling, at 802/1000
Sampling, at 801/1000
Sampling, at 800/1000
Sampling, at 799/1000
Sampling, at 798/1000
Sampling, at 797/1000
Sampling, at 796/1000
Sampling, at 795/1000
Sampling, at 794/1000
Sampling, at 793/1000
Sampling, at 792/1000
Sampling, at 791/1000
Sampling, at 790/1000
Sampling, at 789/1000
Sampling, at 788/1000
Sampling, at 787/1000
Sampling, at 786/1000
Sampling, at 785/1000
Sampling, at 784/1000
Sampling, at 783/1000
Sampling, at 782/1000
Sampling, at 781/1000
Sampling, at 780/1000
Sampling, at 779/1000
Sampling, at 778/1000
Sampling, at 777/1000
Sampling, at 776/1000
Sampling, at 775/1000
Sampling, at 774/1000
Sampling, at 773/1000
Sampling, at 772/1000
Sampling, at 771/1000
Sampling, at 770/1000
Sampling, at 769/1000
Sampling, at 768/1000
Sampling, at 767/1000
Sampling, at 766/1000
Sampling, at 765/1000
Sampling, at 764/1000
Sampling, at 763/1000
Sampling, at 762/1000
Sampling, at 761/1000
Sampling, at 760/1000
Sampling, at 759/1000
Sampling, at 758/1000
Sampling, at 757/1000
Sampling, at 756/1000
Sampling, at 755/1000
Sampling, at 754/1000
Sampling, at 753/1000
Sampling, at 752/1000
Sampling, at 751/1000
Sampling, at 750/1000
Sampling, at 749/1000
Sampling, at 748/1000
Sampling, at 747/1000
Sampling, at 746/1000
Sampling, at 745/1000
Sampling, at 744/1000
Sampling, at 743/1000
Sampling, at 742/1000
Sampling, at 741/1000
Sampling, at 740/1000
Sampling, at 739/1000
Sampling, at 738/1000
Sampling, at 737/1000
Sampling, at 736/1000
Sampling, at 735/1000
Sampling, at 734/1000
Sampling, at 733/1000
Sampling, at 732/1000
Sampling, at 731/1000
Sampling, at 730/1000
Sampling, at 729/1000
Sampling, at 728/1000
Sampling, at 727/1000
Sampling, at 726/1000
Sampling, at 725/1000
Sampling, at 724/1000
Sampling, at 723/1000
Sampling, at 722/1000
Sampling, at 721/1000
Sampling, at 720/1000
Sampling, at 719/1000
Sampling, at 718/1000
Sampling, at 717/1000
Sampling, at 716/1000
Sampling, at 715/1000
Sampling, at 714/1000
Sampling, at 713/1000
Sampling, at 712/1000
Sampling, at 711/1000
Sampling, at 710/1000
Sampling, at 709/1000
Sampling, at 708/1000
Sampling, at 707/1000
Sampling, at 706/1000
Sampling, at 705/1000
Sampling, at 704/1000
Sampling, at 703/1000
Sampling, at 702/1000
Sampling, at 701/1000
Sampling, at 700/1000
Sampling, at 699/1000
Sampling, at 698/1000
Sampling, at 697/1000
Sampling, at 696/1000
Sampling, at 695/1000
Sampling, at 694/1000
Sampling, at 693/1000
Sampling, at 692/1000
Sampling, at 691/1000
Sampling, at 690/1000
Sampling, at 689/1000
Sampling, at 688/1000
Sampling, at 687/1000
Sampling, at 686/1000
Sampling, at 685/1000
Sampling, at 684/1000
Sampling, at 683/1000
Sampling, at 682/1000
Sampling, at 681/1000
Sampling, at 680/1000
Sampling, at 679/1000
Sampling, at 678/1000
Sampling, at 677/1000
Sampling, at 676/1000
Sampling, at 675/1000
Sampling, at 674/1000
Sampling, at 673/1000
Sampling, at 672/1000
Sampling, at 671/1000
Sampling, at 670/1000
Sampling, at 669/1000
Sampling, at 668/1000
Sampling, at 667/1000
Sampling, at 666/1000
Sampling, at 665/1000
Sampling, at 664/1000
Sampling, at 663/1000
Sampling, at 662/1000
Sampling, at 661/1000
Sampling, at 660/1000
Sampling, at 659/1000
Sampling, at 658/1000
Sampling, at 657/1000
Sampling, at 656/1000
Sampling, at 655/1000
Sampling, at 654/1000
Sampling, at 653/1000
Sampling, at 652/1000
Sampling, at 651/1000
Sampling, at 650/1000
Sampling, at 649/1000
Sampling, at 648/1000
Sampling, at 647/1000
Sampling, at 646/1000
Sampling, at 645/1000
Sampling, at 644/1000
Sampling, at 643/1000
Sampling, at 642/1000
Sampling, at 641/1000
Sampling, at 640/1000
Sampling, at 639/1000
Sampling, at 638/1000
Sampling, at 637/1000
Sampling, at 636/1000
Sampling, at 635/1000
Sampling, at 634/1000
Sampling, at 633/1000
Sampling, at 632/1000
Sampling, at 631/1000
Sampling, at 630/1000
Sampling, at 629/1000
Sampling, at 628/1000
Sampling, at 627/1000
Sampling, at 626/1000
Sampling, at 625/1000
Sampling, at 624/1000
Sampling, at 623/1000
Sampling, at 622/1000
Sampling, at 621/1000
Sampling, at 620/1000
Sampling, at 619/1000
Sampling, at 618/1000
Sampling, at 617/1000
Sampling, at 616/1000
Sampling, at 615/1000
Sampling, at 614/1000
Sampling, at 613/1000
Sampling, at 612/1000
Sampling, at 611/1000
Sampling, at 610/1000
Sampling, at 609/1000
Sampling, at 608/1000
Sampling, at 607/1000
Sampling, at 606/1000
Sampling, at 605/1000
Sampling, at 604/1000
Sampling, at 603/1000
Sampling, at 602/1000
Sampling, at 601/1000
Sampling, at 600/1000
Sampling, at 599/1000
Sampling, at 598/1000
Sampling, at 597/1000
Sampling, at 596/1000
Sampling, at 595/1000
Sampling, at 594/1000
Sampling, at 593/1000
Sampling, at 592/1000
Sampling, at 591/1000
Sampling, at 590/1000
Sampling, at 589/1000
Sampling, at 588/1000
Sampling, at 587/1000
Sampling, at 586/1000
Sampling, at 585/1000
Sampling, at 584/1000
Sampling, at 583/1000
Sampling, at 582/1000
Sampling, at 581/1000
Sampling, at 580/1000
Sampling, at 579/1000
Sampling, at 578/1000
Sampling, at 577/1000
Sampling, at 576/1000
Sampling, at 575/1000
Sampling, at 574/1000
Sampling, at 573/1000
Sampling, at 572/1000
Sampling, at 571/1000
Sampling, at 570/1000
Sampling, at 569/1000
Sampling, at 568/1000
Sampling, at 567/1000
Sampling, at 566/1000
Sampling, at 565/1000
Sampling, at 564/1000
Sampling, at 563/1000
Sampling, at 562/1000
Sampling, at 561/1000
Sampling, at 560/1000
Sampling, at 559/1000
Sampling, at 558/1000
Sampling, at 557/1000
Sampling, at 556/1000
Sampling, at 555/1000
Sampling, at 554/1000
Sampling, at 553/1000
Sampling, at 552/1000
Sampling, at 551/1000
Sampling, at 550/1000
Sampling, at 549/1000
Sampling, at 548/1000
Sampling, at 547/1000
Sampling, at 546/1000
Sampling, at 545/1000
Sampling, at 544/1000
Sampling, at 543/1000
Sampling, at 542/1000
Sampling, at 541/1000
Sampling, at 540/1000
Sampling, at 539/1000
Sampling, at 538/1000
Sampling, at 537/1000
Sampling, at 536/1000
Sampling, at 535/1000
Sampling, at 534/1000
Sampling, at 533/1000
Sampling, at 532/1000
Sampling, at 531/1000
Sampling, at 530/1000
Sampling, at 529/1000
Sampling, at 528/1000
Sampling, at 527/1000
Sampling, at 526/1000
Sampling, at 525/1000
Sampling, at 524/1000
Sampling, at 523/1000
Sampling, at 522/1000
Sampling, at 521/1000
Sampling, at 520/1000
Sampling, at 519/1000
Sampling, at 518/1000
Sampling, at 517/1000
Sampling, at 516/1000
Sampling, at 515/1000
Sampling, at 514/1000
Sampling, at 513/1000
Sampling, at 512/1000
Sampling, at 511/1000
Sampling, at 510/1000
Sampling, at 509/1000
Sampling, at 508/1000
Sampling, at 507/1000
Sampling, at 506/1000
Sampling, at 505/1000
Sampling, at 504/1000
Sampling, at 503/1000
Sampling, at 502/1000
Sampling, at 501/1000
Sampling, at 500/1000
Sampling, at 499/1000
Sampling, at 498/1000
Sampling, at 497/1000
Sampling, at 496/1000
Sampling, at 495/1000
Sampling, at 494/1000
Sampling, at 493/1000
Sampling, at 492/1000
Sampling, at 491/1000
Sampling, at 490/1000
Sampling, at 489/1000
Sampling, at 488/1000
Sampling, at 487/1000
Sampling, at 486/1000
Sampling, at 485/1000
Sampling, at 484/1000
Sampling, at 483/1000
Sampling, at 482/1000
Sampling, at 481/1000
Sampling, at 480/1000
Sampling, at 479/1000
Sampling, at 478/1000
Sampling, at 477/1000
Sampling, at 476/1000
Sampling, at 475/1000
Sampling, at 474/1000
Sampling, at 473/1000
Sampling, at 472/1000
Sampling, at 471/1000
Sampling, at 470/1000
Sampling, at 469/1000
Sampling, at 468/1000
Sampling, at 467/1000
Sampling, at 466/1000
Sampling, at 465/1000
Sampling, at 464/1000
Sampling, at 463/1000
Sampling, at 462/1000
Sampling, at 461/1000
Sampling, at 460/1000
Sampling, at 459/1000
Sampling, at 458/1000
Sampling, at 457/1000
Sampling, at 456/1000
Sampling, at 455/1000
Sampling, at 454/1000
Sampling, at 453/1000
Sampling, at 452/1000
Sampling, at 451/1000
Sampling, at 450/1000
Sampling, at 449/1000
Sampling, at 448/1000
Sampling, at 447/1000
Sampling, at 446/1000
Sampling, at 445/1000
Sampling, at 444/1000
Sampling, at 443/1000
Sampling, at 442/1000
Sampling, at 441/1000
Sampling, at 440/1000
Sampling, at 439/1000
Sampling, at 438/1000
Sampling, at 437/1000
Sampling, at 436/1000
Sampling, at 435/1000
Sampling, at 434/1000
Sampling, at 433/1000
Sampling, at 432/1000
Sampling, at 431/1000
Sampling, at 430/1000
Sampling, at 429/1000
Sampling, at 428/1000
Sampling, at 427/1000
Sampling, at 426/1000
Sampling, at 425/1000
Sampling, at 424/1000
Sampling, at 423/1000
Sampling, at 422/1000
Sampling, at 421/1000
Sampling, at 420/1000
Sampling, at 419/1000
Sampling, at 418/1000
Sampling, at 417/1000
Sampling, at 416/1000
Sampling, at 415/1000
Sampling, at 414/1000
Sampling, at 413/1000
Sampling, at 412/1000
Sampling, at 411/1000
Sampling, at 410/1000
Sampling, at 409/1000
Sampling, at 408/1000
Sampling, at 407/1000
Sampling, at 406/1000
Sampling, at 405/1000
Sampling, at 404/1000
Sampling, at 403/1000
Sampling, at 402/1000
Sampling, at 401/1000
Sampling, at 400/1000
Sampling, at 399/1000
Sampling, at 398/1000
Sampling, at 397/1000
Sampling, at 396/1000
Sampling, at 395/1000
Sampling, at 394/1000
Sampling, at 393/1000
Sampling, at 392/1000
Sampling, at 391/1000
Sampling, at 390/1000
Sampling, at 389/1000
Sampling, at 388/1000
Sampling, at 387/1000
Sampling, at 386/1000
Sampling, at 385/1000
Sampling, at 384/1000
Sampling, at 383/1000
Sampling, at 382/1000
Sampling, at 381/1000
Sampling, at 380/1000
Sampling, at 379/1000
Sampling, at 378/1000
Sampling, at 377/1000
Sampling, at 376/1000
Sampling, at 375/1000
Sampling, at 374/1000
Sampling, at 373/1000
Sampling, at 372/1000
Sampling, at 371/1000
Sampling, at 370/1000
Sampling, at 369/1000
Sampling, at 368/1000
Sampling, at 367/1000
Sampling, at 366/1000
Sampling, at 365/1000
Sampling, at 364/1000
Sampling, at 363/1000
Sampling, at 362/1000
Sampling, at 361/1000
Sampling, at 360/1000
Sampling, at 359/1000
Sampling, at 358/1000
Sampling, at 357/1000
Sampling, at 356/1000
Sampling, at 355/1000
Sampling, at 354/1000
Sampling, at 353/1000
Sampling, at 352/1000
Sampling, at 351/1000
Sampling, at 350/1000
Sampling, at 349/1000
Sampling, at 348/1000
Sampling, at 347/1000
Sampling, at 346/1000
Sampling, at 345/1000
Sampling, at 344/1000
Sampling, at 343/1000
Sampling, at 342/1000
Sampling, at 341/1000
Sampling, at 340/1000
Sampling, at 339/1000
Sampling, at 338/1000
Sampling, at 337/1000
Sampling, at 336/1000
Sampling, at 335/1000
Sampling, at 334/1000
Sampling, at 333/1000
Sampling, at 332/1000
Sampling, at 331/1000
Sampling, at 330/1000
Sampling, at 329/1000
Sampling, at 328/1000
Sampling, at 327/1000
Sampling, at 326/1000
Sampling, at 325/1000
Sampling, at 324/1000
Sampling, at 323/1000
Sampling, at 322/1000
Sampling, at 321/1000
Sampling, at 320/1000
Sampling, at 319/1000
Sampling, at 318/1000
Sampling, at 317/1000
Sampling, at 316/1000
Sampling, at 315/1000
Sampling, at 314/1000
Sampling, at 313/1000
Sampling, at 312/1000
Sampling, at 311/1000
Sampling, at 310/1000
Sampling, at 309/1000
Sampling, at 308/1000
Sampling, at 307/1000
Sampling, at 306/1000
Sampling, at 305/1000
Sampling, at 304/1000
Sampling, at 303/1000
Sampling, at 302/1000
Sampling, at 301/1000
Sampling, at 300/1000
Sampling, at 299/1000
Sampling, at 298/1000
Sampling, at 297/1000
Sampling, at 296/1000
Sampling, at 295/1000
Sampling, at 294/1000
Sampling, at 293/1000
Sampling, at 292/1000
Sampling, at 291/1000
Sampling, at 290/1000
Sampling, at 289/1000
Sampling, at 288/1000
Sampling, at 287/1000
Sampling, at 286/1000
Sampling, at 285/1000
Sampling, at 284/1000
Sampling, at 283/1000
Sampling, at 282/1000
Sampling, at 281/1000
Sampling, at 280/1000
Sampling, at 279/1000
Sampling, at 278/1000
Sampling, at 277/1000
Sampling, at 276/1000
Sampling, at 275/1000
Sampling, at 274/1000
Sampling, at 273/1000
Sampling, at 272/1000
Sampling, at 271/1000
Sampling, at 270/1000
Sampling, at 269/1000
Sampling, at 268/1000
Sampling, at 267/1000
Sampling, at 266/1000
Sampling, at 265/1000
Sampling, at 264/1000
Sampling, at 263/1000
Sampling, at 262/1000
Sampling, at 261/1000
Sampling, at 260/1000
Sampling, at 259/1000
Sampling, at 258/1000
Sampling, at 257/1000
Sampling, at 256/1000
Sampling, at 255/1000
Sampling, at 254/1000
Sampling, at 253/1000
Sampling, at 252/1000
Sampling, at 251/1000
Sampling, at 250/1000
Sampling, at 249/1000
Sampling, at 248/1000
Sampling, at 247/1000
Sampling, at 246/1000
Sampling, at 245/1000
Sampling, at 244/1000
Sampling, at 243/1000
Sampling, at 242/1000
Sampling, at 241/1000
Sampling, at 240/1000
Sampling, at 239/1000
Sampling, at 238/1000
Sampling, at 237/1000
Sampling, at 236/1000
Sampling, at 235/1000
Sampling, at 234/1000
Sampling, at 233/1000
Sampling, at 232/1000
Sampling, at 231/1000
Sampling, at 230/1000
Sampling, at 229/1000
Sampling, at 228/1000
Sampling, at 227/1000
Sampling, at 226/1000
Sampling, at 225/1000
Sampling, at 224/1000
Sampling, at 223/1000
Sampling, at 222/1000
Sampling, at 221/1000
Sampling, at 220/1000
Sampling, at 219/1000
Sampling, at 218/1000
Sampling, at 217/1000
Sampling, at 216/1000
Sampling, at 215/1000
Sampling, at 214/1000
Sampling, at 213/1000
Sampling, at 212/1000
Sampling, at 211/1000
Sampling, at 210/1000
Sampling, at 209/1000
Sampling, at 208/1000
Sampling, at 207/1000
Sampling, at 206/1000
Sampling, at 205/1000
Sampling, at 204/1000
Sampling, at 203/1000
Sampling, at 202/1000
Sampling, at 201/1000
Sampling, at 200/1000
Sampling, at 199/1000
Sampling, at 198/1000
Sampling, at 197/1000
Sampling, at 196/1000
Sampling, at 195/1000
Sampling, at 194/1000
Sampling, at 193/1000
Sampling, at 192/1000
Sampling, at 191/1000
Sampling, at 190/1000
Sampling, at 189/1000
Sampling, at 188/1000
Sampling, at 187/1000
Sampling, at 186/1000
Sampling, at 185/1000
Sampling, at 184/1000
Sampling, at 183/1000
Sampling, at 182/1000
Sampling, at 181/1000
Sampling, at 180/1000
Sampling, at 179/1000
Sampling, at 178/1000
Sampling, at 177/1000
Sampling, at 176/1000
Sampling, at 175/1000
Sampling, at 174/1000
Sampling, at 173/1000
Sampling, at 172/1000
Sampling, at 171/1000
Sampling, at 170/1000
Sampling, at 169/1000
Sampling, at 168/1000
Sampling, at 167/1000
Sampling, at 166/1000
Sampling, at 165/1000
Sampling, at 164/1000
Sampling, at 163/1000
Sampling, at 162/1000
Sampling, at 161/1000
Sampling, at 160/1000
Sampling, at 159/1000
Sampling, at 158/1000
Sampling, at 157/1000
Sampling, at 156/1000
Sampling, at 155/1000
Sampling, at 154/1000
Sampling, at 153/1000
Sampling, at 152/1000
Sampling, at 151/1000
Sampling, at 150/1000
Sampling, at 149/1000
Sampling, at 148/1000
Sampling, at 147/1000
Sampling, at 146/1000
Sampling, at 145/1000
Sampling, at 144/1000
Sampling, at 143/1000
Sampling, at 142/1000
Sampling, at 141/1000
Sampling, at 140/1000
Sampling, at 139/1000
Sampling, at 138/1000
Sampling, at 137/1000
Sampling, at 136/1000
Sampling, at 135/1000
Sampling, at 134/1000
Sampling, at 133/1000
Sampling, at 132/1000
Sampling, at 131/1000
Sampling, at 130/1000
Sampling, at 129/1000
Sampling, at 128/1000
Sampling, at 127/1000
Sampling, at 126/1000
Sampling, at 125/1000
Sampling, at 124/1000
Sampling, at 123/1000
Sampling, at 122/1000
Sampling, at 121/1000
Sampling, at 120/1000
Sampling, at 119/1000
Sampling, at 118/1000
Sampling, at 117/1000
Sampling, at 116/1000
Sampling, at 115/1000
Sampling, at 114/1000
Sampling, at 113/1000
Sampling, at 112/1000
Sampling, at 111/1000
Sampling, at 110/1000
Sampling, at 109/1000
Sampling, at 108/1000
Sampling, at 107/1000
Sampling, at 106/1000
Sampling, at 105/1000
Sampling, at 104/1000
Sampling, at 103/1000
Sampling, at 102/1000
Sampling, at 101/1000
Sampling, at 100/1000
Sampling, at 99/1000
Sampling, at 98/1000
Sampling, at 97/1000
Sampling, at 96/1000
Sampling, at 95/1000
Sampling, at 94/1000
Sampling, at 93/1000
Sampling, at 92/1000
Sampling, at 91/1000
Sampling, at 90/1000
Sampling, at 89/1000
Sampling, at 88/1000
Sampling, at 87/1000
Sampling, at 86/1000
Sampling, at 85/1000
Sampling, at 84/1000
Sampling, at 83/1000
Sampling, at 82/1000
Sampling, at 81/1000
Sampling, at 80/1000
Sampling, at 79/1000
Sampling, at 78/1000
Sampling, at 77/1000
Sampling, at 76/1000
Sampling, at 75/1000
Sampling, at 74/1000
Sampling, at 73/1000
Sampling, at 72/1000
Sampling, at 71/1000
Sampling, at 70/1000
Sampling, at 69/1000
Sampling, at 68/1000
Sampling, at 67/1000
Sampling, at 66/1000
Sampling, at 65/1000
Sampling, at 64/1000
Sampling, at 63/1000
Sampling, at 62/1000
Sampling, at 61/1000
Sampling, at 60/1000
Sampling, at 59/1000
Sampling, at 58/1000
Sampling, at 57/1000
Sampling, at 56/1000
Sampling, at 55/1000
Sampling, at 54/1000
Sampling, at 53/1000
Sampling, at 52/1000
Sampling, at 51/1000
Sampling, at 50/1000
Sampling, at 49/1000
Sampling, at 48/1000
Sampling, at 47/1000
Sampling, at 46/1000
Sampling, at 45/1000
Sampling, at 44/1000
Sampling, at 43/1000
Sampling, at 42/1000
Sampling, at 41/1000
Sampling, at 40/1000
Sampling, at 39/1000
Sampling, at 38/1000
Sampling, at 37/1000
Sampling, at 36/1000
Sampling, at 35/1000
Sampling, at 34/1000
Sampling, at 33/1000
Sampling, at 32/1000
Sampling, at 31/1000
Sampling, at 30/1000
Sampling, at 29/1000
Sampling, at 28/1000
Sampling, at 27/1000
Sampling, at 26/1000
Sampling, at 25/1000
Sampling, at 24/1000
Sampling, at 23/1000
Sampling, at 22/1000
Sampling, at 21/1000
Sampling, at 20/1000
Sampling, at 19/1000
Sampling, at 18/1000
Sampling, at 17/1000
Sampling, at 16/1000
Sampling, at 15/1000
Sampling, at 14/1000
Sampling, at 13/1000
Sampling, at 12/1000
Sampling, at 11/1000
Sampling, at 10/1000
Sampling, at 9/1000
Sampling, at 8/1000
Sampling, at 7/1000
Sampling, at 6/1000
Sampling, at 5/1000
Sampling, at 4/1000
Sampling, at 3/1000
Sampling, at 2/1000
Sampling, at 1/1000
Sampling, at 0/1000
[Plot] Saved histogram comparison to output/plots/hist1.png
Python executable5: /home/merlinho/.conda/envs/diffusion_rain/bin/python
