Torch version: 2.5.1
CUDA available: True
CUDA device count: 3
CUDA device name: NVIDIA H100 80GB HBM3

[Cache] Loaded dataset from cache/precip_dataset_2001-2001_128_8760_10%.pkl

Using 3 GPUs via DataParallel
Epoch 1/200 - avg_loss: 0.024428, avg_rmse: 0.023873
Sampling, at 900/1000
Sampling, at 800/1000
Sampling, at 700/1000
Sampling, at 600/1000
Sampling, at 500/1000
Sampling, at 400/1000
Sampling, at 300/1000
Sampling, at 200/1000
Sampling, at 100/1000
Sampling, at 0/1000
[Plot] Saved output/plots/plot92.png
[Plot] Saved histogram comparison to output/plots/hist3.png
Epoch 2/200 - avg_loss: 0.019176, avg_rmse: 0.018997
Sampling, at 900/1000
Sampling, at 800/1000
Sampling, at 700/1000
Sampling, at 600/1000
Sampling, at 500/1000
Sampling, at 400/1000
Sampling, at 300/1000
Sampling, at 200/1000
Sampling, at 100/1000
Sampling, at 0/1000
[Plot] Saved output/plots/plot93.png
[Plot] Saved histogram comparison to output/plots/hist4.png
Epoch 3/200 - avg_loss: 0.243030, avg_rmse: 0.243135
Sampling, at 900/1000
Sampling, at 800/1000
Sampling, at 700/1000
Sampling, at 600/1000
Sampling, at 500/1000
Sampling, at 400/1000
Sampling, at 300/1000
Sampling, at 200/1000
Sampling, at 100/1000
Sampling, at 0/1000
[Plot] Saved output/plots/plot94.png
[Plot] Saved histogram comparison to output/plots/hist5.png
Epoch 4/200 - avg_loss: 0.990676, avg_rmse: 0.990798
Sampling, at 900/1000
Sampling, at 800/1000
Sampling, at 700/1000
Sampling, at 600/1000
Sampling, at 500/1000
Sampling, at 400/1000
Sampling, at 300/1000
Sampling, at 200/1000
Sampling, at 100/1000
Sampling, at 0/1000
[Plot] Saved output/plots/plot95.png
[Plot] Saved histogram comparison to output/plots/hist6.png
Epoch 5/200 - avg_loss: 0.988046, avg_rmse: 0.988146
Sampling, at 900/1000
Sampling, at 800/1000
Sampling, at 700/1000
Sampling, at 600/1000
Sampling, at 500/1000
Sampling, at 400/1000
Sampling, at 300/1000
Sampling, at 200/1000
Sampling, at 100/1000
Sampling, at 0/1000
[Plot] Saved output/plots/plot96.png
[Plot] Saved histogram comparison to output/plots/hist7.png
Epoch 6/200 - avg_loss: 0.987004, avg_rmse: 0.986941
Early stopping at epoch 6
0.01899693689832862
