Torch version: 2.5.1
CUDA available: True
CUDA device count: 4
CUDA device name: NVIDIA H100 80GB HBM3

[Cache] Loaded dataset from cache/precip_dataset_2001-2010_256_8760_10%.pkl

Output path set to: output_new/optuna_Nov12_1819_256_0.1
[Nov12_1820] Starting epoch 1/15...
Epoch 1/15 - train_loss: 0.091822 - val_loss: 0.079188
[Nov12_1835] Starting epoch 2/15...
Epoch 2/15 - train_loss: 0.080768 - val_loss: 0.075163
[Nov12_1851] Starting epoch 3/15...
Epoch 3/15 - train_loss: 0.786065 - val_loss: 0.791017
[Nov12_1906] Starting epoch 4/15...
Epoch 4/15 - train_loss: 0.790681 - val_loss: 0.789407
[Nov12_1921] Starting epoch 5/15...
Epoch 5/15 - train_loss: 0.789836 - val_loss: 0.788306
[Nov12_1937] Starting epoch 6/15...
Epoch 6/15 - train_loss: 0.792689 - val_loss: 0.793189
[Nov12_1952] Starting epoch 7/15...
Epoch 7/15 - train_loss: 0.790814 - val_loss: 0.790831
[Nov12_2008] Starting epoch 8/15...
Epoch 8/15 - train_loss: 0.787547 - val_loss: 0.791342
[Nov12_2023] Starting epoch 9/15...
Epoch 9/15 - train_loss: 0.790081 - val_loss: 0.774804
[Nov12_2039] Starting epoch 10/15...
Epoch 10/15 - train_loss: 0.749639 - val_loss: 0.738616
Early stopping at epoch 10
[Nov12_2054] Sampling 1-16 / 128
[Nov12_2056] Sampling 17-32 / 128
[Nov12_2058] Sampling 33-48 / 128
[Nov12_2100] Sampling 49-64 / 128
[Nov12_2102] Sampling 65-80 / 128
[Nov12_2105] Sampling 81-96 / 128
[Nov12_2107] Sampling 97-112 / 128
[Nov12_2109] Sampling 113-128 / 128
[Plot] Saved output_new/optuna_Nov12_1819_256_0.1/samples/plot1.png
[Plot] Saved RAPSD comparison to output_new/optuna_Nov12_1819_256_0.1/histograms/rapsd_1.png
[Plot] Saved histogram comparison to output_new/optuna_Nov12_1819_256_0.1/histograms/hist_normal_1.png
[Plot] Saved histogram comparison to output_new/optuna_Nov12_1819_256_0.1/histograms/hist_log_1.png
[Nov12_2118] Starting epoch 1/15...
