#######################################################################################
### conda added to PATH. Use 'source activate' rather than 'conda activate'.        ###
### Do not run 'conda init' if prompted.                                            ###
### 'conda init' will modify your shell outside of the `module` environment         ###
#######################################################################################
slurmstepd-csl14c252: error: _handle_stat_jobacct: Took usec=-21516324, which is more than MessageTimeout (10s). The result won't be delivered
slurmstepd-csl14c252: error: _handle_stat_jobacct: Took usec=-21524999, which is more than MessageTimeout (10s). The result won't be delivered
slurmstepd-csl14c252: error: _handle_stat_jobacct: Took usec=-21543136, which is more than MessageTimeout (10s). The result won't be delivered
slurmstepd-csl14c252: error: _handle_stat_jobacct: Took usec=-21552277, which is more than MessageTimeout (10s). The result won't be delivered
slurmstepd-csl14c252: error: _handle_stat_jobacct: Took usec=-21597008, which is more than MessageTimeout (10s). The result won't be delivered
slurmstepd-csl14c252: error: _handle_stat_jobacct: Took usec=21610039, which is more than MessageTimeout (10s). The result won't be delivered
slurmstepd-csl14c252: error: _handle_stat_jobacct: Took usec=21619620, which is more than MessageTimeout (10s). The result won't be delivered
slurmstepd-csl14c252: error: _handle_stat_jobacct: Took usec=21637285, which is more than MessageTimeout (10s). The result won't be delivered
slurmstepd-csl14c252: error: _handle_stat_jobacct: Took usec=21665054, which is more than MessageTimeout (10s). The result won't be delivered
slurmstepd-csl14c252: error: _handle_stat_jobacct: Took usec=-21803512, which is more than MessageTimeout (10s). The result won't be delivered
slurmstepd-csl14c252: error: _handle_stat_jobacct: Took usec=-21812487, which is more than MessageTimeout (10s). The result won't be delivered
slurmstepd-csl14c252: error: _handle_stat_jobacct: Took usec=21861426, which is more than MessageTimeout (10s). The result won't be delivered
slurmstepd-csl14c252: error: _handle_stat_jobacct: Took usec=21879097, which is more than MessageTimeout (10s). The result won't be delivered
slurmstepd-csl14c252: error: _handle_stat_jobacct: Took usec=21905935, which is more than MessageTimeout (10s). The result won't be delivered
slurmstepd-csl14c252: error: _handle_stat_jobacct: Took usec=21932806, which is more than MessageTimeout (10s). The result won't be delivered
slurmstepd-csl14c252: error: _handle_stat_jobacct: Took usec=23277333, which is more than MessageTimeout (10s). The result won't be delivered
slurmstepd-csl14c252: error: _handle_stat_jobacct: Took usec=23287223, which is more than MessageTimeout (10s). The result won't be delivered
slurmstepd-csl14c252: error: *** JOB 4624184 ON csl14c252 CANCELLED AT 2025-10-17T11:46:21 ***
