#######################################################################################
### conda added to PATH. Use 'source activate' rather than 'conda activate'.        ###
### Do not run 'conda init' if prompted.                                            ###
### 'conda init' will modify your shell outside of the `module` environment         ###
#######################################################################################
Traceback (most recent call last):
  File "/home/merlinho/testspace/DDPM_Inpainting/src/run/run_extensive_inpainting.py", line 95, in <module>
    run_extensive_inpainting(param_file=param_file, model_file=model_file)
  File "/home/merlinho/testspace/DDPM_Inpainting/src/run/run_extensive_inpainting.py", line 80, in run_extensive_inpainting
    test_extensive_inpainting(diffusion, unet, loader)
  File "/home/merlinho/testspace/DDPM_Inpainting/src/run/run_extensive_inpainting.py", line 42, in test_extensive_inpainting
    mse_loss = test_inpainting(diffusion, unet, loader, pct=pct, n=n, lam=lam)
  File "/home/merlinho/testspace/DDPM_Inpainting/src/run/run_inpainting.py", line 28, in test_inpainting
    x_inpainted = diffusion.inpaint_dps(x_known, mask)
  File "/home/merlinho/testspace/DDPM_Inpainting/src/model/diffusion.py", line 314, in inpaint_dps
    pred_noise = self.model(x, t_batch)
  File "/home/merlinho/.conda/envs/diffusion_rain/lib/python3.10/site-packages/torch/nn/modules/module.py", line 1736, in _wrapped_call_impl
    return self._call_impl(*args, **kwargs)
  File "/home/merlinho/.conda/envs/diffusion_rain/lib/python3.10/site-packages/torch/nn/modules/module.py", line 1747, in _call_impl
    return forward_call(*args, **kwargs)
  File "/home/merlinho/testspace/DDPM_Inpainting/src/model/song/song_unet.py", line 207, in forward
    x = block(x, emb)
  File "/home/merlinho/.conda/envs/diffusion_rain/lib/python3.10/site-packages/torch/nn/modules/module.py", line 1736, in _wrapped_call_impl
    return self._call_impl(*args, **kwargs)
  File "/home/merlinho/.conda/envs/diffusion_rain/lib/python3.10/site-packages/torch/nn/modules/module.py", line 1747, in _call_impl
    return forward_call(*args, **kwargs)
  File "/home/merlinho/testspace/DDPM_Inpainting/src/model/song/song_helper_classes.py", line 304, in forward
    x = self.conv1(torch.nn.functional.dropout(x, p=self.dropout, training=self.training))
  File "/home/merlinho/.conda/envs/diffusion_rain/lib/python3.10/site-packages/torch/nn/modules/module.py", line 1736, in _wrapped_call_impl
    return self._call_impl(*args, **kwargs)
  File "/home/merlinho/.conda/envs/diffusion_rain/lib/python3.10/site-packages/torch/nn/modules/module.py", line 1747, in _call_impl
    return forward_call(*args, **kwargs)
  File "/home/merlinho/testspace/DDPM_Inpainting/src/model/song/song_helper_classes.py", line 159, in forward
    x = torch.nn.functional.conv2d(x, w, padding=w_pad)
torch.OutOfMemoryError: CUDA out of memory. Tried to allocate 2.50 GiB. GPU 0 has a total capacity of 79.20 GiB of which 1.11 GiB is free. Including non-PyTorch memory, this process has 78.08 GiB memory in use. Of the allocated memory 77.17 GiB is allocated by PyTorch, and 57.58 MiB is reserved by PyTorch but unallocated. If reserved but unallocated memory is large try setting PYTORCH_CUDA_ALLOC_CONF=expandable_segments:True to avoid fragmentation.  See documentation for Memory Management  (https://pytorch.org/docs/stable/notes/cuda.html#environment-variables)
