Torch version: 2.5.1
CUDA available: True
CUDA device count: 4
CUDA device name: NVIDIA H100 80GB HBM3

[Cache] Loaded dataset from cache/precip_dataset_2001-2010_256_8760_10%.pkl

Output path set to: output_new/optuna_Nov12_2350_256_0.1
[Nov12_2350] Starting epoch 1/15...
Epoch 1/15 - train_loss: 0.125361 - val_loss: 0.105920
[Nov13_0004] Starting epoch 2/15...
Epoch 2/15 - train_loss: 0.107091 - val_loss: 0.104539
[Nov13_0017] Starting epoch 3/15...
Epoch 3/15 - train_loss: 0.103501 - val_loss: 0.099443
[Nov13_0031] Starting epoch 4/15...
Epoch 4/15 - train_loss: 0.102438 - val_loss: 0.097355
[Nov13_0045] Starting epoch 5/15...
Epoch 5/15 - train_loss: 0.100745 - val_loss: 0.099567
[Nov13_0059] Starting epoch 6/15...
Epoch 6/15 - train_loss: 0.099737 - val_loss: 0.097228
[Nov13_0113] Starting epoch 7/15...
Epoch 7/15 - train_loss: 0.099028 - val_loss: 0.097094
[Nov13_0127] Starting epoch 8/15...
Epoch 8/15 - train_loss: 0.097237 - val_loss: 0.096401
[Nov13_0141] Starting epoch 9/15...
Epoch 9/15 - train_loss: 0.097317 - val_loss: 0.095591
[Nov13_0154] Starting epoch 10/15...
Epoch 10/15 - train_loss: 0.096119 - val_loss: 0.095450
[Nov13_0208] Sampling 1-16 / 64
[Nov13_0210] Sampling 17-32 / 64
[Nov13_0211] Sampling 33-48 / 64
[Nov13_0212] Sampling 49-64 / 64
[Plot] Saved output_new/optuna_Nov12_2350_256_0.1/samples/plot1.png
[Plot] Saved RAPSD comparison to output_new/optuna_Nov12_2350_256_0.1/histograms/rapsd_1.png
[Plot] Saved histogram comparison to output_new/optuna_Nov12_2350_256_0.1/histograms/hist_normal_1.png
[Plot] Saved histogram comparison to output_new/optuna_Nov12_2350_256_0.1/histograms/hist_log_1.png
[Nov13_0218] Starting epoch 11/15...
Epoch 11/15 - train_loss: 0.095344 - val_loss: 0.093116
[Nov13_0232] Starting epoch 12/15...
Epoch 12/15 - train_loss: 0.095477 - val_loss: 0.092650
[Nov13_0245] Starting epoch 13/15...
Epoch 13/15 - train_loss: 0.095867 - val_loss: 0.093528
[Nov13_0259] Starting epoch 14/15...
Epoch 14/15 - train_loss: 0.094943 - val_loss: 0.094576
[Nov13_0313] Starting epoch 15/15...
Epoch 15/15 - train_loss: 0.094849 - val_loss: 0.091685
[Nov13_0327] Sampling 1-16 / 128
[Nov13_0329] Sampling 17-32 / 128
[Nov13_0330] Sampling 33-48 / 128
[Nov13_0331] Sampling 49-64 / 128
[Nov13_0333] Sampling 65-80 / 128
[Nov13_0334] Sampling 81-96 / 128
[Nov13_0336] Sampling 97-112 / 128
[Nov13_0337] Sampling 113-128 / 128
[Plot] Saved output_new/optuna_Nov12_2350_256_0.1/samples/plot2.png
[Plot] Saved RAPSD comparison to output_new/optuna_Nov12_2350_256_0.1/histograms/rapsd_2.png
[Plot] Saved histogram comparison to output_new/optuna_Nov12_2350_256_0.1/histograms/hist_normal_2.png
[Plot] Saved histogram comparison to output_new/optuna_Nov12_2350_256_0.1/histograms/hist_log_2.png
[Nov13_0346] Starting epoch 1/15...
Epoch 1/15 - train_loss: 0.121438 - val_loss: 0.110380
[Nov13_0400] Starting epoch 2/15...
Epoch 2/15 - train_loss: 0.106021 - val_loss: 0.103741
[Nov13_0413] Starting epoch 3/15...
Epoch 3/15 - train_loss: 0.103662 - val_loss: 0.100157
[Nov13_0426] Starting epoch 4/15...
Epoch 4/15 - train_loss: 0.100235 - val_loss: 0.098794
[Nov13_0439] Starting epoch 5/15...
Epoch 5/15 - train_loss: 0.099667 - val_loss: 0.098096
[Nov13_0453] Starting epoch 6/15...
Epoch 6/15 - train_loss: 0.097873 - val_loss: 0.095352
[Nov13_0506] Starting epoch 7/15...
Epoch 7/15 - train_loss: 0.096393 - val_loss: 0.093605
[Nov13_0519] Starting epoch 8/15...
Epoch 8/15 - train_loss: 0.096057 - val_loss: 0.091785
[Nov13_0532] Starting epoch 9/15...
Epoch 9/15 - train_loss: 0.095598 - val_loss: 0.093023
[Nov13_0546] Starting epoch 10/15...
Epoch 10/15 - train_loss: 0.094708 - val_loss: 0.093862
[Nov13_0559] Sampling 1-16 / 64
[Nov13_0601] Sampling 17-32 / 64
[Nov13_0602] Sampling 33-48 / 64
[Nov13_0604] Sampling 49-64 / 64
[Plot] Saved output_new/optuna_Nov12_2350_256_0.1/samples/plot3.png
[Plot] Saved RAPSD comparison to output_new/optuna_Nov12_2350_256_0.1/histograms/rapsd_3.png
[Plot] Saved histogram comparison to output_new/optuna_Nov12_2350_256_0.1/histograms/hist_normal_3.png
[Plot] Saved histogram comparison to output_new/optuna_Nov12_2350_256_0.1/histograms/hist_log_3.png
[Nov13_0610] Starting epoch 11/15...
Epoch 11/15 - train_loss: 0.093527 - val_loss: 0.093238
[Nov13_0623] Starting epoch 12/15...
Epoch 12/15 - train_loss: 0.093776 - val_loss: 0.091346
[Nov13_0636] Starting epoch 13/15...
Epoch 13/15 - train_loss: 0.093567 - val_loss: 0.091684
[Nov13_0650] Starting epoch 14/15...
Epoch 14/15 - train_loss: 0.092657 - val_loss: 0.092905
[Nov13_0703] Starting epoch 15/15...
Epoch 15/15 - train_loss: 0.093160 - val_loss: 0.092171
[Nov13_0716] Sampling 1-16 / 128
[Nov13_0718] Sampling 17-32 / 128
[Nov13_0720] Sampling 33-48 / 128
[Nov13_0722] Sampling 49-64 / 128
[Nov13_0723] Sampling 65-80 / 128
[Nov13_0725] Sampling 81-96 / 128
[Nov13_0727] Sampling 97-112 / 128
[Nov13_0729] Sampling 113-128 / 128
[Plot] Saved output_new/optuna_Nov12_2350_256_0.1/samples/plot4.png
[Plot] Saved RAPSD comparison to output_new/optuna_Nov12_2350_256_0.1/histograms/rapsd_4.png
[Plot] Saved histogram comparison to output_new/optuna_Nov12_2350_256_0.1/histograms/hist_normal_4.png
[Plot] Saved histogram comparison to output_new/optuna_Nov12_2350_256_0.1/histograms/hist_log_4.png
[Nov13_0738] Starting epoch 1/15...
Epoch 1/15 - train_loss: 0.092392 - val_loss: 0.076506
[Nov13_0749] Starting epoch 2/15...
Epoch 2/15 - train_loss: 0.078889 - val_loss: 0.075806
[Nov13_0759] Starting epoch 3/15...
Epoch 3/15 - train_loss: 0.076896 - val_loss: 0.071513
[Nov13_0810] Starting epoch 4/15...
Epoch 4/15 - train_loss: 0.074965 - val_loss: 0.072702
[Nov13_0820] Starting epoch 5/15...
Epoch 5/15 - train_loss: 0.073889 - val_loss: 0.069931
[Nov13_0831] Starting epoch 6/15...
Epoch 6/15 - train_loss: 0.073499 - val_loss: 0.073919
[Nov13_0842] Starting epoch 7/15...
Epoch 7/15 - train_loss: 0.072433 - val_loss: 0.070878
[Nov13_0852] Starting epoch 8/15...
Epoch 8/15 - train_loss: 0.071511 - val_loss: 0.071894
[Nov13_0903] Starting epoch 9/15...
Epoch 9/15 - train_loss: 0.070905 - val_loss: 0.067579
[Nov13_0913] Starting epoch 10/15...
Epoch 10/15 - train_loss: 0.070762 - val_loss: 0.068189
[Nov13_0924] Sampling 1-16 / 64
[Nov13_0925] Sampling 17-32 / 64
[Nov13_0926] Sampling 33-48 / 64
[Nov13_0928] Sampling 49-64 / 64
[Plot] Saved output_new/optuna_Nov12_2350_256_0.1/samples/plot5.png
[Plot] Saved RAPSD comparison to output_new/optuna_Nov12_2350_256_0.1/histograms/rapsd_5.png
[Plot] Saved histogram comparison to output_new/optuna_Nov12_2350_256_0.1/histograms/hist_normal_5.png
[Plot] Saved histogram comparison to output_new/optuna_Nov12_2350_256_0.1/histograms/hist_log_5.png
[Nov13_0933] Starting epoch 11/15...
Epoch 11/15 - train_loss: 0.069569 - val_loss: 0.071059
[Nov13_0943] Starting epoch 12/15...
Epoch 12/15 - train_loss: 0.069939 - val_loss: 0.069529
[Nov13_0954] Starting epoch 13/15...
Epoch 13/15 - train_loss: 0.070264 - val_loss: 0.067918
[Nov13_1004] Starting epoch 14/15...
Epoch 14/15 - train_loss: 0.070576 - val_loss: 0.066655
[Nov13_1015] Starting epoch 15/15...
Epoch 15/15 - train_loss: 0.070128 - val_loss: 0.068946
[Nov13_1025] Sampling 1-16 / 128
[Nov13_1027] Sampling 17-32 / 128
[Nov13_1028] Sampling 33-48 / 128
[Nov13_1029] Sampling 49-64 / 128
[Nov13_1031] Sampling 65-80 / 128
[Nov13_1032] Sampling 81-96 / 128
[Nov13_1034] Sampling 97-112 / 128
[Nov13_1035] Sampling 113-128 / 128
[Plot] Saved output_new/optuna_Nov12_2350_256_0.1/samples/plot6.png
[Plot] Saved RAPSD comparison to output_new/optuna_Nov12_2350_256_0.1/histograms/rapsd_6.png
[Plot] Saved histogram comparison to output_new/optuna_Nov12_2350_256_0.1/histograms/hist_normal_6.png
[Plot] Saved histogram comparison to output_new/optuna_Nov12_2350_256_0.1/histograms/hist_log_6.png
[Nov13_1044] Starting epoch 1/15...
Epoch 1/15 - train_loss: 0.126379 - val_loss: 0.103973
[Nov13_1055] Starting epoch 2/15...
Epoch 2/15 - train_loss: 0.110270 - val_loss: 0.103854
[Nov13_1106] Starting epoch 3/15...
Epoch 3/15 - train_loss: 0.106015 - val_loss: 0.101849
[Nov13_1117] Starting epoch 4/15...
Epoch 4/15 - train_loss: 0.102963 - val_loss: 0.100350
[Nov13_1128] Starting epoch 5/15...
Epoch 5/15 - train_loss: 0.101620 - val_loss: 0.097575
[Nov13_1139] Starting epoch 6/15...
Epoch 6/15 - train_loss: 0.100142 - val_loss: 0.095467
[Nov13_1150] Starting epoch 7/15...
Epoch 7/15 - train_loss: 0.100076 - val_loss: 0.097570
[Nov13_1201] Starting epoch 8/15...
Epoch 8/15 - train_loss: 0.098320 - val_loss: 0.095525
[Nov13_1212] Starting epoch 9/15...
Epoch 9/15 - train_loss: 0.097344 - val_loss: 0.097760
[Nov13_1223] Starting epoch 10/15...
Epoch 10/15 - train_loss: 0.096163 - val_loss: 0.092950
[Nov13_1234] Sampling 1-16 / 64
[Nov13_1235] Sampling 17-32 / 64
[Nov13_1236] Sampling 33-48 / 64
[Nov13_1238] Sampling 49-64 / 64
[Plot] Saved output_new/optuna_Nov12_2350_256_0.1/samples/plot7.png
[Plot] Saved RAPSD comparison to output_new/optuna_Nov12_2350_256_0.1/histograms/rapsd_7.png
[Plot] Saved histogram comparison to output_new/optuna_Nov12_2350_256_0.1/histograms/hist_normal_7.png
[Plot] Saved histogram comparison to output_new/optuna_Nov12_2350_256_0.1/histograms/hist_log_7.png
[Nov13_1243] Starting epoch 11/15...
Epoch 11/15 - train_loss: 0.095037 - val_loss: 0.093596
[Nov13_1254] Starting epoch 12/15...
Epoch 12/15 - train_loss: 0.095065 - val_loss: 0.094493
[Nov13_1305] Starting epoch 13/15...
Epoch 13/15 - train_loss: 0.094634 - val_loss: 0.093472
[Nov13_1316] Starting epoch 14/15...
Epoch 14/15 - train_loss: 0.094630 - val_loss: 0.092980
[Nov13_1327] Starting epoch 15/15...
Epoch 15/15 - train_loss: 0.094056 - val_loss: 0.093835
[Nov13_1338] Sampling 1-16 / 128
[Nov13_1339] Sampling 17-32 / 128
[Nov13_1340] Sampling 33-48 / 128
[Nov13_1342] Sampling 49-64 / 128
[Nov13_1343] Sampling 65-80 / 128
[Nov13_1345] Sampling 81-96 / 128
[Nov13_1346] Sampling 97-112 / 128
[Nov13_1347] Sampling 113-128 / 128
[Plot] Saved output_new/optuna_Nov12_2350_256_0.1/samples/plot8.png
[Plot] Saved RAPSD comparison to output_new/optuna_Nov12_2350_256_0.1/histograms/rapsd_8.png
[Plot] Saved histogram comparison to output_new/optuna_Nov12_2350_256_0.1/histograms/hist_normal_8.png
[Plot] Saved histogram comparison to output_new/optuna_Nov12_2350_256_0.1/histograms/hist_log_8.png
[Nov13_1356] Starting epoch 1/15...
Epoch 1/15 - train_loss: 0.130384 - val_loss: 0.777650
[Nov13_1411] Starting epoch 2/15...
Epoch 2/15 - train_loss: 0.770541 - val_loss: 0.766333
[Nov13_1425] Starting epoch 3/15...
Epoch 3/15 - train_loss: 0.768590 - val_loss: 0.769241
[Nov13_1440] Starting epoch 4/15...
Epoch 4/15 - train_loss: 0.770302 - val_loss: 0.770014
[Nov13_1454] Starting epoch 5/15...
Epoch 5/15 - train_loss: 0.772131 - val_loss: 0.768722
[Nov13_1509] Starting epoch 6/15...
Epoch 6/15 - train_loss: 0.769088 - val_loss: 0.765457
[Nov13_1523] Starting epoch 7/15...
Epoch 7/15 - train_loss: 0.761714 - val_loss: 0.753232
[Nov13_1538] Starting epoch 8/15...
Epoch 8/15 - train_loss: 0.631825 - val_loss: 0.548972
[Nov13_1552] Starting epoch 9/15...
Epoch 9/15 - train_loss: 0.521488 - val_loss: 0.487373
[Nov13_1606] Starting epoch 10/15...
Epoch 10/15 - train_loss: 0.229553 - val_loss: 0.088796
[Nov13_1621] Sampling 1-16 / 64
[Nov13_1623] Sampling 17-32 / 64
[Nov13_1626] Sampling 33-48 / 64
[Nov13_1628] Sampling 49-64 / 64
[Plot] Saved output_new/optuna_Nov12_2350_256_0.1/samples/plot9.png
[Plot] Saved RAPSD comparison to output_new/optuna_Nov12_2350_256_0.1/histograms/rapsd_9.png
[Plot] Saved histogram comparison to output_new/optuna_Nov12_2350_256_0.1/histograms/hist_normal_9.png
[Plot] Saved histogram comparison to output_new/optuna_Nov12_2350_256_0.1/histograms/hist_log_9.png
[Nov13_1635] Starting epoch 11/15...
Epoch 11/15 - train_loss: 0.087824 - val_loss: 0.082331
[Nov13_1649] Starting epoch 12/15...
Epoch 12/15 - train_loss: 0.091363 - val_loss: 0.077884
[Nov13_1704] Starting epoch 13/15...
Epoch 13/15 - train_loss: 0.083809 - val_loss: 0.077814
[Nov13_1718] Starting epoch 14/15...
Epoch 14/15 - train_loss: 0.082808 - val_loss: 0.077221
[Nov13_1732] Starting epoch 15/15...
Epoch 15/15 - train_loss: 0.080053 - val_loss: 0.074577
[Nov13_1747] Sampling 1-16 / 128
[Nov13_1749] Sampling 17-32 / 128
[Nov13_1752] Sampling 33-48 / 128
[Nov13_1755] Sampling 49-64 / 128
[Nov13_1757] Sampling 65-80 / 128
[Nov13_1800] Sampling 81-96 / 128
[Nov13_1802] Sampling 97-112 / 128
[Nov13_1805] Sampling 113-128 / 128
[Plot] Saved output_new/optuna_Nov12_2350_256_0.1/samples/plot10.png
[Plot] Saved RAPSD comparison to output_new/optuna_Nov12_2350_256_0.1/histograms/rapsd_10.png
[Plot] Saved histogram comparison to output_new/optuna_Nov12_2350_256_0.1/histograms/hist_normal_10.png
[Plot] Saved histogram comparison to output_new/optuna_Nov12_2350_256_0.1/histograms/hist_log_10.png
[Nov13_1815] Starting epoch 1/15...
Epoch 1/15 - train_loss: 0.075479 - val_loss: 0.058729
[Nov13_1833] Starting epoch 2/15...
Epoch 2/15 - train_loss: 0.058167 - val_loss: 0.053410
[Nov13_1851] Starting epoch 3/15...
Epoch 3/15 - train_loss: 0.056118 - val_loss: 0.053028
[Nov13_1909] Starting epoch 4/15...
Epoch 4/15 - train_loss: 0.054448 - val_loss: 0.053435
[Nov13_1927] Starting epoch 5/15...
Epoch 5/15 - train_loss: 0.053490 - val_loss: 0.050099
[Nov13_1945] Starting epoch 6/15...
Epoch 6/15 - train_loss: 0.053486 - val_loss: 0.052563
[Nov13_2003] Starting epoch 7/15...
Epoch 7/15 - train_loss: 0.052777 - val_loss: 0.051667
[Nov13_2021] Starting epoch 8/15...
Epoch 8/15 - train_loss: 0.052502 - val_loss: 0.050952
[Nov13_2039] Starting epoch 9/15...
Epoch 9/15 - train_loss: 0.052194 - val_loss: 0.051654
[Nov13_2057] Starting epoch 10/15...
Epoch 10/15 - train_loss: 0.052151 - val_loss: 0.049035
[Nov13_2114] Sampling 1-16 / 64
[Nov13_2118] Sampling 17-32 / 64
[Nov13_2121] Sampling 33-48 / 64
[Nov13_2124] Sampling 49-64 / 64
[Plot] Saved output_new/optuna_Nov12_2350_256_0.1/samples/plot11.png
[Plot] Saved RAPSD comparison to output_new/optuna_Nov12_2350_256_0.1/histograms/rapsd_11.png
[Plot] Saved histogram comparison to output_new/optuna_Nov12_2350_256_0.1/histograms/hist_normal_11.png
[Plot] Saved histogram comparison to output_new/optuna_Nov12_2350_256_0.1/histograms/hist_log_11.png
[Nov13_2131] Starting epoch 11/15...
Epoch 11/15 - train_loss: 0.051454 - val_loss: 0.050920
[Nov13_2149] Starting epoch 12/15...
Epoch 12/15 - train_loss: 0.051201 - val_loss: 0.052285
[Nov13_2207] Starting epoch 13/15...
Epoch 13/15 - train_loss: 0.051105 - val_loss: 0.051427
[Nov13_2225] Starting epoch 14/15...
Epoch 14/15 - train_loss: 0.050999 - val_loss: 0.052579
[Nov13_2243] Starting epoch 15/15...
Epoch 15/15 - train_loss: 0.050491 - val_loss: 0.049478
[Nov13_2301] Sampling 1-16 / 128
[Nov13_2304] Sampling 17-32 / 128
[Nov13_2307] Sampling 33-48 / 128
[Nov13_2311] Sampling 49-64 / 128
[Nov13_2314] Sampling 65-80 / 128
[Nov13_2317] Sampling 81-96 / 128
[Nov13_2320] Sampling 97-112 / 128
[Nov13_2323] Sampling 113-128 / 128
[Plot] Saved output_new/optuna_Nov12_2350_256_0.1/samples/plot12.png
[Plot] Saved RAPSD comparison to output_new/optuna_Nov12_2350_256_0.1/histograms/rapsd_12.png
[Plot] Saved histogram comparison to output_new/optuna_Nov12_2350_256_0.1/histograms/hist_normal_12.png
[Plot] Saved histogram comparison to output_new/optuna_Nov12_2350_256_0.1/histograms/hist_log_12.png
[Nov13_2334] Starting epoch 1/15...
Epoch 1/15 - train_loss: 0.077610 - val_loss: 0.058578
[Nov13_2343] Starting epoch 2/15...
