Torch version: 2.5.1
CUDA available: True
CUDA device count: 2
CUDA device name: NVIDIA H100 80GB HBM3

[Cache] Loaded dataset from cache/precip_dataset_2001-2010_256_8760_10%.pkl

Output path set to: output_new/extensive_inpainting_Nov25_1937_256_0.1
UNet constructor args:
model_channels: 256
num_blocks: 2
channel_mult: [1, 2, 2, 4]
attn_resolutions: [32]
encoder_type: standard
dropout: 0.15
patch_size: 256
Removing 'module.' prefix from state dict keys...
Lam levels: [1e-08, 2e-08, 5e-08, 1e-07, 2e-07, 5e-07, 1e-06, 2e-06, 4.9999999999999996e-06, 1e-05, 2e-05, 5e-05, 0.0001, 0.0002, 0.0005]

Testing inpainting with 0.1% known data and lambda 1e-08:
Starting inpainting with DPS, lambda=1e-08
[Nov25_1937] Sampling 1-4 / 20
Inpainting, 5.0%
Inpainting, 10.0%
Inpainting, 15.0%
Inpainting, 20.0%
Inpainting, 25.0%
Inpainting, 30.0%
Inpainting, 35.0%
Inpainting, 40.0%
Inpainting, 45.0%
Inpainting, 50.0%
Inpainting, 55.0%
Inpainting, 60.0%
Inpainting, 65.0%
Inpainting, 70.0%
Inpainting, 75.0%
Inpainting, 80.0%
Inpainting, 85.0%
Inpainting, 90.0%
Inpainting, 95.0%
Inpainting, 100.0%
[Nov25_1940] Sampling 5-8 / 20
Inpainting, 5.0%
Inpainting, 10.0%
Inpainting, 15.0%
Inpainting, 20.0%
Inpainting, 25.0%
Inpainting, 30.0%
Inpainting, 35.0%
Inpainting, 40.0%
Inpainting, 45.0%
Inpainting, 50.0%
Inpainting, 55.0%
Inpainting, 60.0%
Inpainting, 65.0%
Inpainting, 70.0%
Inpainting, 75.0%
Inpainting, 80.0%
Inpainting, 85.0%
Inpainting, 90.0%
Inpainting, 95.0%
Inpainting, 100.0%
[Nov25_1944] Sampling 9-12 / 20
Inpainting, 5.0%
Inpainting, 10.0%
Inpainting, 15.0%
Inpainting, 20.0%
Inpainting, 25.0%
Inpainting, 30.0%
Inpainting, 35.0%
Inpainting, 40.0%
Inpainting, 45.0%
Inpainting, 50.0%
Inpainting, 55.0%
Inpainting, 60.0%
Inpainting, 65.0%
Inpainting, 70.0%
Inpainting, 75.0%
Inpainting, 80.0%
Inpainting, 85.0%
Inpainting, 90.0%
Inpainting, 95.0%
Inpainting, 100.0%
[Nov25_1947] Sampling 13-16 / 20
Inpainting, 5.0%
Inpainting, 10.0%
Inpainting, 15.0%
Inpainting, 20.0%
Inpainting, 25.0%
Inpainting, 30.0%
Inpainting, 35.0%
Inpainting, 40.0%
Inpainting, 45.0%
Inpainting, 50.0%
Inpainting, 55.0%
Inpainting, 60.0%
Inpainting, 65.0%
Inpainting, 70.0%
Inpainting, 75.0%
Inpainting, 80.0%
Inpainting, 85.0%
Inpainting, 90.0%
Inpainting, 95.0%
Inpainting, 100.0%
[Nov25_1950] Sampling 17-20 / 20
Inpainting, 5.0%
Inpainting, 10.0%
Inpainting, 15.0%
Inpainting, 20.0%
Inpainting, 25.0%
Inpainting, 30.0%
Inpainting, 35.0%
Inpainting, 40.0%
Inpainting, 45.0%
Inpainting, 50.0%
Inpainting, 55.0%
Inpainting, 60.0%
Inpainting, 65.0%
Inpainting, 70.0%
Inpainting, 75.0%
Inpainting, 80.0%
Inpainting, 85.0%
Inpainting, 90.0%
Inpainting, 95.0%
Inpainting, 100.0%
Inpainting MSE (masked region): 1.944575
Inpainting MAE (masked region): 0.861791
[Plot] Saved inpainting results to output_new/extensive_inpainting_Nov25_1937_256_0.1/inpainting_results/inpainting_0.001_1e-08_20251125_195414.png
MSE Loss at 0.1% known data and lambda 1e-08: 1.944575

Testing inpainting with 0.1% known data and lambda 2e-08:
Starting inpainting with DPS, lambda=2e-08
[Nov25_1954] Sampling 1-4 / 20
Inpainting, 5.0%
Inpainting, 10.0%
Inpainting, 15.0%
Inpainting, 20.0%
Inpainting, 25.0%
Inpainting, 30.0%
Inpainting, 35.0%
Inpainting, 40.0%
Inpainting, 45.0%
Inpainting, 50.0%
Inpainting, 55.0%
Inpainting, 60.0%
Inpainting, 65.0%
Inpainting, 70.0%
Inpainting, 75.0%
Inpainting, 80.0%
Inpainting, 85.0%
Inpainting, 90.0%
Inpainting, 95.0%
Inpainting, 100.0%
[Nov25_1957] Sampling 5-8 / 20
Inpainting, 5.0%
Inpainting, 10.0%
Inpainting, 15.0%
Inpainting, 20.0%
Inpainting, 25.0%
Inpainting, 30.0%
Inpainting, 35.0%
Inpainting, 40.0%
Inpainting, 45.0%
Inpainting, 50.0%
Inpainting, 55.0%
Inpainting, 60.0%
Inpainting, 65.0%
Inpainting, 70.0%
Inpainting, 75.0%
Inpainting, 80.0%
Inpainting, 85.0%
Inpainting, 90.0%
Inpainting, 95.0%
Inpainting, 100.0%
[Nov25_2000] Sampling 9-12 / 20
Inpainting, 5.0%
Inpainting, 10.0%
Inpainting, 15.0%
Inpainting, 20.0%
Inpainting, 25.0%
Inpainting, 30.0%
Inpainting, 35.0%
Inpainting, 40.0%
Inpainting, 45.0%
Inpainting, 50.0%
Inpainting, 55.0%
Inpainting, 60.0%
Inpainting, 65.0%
Inpainting, 70.0%
Inpainting, 75.0%
Inpainting, 80.0%
Inpainting, 85.0%
Inpainting, 90.0%
Inpainting, 95.0%
Inpainting, 100.0%
[Nov25_2004] Sampling 13-16 / 20
Inpainting, 5.0%
Inpainting, 10.0%
Inpainting, 15.0%
Inpainting, 20.0%
Inpainting, 25.0%
Inpainting, 30.0%
Inpainting, 35.0%
Inpainting, 40.0%
Inpainting, 45.0%
Inpainting, 50.0%
Inpainting, 55.0%
Inpainting, 60.0%
Inpainting, 65.0%
Inpainting, 70.0%
Inpainting, 75.0%
Inpainting, 80.0%
Inpainting, 85.0%
Inpainting, 90.0%
Inpainting, 95.0%
Inpainting, 100.0%
[Nov25_2007] Sampling 17-20 / 20
Inpainting, 5.0%
Inpainting, 10.0%
Inpainting, 15.0%
Inpainting, 20.0%
Inpainting, 25.0%
Inpainting, 30.0%
Inpainting, 35.0%
Inpainting, 40.0%
Inpainting, 45.0%
Inpainting, 50.0%
Inpainting, 55.0%
Inpainting, 60.0%
Inpainting, 65.0%
Inpainting, 70.0%
Inpainting, 75.0%
Inpainting, 80.0%
Inpainting, 85.0%
Inpainting, 90.0%
Inpainting, 95.0%
Inpainting, 100.0%
Inpainting MSE (masked region): 1.705701
Inpainting MAE (masked region): 0.780909
[Plot] Saved inpainting results to output_new/extensive_inpainting_Nov25_1937_256_0.1/inpainting_results/inpainting_0.001_2e-08_20251125_201056.png
MSE Loss at 0.1% known data and lambda 2e-08: 1.705701

Testing inpainting with 0.1% known data and lambda 5e-08:
Starting inpainting with DPS, lambda=5e-08
[Nov25_2010] Sampling 1-4 / 20
Inpainting, 5.0%
Inpainting, 10.0%
Inpainting, 15.0%
Inpainting, 20.0%
Inpainting, 25.0%
Inpainting, 30.0%
Inpainting, 35.0%
Inpainting, 40.0%
Inpainting, 45.0%
Inpainting, 50.0%
Inpainting, 55.0%
Inpainting, 60.0%
Inpainting, 65.0%
Inpainting, 70.0%
Inpainting, 75.0%
Inpainting, 80.0%
Inpainting, 85.0%
Inpainting, 90.0%
Inpainting, 95.0%
Inpainting, 100.0%
[Nov25_2014] Sampling 5-8 / 20
Inpainting, 5.0%
Inpainting, 10.0%
Inpainting, 15.0%
Inpainting, 20.0%
Inpainting, 25.0%
Inpainting, 30.0%
Inpainting, 35.0%
Inpainting, 40.0%
Inpainting, 45.0%
Inpainting, 50.0%
Inpainting, 55.0%
Inpainting, 60.0%
Inpainting, 65.0%
Inpainting, 70.0%
Inpainting, 75.0%
Inpainting, 80.0%
Inpainting, 85.0%
Inpainting, 90.0%
Inpainting, 95.0%
Inpainting, 100.0%
[Nov25_2017] Sampling 9-12 / 20
Inpainting, 5.0%
Inpainting, 10.0%
Inpainting, 15.0%
Inpainting, 20.0%
Inpainting, 25.0%
Inpainting, 30.0%
Inpainting, 35.0%
Inpainting, 40.0%
Inpainting, 45.0%
Inpainting, 50.0%
Inpainting, 55.0%
Inpainting, 60.0%
Inpainting, 65.0%
Inpainting, 70.0%
Inpainting, 75.0%
Inpainting, 80.0%
Inpainting, 85.0%
Inpainting, 90.0%
Inpainting, 95.0%
Inpainting, 100.0%
[Nov25_2020] Sampling 13-16 / 20
Inpainting, 5.0%
Inpainting, 10.0%
Inpainting, 15.0%
Inpainting, 20.0%
Inpainting, 25.0%
Inpainting, 30.0%
Inpainting, 35.0%
Inpainting, 40.0%
Inpainting, 45.0%
Inpainting, 50.0%
Inpainting, 55.0%
Inpainting, 60.0%
Inpainting, 65.0%
Inpainting, 70.0%
Inpainting, 75.0%
Inpainting, 80.0%
Inpainting, 85.0%
Inpainting, 90.0%
Inpainting, 95.0%
Inpainting, 100.0%
[Nov25_2024] Sampling 17-20 / 20
Inpainting, 5.0%
Inpainting, 10.0%
Inpainting, 15.0%
Inpainting, 20.0%
Inpainting, 25.0%
Inpainting, 30.0%
Inpainting, 35.0%
Inpainting, 40.0%
Inpainting, 45.0%
Inpainting, 50.0%
Inpainting, 55.0%
Inpainting, 60.0%
Inpainting, 65.0%
Inpainting, 70.0%
Inpainting, 75.0%
Inpainting, 80.0%
Inpainting, 85.0%
Inpainting, 90.0%
Inpainting, 95.0%
Inpainting, 100.0%
Inpainting MSE (masked region): 1.513620
Inpainting MAE (masked region): 0.738717
[Plot] Saved inpainting results to output_new/extensive_inpainting_Nov25_1937_256_0.1/inpainting_results/inpainting_0.001_5e-08_20251125_202737.png
MSE Loss at 0.1% known data and lambda 5e-08: 1.513620

Testing inpainting with 0.1% known data and lambda 1e-07:
Starting inpainting with DPS, lambda=1e-07
[Nov25_2027] Sampling 1-4 / 20
Inpainting, 5.0%
Inpainting, 10.0%
Inpainting, 15.0%
Inpainting, 20.0%
Inpainting, 25.0%
Inpainting, 30.0%
Inpainting, 35.0%
Inpainting, 40.0%
Inpainting, 45.0%
Inpainting, 50.0%
Inpainting, 55.0%
Inpainting, 60.0%
Inpainting, 65.0%
Inpainting, 70.0%
Inpainting, 75.0%
Inpainting, 80.0%
Inpainting, 85.0%
Inpainting, 90.0%
Inpainting, 95.0%
Inpainting, 100.0%
[Nov25_2030] Sampling 5-8 / 20
Inpainting, 5.0%
Inpainting, 10.0%
Inpainting, 15.0%
Inpainting, 20.0%
Inpainting, 25.0%
Inpainting, 30.0%
Inpainting, 35.0%
Inpainting, 40.0%
Inpainting, 45.0%
Inpainting, 50.0%
Inpainting, 55.0%
Inpainting, 60.0%
Inpainting, 65.0%
Inpainting, 70.0%
Inpainting, 75.0%
Inpainting, 80.0%
Inpainting, 85.0%
Inpainting, 90.0%
Inpainting, 95.0%
Inpainting, 100.0%
[Nov25_2034] Sampling 9-12 / 20
Inpainting, 5.0%
Inpainting, 10.0%
Inpainting, 15.0%
Inpainting, 20.0%
Inpainting, 25.0%
Inpainting, 30.0%
Inpainting, 35.0%
Inpainting, 40.0%
Inpainting, 45.0%
Inpainting, 50.0%
Inpainting, 55.0%
Inpainting, 60.0%
Inpainting, 65.0%
Inpainting, 70.0%
Inpainting, 75.0%
Inpainting, 80.0%
Inpainting, 85.0%
Inpainting, 90.0%
Inpainting, 95.0%
Inpainting, 100.0%
[Nov25_2037] Sampling 13-16 / 20
Inpainting, 5.0%
Inpainting, 10.0%
Inpainting, 15.0%
Inpainting, 20.0%
Inpainting, 25.0%
Inpainting, 30.0%
Inpainting, 35.0%
Inpainting, 40.0%
Inpainting, 45.0%
Inpainting, 50.0%
Inpainting, 55.0%
Inpainting, 60.0%
Inpainting, 65.0%
Inpainting, 70.0%
Inpainting, 75.0%
Inpainting, 80.0%
Inpainting, 85.0%
Inpainting, 90.0%
Inpainting, 95.0%
Inpainting, 100.0%
[Nov25_2041] Sampling 17-20 / 20
Inpainting, 5.0%
Inpainting, 10.0%
Inpainting, 15.0%
Inpainting, 20.0%
Inpainting, 25.0%
Inpainting, 30.0%
Inpainting, 35.0%
Inpainting, 40.0%
Inpainting, 45.0%
Inpainting, 50.0%
Inpainting, 55.0%
Inpainting, 60.0%
Inpainting, 65.0%
Inpainting, 70.0%
Inpainting, 75.0%
Inpainting, 80.0%
Inpainting, 85.0%
Inpainting, 90.0%
Inpainting, 95.0%
Inpainting, 100.0%
Inpainting MSE (masked region): 1.403934
Inpainting MAE (masked region): 0.692895
[Plot] Saved inpainting results to output_new/extensive_inpainting_Nov25_1937_256_0.1/inpainting_results/inpainting_0.001_1e-07_20251125_204420.png
MSE Loss at 0.1% known data and lambda 1e-07: 1.403934

Testing inpainting with 0.1% known data and lambda 2e-07:
Starting inpainting with DPS, lambda=2e-07
[Nov25_2044] Sampling 1-4 / 20
Inpainting, 5.0%
Inpainting, 10.0%
Inpainting, 15.0%
Inpainting, 20.0%
Inpainting, 25.0%
Inpainting, 30.0%
Inpainting, 35.0%
Inpainting, 40.0%
Inpainting, 45.0%
Inpainting, 50.0%
Inpainting, 55.0%
Inpainting, 60.0%
Inpainting, 65.0%
Inpainting, 70.0%
Inpainting, 75.0%
Inpainting, 80.0%
Inpainting, 85.0%
Inpainting, 90.0%
Inpainting, 95.0%
Inpainting, 100.0%
[Nov25_2047] Sampling 5-8 / 20
Inpainting, 5.0%
Inpainting, 10.0%
Inpainting, 15.0%
Inpainting, 20.0%
Inpainting, 25.0%
Inpainting, 30.0%
Inpainting, 35.0%
Inpainting, 40.0%
Inpainting, 45.0%
Inpainting, 50.0%
Inpainting, 55.0%
Inpainting, 60.0%
Inpainting, 65.0%
Inpainting, 70.0%
Inpainting, 75.0%
Inpainting, 80.0%
Inpainting, 85.0%
Inpainting, 90.0%
Inpainting, 95.0%
Inpainting, 100.0%
[Nov25_2051] Sampling 9-12 / 20
Inpainting, 5.0%
Inpainting, 10.0%
Inpainting, 15.0%
Inpainting, 20.0%
Inpainting, 25.0%
Inpainting, 30.0%
Inpainting, 35.0%
Inpainting, 40.0%
Inpainting, 45.0%
Inpainting, 50.0%
Inpainting, 55.0%
Inpainting, 60.0%
Inpainting, 65.0%
Inpainting, 70.0%
Inpainting, 75.0%
Inpainting, 80.0%
Inpainting, 85.0%
Inpainting, 90.0%
Inpainting, 95.0%
Inpainting, 100.0%
[Nov25_2054] Sampling 13-16 / 20
Inpainting, 5.0%
Inpainting, 10.0%
Inpainting, 15.0%
Inpainting, 20.0%
Inpainting, 25.0%
Inpainting, 30.0%
Inpainting, 35.0%
Inpainting, 40.0%
Inpainting, 45.0%
Inpainting, 50.0%
Inpainting, 55.0%
Inpainting, 60.0%
Inpainting, 65.0%
Inpainting, 70.0%
Inpainting, 75.0%
Inpainting, 80.0%
Inpainting, 85.0%
Inpainting, 90.0%
Inpainting, 95.0%
Inpainting, 100.0%
[Nov25_2057] Sampling 17-20 / 20
Inpainting, 5.0%
Inpainting, 10.0%
Inpainting, 15.0%
Inpainting, 20.0%
Inpainting, 25.0%
Inpainting, 30.0%
Inpainting, 35.0%
Inpainting, 40.0%
Inpainting, 45.0%
Inpainting, 50.0%
Inpainting, 55.0%
Inpainting, 60.0%
Inpainting, 65.0%
Inpainting, 70.0%
Inpainting, 75.0%
Inpainting, 80.0%
Inpainting, 85.0%
Inpainting, 90.0%
Inpainting, 95.0%
Inpainting, 100.0%
Inpainting MSE (masked region): 1.770279
Inpainting MAE (masked region): 0.814255
[Plot] Saved inpainting results to output_new/extensive_inpainting_Nov25_1937_256_0.1/inpainting_results/inpainting_0.001_2e-07_20251125_210101.png
MSE Loss at 0.1% known data and lambda 2e-07: 1.770279

Testing inpainting with 0.1% known data and lambda 5e-07:
Starting inpainting with DPS, lambda=5e-07
[Nov25_2101] Sampling 1-4 / 20
Inpainting, 5.0%
Inpainting, 10.0%
Inpainting, 15.0%
Inpainting, 20.0%
Inpainting, 25.0%
Inpainting, 30.0%
Inpainting, 35.0%
Inpainting, 40.0%
Inpainting, 45.0%
Inpainting, 50.0%
Inpainting, 55.0%
Inpainting, 60.0%
Inpainting, 65.0%
Inpainting, 70.0%
Inpainting, 75.0%
Inpainting, 80.0%
Inpainting, 85.0%
Inpainting, 90.0%
Inpainting, 95.0%
Inpainting, 100.0%
[Nov25_2104] Sampling 5-8 / 20
Inpainting, 5.0%
Inpainting, 10.0%
Inpainting, 15.0%
Inpainting, 20.0%
Inpainting, 25.0%
Inpainting, 30.0%
Inpainting, 35.0%
Inpainting, 40.0%
Inpainting, 45.0%
Inpainting, 50.0%
Inpainting, 55.0%
Inpainting, 60.0%
Inpainting, 65.0%
Inpainting, 70.0%
Inpainting, 75.0%
Inpainting, 80.0%
Inpainting, 85.0%
Inpainting, 90.0%
Inpainting, 95.0%
Inpainting, 100.0%
[Nov25_2107] Sampling 9-12 / 20
Inpainting, 5.0%
Inpainting, 10.0%
Inpainting, 15.0%
Inpainting, 20.0%
Inpainting, 25.0%
Inpainting, 30.0%
Inpainting, 35.0%
Inpainting, 40.0%
Inpainting, 45.0%
Inpainting, 50.0%
Inpainting, 55.0%
Inpainting, 60.0%
Inpainting, 65.0%
Inpainting, 70.0%
Inpainting, 75.0%
Inpainting, 80.0%
Inpainting, 85.0%
Inpainting, 90.0%
Inpainting, 95.0%
Inpainting, 100.0%
[Nov25_2111] Sampling 13-16 / 20
Inpainting, 5.0%
Inpainting, 10.0%
Inpainting, 15.0%
Inpainting, 20.0%
Inpainting, 25.0%
Inpainting, 30.0%
Inpainting, 35.0%
Inpainting, 40.0%
Inpainting, 45.0%
Inpainting, 50.0%
Inpainting, 55.0%
Inpainting, 60.0%
Inpainting, 65.0%
Inpainting, 70.0%
Inpainting, 75.0%
Inpainting, 80.0%
Inpainting, 85.0%
Inpainting, 90.0%
Inpainting, 95.0%
Inpainting, 100.0%
[Nov25_2114] Sampling 17-20 / 20
Inpainting, 5.0%
Inpainting, 10.0%
Inpainting, 15.0%
Inpainting, 20.0%
Inpainting, 25.0%
Inpainting, 30.0%
Inpainting, 35.0%
Inpainting, 40.0%
Inpainting, 45.0%
Inpainting, 50.0%
Inpainting, 55.0%
Inpainting, 60.0%
Inpainting, 65.0%
Inpainting, 70.0%
Inpainting, 75.0%
Inpainting, 80.0%
Inpainting, 85.0%
Inpainting, 90.0%
Inpainting, 95.0%
Inpainting, 100.0%
Inpainting MSE (masked region): 1.388953
Inpainting MAE (masked region): 0.713879
[Plot] Saved inpainting results to output_new/extensive_inpainting_Nov25_1937_256_0.1/inpainting_results/inpainting_0.001_5e-07_20251125_211743.png
MSE Loss at 0.1% known data and lambda 5e-07: 1.388953

Testing inpainting with 0.1% known data and lambda 1e-06:
Starting inpainting with DPS, lambda=1e-06
[Nov25_2117] Sampling 1-4 / 20
Inpainting, 5.0%
Inpainting, 10.0%
Inpainting, 15.0%
Inpainting, 20.0%
Inpainting, 25.0%
Inpainting, 30.0%
Inpainting, 35.0%
Inpainting, 40.0%
Inpainting, 45.0%
Inpainting, 50.0%
Inpainting, 55.0%
Inpainting, 60.0%
Inpainting, 65.0%
Inpainting, 70.0%
Inpainting, 75.0%
Inpainting, 80.0%
Inpainting, 85.0%
Inpainting, 90.0%
Inpainting, 95.0%
Inpainting, 100.0%
[Nov25_2121] Sampling 5-8 / 20
Inpainting, 5.0%
Inpainting, 10.0%
Inpainting, 15.0%
Inpainting, 20.0%
Inpainting, 25.0%
Inpainting, 30.0%
Inpainting, 35.0%
Inpainting, 40.0%
Inpainting, 45.0%
Inpainting, 50.0%
Inpainting, 55.0%
Inpainting, 60.0%
Inpainting, 65.0%
Inpainting, 70.0%
Inpainting, 75.0%
Inpainting, 80.0%
Inpainting, 85.0%
Inpainting, 90.0%
Inpainting, 95.0%
Inpainting, 100.0%
[Nov25_2124] Sampling 9-12 / 20
Inpainting, 5.0%
Inpainting, 10.0%
Inpainting, 15.0%
Inpainting, 20.0%
Inpainting, 25.0%
Inpainting, 30.0%
Inpainting, 35.0%
Inpainting, 40.0%
Inpainting, 45.0%
Inpainting, 50.0%
Inpainting, 55.0%
Inpainting, 60.0%
Inpainting, 65.0%
Inpainting, 70.0%
Inpainting, 75.0%
Inpainting, 80.0%
Inpainting, 85.0%
Inpainting, 90.0%
Inpainting, 95.0%
Inpainting, 100.0%
[Nov25_2127] Sampling 13-16 / 20
Inpainting, 5.0%
Inpainting, 10.0%
Inpainting, 15.0%
Inpainting, 20.0%
Inpainting, 25.0%
Inpainting, 30.0%
Inpainting, 35.0%
Inpainting, 40.0%
Inpainting, 45.0%
Inpainting, 50.0%
Inpainting, 55.0%
Inpainting, 60.0%
Inpainting, 65.0%
Inpainting, 70.0%
Inpainting, 75.0%
Inpainting, 80.0%
Inpainting, 85.0%
Inpainting, 90.0%
Inpainting, 95.0%
Inpainting, 100.0%
[Nov25_2131] Sampling 17-20 / 20
Inpainting, 5.0%
Inpainting, 10.0%
Inpainting, 15.0%
Inpainting, 20.0%
Inpainting, 25.0%
Inpainting, 30.0%
Inpainting, 35.0%
Inpainting, 40.0%
Inpainting, 45.0%
Inpainting, 50.0%
Inpainting, 55.0%
Inpainting, 60.0%
Inpainting, 65.0%
Inpainting, 70.0%
Inpainting, 75.0%
Inpainting, 80.0%
Inpainting, 85.0%
Inpainting, 90.0%
Inpainting, 95.0%
Inpainting, 100.0%
Inpainting MSE (masked region): 1.704470
Inpainting MAE (masked region): 0.751388
[Plot] Saved inpainting results to output_new/extensive_inpainting_Nov25_1937_256_0.1/inpainting_results/inpainting_0.001_1e-06_20251125_213424.png
MSE Loss at 0.1% known data and lambda 1e-06: 1.704470

Testing inpainting with 0.1% known data and lambda 2e-06:
Starting inpainting with DPS, lambda=2e-06
[Nov25_2134] Sampling 1-4 / 20
Inpainting, 5.0%
Inpainting, 10.0%
Inpainting, 15.0%
Inpainting, 20.0%
Inpainting, 25.0%
Inpainting, 30.0%
Inpainting, 35.0%
Inpainting, 40.0%
Inpainting, 45.0%
Inpainting, 50.0%
Inpainting, 55.0%
Inpainting, 60.0%
Inpainting, 65.0%
Inpainting, 70.0%
Inpainting, 75.0%
Inpainting, 80.0%
Inpainting, 85.0%
Inpainting, 90.0%
Inpainting, 95.0%
Inpainting, 100.0%
[Nov25_2137] Sampling 5-8 / 20
Inpainting, 5.0%
Inpainting, 10.0%
Inpainting, 15.0%
Inpainting, 20.0%
Inpainting, 25.0%
Inpainting, 30.0%
Inpainting, 35.0%
Inpainting, 40.0%
Inpainting, 45.0%
Inpainting, 50.0%
Inpainting, 55.0%
Inpainting, 60.0%
Inpainting, 65.0%
Inpainting, 70.0%
Inpainting, 75.0%
Inpainting, 80.0%
Inpainting, 85.0%
Inpainting, 90.0%
Inpainting, 95.0%
Inpainting, 100.0%
[Nov25_2141] Sampling 9-12 / 20
Inpainting, 5.0%
Inpainting, 10.0%
Inpainting, 15.0%
Inpainting, 20.0%
Inpainting, 25.0%
Inpainting, 30.0%
Inpainting, 35.0%
Inpainting, 40.0%
Inpainting, 45.0%
Inpainting, 50.0%
Inpainting, 55.0%
Inpainting, 60.0%
Inpainting, 65.0%
Inpainting, 70.0%
Inpainting, 75.0%
Inpainting, 80.0%
Inpainting, 85.0%
Inpainting, 90.0%
Inpainting, 95.0%
Inpainting, 100.0%
[Nov25_2144] Sampling 13-16 / 20
Inpainting, 5.0%
Inpainting, 10.0%
Inpainting, 15.0%
Inpainting, 20.0%
Inpainting, 25.0%
Inpainting, 30.0%
Inpainting, 35.0%
Inpainting, 40.0%
Inpainting, 45.0%
Inpainting, 50.0%
Inpainting, 55.0%
Inpainting, 60.0%
Inpainting, 65.0%
Inpainting, 70.0%
Inpainting, 75.0%
Inpainting, 80.0%
Inpainting, 85.0%
Inpainting, 90.0%
Inpainting, 95.0%
Inpainting, 100.0%
[Nov25_2147] Sampling 17-20 / 20
Inpainting, 5.0%
Inpainting, 10.0%
Inpainting, 15.0%
Inpainting, 20.0%
Inpainting, 25.0%
Inpainting, 30.0%
Inpainting, 35.0%
Inpainting, 40.0%
Inpainting, 45.0%
Inpainting, 50.0%
Inpainting, 55.0%
Inpainting, 60.0%
Inpainting, 65.0%
Inpainting, 70.0%
Inpainting, 75.0%
Inpainting, 80.0%
Inpainting, 85.0%
Inpainting, 90.0%
Inpainting, 95.0%
Inpainting, 100.0%
Inpainting MSE (masked region): 1.861663
Inpainting MAE (masked region): 0.840717
[Plot] Saved inpainting results to output_new/extensive_inpainting_Nov25_1937_256_0.1/inpainting_results/inpainting_0.001_2e-06_20251125_215105.png
MSE Loss at 0.1% known data and lambda 2e-06: 1.861663

Testing inpainting with 0.1% known data and lambda 4.9999999999999996e-06:
Starting inpainting with DPS, lambda=4.9999999999999996e-06
[Nov25_2151] Sampling 1-4 / 20
Inpainting, 5.0%
Inpainting, 10.0%
Inpainting, 15.0%
Inpainting, 20.0%
Inpainting, 25.0%
Inpainting, 30.0%
Inpainting, 35.0%
Inpainting, 40.0%
Inpainting, 45.0%
Inpainting, 50.0%
Inpainting, 55.0%
Inpainting, 60.0%
Inpainting, 65.0%
Inpainting, 70.0%
Inpainting, 75.0%
Inpainting, 80.0%
Inpainting, 85.0%
Inpainting, 90.0%
Inpainting, 95.0%
Inpainting, 100.0%
[Nov25_2154] Sampling 5-8 / 20
Inpainting, 5.0%
Inpainting, 10.0%
Inpainting, 15.0%
Inpainting, 20.0%
Inpainting, 25.0%
Inpainting, 30.0%
Inpainting, 35.0%
Inpainting, 40.0%
Inpainting, 45.0%
Inpainting, 50.0%
Inpainting, 55.0%
Inpainting, 60.0%
Inpainting, 65.0%
Inpainting, 70.0%
Inpainting, 75.0%
Inpainting, 80.0%
Inpainting, 85.0%
Inpainting, 90.0%
Inpainting, 95.0%
Inpainting, 100.0%
[Nov25_2157] Sampling 9-12 / 20
Inpainting, 5.0%
Inpainting, 10.0%
Inpainting, 15.0%
Inpainting, 20.0%
Inpainting, 25.0%
Inpainting, 30.0%
Inpainting, 35.0%
Inpainting, 40.0%
Inpainting, 45.0%
Inpainting, 50.0%
Inpainting, 55.0%
Inpainting, 60.0%
Inpainting, 65.0%
Inpainting, 70.0%
Inpainting, 75.0%
Inpainting, 80.0%
Inpainting, 85.0%
Inpainting, 90.0%
Inpainting, 95.0%
Inpainting, 100.0%
[Nov25_2201] Sampling 13-16 / 20
Inpainting, 5.0%
Inpainting, 10.0%
Inpainting, 15.0%
Inpainting, 20.0%
Inpainting, 25.0%
Inpainting, 30.0%
Inpainting, 35.0%
Inpainting, 40.0%
Inpainting, 45.0%
Inpainting, 50.0%
Inpainting, 55.0%
Inpainting, 60.0%
Inpainting, 65.0%
Inpainting, 70.0%
Inpainting, 75.0%
Inpainting, 80.0%
Inpainting, 85.0%
Inpainting, 90.0%
Inpainting, 95.0%
Inpainting, 100.0%
[Nov25_2204] Sampling 17-20 / 20
Inpainting, 5.0%
Inpainting, 10.0%
Inpainting, 15.0%
Inpainting, 20.0%
Inpainting, 25.0%
Inpainting, 30.0%
Inpainting, 35.0%
Inpainting, 40.0%
Inpainting, 45.0%
Inpainting, 50.0%
Inpainting, 55.0%
Inpainting, 60.0%
Inpainting, 65.0%
Inpainting, 70.0%
Inpainting, 75.0%
Inpainting, 80.0%
Inpainting, 85.0%
Inpainting, 90.0%
Inpainting, 95.0%
Inpainting, 100.0%
Inpainting MSE (masked region): 1.708863
Inpainting MAE (masked region): 0.811892
[Plot] Saved inpainting results to output_new/extensive_inpainting_Nov25_1937_256_0.1/inpainting_results/inpainting_0.001_4.9999999999999996e-06_20251125_220747.png
MSE Loss at 0.1% known data and lambda 4.9999999999999996e-06: 1.708863

Testing inpainting with 0.1% known data and lambda 1e-05:
Starting inpainting with DPS, lambda=1e-05
[Nov25_2207] Sampling 1-4 / 20
Inpainting, 5.0%
Inpainting, 10.0%
Inpainting, 15.0%
Inpainting, 20.0%
Inpainting, 25.0%
Inpainting, 30.0%
Inpainting, 35.0%
Inpainting, 40.0%
Inpainting, 45.0%
Inpainting, 50.0%
Inpainting, 55.0%
Inpainting, 60.0%
Inpainting, 65.0%
Inpainting, 70.0%
Inpainting, 75.0%
Inpainting, 80.0%
Inpainting, 85.0%
Inpainting, 90.0%
Inpainting, 95.0%
Inpainting, 100.0%
[Nov25_2211] Sampling 5-8 / 20
Inpainting, 5.0%
Inpainting, 10.0%
Inpainting, 15.0%
Inpainting, 20.0%
Inpainting, 25.0%
Inpainting, 30.0%
Inpainting, 35.0%
Inpainting, 40.0%
Inpainting, 45.0%
Inpainting, 50.0%
Inpainting, 55.0%
Inpainting, 60.0%
Inpainting, 65.0%
Inpainting, 70.0%
Inpainting, 75.0%
Inpainting, 80.0%
Inpainting, 85.0%
Inpainting, 90.0%
Inpainting, 95.0%
Inpainting, 100.0%
[Nov25_2214] Sampling 9-12 / 20
Inpainting, 5.0%
Inpainting, 10.0%
Inpainting, 15.0%
Inpainting, 20.0%
Inpainting, 25.0%
Inpainting, 30.0%
Inpainting, 35.0%
Inpainting, 40.0%
Inpainting, 45.0%
Inpainting, 50.0%
Inpainting, 55.0%
Inpainting, 60.0%
Inpainting, 65.0%
Inpainting, 70.0%
Inpainting, 75.0%
Inpainting, 80.0%
Inpainting, 85.0%
Inpainting, 90.0%
Inpainting, 95.0%
Inpainting, 100.0%
[Nov25_2217] Sampling 13-16 / 20
Inpainting, 5.0%
Inpainting, 10.0%
Inpainting, 15.0%
Inpainting, 20.0%
Inpainting, 25.0%
Inpainting, 30.0%
Inpainting, 35.0%
Inpainting, 40.0%
Inpainting, 45.0%
Inpainting, 50.0%
Inpainting, 55.0%
Inpainting, 60.0%
Inpainting, 65.0%
Inpainting, 70.0%
Inpainting, 75.0%
Inpainting, 80.0%
Inpainting, 85.0%
Inpainting, 90.0%
Inpainting, 95.0%
Inpainting, 100.0%
[Nov25_2221] Sampling 17-20 / 20
Inpainting, 5.0%
Inpainting, 10.0%
Inpainting, 15.0%
Inpainting, 20.0%
Inpainting, 25.0%
Inpainting, 30.0%
Inpainting, 35.0%
Inpainting, 40.0%
Inpainting, 45.0%
Inpainting, 50.0%
Inpainting, 55.0%
Inpainting, 60.0%
Inpainting, 65.0%
Inpainting, 70.0%
Inpainting, 75.0%
Inpainting, 80.0%
Inpainting, 85.0%
Inpainting, 90.0%
Inpainting, 95.0%
Inpainting, 100.0%
Inpainting MSE (masked region): 1.754149
Inpainting MAE (masked region): 0.758484
[Plot] Saved inpainting results to output_new/extensive_inpainting_Nov25_1937_256_0.1/inpainting_results/inpainting_0.001_1e-05_20251125_222428.png
MSE Loss at 0.1% known data and lambda 1e-05: 1.754149

Testing inpainting with 0.1% known data and lambda 2e-05:
Starting inpainting with DPS, lambda=2e-05
[Nov25_2224] Sampling 1-4 / 20
Inpainting, 5.0%
Inpainting, 10.0%
Inpainting, 15.0%
Inpainting, 20.0%
Inpainting, 25.0%
Inpainting, 30.0%
Inpainting, 35.0%
Inpainting, 40.0%
Inpainting, 45.0%
Inpainting, 50.0%
Inpainting, 55.0%
Inpainting, 60.0%
Inpainting, 65.0%
Inpainting, 70.0%
Inpainting, 75.0%
Inpainting, 80.0%
Inpainting, 85.0%
Inpainting, 90.0%
Inpainting, 95.0%
Inpainting, 100.0%
[Nov25_2227] Sampling 5-8 / 20
Inpainting, 5.0%
Inpainting, 10.0%
Inpainting, 15.0%
Inpainting, 20.0%
Inpainting, 25.0%
Inpainting, 30.0%
Inpainting, 35.0%
Inpainting, 40.0%
Inpainting, 45.0%
Inpainting, 50.0%
Inpainting, 55.0%
Inpainting, 60.0%
Inpainting, 65.0%
Inpainting, 70.0%
Inpainting, 75.0%
Inpainting, 80.0%
Inpainting, 85.0%
Inpainting, 90.0%
Inpainting, 95.0%
Inpainting, 100.0%
[Nov25_2231] Sampling 9-12 / 20
Inpainting, 5.0%
Inpainting, 10.0%
Inpainting, 15.0%
Inpainting, 20.0%
Inpainting, 25.0%
Inpainting, 30.0%
Inpainting, 35.0%
Inpainting, 40.0%
Inpainting, 45.0%
Inpainting, 50.0%
Inpainting, 55.0%
Inpainting, 60.0%
Inpainting, 65.0%
Inpainting, 70.0%
Inpainting, 75.0%
Inpainting, 80.0%
Inpainting, 85.0%
Inpainting, 90.0%
Inpainting, 95.0%
Inpainting, 100.0%
[Nov25_2234] Sampling 13-16 / 20
Inpainting, 5.0%
Inpainting, 10.0%
Inpainting, 15.0%
Inpainting, 20.0%
Inpainting, 25.0%
Inpainting, 30.0%
Inpainting, 35.0%
Inpainting, 40.0%
Inpainting, 45.0%
Inpainting, 50.0%
Inpainting, 55.0%
Inpainting, 60.0%
Inpainting, 65.0%
Inpainting, 70.0%
Inpainting, 75.0%
Inpainting, 80.0%
Inpainting, 85.0%
Inpainting, 90.0%
Inpainting, 95.0%
Inpainting, 100.0%
[Nov25_2237] Sampling 17-20 / 20
Inpainting, 5.0%
Inpainting, 10.0%
Inpainting, 15.0%
Inpainting, 20.0%
Inpainting, 25.0%
Inpainting, 30.0%
Inpainting, 35.0%
Inpainting, 40.0%
Inpainting, 45.0%
Inpainting, 50.0%
Inpainting, 55.0%
Inpainting, 60.0%
Inpainting, 65.0%
Inpainting, 70.0%
Inpainting, 75.0%
Inpainting, 80.0%
Inpainting, 85.0%
Inpainting, 90.0%
Inpainting, 95.0%
Inpainting, 100.0%
Inpainting MSE (masked region): 1.468061
Inpainting MAE (masked region): 0.712038
[Plot] Saved inpainting results to output_new/extensive_inpainting_Nov25_1937_256_0.1/inpainting_results/inpainting_0.001_2e-05_20251125_224110.png
MSE Loss at 0.1% known data and lambda 2e-05: 1.468061

Testing inpainting with 0.1% known data and lambda 5e-05:
Starting inpainting with DPS, lambda=5e-05
[Nov25_2241] Sampling 1-4 / 20
Inpainting, 5.0%
Inpainting, 10.0%
Inpainting, 15.0%
Inpainting, 20.0%
Inpainting, 25.0%
Inpainting, 30.0%
Inpainting, 35.0%
Inpainting, 40.0%
Inpainting, 45.0%
Inpainting, 50.0%
Inpainting, 55.0%
Inpainting, 60.0%
Inpainting, 65.0%
Inpainting, 70.0%
Inpainting, 75.0%
Inpainting, 80.0%
Inpainting, 85.0%
Inpainting, 90.0%
Inpainting, 95.0%
Inpainting, 100.0%
[Nov25_2244] Sampling 5-8 / 20
Inpainting, 5.0%
Inpainting, 10.0%
Inpainting, 15.0%
Inpainting, 20.0%
Inpainting, 25.0%
Inpainting, 30.0%
Inpainting, 35.0%
Inpainting, 40.0%
Inpainting, 45.0%
Inpainting, 50.0%
Inpainting, 55.0%
Inpainting, 60.0%
Inpainting, 65.0%
Inpainting, 70.0%
Inpainting, 75.0%
Inpainting, 80.0%
Inpainting, 85.0%
Inpainting, 90.0%
Inpainting, 95.0%
Inpainting, 100.0%
[Nov25_2247] Sampling 9-12 / 20
Inpainting, 5.0%
Inpainting, 10.0%
Inpainting, 15.0%
Inpainting, 20.0%
Inpainting, 25.0%
Inpainting, 30.0%
Inpainting, 35.0%
Inpainting, 40.0%
Inpainting, 45.0%
Inpainting, 50.0%
Inpainting, 55.0%
Inpainting, 60.0%
Inpainting, 65.0%
Inpainting, 70.0%
Inpainting, 75.0%
Inpainting, 80.0%
Inpainting, 85.0%
Inpainting, 90.0%
Inpainting, 95.0%
Inpainting, 100.0%
[Nov25_2251] Sampling 13-16 / 20
Inpainting, 5.0%
Inpainting, 10.0%
Inpainting, 15.0%
Inpainting, 20.0%
Inpainting, 25.0%
Inpainting, 30.0%
Inpainting, 35.0%
Inpainting, 40.0%
Inpainting, 45.0%
Inpainting, 50.0%
Inpainting, 55.0%
Inpainting, 60.0%
Inpainting, 65.0%
Inpainting, 70.0%
Inpainting, 75.0%
Inpainting, 80.0%
Inpainting, 85.0%
Inpainting, 90.0%
Inpainting, 95.0%
Inpainting, 100.0%
[Nov25_2254] Sampling 17-20 / 20
Inpainting, 5.0%
Inpainting, 10.0%
Inpainting, 15.0%
Inpainting, 20.0%
Inpainting, 25.0%
Inpainting, 30.0%
Inpainting, 35.0%
Inpainting, 40.0%
Inpainting, 45.0%
Inpainting, 50.0%
Inpainting, 55.0%
Inpainting, 60.0%
Inpainting, 65.0%
Inpainting, 70.0%
Inpainting, 75.0%
Inpainting, 80.0%
Inpainting, 85.0%
Inpainting, 90.0%
Inpainting, 95.0%
Inpainting, 100.0%
Inpainting MSE (masked region): 1.776817
Inpainting MAE (masked region): 0.857685
[Plot] Saved inpainting results to output_new/extensive_inpainting_Nov25_1937_256_0.1/inpainting_results/inpainting_0.001_5e-05_20251125_225752.png
MSE Loss at 0.1% known data and lambda 5e-05: 1.776817

Testing inpainting with 0.1% known data and lambda 0.0001:
Starting inpainting with DPS, lambda=0.0001
[Nov25_2257] Sampling 1-4 / 20
Inpainting, 5.0%
Inpainting, 10.0%
Inpainting, 15.0%
Inpainting, 20.0%
Inpainting, 25.0%
Inpainting, 30.0%
Inpainting, 35.0%
Inpainting, 40.0%
Inpainting, 45.0%
Inpainting, 50.0%
Inpainting, 55.0%
Inpainting, 60.0%
Inpainting, 65.0%
Inpainting, 70.0%
Inpainting, 75.0%
Inpainting, 80.0%
Inpainting, 85.0%
Inpainting, 90.0%
Inpainting, 95.0%
Inpainting, 100.0%
[Nov25_2301] Sampling 5-8 / 20
Inpainting, 5.0%
Inpainting, 10.0%
Inpainting, 15.0%
Inpainting, 20.0%
Inpainting, 25.0%
Inpainting, 30.0%
Inpainting, 35.0%
Inpainting, 40.0%
Inpainting, 45.0%
Inpainting, 50.0%
Inpainting, 55.0%
Inpainting, 60.0%
Inpainting, 65.0%
Inpainting, 70.0%
Inpainting, 75.0%
Inpainting, 80.0%
Inpainting, 85.0%
Inpainting, 90.0%
Inpainting, 95.0%
Inpainting, 100.0%
[Nov25_2304] Sampling 9-12 / 20
Inpainting, 5.0%
Inpainting, 10.0%
Inpainting, 15.0%
Inpainting, 20.0%
Inpainting, 25.0%
Inpainting, 30.0%
Inpainting, 35.0%
Inpainting, 40.0%
Inpainting, 45.0%
Inpainting, 50.0%
Inpainting, 55.0%
Inpainting, 60.0%
Inpainting, 65.0%
Inpainting, 70.0%
Inpainting, 75.0%
Inpainting, 80.0%
Inpainting, 85.0%
Inpainting, 90.0%
Inpainting, 95.0%
Inpainting, 100.0%
[Nov25_2307] Sampling 13-16 / 20
Inpainting, 5.0%
Inpainting, 10.0%
Inpainting, 15.0%
Inpainting, 20.0%
Inpainting, 25.0%
Inpainting, 30.0%
Inpainting, 35.0%
Inpainting, 40.0%
Inpainting, 45.0%
Inpainting, 50.0%
Inpainting, 55.0%
Inpainting, 60.0%
Inpainting, 65.0%
Inpainting, 70.0%
Inpainting, 75.0%
Inpainting, 80.0%
Inpainting, 85.0%
Inpainting, 90.0%
Inpainting, 95.0%
Inpainting, 100.0%
[Nov25_2311] Sampling 17-20 / 20
Inpainting, 5.0%
Inpainting, 10.0%
Inpainting, 15.0%
Inpainting, 20.0%
Inpainting, 25.0%
Inpainting, 30.0%
Inpainting, 35.0%
Inpainting, 40.0%
Inpainting, 45.0%
Inpainting, 50.0%
Inpainting, 55.0%
Inpainting, 60.0%
Inpainting, 65.0%
Inpainting, 70.0%
Inpainting, 75.0%
Inpainting, 80.0%
Inpainting, 85.0%
Inpainting, 90.0%
Inpainting, 95.0%
Inpainting, 100.0%
Inpainting MSE (masked region): 1.227935
Inpainting MAE (masked region): 0.623651
[Plot] Saved inpainting results to output_new/extensive_inpainting_Nov25_1937_256_0.1/inpainting_results/inpainting_0.001_0.0001_20251125_231433.png
MSE Loss at 0.1% known data and lambda 0.0001: 1.227935

Testing inpainting with 0.1% known data and lambda 0.0002:
Starting inpainting with DPS, lambda=0.0002
[Nov25_2314] Sampling 1-4 / 20
Inpainting, 5.0%
Inpainting, 10.0%
Inpainting, 15.0%
Inpainting, 20.0%
Inpainting, 25.0%
Inpainting, 30.0%
Inpainting, 35.0%
Inpainting, 40.0%
Inpainting, 45.0%
Inpainting, 50.0%
Inpainting, 55.0%
Inpainting, 60.0%
Inpainting, 65.0%
Inpainting, 70.0%
Inpainting, 75.0%
Inpainting, 80.0%
Inpainting, 85.0%
Inpainting, 90.0%
Inpainting, 95.0%
Inpainting, 100.0%
[Nov25_2317] Sampling 5-8 / 20
Inpainting, 5.0%
Inpainting, 10.0%
Inpainting, 15.0%
Inpainting, 20.0%
Inpainting, 25.0%
Inpainting, 30.0%
Inpainting, 35.0%
Inpainting, 40.0%
Inpainting, 45.0%
Inpainting, 50.0%
Inpainting, 55.0%
Inpainting, 60.0%
Inpainting, 65.0%
Inpainting, 70.0%
Inpainting, 75.0%
Inpainting, 80.0%
Inpainting, 85.0%
Inpainting, 90.0%
Inpainting, 95.0%
Inpainting, 100.0%
[Nov25_2321] Sampling 9-12 / 20
Inpainting, 5.0%
Inpainting, 10.0%
Inpainting, 15.0%
Inpainting, 20.0%
Inpainting, 25.0%
Inpainting, 30.0%
Inpainting, 35.0%
Inpainting, 40.0%
Inpainting, 45.0%
Inpainting, 50.0%
Inpainting, 55.0%
Inpainting, 60.0%
Inpainting, 65.0%
Inpainting, 70.0%
Inpainting, 75.0%
Inpainting, 80.0%
Inpainting, 85.0%
Inpainting, 90.0%
Inpainting, 95.0%
Inpainting, 100.0%
[Nov25_2324] Sampling 13-16 / 20
Inpainting, 5.0%
Inpainting, 10.0%
Inpainting, 15.0%
Inpainting, 20.0%
Inpainting, 25.0%
Inpainting, 30.0%
Inpainting, 35.0%
Inpainting, 40.0%
Inpainting, 45.0%
Inpainting, 50.0%
Inpainting, 55.0%
Inpainting, 60.0%
Inpainting, 65.0%
Inpainting, 70.0%
Inpainting, 75.0%
Inpainting, 80.0%
Inpainting, 85.0%
Inpainting, 90.0%
Inpainting, 95.0%
Inpainting, 100.0%
[Nov25_2327] Sampling 17-20 / 20
Inpainting, 5.0%
Inpainting, 10.0%
Inpainting, 15.0%
Inpainting, 20.0%
Inpainting, 25.0%
Inpainting, 30.0%
Inpainting, 35.0%
Inpainting, 40.0%
Inpainting, 45.0%
Inpainting, 50.0%
Inpainting, 55.0%
Inpainting, 60.0%
Inpainting, 65.0%
Inpainting, 70.0%
Inpainting, 75.0%
Inpainting, 80.0%
Inpainting, 85.0%
Inpainting, 90.0%
Inpainting, 95.0%
Inpainting, 100.0%
Inpainting MSE (masked region): 1.155043
Inpainting MAE (masked region): 0.635550
[Plot] Saved inpainting results to output_new/extensive_inpainting_Nov25_1937_256_0.1/inpainting_results/inpainting_0.001_0.0002_20251125_233114.png
MSE Loss at 0.1% known data and lambda 0.0002: 1.155043

Testing inpainting with 0.1% known data and lambda 0.0005:
Starting inpainting with DPS, lambda=0.0005
[Nov25_2331] Sampling 1-4 / 20
Inpainting, 5.0%
Inpainting, 10.0%
Inpainting, 15.0%
Inpainting, 20.0%
Inpainting, 25.0%
Inpainting, 30.0%
Inpainting, 35.0%
Inpainting, 40.0%
Inpainting, 45.0%
Inpainting, 50.0%
Inpainting, 55.0%
Inpainting, 60.0%
Inpainting, 65.0%
Inpainting, 70.0%
Inpainting, 75.0%
Inpainting, 80.0%
Inpainting, 85.0%
Inpainting, 90.0%
Inpainting, 95.0%
Inpainting, 100.0%
[Nov25_2334] Sampling 5-8 / 20
Inpainting, 5.0%
Inpainting, 10.0%
Inpainting, 15.0%
Inpainting, 20.0%
Inpainting, 25.0%
Inpainting, 30.0%
Inpainting, 35.0%
Inpainting, 40.0%
Inpainting, 45.0%
Inpainting, 50.0%
Inpainting, 55.0%
Inpainting, 60.0%
Inpainting, 65.0%
Inpainting, 70.0%
Inpainting, 75.0%
Inpainting, 80.0%
Inpainting, 85.0%
Inpainting, 90.0%
Inpainting, 95.0%
Inpainting, 100.0%
[Nov25_2337] Sampling 9-12 / 20
Inpainting, 5.0%
Inpainting, 10.0%
Inpainting, 15.0%
Inpainting, 20.0%
Inpainting, 25.0%
Inpainting, 30.0%
Inpainting, 35.0%
Inpainting, 40.0%
Inpainting, 45.0%
Inpainting, 50.0%
Inpainting, 55.0%
Inpainting, 60.0%
Inpainting, 65.0%
Inpainting, 70.0%
Inpainting, 75.0%
Inpainting, 80.0%
Inpainting, 85.0%
Inpainting, 90.0%
Inpainting, 95.0%
Inpainting, 100.0%
[Nov25_2341] Sampling 13-16 / 20
Inpainting, 5.0%
Inpainting, 10.0%
Inpainting, 15.0%
Inpainting, 20.0%
Inpainting, 25.0%
Inpainting, 30.0%
Inpainting, 35.0%
Inpainting, 40.0%
Inpainting, 45.0%
Inpainting, 50.0%
Inpainting, 55.0%
Inpainting, 60.0%
Inpainting, 65.0%
Inpainting, 70.0%
Inpainting, 75.0%
Inpainting, 80.0%
Inpainting, 85.0%
Inpainting, 90.0%
Inpainting, 95.0%
Inpainting, 100.0%
[Nov25_2344] Sampling 17-20 / 20
Inpainting, 5.0%
Inpainting, 10.0%
Inpainting, 15.0%
Inpainting, 20.0%
Inpainting, 25.0%
Inpainting, 30.0%
Inpainting, 35.0%
Inpainting, 40.0%
Inpainting, 45.0%
Inpainting, 50.0%
Inpainting, 55.0%
Inpainting, 60.0%
Inpainting, 65.0%
Inpainting, 70.0%
Inpainting, 75.0%
Inpainting, 80.0%
Inpainting, 85.0%
Inpainting, 90.0%
Inpainting, 95.0%
Inpainting, 100.0%
Inpainting MSE (masked region): 1.078183
Inpainting MAE (masked region): 0.609222
[Plot] Saved inpainting results to output_new/extensive_inpainting_Nov25_1937_256_0.1/inpainting_results/inpainting_0.001_0.0005_20251125_234755.png
MSE Loss at 0.1% known data and lambda 0.0005: 1.078183
[Plot] Saved MSE curve plot to output_new/extensive_inpainting_Nov25_1937_256_0.1/inpainting_results/inpainting_mse_curve.png
[Plot] Saved MSE heatmap to output_new/extensive_inpainting_Nov25_1937_256_0.1/inpainting_results/inpainting_mse_heatmap.png

Saved MSE matrix to inpainting_mse_results.csv
Run directory renamed: output_new/0.04342_extensive_inpainting_Nov25_1937_256_0.1
Run complete. Results stored in output_new/0.04342_extensive_inpainting_Nov25_1937_256_0.1
