Torch version: 2.5.1
CUDA available: True
CUDA device count: 4
CUDA device name: NVIDIA H100 80GB HBM3
Output path set to: output_new/normal_Nov05_1600_256_0.1

[Cache] Loaded dataset from cache/precip_dataset_2001-2002_256_8760_10%.pkl

[Prepare Run] No model file provided, initialized new, random model.
[Nov05_1600] Starting epoch 1/150...
Epoch 1/150 - avg_loss: 0.099926
[Nov05_1603] Starting epoch 2/150...
Epoch 2/150 - avg_loss: 0.068890
[Nov05_1606] Starting epoch 3/150...
Epoch 3/150 - avg_loss: 0.063735
[Nov05_1609] Starting epoch 4/150...
Epoch 4/150 - avg_loss: 0.061577
[Nov05_1611] Starting epoch 5/150...
Epoch 5/150 - avg_loss: 0.061259
[Nov05_1614] Starting epoch 6/150...
Epoch 6/150 - avg_loss: 0.057864
[Nov05_1617] Starting epoch 7/150...
Epoch 7/150 - avg_loss: 0.058900
[Nov05_1620] Starting epoch 8/150...
Epoch 8/150 - avg_loss: 0.056989
[Nov05_1622] Starting epoch 9/150...
Epoch 9/150 - avg_loss: 0.055112
[Nov05_1625] Starting epoch 10/150...
Epoch 10/150 - avg_loss: 0.056029
[Nov05_1628] Sampling 1-16 / 16
[Plot] Saved output_new/normal_Nov05_1600_256_0.1/samples/plot1.png
[Plot] Saved histogram comparison to output_new/normal_Nov05_1600_256_0.1/histograms/hist_normal_1.png
[Plot] Saved histogram comparison to output_new/normal_Nov05_1600_256_0.1/histograms/hist_log_1.png
[Nov05_1630] Starting epoch 11/150...
Epoch 11/150 - avg_loss: 0.054767
[Nov05_1633] Starting epoch 12/150...
Epoch 12/150 - avg_loss: 0.054155
[Nov05_1636] Starting epoch 13/150...
Epoch 13/150 - avg_loss: 0.055271
[Nov05_1638] Starting epoch 14/150...
Epoch 14/150 - avg_loss: 0.053960
[Nov05_1641] Starting epoch 15/150...
Epoch 15/150 - avg_loss: 0.053671
[Nov05_1644] Starting epoch 16/150...
Epoch 16/150 - avg_loss: 0.053581
[Nov05_1647] Starting epoch 17/150...
Epoch 17/150 - avg_loss: 0.054346
[Nov05_1650] Starting epoch 18/150...
Epoch 18/150 - avg_loss: 0.053927
[Nov05_1653] Starting epoch 19/150...
Epoch 19/150 - avg_loss: 0.052807
[Nov05_1656] Starting epoch 20/150...
Epoch 20/150 - avg_loss: 0.051650
[Nov05_1658] Sampling 1-16 / 16
[Plot] Saved output_new/normal_Nov05_1600_256_0.1/samples/plot2.png
[Plot] Saved histogram comparison to output_new/normal_Nov05_1600_256_0.1/histograms/hist_normal_1.png
[Plot] Saved histogram comparison to output_new/normal_Nov05_1600_256_0.1/histograms/hist_log_1.png
[Nov05_1701] Starting epoch 21/150...
Epoch 21/150 - avg_loss: 0.053189
[Nov05_1703] Starting epoch 22/150...
Epoch 22/150 - avg_loss: 0.052827
[Nov05_1706] Starting epoch 23/150...
Epoch 23/150 - avg_loss: 0.052652
[Nov05_1709] Starting epoch 24/150...
Epoch 24/150 - avg_loss: 0.051088
[Nov05_1712] Starting epoch 25/150...
Epoch 25/150 - avg_loss: 0.051690
[Nov05_1715] Starting epoch 26/150...
Epoch 26/150 - avg_loss: 0.052240
[Nov05_1717] Starting epoch 27/150...
Epoch 27/150 - avg_loss: 0.050714
[Nov05_1720] Starting epoch 28/150...
Epoch 28/150 - avg_loss: 0.050867
[Nov05_1723] Starting epoch 29/150...
Epoch 29/150 - avg_loss: 0.051196
[Nov05_1726] Starting epoch 30/150...
Epoch 30/150 - avg_loss: 0.052576
[Nov05_1729] Sampling 1-16 / 16
[Plot] Saved output_new/normal_Nov05_1600_256_0.1/samples/plot3.png
[Plot] Saved histogram comparison to output_new/normal_Nov05_1600_256_0.1/histograms/hist_normal_1.png
[Plot] Saved histogram comparison to output_new/normal_Nov05_1600_256_0.1/histograms/hist_log_1.png
[Nov05_1731] Starting epoch 31/150...
Epoch 31/150 - avg_loss: 0.052360
[Nov05_1734] Starting epoch 32/150...
Epoch 32/150 - avg_loss: 0.053010
[Nov05_1737] Starting epoch 33/150...
Epoch 33/150 - avg_loss: 0.051594
[Nov05_1740] Starting epoch 34/150...
Epoch 34/150 - avg_loss: 0.052016
[Nov05_1742] Starting epoch 35/150...
Epoch 35/150 - avg_loss: 0.049976
[Nov05_1745] Starting epoch 36/150...
Epoch 36/150 - avg_loss: 0.049973
[Nov05_1748] Starting epoch 37/150...
Epoch 37/150 - avg_loss: 0.051007
[Nov05_1751] Starting epoch 38/150...
Epoch 38/150 - avg_loss: 0.051799
[Nov05_1754] Starting epoch 39/150...
Epoch 39/150 - avg_loss: 0.051087
[Nov05_1757] Starting epoch 40/150...
Epoch 40/150 - avg_loss: 0.051941
[Nov05_1800] Sampling 1-16 / 16
[Plot] Saved output_new/normal_Nov05_1600_256_0.1/samples/plot4.png
[Plot] Saved histogram comparison to output_new/normal_Nov05_1600_256_0.1/histograms/hist_normal_1.png
[Plot] Saved histogram comparison to output_new/normal_Nov05_1600_256_0.1/histograms/hist_log_1.png
[Nov05_1802] Starting epoch 41/150...
Epoch 41/150 - avg_loss: 0.052153
[Nov05_1805] Starting epoch 42/150...
Epoch 42/150 - avg_loss: 0.049811
[Nov05_1808] Starting epoch 43/150...
Epoch 43/150 - avg_loss: 0.050472
[Nov05_1811] Starting epoch 44/150...
Epoch 44/150 - avg_loss: 0.052099
[Nov05_1814] Starting epoch 45/150...
Epoch 45/150 - avg_loss: 0.050885
[Nov05_1816] Starting epoch 46/150...
Epoch 46/150 - avg_loss: 0.049359
[Nov05_1819] Starting epoch 47/150...
Epoch 47/150 - avg_loss: 0.050240
[Nov05_1822] Starting epoch 48/150...
Epoch 48/150 - avg_loss: 0.050644
[Nov05_1825] Starting epoch 49/150...
Epoch 49/150 - avg_loss: 0.050528
[Nov05_1828] Starting epoch 50/150...
Epoch 50/150 - avg_loss: 0.051455
[Nov05_1830] Sampling 1-16 / 16
[Plot] Saved output_new/normal_Nov05_1600_256_0.1/samples/plot5.png
[Plot] Saved histogram comparison to output_new/normal_Nov05_1600_256_0.1/histograms/hist_normal_1.png
[Plot] Saved histogram comparison to output_new/normal_Nov05_1600_256_0.1/histograms/hist_log_1.png
[Nov05_1833] Starting epoch 51/150...
Epoch 51/150 - avg_loss: 0.049787
[Nov05_1836] Starting epoch 52/150...
Epoch 52/150 - avg_loss: 0.049272
[Nov05_1838] Starting epoch 53/150...
Epoch 53/150 - avg_loss: 0.050922
[Nov05_1841] Starting epoch 54/150...
Epoch 54/150 - avg_loss: 0.049863
[Nov05_1844] Starting epoch 55/150...
Epoch 55/150 - avg_loss: 0.048048
[Nov05_1847] Starting epoch 56/150...
Epoch 56/150 - avg_loss: 0.050077
[Nov05_1850] Starting epoch 57/150...
Epoch 57/150 - avg_loss: 0.050518
[Nov05_1853] Starting epoch 58/150...
Epoch 58/150 - avg_loss: 0.049492
[Nov05_1855] Starting epoch 59/150...
Epoch 59/150 - avg_loss: 0.049757
[Nov05_1858] Starting epoch 60/150...
Epoch 60/150 - avg_loss: 0.049446
[Nov05_1901] Sampling 1-16 / 16
[Plot] Saved output_new/normal_Nov05_1600_256_0.1/samples/plot6.png
[Plot] Saved histogram comparison to output_new/normal_Nov05_1600_256_0.1/histograms/hist_normal_1.png
[Plot] Saved histogram comparison to output_new/normal_Nov05_1600_256_0.1/histograms/hist_log_1.png
[Nov05_1903] Starting epoch 61/150...
Epoch 61/150 - avg_loss: 0.049478
[Nov05_1906] Starting epoch 62/150...
Epoch 62/150 - avg_loss: 0.048507
[Nov05_1909] Starting epoch 63/150...
Epoch 63/150 - avg_loss: 0.049339
[Nov05_1912] Starting epoch 64/150...
Epoch 64/150 - avg_loss: 0.050148
[Nov05_1915] Starting epoch 65/150...
Epoch 65/150 - avg_loss: 0.049094
[Nov05_1918] Starting epoch 66/150...
Epoch 66/150 - avg_loss: 0.049464
[Nov05_1920] Starting epoch 67/150...
Epoch 67/150 - avg_loss: 0.046687
[Nov05_1923] Starting epoch 68/150...
Epoch 68/150 - avg_loss: 0.048721
[Nov05_1926] Starting epoch 69/150...
Epoch 69/150 - avg_loss: 0.049053
[Nov05_1929] Starting epoch 70/150...
Epoch 70/150 - avg_loss: 0.048721
[Nov05_1932] Sampling 1-16 / 16
[Plot] Saved output_new/normal_Nov05_1600_256_0.1/samples/plot7.png
[Plot] Saved histogram comparison to output_new/normal_Nov05_1600_256_0.1/histograms/hist_normal_1.png
[Plot] Saved histogram comparison to output_new/normal_Nov05_1600_256_0.1/histograms/hist_log_1.png
[Nov05_1934] Starting epoch 71/150...
Epoch 71/150 - avg_loss: 0.048683
[Nov05_1937] Starting epoch 72/150...
Epoch 72/150 - avg_loss: 0.048116
[Nov05_1939] Starting epoch 73/150...
Epoch 73/150 - avg_loss: 0.049868
[Nov05_1942] Starting epoch 74/150...
Epoch 74/150 - avg_loss: 0.048940
[Nov05_1945] Starting epoch 75/150...
Epoch 75/150 - avg_loss: 0.050034
[Nov05_1948] Starting epoch 76/150...
Epoch 76/150 - avg_loss: 0.048971
[Nov05_1951] Starting epoch 77/150...
Epoch 77/150 - avg_loss: 0.048670
[Nov05_1954] Starting epoch 78/150...
Epoch 78/150 - avg_loss: 0.048990
[Nov05_1957] Starting epoch 79/150...
Epoch 79/150 - avg_loss: 0.048868
[Nov05_1959] Starting epoch 80/150...
Epoch 80/150 - avg_loss: 0.047978
[Nov05_2002] Sampling 1-16 / 16
[Plot] Saved output_new/normal_Nov05_1600_256_0.1/samples/plot8.png
[Plot] Saved histogram comparison to output_new/normal_Nov05_1600_256_0.1/histograms/hist_normal_1.png
[Plot] Saved histogram comparison to output_new/normal_Nov05_1600_256_0.1/histograms/hist_log_1.png
[Nov05_2005] Starting epoch 81/150...
Epoch 81/150 - avg_loss: 0.049330
[Nov05_2007] Starting epoch 82/150...
Epoch 82/150 - avg_loss: 0.047767
[Nov05_2010] Starting epoch 83/150...
Epoch 83/150 - avg_loss: 0.048417
[Nov05_2013] Starting epoch 84/150...
Epoch 84/150 - avg_loss: 0.047520
[Nov05_2016] Starting epoch 85/150...
Epoch 85/150 - avg_loss: 0.048849
[Nov05_2019] Starting epoch 86/150...
Epoch 86/150 - avg_loss: 0.047784
[Nov05_2021] Starting epoch 87/150...
Epoch 87/150 - avg_loss: 0.049200
[Nov05_2024] Starting epoch 88/150...
Epoch 88/150 - avg_loss: 0.047371
[Nov05_2027] Starting epoch 89/150...
Epoch 89/150 - avg_loss: 0.047682
[Nov05_2030] Starting epoch 90/150...
Epoch 90/150 - avg_loss: 0.047657
[Nov05_2033] Sampling 1-16 / 16
[Plot] Saved output_new/normal_Nov05_1600_256_0.1/samples/plot9.png
[Plot] Saved histogram comparison to output_new/normal_Nov05_1600_256_0.1/histograms/hist_normal_1.png
[Plot] Saved histogram comparison to output_new/normal_Nov05_1600_256_0.1/histograms/hist_log_1.png
[Nov05_2035] Starting epoch 91/150...
Epoch 91/150 - avg_loss: 0.048571
[Nov05_2038] Starting epoch 92/150...
Epoch 92/150 - avg_loss: 0.048099
[Nov05_2041] Starting epoch 93/150...
Epoch 93/150 - avg_loss: 0.046906
[Nov05_2044] Starting epoch 94/150...
Epoch 94/150 - avg_loss: 0.047506
[Nov05_2047] Starting epoch 95/150...
Epoch 95/150 - avg_loss: 0.046317
[Nov05_2049] Starting epoch 96/150...
Epoch 96/150 - avg_loss: 0.047816
[Nov05_2052] Starting epoch 97/150...
Epoch 97/150 - avg_loss: 0.048135
[Nov05_2055] Starting epoch 98/150...
Epoch 98/150 - avg_loss: 0.046926
[Nov05_2058] Starting epoch 99/150...
Epoch 99/150 - avg_loss: 0.047514
[Nov05_2101] Starting epoch 100/150...
Epoch 100/150 - avg_loss: 0.045847
[Nov05_2104] Sampling 1-16 / 16
[Plot] Saved output_new/normal_Nov05_1600_256_0.1/samples/plot10.png
[Plot] Saved histogram comparison to output_new/normal_Nov05_1600_256_0.1/histograms/hist_normal_1.png
[Plot] Saved histogram comparison to output_new/normal_Nov05_1600_256_0.1/histograms/hist_log_1.png
[Nov05_2106] Starting epoch 101/150...
Epoch 101/150 - avg_loss: 0.047245
[Nov05_2109] Starting epoch 102/150...
Epoch 102/150 - avg_loss: 0.047566
[Nov05_2112] Starting epoch 103/150...
Epoch 103/150 - avg_loss: 0.048722
[Nov05_2114] Starting epoch 104/150...
Epoch 104/150 - avg_loss: 0.046942
[Nov05_2117] Starting epoch 105/150...
Epoch 105/150 - avg_loss: 0.047750
[Nov05_2120] Starting epoch 106/150...
Epoch 106/150 - avg_loss: 0.047340
[Nov05_2123] Starting epoch 107/150...
Epoch 107/150 - avg_loss: 0.047082
[Nov05_2126] Starting epoch 108/150...
Epoch 108/150 - avg_loss: 0.047584
[Nov05_2129] Starting epoch 109/150...
Epoch 109/150 - avg_loss: 0.047617
[Nov05_2131] Starting epoch 110/150...
Epoch 110/150 - avg_loss: 0.047794
[Nov05_2134] Sampling 1-16 / 16
[Plot] Saved output_new/normal_Nov05_1600_256_0.1/samples/plot11.png
[Plot] Saved histogram comparison to output_new/normal_Nov05_1600_256_0.1/histograms/hist_normal_1.png
[Plot] Saved histogram comparison to output_new/normal_Nov05_1600_256_0.1/histograms/hist_log_1.png
[Nov05_2137] Starting epoch 111/150...
Epoch 111/150 - avg_loss: 0.048208
[Nov05_2139] Starting epoch 112/150...
Epoch 112/150 - avg_loss: 0.047181
[Nov05_2142] Starting epoch 113/150...
Epoch 113/150 - avg_loss: 0.046212
[Nov05_2145] Starting epoch 114/150...
Epoch 114/150 - avg_loss: 0.045919
[Nov05_2148] Starting epoch 115/150...
Epoch 115/150 - avg_loss: 0.046641
[Nov05_2151] Starting epoch 116/150...
Epoch 116/150 - avg_loss: 0.047243
[Nov05_2154] Starting epoch 117/150...
Epoch 117/150 - avg_loss: 0.046508
[Nov05_2157] Starting epoch 118/150...
Epoch 118/150 - avg_loss: 0.047287
[Nov05_2159] Starting epoch 119/150...
Epoch 119/150 - avg_loss: 0.046849
[Nov05_2202] Starting epoch 120/150...
Epoch 120/150 - avg_loss: 0.046783
[Nov05_2205] Sampling 1-16 / 16
[Plot] Saved output_new/normal_Nov05_1600_256_0.1/samples/plot12.png
[Plot] Saved histogram comparison to output_new/normal_Nov05_1600_256_0.1/histograms/hist_normal_1.png
[Plot] Saved histogram comparison to output_new/normal_Nov05_1600_256_0.1/histograms/hist_log_1.png
[Nov05_2207] Starting epoch 121/150...
Epoch 121/150 - avg_loss: 0.046511
[Nov05_2210] Starting epoch 122/150...
Epoch 122/150 - avg_loss: 0.045298
[Nov05_2213] Starting epoch 123/150...
Epoch 123/150 - avg_loss: 0.046782
[Nov05_2216] Starting epoch 124/150...
Epoch 124/150 - avg_loss: 0.046213
[Nov05_2219] Starting epoch 125/150...
Epoch 125/150 - avg_loss: 0.046137
[Nov05_2222] Starting epoch 126/150...
Epoch 126/150 - avg_loss: 0.046332
[Nov05_2224] Starting epoch 127/150...
Epoch 127/150 - avg_loss: 0.047682
[Nov05_2227] Starting epoch 128/150...
Epoch 128/150 - avg_loss: 0.045926
[Nov05_2230] Starting epoch 129/150...
Epoch 129/150 - avg_loss: 0.047404
[Nov05_2233] Starting epoch 130/150...
Epoch 130/150 - avg_loss: 0.046169
[Nov05_2236] Sampling 1-16 / 16
[Plot] Saved output_new/normal_Nov05_1600_256_0.1/samples/plot13.png
[Plot] Saved histogram comparison to output_new/normal_Nov05_1600_256_0.1/histograms/hist_normal_1.png
[Plot] Saved histogram comparison to output_new/normal_Nov05_1600_256_0.1/histograms/hist_log_1.png
[Nov05_2238] Starting epoch 131/150...
Epoch 131/150 - avg_loss: 0.046085
[Nov05_2241] Starting epoch 132/150...
Epoch 132/150 - avg_loss: 0.045254
[Nov05_2244] Starting epoch 133/150...
Epoch 133/150 - avg_loss: 0.046093
[Nov05_2247] Starting epoch 134/150...
Epoch 134/150 - avg_loss: 0.046644
[Nov05_2249] Starting epoch 135/150...
Epoch 135/150 - avg_loss: 0.046525
[Nov05_2252] Starting epoch 136/150...
Epoch 136/150 - avg_loss: 0.047354
[Nov05_2255] Starting epoch 137/150...
Epoch 137/150 - avg_loss: 0.045985
[Nov05_2258] Starting epoch 138/150...
Epoch 138/150 - avg_loss: 0.047209
[Nov05_2301] Starting epoch 139/150...
Epoch 139/150 - avg_loss: 0.047664
[Nov05_2304] Starting epoch 140/150...
Epoch 140/150 - avg_loss: 0.045844
[Nov05_2306] Sampling 1-16 / 16
[Plot] Saved output_new/normal_Nov05_1600_256_0.1/samples/plot14.png
[Plot] Saved histogram comparison to output_new/normal_Nov05_1600_256_0.1/histograms/hist_normal_1.png
[Plot] Saved histogram comparison to output_new/normal_Nov05_1600_256_0.1/histograms/hist_log_1.png
[Nov05_2309] Starting epoch 141/150...
Epoch 141/150 - avg_loss: 0.046091
[Nov05_2311] Starting epoch 142/150...
Epoch 142/150 - avg_loss: 0.047186
[Nov05_2314] Starting epoch 143/150...
Epoch 143/150 - avg_loss: 0.046923
[Nov05_2317] Starting epoch 144/150...
Epoch 144/150 - avg_loss: 0.045689
[Nov05_2320] Starting epoch 145/150...
Epoch 145/150 - avg_loss: 0.045999
[Nov05_2323] Starting epoch 146/150...
Epoch 146/150 - avg_loss: 0.044932
[Nov05_2326] Starting epoch 147/150...
Epoch 147/150 - avg_loss: 0.046150
[Nov05_2328] Starting epoch 148/150...
Epoch 148/150 - avg_loss: 0.047749
[Nov05_2331] Starting epoch 149/150...
Epoch 149/150 - avg_loss: 0.045322
[Nov05_2334] Starting epoch 150/150...
Epoch 150/150 - avg_loss: 0.045791
[Nov05_2337] Sampling 1-16 / 128
[Nov05_2338] Sampling 17-32 / 128
[Nov05_2339] Sampling 33-48 / 128
[Nov05_2341] Sampling 49-64 / 128
[Nov05_2342] Sampling 65-80 / 128
[Nov05_2343] Sampling 81-96 / 128
[Nov05_2344] Sampling 97-112 / 128
[Nov05_2346] Sampling 113-128 / 128
[Plot] Saved output_new/normal_Nov05_1600_256_0.1/samples/plot15.png
[Plot] Saved histogram comparison to output_new/normal_Nov05_1600_256_0.1/histograms/hist_normal_1.png
[Plot] Saved histogram comparison to output_new/normal_Nov05_1600_256_0.1/histograms/hist_log_1.png
0.04493194893724699
Run directory renamed: output_new/0.04493_normal_Nov05_1600_256_0.1
Run complete. Results stored in output_new/0.04493_normal_Nov05_1600_256_0.1
