Torch version: 2.5.1
CUDA available: True
CUDA device count: 3
CUDA device name: NVIDIA H100 80GB HBM3

[Cache] Loaded dataset from cache/precip_dataset_2001-2002_256_8760_10%.pkl

Output path set to: output_new/normal_Nov06_0032_256_0.1
[Prepare Run] No model file provided, initialized new, random model.
[Nov06_0032] Starting epoch 1/150...
Epoch 1/150 - train_loss: 0.094064 - val_loss: 0.078007
[Nov06_0036] Starting epoch 2/150...
Epoch 2/150 - train_loss: 0.069978 - val_loss: 0.074277
[Nov06_0040] Starting epoch 3/150...
Epoch 3/150 - train_loss: 0.065818 - val_loss: 0.055062
[Nov06_0044] Starting epoch 4/150...
Epoch 4/150 - train_loss: 0.061487 - val_loss: 0.061584
[Nov06_0048] Starting epoch 5/150...
Epoch 5/150 - train_loss: 0.060485 - val_loss: 0.056164
[Nov06_0051] Starting epoch 6/150...
Epoch 6/150 - train_loss: 0.057982 - val_loss: 0.059092
[Nov06_0055] Starting epoch 7/150...
Epoch 7/150 - train_loss: 0.059900 - val_loss: 0.056012
[Nov06_0059] Starting epoch 8/150...
Epoch 8/150 - train_loss: 0.057688 - val_loss: 0.058769
[Nov06_0103] Starting epoch 9/150...
Epoch 9/150 - train_loss: 0.057700 - val_loss: 0.055656
[Nov06_0107] Starting epoch 10/150...
Epoch 10/150 - train_loss: 0.057443 - val_loss: 0.052658
[Nov06_0111] Sampling 1-16 / 16
[Plot] Saved output_new/normal_Nov06_0032_256_0.1/samples/plot1.png
[Plot] Saved histogram comparison to output_new/normal_Nov06_0032_256_0.1/histograms/hist_normal_1.png
[Plot] Saved histogram comparison to output_new/normal_Nov06_0032_256_0.1/histograms/hist_log_1.png
[Nov06_0114] Starting epoch 11/150...
Epoch 11/150 - train_loss: 0.056474 - val_loss: 0.055949
[Nov06_0118] Starting epoch 12/150...
Epoch 12/150 - train_loss: 0.056306 - val_loss: 0.054290
[Nov06_0122] Starting epoch 13/150...
Epoch 13/150 - train_loss: 0.054136 - val_loss: 0.056035
[Nov06_0126] Starting epoch 14/150...
Epoch 14/150 - train_loss: 0.055542 - val_loss: 0.062778
[Nov06_0130] Starting epoch 15/150...
Epoch 15/150 - train_loss: 0.054505 - val_loss: 0.055173
[Nov06_0134] Starting epoch 16/150...
Epoch 16/150 - train_loss: 0.055122 - val_loss: 0.052610
[Nov06_0137] Starting epoch 17/150...
Epoch 17/150 - train_loss: 0.052085 - val_loss: 0.055350
[Nov06_0141] Starting epoch 18/150...
Epoch 18/150 - train_loss: 0.053562 - val_loss: 0.054693
[Nov06_0145] Starting epoch 19/150...
Epoch 19/150 - train_loss: 0.054409 - val_loss: 0.056109
[Nov06_0149] Starting epoch 20/150...
Epoch 20/150 - train_loss: 0.054035 - val_loss: 0.055322
[Nov06_0153] Sampling 1-16 / 16
[Plot] Saved output_new/normal_Nov06_0032_256_0.1/samples/plot2.png
[Plot] Saved histogram comparison to output_new/normal_Nov06_0032_256_0.1/histograms/hist_normal_2.png
[Plot] Saved histogram comparison to output_new/normal_Nov06_0032_256_0.1/histograms/hist_log_2.png
[Nov06_0156] Starting epoch 21/150...
Epoch 21/150 - train_loss: 0.053001 - val_loss: 0.053547
[Nov06_0200] Starting epoch 22/150...
Epoch 22/150 - train_loss: 0.051300 - val_loss: 0.054262
[Nov06_0204] Starting epoch 23/150...
Epoch 23/150 - train_loss: 0.052908 - val_loss: 0.052736
[Nov06_0208] Starting epoch 24/150...
Epoch 24/150 - train_loss: 0.052881 - val_loss: 0.054708
[Nov06_0212] Starting epoch 25/150...
Epoch 25/150 - train_loss: 0.054000 - val_loss: 0.056196
Early stopping at epoch 25
[Nov06_0216] Sampling 1-16 / 128
[Nov06_0218] Sampling 17-32 / 128
[Nov06_0221] Sampling 33-48 / 128
[Nov06_0223] Sampling 49-64 / 128
[Nov06_0226] Sampling 65-80 / 128
[Nov06_0228] Sampling 81-96 / 128
[Nov06_0231] Sampling 97-112 / 128
[Nov06_0234] Sampling 113-128 / 128
[Plot] Saved output_new/normal_Nov06_0032_256_0.1/samples/plot3.png
[Plot] Saved histogram comparison to output_new/normal_Nov06_0032_256_0.1/histograms/hist_normal_3.png
[Plot] Saved histogram comparison to output_new/normal_Nov06_0032_256_0.1/histograms/hist_log_3.png
0.05265782350894584
Run directory renamed: output_new/0.05266_normal_Nov06_0032_256_0.1
Run complete. Results stored in output_new/0.05266_normal_Nov06_0032_256_0.1
