Torch version: 2.5.1
CUDA available: True
CUDA device count: 2
CUDA device name: NVIDIA H100 80GB HBM3

[Cache] Loaded dataset from cache/precip_dataset_2001-2010_256_8760_10%.pkl

Output path set to: output_new/sampling_Nov10_1600_256_0.1
UNet constructor args:
model_channels: 256
num_blocks: 2
channel_mult: [1, 2, 2, 4]
attn_resolutions: [32]
encoder_type: standard
dropout: 0.15
patch_size: 256
Removing 'module.' prefix from state dict keys...
[Nov10_1600] Sampling 1-8 / 128
[AutoClamp] Recommended clamp range: (-0.598, 3.385)
[Nov10_1603] Sampling 9-16 / 128
[Nov10_1605] Sampling 17-24 / 128
[Nov10_1606] Sampling 25-32 / 128
[Nov10_1608] Sampling 33-40 / 128
[Nov10_1610] Sampling 41-48 / 128
[Nov10_1612] Sampling 49-56 / 128
[Nov10_1614] Sampling 57-64 / 128
[Nov10_1616] Sampling 65-72 / 128
[Nov10_1618] Sampling 73-80 / 128
[Nov10_1620] Sampling 81-88 / 128
[Nov10_1622] Sampling 89-96 / 128
[Nov10_1624] Sampling 97-104 / 128
[Nov10_1626] Sampling 105-112 / 128
[Nov10_1628] Sampling 113-120 / 128
[Nov10_1629] Sampling 121-128 / 128
[Plot] Saved output_new/sampling_Nov10_1600_256_0.1/samples/plot1.png
[Plot] Saved RAPSD comparison to output_new/sampling_Nov10_1600_256_0.1/histograms/rapsd_1.png
[Plot] Saved histogram comparison to output_new/sampling_Nov10_1600_256_0.1/histograms/hist_normal_1.png
[Plot] Saved histogram comparison to output_new/sampling_Nov10_1600_256_0.1/histograms/hist_log_1.png
Run directory renamed: output_new/0.04387_sampling_Nov10_1600_256_0.1
Run complete. Results stored in output_new/0.04387_sampling_Nov10_1600_256_0.1
