Torch version: 2.5.1
CUDA available: True
CUDA device count: 4
CUDA device name: NVIDIA H100 80GB HBM3

[Cache] Loaded dataset from cache/precip_dataset_2001-2002_256_8760_10%.pkl

Output path set to: output_new/normal_Nov06_0030_256_0.1
[Prepare Run] No model file provided, initialized new, random model.
[Nov06_0030] Starting epoch 1/150...
Epoch 1/150 - train_loss: 0.104985 - val_loss: 0.066761
[Nov06_0033] Starting epoch 2/150...
Epoch 2/150 - train_loss: 0.068526 - val_loss: 0.060379
[Nov06_0035] Starting epoch 3/150...
Epoch 3/150 - train_loss: 0.064412 - val_loss: 0.057535
[Nov06_0038] Starting epoch 4/150...
Epoch 4/150 - train_loss: 0.063662 - val_loss: 0.056545
[Nov06_0041] Starting epoch 5/150...
Epoch 5/150 - train_loss: 0.061369 - val_loss: 0.064125
[Nov06_0043] Starting epoch 6/150...
Epoch 6/150 - train_loss: 0.059496 - val_loss: 0.058525
[Nov06_0046] Starting epoch 7/150...
Epoch 7/150 - train_loss: 0.058952 - val_loss: 0.058251
[Nov06_0048] Starting epoch 8/150...
Epoch 8/150 - train_loss: 0.056649 - val_loss: 0.053743
[Nov06_0051] Starting epoch 9/150...
Epoch 9/150 - train_loss: 0.057664 - val_loss: 0.061260
[Nov06_0054] Starting epoch 10/150...
Epoch 10/150 - train_loss: 0.056390 - val_loss: 0.060291
[Nov06_0056] Sampling 1-16 / 16
[Plot] Saved output_new/normal_Nov06_0030_256_0.1/samples/plot1.png
[Plot] Saved histogram comparison to output_new/normal_Nov06_0030_256_0.1/histograms/hist_normal_1.png
[Plot] Saved histogram comparison to output_new/normal_Nov06_0030_256_0.1/histograms/hist_log_1.png
[Nov06_0058] Starting epoch 11/150...
Epoch 11/150 - train_loss: 0.055841 - val_loss: 0.058674
[Nov06_0101] Starting epoch 12/150...
Epoch 12/150 - train_loss: 0.055418 - val_loss: 0.053785
[Nov06_0103] Starting epoch 13/150...
Epoch 13/150 - train_loss: 0.055475 - val_loss: 0.056002
[Nov06_0106] Starting epoch 14/150...
Epoch 14/150 - train_loss: 0.054464 - val_loss: 0.055242
[Nov06_0109] Starting epoch 15/150...
Epoch 15/150 - train_loss: 0.053805 - val_loss: 0.054559
[Nov06_0111] Starting epoch 16/150...
Epoch 16/150 - train_loss: 0.055931 - val_loss: 0.058558
[Nov06_0114] Starting epoch 17/150...
Epoch 17/150 - train_loss: 0.053032 - val_loss: 0.052311
[Nov06_0117] Starting epoch 18/150...
Epoch 18/150 - train_loss: 0.054488 - val_loss: 0.054964
[Nov06_0119] Starting epoch 19/150...
Epoch 19/150 - train_loss: 0.053706 - val_loss: 0.055147
[Nov06_0122] Starting epoch 20/150...
Epoch 20/150 - train_loss: 0.053420 - val_loss: 0.052532
[Nov06_0124] Sampling 1-16 / 16
[Plot] Saved output_new/normal_Nov06_0030_256_0.1/samples/plot2.png
[Plot] Saved histogram comparison to output_new/normal_Nov06_0030_256_0.1/histograms/hist_normal_2.png
[Plot] Saved histogram comparison to output_new/normal_Nov06_0030_256_0.1/histograms/hist_log_2.png
[Nov06_0127] Starting epoch 21/150...
Epoch 21/150 - train_loss: 0.052695 - val_loss: 0.054018
[Nov06_0129] Starting epoch 22/150...
Epoch 22/150 - train_loss: 0.052170 - val_loss: 0.058888
[Nov06_0132] Starting epoch 23/150...
Epoch 23/150 - train_loss: 0.052533 - val_loss: 0.054762
[Nov06_0134] Starting epoch 24/150...
Epoch 24/150 - train_loss: 0.053774 - val_loss: 0.050959
[Nov06_0137] Starting epoch 25/150...
Epoch 25/150 - train_loss: 0.053916 - val_loss: 0.050613
[Nov06_0140] Starting epoch 26/150...
Epoch 26/150 - train_loss: 0.052554 - val_loss: 0.053622
[Nov06_0142] Starting epoch 27/150...
Epoch 27/150 - train_loss: 0.051843 - val_loss: 0.057560
[Nov06_0145] Starting epoch 28/150...
Epoch 28/150 - train_loss: 0.053141 - val_loss: 0.050737
[Nov06_0148] Starting epoch 29/150...
Epoch 29/150 - train_loss: 0.052841 - val_loss: 0.054876
[Nov06_0150] Starting epoch 30/150...
Epoch 30/150 - train_loss: 0.052916 - val_loss: 0.053357
[Nov06_0153] Sampling 1-16 / 16
[Plot] Saved output_new/normal_Nov06_0030_256_0.1/samples/plot3.png
[Plot] Saved histogram comparison to output_new/normal_Nov06_0030_256_0.1/histograms/hist_normal_3.png
[Plot] Saved histogram comparison to output_new/normal_Nov06_0030_256_0.1/histograms/hist_log_3.png
[Nov06_0155] Starting epoch 31/150...
Epoch 31/150 - train_loss: 0.052102 - val_loss: 0.051826
[Nov06_0158] Starting epoch 32/150...
Epoch 32/150 - train_loss: 0.051650 - val_loss: 0.053242
[Nov06_0201] Starting epoch 33/150...
Epoch 33/150 - train_loss: 0.051257 - val_loss: 0.052403
[Nov06_0203] Starting epoch 34/150...
Epoch 34/150 - train_loss: 0.050478 - val_loss: 0.046727
[Nov06_0206] Starting epoch 35/150...
Epoch 35/150 - train_loss: 0.052092 - val_loss: 0.049586
[Nov06_0209] Starting epoch 36/150...
Epoch 36/150 - train_loss: 0.053094 - val_loss: 0.053466
[Nov06_0212] Starting epoch 37/150...
Epoch 37/150 - train_loss: 0.050730 - val_loss: 0.056902
[Nov06_0214] Starting epoch 38/150...
Epoch 38/150 - train_loss: 0.052383 - val_loss: 0.051596
[Nov06_0217] Starting epoch 39/150...
Epoch 39/150 - train_loss: 0.051882 - val_loss: 0.051546
[Nov06_0219] Starting epoch 40/150...
Epoch 40/150 - train_loss: 0.051540 - val_loss: 0.051216
[Nov06_0222] Sampling 1-16 / 16
[Plot] Saved output_new/normal_Nov06_0030_256_0.1/samples/plot4.png
[Plot] Saved histogram comparison to output_new/normal_Nov06_0030_256_0.1/histograms/hist_normal_4.png
[Plot] Saved histogram comparison to output_new/normal_Nov06_0030_256_0.1/histograms/hist_log_4.png
[Nov06_0224] Starting epoch 41/150...
Epoch 41/150 - train_loss: 0.053660 - val_loss: 0.052306
[Nov06_0227] Starting epoch 42/150...
Epoch 42/150 - train_loss: 0.050671 - val_loss: 0.050905
[Nov06_0230] Starting epoch 43/150...
Epoch 43/150 - train_loss: 0.051237 - val_loss: 0.052630
[Nov06_0232] Starting epoch 44/150...
Epoch 44/150 - train_loss: 0.052497 - val_loss: 0.049850
[Nov06_0235] Starting epoch 45/150...
Epoch 45/150 - train_loss: 0.051402 - val_loss: 0.051658
[Nov06_0238] Starting epoch 46/150...
Epoch 46/150 - train_loss: 0.050627 - val_loss: 0.050032
[Nov06_0240] Starting epoch 47/150...
Epoch 47/150 - train_loss: 0.050692 - val_loss: 0.055537
[Nov06_0243] Starting epoch 48/150...
Epoch 48/150 - train_loss: 0.052680 - val_loss: 0.051021
[Nov06_0245] Starting epoch 49/150...
Epoch 49/150 - train_loss: 0.051092 - val_loss: 0.049616
[Nov06_0248] Starting epoch 50/150...
Epoch 50/150 - train_loss: 0.051019 - val_loss: 0.048404
[Nov06_0251] Sampling 1-16 / 16
[Plot] Saved output_new/normal_Nov06_0030_256_0.1/samples/plot5.png
[Plot] Saved histogram comparison to output_new/normal_Nov06_0030_256_0.1/histograms/hist_normal_5.png
[Plot] Saved histogram comparison to output_new/normal_Nov06_0030_256_0.1/histograms/hist_log_5.png
[Nov06_0253] Starting epoch 51/150...
Epoch 51/150 - train_loss: 0.051361 - val_loss: 0.051199
[Nov06_0256] Starting epoch 52/150...
Epoch 52/150 - train_loss: 0.050393 - val_loss: 0.052454
[Nov06_0258] Starting epoch 53/150...
Epoch 53/150 - train_loss: 0.049109 - val_loss: 0.051631
[Nov06_0301] Starting epoch 54/150...
Epoch 54/150 - train_loss: 0.050894 - val_loss: 0.051917
[Nov06_0304] Starting epoch 55/150...
Epoch 55/150 - train_loss: 0.051204 - val_loss: 0.047938
[Nov06_0306] Starting epoch 56/150...
Epoch 56/150 - train_loss: 0.049672 - val_loss: 0.050974
[Nov06_0309] Starting epoch 57/150...
Epoch 57/150 - train_loss: 0.050259 - val_loss: 0.051028
[Nov06_0312] Starting epoch 58/150...
Epoch 58/150 - train_loss: 0.049561 - val_loss: 0.052402
[Nov06_0314] Starting epoch 59/150...
Epoch 59/150 - train_loss: 0.050400 - val_loss: 0.050347
[Nov06_0317] Starting epoch 60/150...
Epoch 60/150 - train_loss: 0.050539 - val_loss: 0.047352
[Nov06_0320] Sampling 1-16 / 16
[Plot] Saved output_new/normal_Nov06_0030_256_0.1/samples/plot6.png
[Plot] Saved histogram comparison to output_new/normal_Nov06_0030_256_0.1/histograms/hist_normal_6.png
[Plot] Saved histogram comparison to output_new/normal_Nov06_0030_256_0.1/histograms/hist_log_6.png
[Nov06_0322] Starting epoch 61/150...
Epoch 61/150 - train_loss: 0.049357 - val_loss: 0.055832
[Nov06_0324] Starting epoch 62/150...
Epoch 62/150 - train_loss: 0.049861 - val_loss: 0.052548
[Nov06_0327] Starting epoch 63/150...
Epoch 63/150 - train_loss: 0.048877 - val_loss: 0.050505
[Nov06_0330] Starting epoch 64/150...
Epoch 64/150 - train_loss: 0.048646 - val_loss: 0.050108
[Nov06_0332] Starting epoch 65/150...
Epoch 65/150 - train_loss: 0.049181 - val_loss: 0.049872
[Nov06_0335] Starting epoch 66/150...
Epoch 66/150 - train_loss: 0.050396 - val_loss: 0.048391
[Nov06_0338] Starting epoch 67/150...
Epoch 67/150 - train_loss: 0.049289 - val_loss: 0.048827
[Nov06_0340] Starting epoch 68/150...
Epoch 68/150 - train_loss: 0.048253 - val_loss: 0.050474
[Nov06_0343] Starting epoch 69/150...
Epoch 69/150 - train_loss: 0.049482 - val_loss: 0.053537
[Nov06_0346] Starting epoch 70/150...
Epoch 70/150 - train_loss: 0.049124 - val_loss: 0.054097
[Nov06_0348] Sampling 1-16 / 16
[Plot] Saved output_new/normal_Nov06_0030_256_0.1/samples/plot7.png
[Plot] Saved histogram comparison to output_new/normal_Nov06_0030_256_0.1/histograms/hist_normal_7.png
[Plot] Saved histogram comparison to output_new/normal_Nov06_0030_256_0.1/histograms/hist_log_7.png
[Nov06_0351] Starting epoch 71/150...
Epoch 71/150 - train_loss: 0.049086 - val_loss: 0.051227
[Nov06_0353] Starting epoch 72/150...
Epoch 72/150 - train_loss: 0.049139 - val_loss: 0.049070
[Nov06_0356] Starting epoch 73/150...
Epoch 73/150 - train_loss: 0.048754 - val_loss: 0.054571
[Nov06_0359] Starting epoch 74/150...
Epoch 74/150 - train_loss: 0.049189 - val_loss: 0.049393
[Nov06_0401] Starting epoch 75/150...
Epoch 75/150 - train_loss: 0.050160 - val_loss: 0.049056
[Nov06_0404] Starting epoch 76/150...
Epoch 76/150 - train_loss: 0.049891 - val_loss: 0.050057
[Nov06_0407] Starting epoch 77/150...
Epoch 77/150 - train_loss: 0.048474 - val_loss: 0.047899
[Nov06_0409] Starting epoch 78/150...
Epoch 78/150 - train_loss: 0.050283 - val_loss: 0.048450
[Nov06_0412] Starting epoch 79/150...
Epoch 79/150 - train_loss: 0.049709 - val_loss: 0.048304
[Nov06_0415] Starting epoch 80/150...
Epoch 80/150 - train_loss: 0.046963 - val_loss: 0.051771
[Nov06_0417] Sampling 1-16 / 16
[Plot] Saved output_new/normal_Nov06_0030_256_0.1/samples/plot8.png
[Plot] Saved histogram comparison to output_new/normal_Nov06_0030_256_0.1/histograms/hist_normal_8.png
[Plot] Saved histogram comparison to output_new/normal_Nov06_0030_256_0.1/histograms/hist_log_8.png
[Nov06_0419] Starting epoch 81/150...
Epoch 81/150 - train_loss: 0.048999 - val_loss: 0.050173
[Nov06_0422] Starting epoch 82/150...
Epoch 82/150 - train_loss: 0.048729 - val_loss: 0.047908
[Nov06_0425] Starting epoch 83/150...
Epoch 83/150 - train_loss: 0.047290 - val_loss: 0.048187
[Nov06_0427] Starting epoch 84/150...
Epoch 84/150 - train_loss: 0.049475 - val_loss: 0.050443
[Nov06_0430] Starting epoch 85/150...
Epoch 85/150 - train_loss: 0.048741 - val_loss: 0.051609
[Nov06_0433] Starting epoch 86/150...
Epoch 86/150 - train_loss: 0.048391 - val_loss: 0.049475
[Nov06_0435] Starting epoch 87/150...
Epoch 87/150 - train_loss: 0.048398 - val_loss: 0.046515
[Nov06_0438] Starting epoch 88/150...
Epoch 88/150 - train_loss: 0.048040 - val_loss: 0.050524
[Nov06_0441] Starting epoch 89/150...
Epoch 89/150 - train_loss: 0.049238 - val_loss: 0.046854
[Nov06_0444] Starting epoch 90/150...
Epoch 90/150 - train_loss: 0.046679 - val_loss: 0.046949
[Nov06_0446] Sampling 1-16 / 16
[Plot] Saved output_new/normal_Nov06_0030_256_0.1/samples/plot9.png
[Plot] Saved histogram comparison to output_new/normal_Nov06_0030_256_0.1/histograms/hist_normal_9.png
[Plot] Saved histogram comparison to output_new/normal_Nov06_0030_256_0.1/histograms/hist_log_9.png
[Nov06_0449] Starting epoch 91/150...
Epoch 91/150 - train_loss: 0.047936 - val_loss: 0.043468
[Nov06_0451] Starting epoch 92/150...
Epoch 92/150 - train_loss: 0.046906 - val_loss: 0.049900
[Nov06_0454] Starting epoch 93/150...
Epoch 93/150 - train_loss: 0.048539 - val_loss: 0.045675
[Nov06_0457] Starting epoch 94/150...
Epoch 94/150 - train_loss: 0.048150 - val_loss: 0.046361
[Nov06_0459] Starting epoch 95/150...
Epoch 95/150 - train_loss: 0.047840 - val_loss: 0.050379
[Nov06_0502] Starting epoch 96/150...
Epoch 96/150 - train_loss: 0.048127 - val_loss: 0.049590
[Nov06_0505] Starting epoch 97/150...
Epoch 97/150 - train_loss: 0.047102 - val_loss: 0.049760
[Nov06_0507] Starting epoch 98/150...
Epoch 98/150 - train_loss: 0.047315 - val_loss: 0.045090
[Nov06_0510] Starting epoch 99/150...
Epoch 99/150 - train_loss: 0.048904 - val_loss: 0.050210
[Nov06_0513] Starting epoch 100/150...
Epoch 100/150 - train_loss: 0.048962 - val_loss: 0.049846
[Nov06_0515] Sampling 1-16 / 16
[Plot] Saved output_new/normal_Nov06_0030_256_0.1/samples/plot10.png
[Plot] Saved histogram comparison to output_new/normal_Nov06_0030_256_0.1/histograms/hist_normal_10.png
[Plot] Saved histogram comparison to output_new/normal_Nov06_0030_256_0.1/histograms/hist_log_10.png
[Nov06_0517] Starting epoch 101/150...
Epoch 101/150 - train_loss: 0.047577 - val_loss: 0.051451
[Nov06_0520] Starting epoch 102/150...
Epoch 102/150 - train_loss: 0.048830 - val_loss: 0.048346
[Nov06_0522] Starting epoch 103/150...
Epoch 103/150 - train_loss: 0.045979 - val_loss: 0.047940
[Nov06_0525] Starting epoch 104/150...
Epoch 104/150 - train_loss: 0.047726 - val_loss: 0.045444
[Nov06_0528] Starting epoch 105/150...
Epoch 105/150 - train_loss: 0.046792 - val_loss: 0.047399
[Nov06_0530] Starting epoch 106/150...
Epoch 106/150 - train_loss: 0.046423 - val_loss: 0.046881
[Nov06_0533] Starting epoch 107/150...
Epoch 107/150 - train_loss: 0.047334 - val_loss: 0.052210
[Nov06_0536] Starting epoch 108/150...
Epoch 108/150 - train_loss: 0.047392 - val_loss: 0.046257
[Nov06_0539] Starting epoch 109/150...
Epoch 109/150 - train_loss: 0.047762 - val_loss: 0.050059
[Nov06_0541] Starting epoch 110/150...
Epoch 110/150 - train_loss: 0.047437 - val_loss: 0.047044
[Nov06_0544] Sampling 1-16 / 16
[Plot] Saved output_new/normal_Nov06_0030_256_0.1/samples/plot11.png
[Plot] Saved histogram comparison to output_new/normal_Nov06_0030_256_0.1/histograms/hist_normal_11.png
[Plot] Saved histogram comparison to output_new/normal_Nov06_0030_256_0.1/histograms/hist_log_11.png
[Nov06_0546] Starting epoch 111/150...
Epoch 111/150 - train_loss: 0.047460 - val_loss: 0.046766
[Nov06_0549] Starting epoch 112/150...
Epoch 112/150 - train_loss: 0.047950 - val_loss: 0.047837
[Nov06_0552] Starting epoch 113/150...
Epoch 113/150 - train_loss: 0.046163 - val_loss: 0.048961
[Nov06_0554] Starting epoch 114/150...
Epoch 114/150 - train_loss: 0.046900 - val_loss: 0.049369
[Nov06_0557] Starting epoch 115/150...
Epoch 115/150 - train_loss: 0.046937 - val_loss: 0.047299
[Nov06_0559] Starting epoch 116/150...
Epoch 116/150 - train_loss: 0.047200 - val_loss: 0.048571
[Nov06_0602] Starting epoch 117/150...
Epoch 117/150 - train_loss: 0.047243 - val_loss: 0.047623
[Nov06_0605] Starting epoch 118/150...
Epoch 118/150 - train_loss: 0.046889 - val_loss: 0.047309
[Nov06_0607] Starting epoch 119/150...
Epoch 119/150 - train_loss: 0.046437 - val_loss: 0.048502
[Nov06_0610] Starting epoch 120/150...
Epoch 120/150 - train_loss: 0.047116 - val_loss: 0.049371
[Nov06_0613] Sampling 1-16 / 16
[Plot] Saved output_new/normal_Nov06_0030_256_0.1/samples/plot12.png
[Plot] Saved histogram comparison to output_new/normal_Nov06_0030_256_0.1/histograms/hist_normal_12.png
[Plot] Saved histogram comparison to output_new/normal_Nov06_0030_256_0.1/histograms/hist_log_12.png
[Nov06_0615] Starting epoch 121/150...
Epoch 121/150 - train_loss: 0.047448 - val_loss: 0.046219
[Nov06_0617] Starting epoch 122/150...
Epoch 122/150 - train_loss: 0.046553 - val_loss: 0.050590
[Nov06_0620] Starting epoch 123/150...
Epoch 123/150 - train_loss: 0.045923 - val_loss: 0.046411
[Nov06_0623] Starting epoch 124/150...
Epoch 124/150 - train_loss: 0.047544 - val_loss: 0.046188
[Nov06_0625] Starting epoch 125/150...
Epoch 125/150 - train_loss: 0.046673 - val_loss: 0.046535
[Nov06_0628] Starting epoch 126/150...
Epoch 126/150 - train_loss: 0.046827 - val_loss: 0.047407
[Nov06_0631] Starting epoch 127/150...
Epoch 127/150 - train_loss: 0.045883 - val_loss: 0.047730
[Nov06_0633] Starting epoch 128/150...
Epoch 128/150 - train_loss: 0.046616 - val_loss: 0.047384
[Nov06_0636] Starting epoch 129/150...
Epoch 129/150 - train_loss: 0.048062 - val_loss: 0.045211
[Nov06_0639] Starting epoch 130/150...
Epoch 130/150 - train_loss: 0.046570 - val_loss: 0.045937
[Nov06_0641] Sampling 1-16 / 16
[Plot] Saved output_new/normal_Nov06_0030_256_0.1/samples/plot13.png
[Plot] Saved histogram comparison to output_new/normal_Nov06_0030_256_0.1/histograms/hist_normal_13.png
[Plot] Saved histogram comparison to output_new/normal_Nov06_0030_256_0.1/histograms/hist_log_13.png
[Nov06_0644] Starting epoch 131/150...
Epoch 131/150 - train_loss: 0.045797 - val_loss: 0.048043
[Nov06_0646] Starting epoch 132/150...
Epoch 132/150 - train_loss: 0.044974 - val_loss: 0.049638
[Nov06_0649] Starting epoch 133/150...
Epoch 133/150 - train_loss: 0.046231 - val_loss: 0.044399
[Nov06_0652] Starting epoch 134/150...
Epoch 134/150 - train_loss: 0.047117 - val_loss: 0.043323
[Nov06_0654] Starting epoch 135/150...
Epoch 135/150 - train_loss: 0.047463 - val_loss: 0.048861
[Nov06_0657] Starting epoch 136/150...
Epoch 136/150 - train_loss: 0.047622 - val_loss: 0.047010
[Nov06_0700] Starting epoch 137/150...
Epoch 137/150 - train_loss: 0.046199 - val_loss: 0.048750
[Nov06_0702] Starting epoch 138/150...
Epoch 138/150 - train_loss: 0.047377 - val_loss: 0.046511
[Nov06_0705] Starting epoch 139/150...
Epoch 139/150 - train_loss: 0.047449 - val_loss: 0.047766
[Nov06_0708] Starting epoch 140/150...
Epoch 140/150 - train_loss: 0.044999 - val_loss: 0.047271
[Nov06_0710] Sampling 1-16 / 16
[Plot] Saved output_new/normal_Nov06_0030_256_0.1/samples/plot14.png
[Plot] Saved histogram comparison to output_new/normal_Nov06_0030_256_0.1/histograms/hist_normal_14.png
[Plot] Saved histogram comparison to output_new/normal_Nov06_0030_256_0.1/histograms/hist_log_14.png
[Nov06_0713] Starting epoch 141/150...
Epoch 141/150 - train_loss: 0.045749 - val_loss: 0.047389
[Nov06_0715] Starting epoch 142/150...
Epoch 142/150 - train_loss: 0.047289 - val_loss: 0.046572
[Nov06_0718] Starting epoch 143/150...
Epoch 143/150 - train_loss: 0.046347 - val_loss: 0.046818
[Nov06_0721] Starting epoch 144/150...
Epoch 144/150 - train_loss: 0.045656 - val_loss: 0.049234
[Nov06_0724] Starting epoch 145/150...
Epoch 145/150 - train_loss: 0.046662 - val_loss: 0.047239
[Nov06_0726] Starting epoch 146/150...
Epoch 146/150 - train_loss: 0.046290 - val_loss: 0.047699
[Nov06_0729] Starting epoch 147/150...
Epoch 147/150 - train_loss: 0.047190 - val_loss: 0.051027
[Nov06_0732] Starting epoch 148/150...
Epoch 148/150 - train_loss: 0.046526 - val_loss: 0.047373
[Nov06_0734] Starting epoch 149/150...
Epoch 149/150 - train_loss: 0.047355 - val_loss: 0.048601
[Nov06_0737] Starting epoch 150/150...
Epoch 150/150 - train_loss: 0.046671 - val_loss: 0.046976
[Nov06_0739] Sampling 1-16 / 128
[Nov06_0741] Sampling 17-32 / 128
[Nov06_0742] Sampling 33-48 / 128
[Nov06_0743] Sampling 49-64 / 128
[Nov06_0744] Sampling 65-80 / 128
[Nov06_0746] Sampling 81-96 / 128
[Nov06_0747] Sampling 97-112 / 128
[Nov06_0748] Sampling 113-128 / 128
[Plot] Saved output_new/normal_Nov06_0030_256_0.1/samples/plot15.png
[Plot] Saved histogram comparison to output_new/normal_Nov06_0030_256_0.1/histograms/hist_normal_15.png
[Plot] Saved histogram comparison to output_new/normal_Nov06_0030_256_0.1/histograms/hist_log_15.png
0.043322944297625496
Run directory renamed: output_new/0.04332_normal_Nov06_0030_256_0.1
Run complete. Results stored in output_new/0.04332_normal_Nov06_0030_256_0.1
