Torch version: 2.5.1
CUDA available: True
CUDA device count: 2
CUDA device name: NVIDIA H100 80GB HBM3

[Cache] Loaded dataset from cache/precip_dataset_2001-2010_256_8760_10%.pkl

Output path set to: output_new/inpainting_Nov10_1854_256_0.1
UNet constructor args:
model_channels: 256
num_blocks: 2
channel_mult: [1, 2, 2, 4]
attn_resolutions: [32]
encoder_type: standard
dropout: 0.15
patch_size: 256
Removing 'module.' prefix from state dict keys...
Inpainting, 5.0%
Inpainting, 10.0%
Inpainting, 15.0%
Inpainting, 20.0%
Inpainting, 25.0%
Inpainting, 30.0%
Inpainting, 35.0%
Inpainting, 40.0%
Inpainting, 45.0%
Inpainting, 50.0%
Inpainting, 55.0%
Inpainting, 60.0%
Inpainting, 65.0%
Inpainting, 70.0%
Inpainting, 75.0%
Inpainting, 80.0%
Inpainting, 85.0%
Inpainting, 90.0%
Inpainting, 95.0%
Inpainting, 100.0%
Inpainting MSE (masked region): 0.186093
Inpainting MAE (masked region): 0.150809
[Plot] Saved inpainting results to output_new/inpainting_Nov10_1854_256_0.1/inpainting_results/inpainting_20251110_185557.png
{'model_channels': 256, 'num_blocks': 2, 'dropout': 0.15, 'downsample_type': 'standard', 'channel_mult': 1224, 'attn_config': 'last', 'timesteps': 1000, 'beta_schedule': 'linear', 'loss': 'l1', 'optimizer': 'Adam', 'scheduler': 'WarmupCosine', 'lr': 0.00017898129466371347}
Run directory renamed: output_new/0.04387_inpainting_Nov10_1854_256_0.1
Run complete. Results stored in output_new/0.04387_inpainting_Nov10_1854_256_0.1
