Torch version: 2.5.1
CUDA available: True
CUDA device count: 4
CUDA device name: NVIDIA H100 80GB HBM3

[Cache] Loaded dataset from cache/precip_dataset_2001-2010_256_8760_10%.pkl

Output path set to: output_new/normal_Nov07_1908_256_0.1
[Prepare Run] No model file provided, initialized new, random model.
[Nov07_1908] Starting epoch 1/150...
Epoch 1/150 - train_loss: 0.070068 - val_loss: 0.060633
[Nov07_1922] Starting epoch 2/150...
Epoch 2/150 - train_loss: 0.059601 - val_loss: 0.055146
[Nov07_1935] Starting epoch 3/150...
Epoch 3/150 - train_loss: 0.057777 - val_loss: 0.054072
[Nov07_1949] Starting epoch 4/150...
Epoch 4/150 - train_loss: 0.055669 - val_loss: 0.054197
[Nov07_2003] Starting epoch 5/150...
Epoch 5/150 - train_loss: 0.055370 - val_loss: 0.051115
[Nov07_2016] Starting epoch 6/150...
Epoch 6/150 - train_loss: 0.054271 - val_loss: 0.052903
[Nov07_2030] Starting epoch 7/150...
Epoch 7/150 - train_loss: 0.054248 - val_loss: 0.055915
[Nov07_2044] Starting epoch 8/150...
Epoch 8/150 - train_loss: 0.054033 - val_loss: 0.052277
[Nov07_2057] Starting epoch 9/150...
Epoch 9/150 - train_loss: 0.053090 - val_loss: 0.050138
[Nov07_2111] Starting epoch 10/150...
Epoch 10/150 - train_loss: 0.053495 - val_loss: 0.049103
[Nov07_2125] Sampling 1-16 / 64
[Nov07_2127] Sampling 17-32 / 64
[Nov07_2128] Sampling 33-48 / 64
[Nov07_2130] Sampling 49-64 / 64
[Plot] Saved output_new/normal_Nov07_1908_256_0.1/samples/plot1.png
[Plot] Saved RAPSD comparison to output_new/normal_Nov07_1908_256_0.1/histograms/rapsd_1.png
[Plot] Saved histogram comparison to output_new/normal_Nov07_1908_256_0.1/histograms/hist_normal_1.png
[Plot] Saved histogram comparison to output_new/normal_Nov07_1908_256_0.1/histograms/hist_log_1.png
[Nov07_2136] Starting epoch 11/150...
Epoch 11/150 - train_loss: 0.052405 - val_loss: 0.050263
[Nov07_2149] Starting epoch 12/150...
Epoch 12/150 - train_loss: 0.052344 - val_loss: 0.052626
[Nov07_2203] Starting epoch 13/150...
Epoch 13/150 - train_loss: 0.051864 - val_loss: 0.051507
[Nov07_2217] Starting epoch 14/150...
Epoch 14/150 - train_loss: 0.050476 - val_loss: 0.050860
[Nov07_2230] Starting epoch 15/150...
Epoch 15/150 - train_loss: 0.050848 - val_loss: 0.050631
[Nov07_2244] Starting epoch 16/150...
Epoch 16/150 - train_loss: 0.051371 - val_loss: 0.049536
[Nov07_2258] Starting epoch 17/150...
Epoch 17/150 - train_loss: 0.050717 - val_loss: 0.048696
[Nov07_2311] Starting epoch 18/150...
Epoch 18/150 - train_loss: 0.051618 - val_loss: 0.050564
[Nov07_2325] Starting epoch 19/150...
Epoch 19/150 - train_loss: 0.051294 - val_loss: 0.048356
[Nov07_2339] Starting epoch 20/150...
Epoch 20/150 - train_loss: 0.050677 - val_loss: 0.050215
[Nov07_2352] Sampling 1-16 / 64
[Nov07_2354] Sampling 17-32 / 64
[Nov07_2356] Sampling 33-48 / 64
[Nov07_2358] Sampling 49-64 / 64
[Plot] Saved output_new/normal_Nov07_1908_256_0.1/samples/plot2.png
[Plot] Saved RAPSD comparison to output_new/normal_Nov07_1908_256_0.1/histograms/rapsd_2.png
[Plot] Saved histogram comparison to output_new/normal_Nov07_1908_256_0.1/histograms/hist_normal_2.png
[Plot] Saved histogram comparison to output_new/normal_Nov07_1908_256_0.1/histograms/hist_log_2.png
[Nov08_0004] Starting epoch 21/150...
Epoch 21/150 - train_loss: 0.050174 - val_loss: 0.049409
[Nov08_0017] Starting epoch 22/150...
Epoch 22/150 - train_loss: 0.050028 - val_loss: 0.049780
[Nov08_0031] Starting epoch 23/150...
Epoch 23/150 - train_loss: 0.050360 - val_loss: 0.050426
[Nov08_0045] Starting epoch 24/150...
Epoch 24/150 - train_loss: 0.050209 - val_loss: 0.049945
[Nov08_0058] Starting epoch 25/150...
Epoch 25/150 - train_loss: 0.049500 - val_loss: 0.052206
[Nov08_0112] Starting epoch 26/150...
Epoch 26/150 - train_loss: 0.050186 - val_loss: 0.049737
[Nov08_0126] Starting epoch 27/150...
Epoch 27/150 - train_loss: 0.049798 - val_loss: 0.050366
[Nov08_0139] Starting epoch 28/150...
Epoch 28/150 - train_loss: 0.050090 - val_loss: 0.049383
[Nov08_0153] Starting epoch 29/150...
Epoch 29/150 - train_loss: 0.050086 - val_loss: 0.048528
[Nov08_0207] Starting epoch 30/150...
Epoch 30/150 - train_loss: 0.049478 - val_loss: 0.047885
[Nov08_0220] Sampling 1-16 / 64
[Nov08_0222] Sampling 17-32 / 64
[Nov08_0224] Sampling 33-48 / 64
[Nov08_0226] Sampling 49-64 / 64
[Plot] Saved output_new/normal_Nov07_1908_256_0.1/samples/plot3.png
[Plot] Saved RAPSD comparison to output_new/normal_Nov07_1908_256_0.1/histograms/rapsd_3.png
[Plot] Saved histogram comparison to output_new/normal_Nov07_1908_256_0.1/histograms/hist_normal_3.png
[Plot] Saved histogram comparison to output_new/normal_Nov07_1908_256_0.1/histograms/hist_log_3.png
[Nov08_0232] Starting epoch 31/150...
Epoch 31/150 - train_loss: 0.049285 - val_loss: 0.048082
[Nov08_0245] Starting epoch 32/150...
Epoch 32/150 - train_loss: 0.049716 - val_loss: 0.048795
[Nov08_0259] Starting epoch 33/150...
Epoch 33/150 - train_loss: 0.049988 - val_loss: 0.047746
[Nov08_0312] Starting epoch 34/150...
Epoch 34/150 - train_loss: 0.049137 - val_loss: 0.047960
[Nov08_0326] Starting epoch 35/150...
Epoch 35/150 - train_loss: 0.049144 - val_loss: 0.048236
[Nov08_0340] Starting epoch 36/150...
Epoch 36/150 - train_loss: 0.049026 - val_loss: 0.048717
[Nov08_0353] Starting epoch 37/150...
Epoch 37/150 - train_loss: 0.048925 - val_loss: 0.050672
[Nov08_0407] Starting epoch 38/150...
Epoch 38/150 - train_loss: 0.048667 - val_loss: 0.048300
[Nov08_0421] Starting epoch 39/150...
Epoch 39/150 - train_loss: 0.049062 - val_loss: 0.047802
[Nov08_0434] Starting epoch 40/150...
Epoch 40/150 - train_loss: 0.048888 - val_loss: 0.046063
[Nov08_0448] Sampling 1-16 / 64
[Nov08_0450] Sampling 17-32 / 64
[Nov08_0452] Sampling 33-48 / 64
[Nov08_0453] Sampling 49-64 / 64
[Plot] Saved output_new/normal_Nov07_1908_256_0.1/samples/plot4.png
[Plot] Saved RAPSD comparison to output_new/normal_Nov07_1908_256_0.1/histograms/rapsd_4.png
[Plot] Saved histogram comparison to output_new/normal_Nov07_1908_256_0.1/histograms/hist_normal_4.png
[Plot] Saved histogram comparison to output_new/normal_Nov07_1908_256_0.1/histograms/hist_log_4.png
[Nov08_0459] Starting epoch 41/150...
Epoch 41/150 - train_loss: 0.048822 - val_loss: 0.047209
[Nov08_0513] Starting epoch 42/150...
Epoch 42/150 - train_loss: 0.048307 - val_loss: 0.046490
[Nov08_0526] Starting epoch 43/150...
Epoch 43/150 - train_loss: 0.048829 - val_loss: 0.047953
[Nov08_0540] Starting epoch 44/150...
Epoch 44/150 - train_loss: 0.048870 - val_loss: 0.048806
[Nov08_0554] Starting epoch 45/150...
Epoch 45/150 - train_loss: 0.049101 - val_loss: 0.047396
[Nov08_0607] Starting epoch 46/150...
Epoch 46/150 - train_loss: 0.049362 - val_loss: 0.047655
[Nov08_0621] Starting epoch 47/150...
Epoch 47/150 - train_loss: 0.047985 - val_loss: 0.047899
[Nov08_0634] Starting epoch 48/150...
Epoch 48/150 - train_loss: 0.048574 - val_loss: 0.047977
[Nov08_0648] Starting epoch 49/150...
Epoch 49/150 - train_loss: 0.048627 - val_loss: 0.046926
[Nov08_0701] Starting epoch 50/150...
Epoch 50/150 - train_loss: 0.048712 - val_loss: 0.048226
[Nov08_0715] Sampling 1-16 / 64
[Nov08_0717] Sampling 17-32 / 64
[Nov08_0719] Sampling 33-48 / 64
[Nov08_0721] Sampling 49-64 / 64
[Plot] Saved output_new/normal_Nov07_1908_256_0.1/samples/plot5.png
[Plot] Saved RAPSD comparison to output_new/normal_Nov07_1908_256_0.1/histograms/rapsd_5.png
[Plot] Saved histogram comparison to output_new/normal_Nov07_1908_256_0.1/histograms/hist_normal_5.png
[Plot] Saved histogram comparison to output_new/normal_Nov07_1908_256_0.1/histograms/hist_log_5.png
[Nov08_0726] Starting epoch 51/150...
Epoch 51/150 - train_loss: 0.047631 - val_loss: 0.047126
[Nov08_0740] Starting epoch 52/150...
Epoch 52/150 - train_loss: 0.047895 - val_loss: 0.046107
[Nov08_0753] Starting epoch 53/150...
Epoch 53/150 - train_loss: 0.048831 - val_loss: 0.046232
[Nov08_0807] Starting epoch 54/150...
Epoch 54/150 - train_loss: 0.047813 - val_loss: 0.047318
[Nov08_0821] Starting epoch 55/150...
Epoch 55/150 - train_loss: 0.047988 - val_loss: 0.048033
[Nov08_0834] Starting epoch 56/150...
Epoch 56/150 - train_loss: 0.048419 - val_loss: 0.048297
[Nov08_0848] Starting epoch 57/150...
Epoch 57/150 - train_loss: 0.048413 - val_loss: 0.045682
[Nov08_0901] Starting epoch 58/150...
Epoch 58/150 - train_loss: 0.047974 - val_loss: 0.045617
[Nov08_0915] Starting epoch 59/150...
Epoch 59/150 - train_loss: 0.047955 - val_loss: 0.047109
[Nov08_0929] Starting epoch 60/150...
Epoch 60/150 - train_loss: 0.047999 - val_loss: 0.047360
[Nov08_0942] Sampling 1-16 / 64
[Nov08_0944] Sampling 17-32 / 64
[Nov08_0946] Sampling 33-48 / 64
[Nov08_0948] Sampling 49-64 / 64
[Plot] Saved output_new/normal_Nov07_1908_256_0.1/samples/plot6.png
[Plot] Saved RAPSD comparison to output_new/normal_Nov07_1908_256_0.1/histograms/rapsd_6.png
[Plot] Saved histogram comparison to output_new/normal_Nov07_1908_256_0.1/histograms/hist_normal_6.png
[Plot] Saved histogram comparison to output_new/normal_Nov07_1908_256_0.1/histograms/hist_log_6.png
[Nov08_0953] Starting epoch 61/150...
Epoch 61/150 - train_loss: 0.048118 - val_loss: 0.046292
[Nov08_1007] Starting epoch 62/150...
Epoch 62/150 - train_loss: 0.048018 - val_loss: 0.047125
[Nov08_1021] Starting epoch 63/150...
Epoch 63/150 - train_loss: 0.048041 - val_loss: 0.046164
[Nov08_1034] Starting epoch 64/150...
Epoch 64/150 - train_loss: 0.048096 - val_loss: 0.045974
[Nov08_1048] Starting epoch 65/150...
Epoch 65/150 - train_loss: 0.047616 - val_loss: 0.047812
[Nov08_1102] Starting epoch 66/150...
Epoch 66/150 - train_loss: 0.047514 - val_loss: 0.046838
[Nov08_1115] Starting epoch 67/150...
Epoch 67/150 - train_loss: 0.047516 - val_loss: 0.046254
[Nov08_1129] Starting epoch 68/150...
Epoch 68/150 - train_loss: 0.048007 - val_loss: 0.046944
[Nov08_1143] Starting epoch 69/150...
Epoch 69/150 - train_loss: 0.048563 - val_loss: 0.046192
[Nov08_1156] Starting epoch 70/150...
Epoch 70/150 - train_loss: 0.047250 - val_loss: 0.047271
[Nov08_1210] Sampling 1-16 / 64
[Nov08_1212] Sampling 17-32 / 64
[Nov08_1213] Sampling 33-48 / 64
[Nov08_1215] Sampling 49-64 / 64
[Plot] Saved output_new/normal_Nov07_1908_256_0.1/samples/plot7.png
[Plot] Saved RAPSD comparison to output_new/normal_Nov07_1908_256_0.1/histograms/rapsd_7.png
[Plot] Saved histogram comparison to output_new/normal_Nov07_1908_256_0.1/histograms/hist_normal_7.png
[Plot] Saved histogram comparison to output_new/normal_Nov07_1908_256_0.1/histograms/hist_log_7.png
[Nov08_1221] Starting epoch 71/150...
Epoch 71/150 - train_loss: 0.046972 - val_loss: 0.046969
[Nov08_1234] Starting epoch 72/150...
Epoch 72/150 - train_loss: 0.047627 - val_loss: 0.045888
[Nov08_1248] Starting epoch 73/150...
Epoch 73/150 - train_loss: 0.047739 - val_loss: 0.046267
[Nov08_1302] Starting epoch 74/150...
Epoch 74/150 - train_loss: 0.047987 - val_loss: 0.046984
[Nov08_1315] Starting epoch 75/150...
Epoch 75/150 - train_loss: 0.047712 - val_loss: 0.045970
[Nov08_1329] Starting epoch 76/150...
Epoch 76/150 - train_loss: 0.047608 - val_loss: 0.046149
[Nov08_1343] Starting epoch 77/150...
Epoch 77/150 - train_loss: 0.047503 - val_loss: 0.047457
[Nov08_1356] Starting epoch 78/150...
Epoch 78/150 - train_loss: 0.047284 - val_loss: 0.045996
[Nov08_1410] Starting epoch 79/150...
Epoch 79/150 - train_loss: 0.047239 - val_loss: 0.045023
[Nov08_1424] Starting epoch 80/150...
Epoch 80/150 - train_loss: 0.047315 - val_loss: 0.045711
[Nov08_1437] Sampling 1-16 / 64
[Nov08_1439] Sampling 17-32 / 64
[Nov08_1441] Sampling 33-48 / 64
[Nov08_1443] Sampling 49-64 / 64
[Plot] Saved output_new/normal_Nov07_1908_256_0.1/samples/plot8.png
[Plot] Saved RAPSD comparison to output_new/normal_Nov07_1908_256_0.1/histograms/rapsd_8.png
[Plot] Saved histogram comparison to output_new/normal_Nov07_1908_256_0.1/histograms/hist_normal_8.png
[Plot] Saved histogram comparison to output_new/normal_Nov07_1908_256_0.1/histograms/hist_log_8.png
[Nov08_1449] Starting epoch 81/150...
Epoch 81/150 - train_loss: 0.047195 - val_loss: 0.046144
[Nov08_1502] Starting epoch 82/150...
Epoch 82/150 - train_loss: 0.047232 - val_loss: 0.046734
[Nov08_1516] Starting epoch 83/150...
Epoch 83/150 - train_loss: 0.047382 - val_loss: 0.047800
[Nov08_1529] Starting epoch 84/150...
Epoch 84/150 - train_loss: 0.047603 - val_loss: 0.045816
[Nov08_1543] Starting epoch 85/150...
Epoch 85/150 - train_loss: 0.046994 - val_loss: 0.046418
[Nov08_1557] Starting epoch 86/150...
Epoch 86/150 - train_loss: 0.046820 - val_loss: 0.045654
[Nov08_1610] Starting epoch 87/150...
Epoch 87/150 - train_loss: 0.046804 - val_loss: 0.045406
[Nov08_1624] Starting epoch 88/150...
Epoch 88/150 - train_loss: 0.046778 - val_loss: 0.045891
[Nov08_1638] Starting epoch 89/150...
Epoch 89/150 - train_loss: 0.046436 - val_loss: 0.045768
[Nov08_1651] Starting epoch 90/150...
Epoch 90/150 - train_loss: 0.046860 - val_loss: 0.048127
[Nov08_1705] Sampling 1-16 / 64
[Nov08_1707] Sampling 17-32 / 64
[Nov08_1708] Sampling 33-48 / 64
[Nov08_1710] Sampling 49-64 / 64
[Plot] Saved output_new/normal_Nov07_1908_256_0.1/samples/plot9.png
[Plot] Saved RAPSD comparison to output_new/normal_Nov07_1908_256_0.1/histograms/rapsd_9.png
[Plot] Saved histogram comparison to output_new/normal_Nov07_1908_256_0.1/histograms/hist_normal_9.png
[Plot] Saved histogram comparison to output_new/normal_Nov07_1908_256_0.1/histograms/hist_log_9.png
[Nov08_1716] Starting epoch 91/150...
Epoch 91/150 - train_loss: 0.047118 - val_loss: 0.045996
[Nov08_1729] Starting epoch 92/150...
Epoch 92/150 - train_loss: 0.046934 - val_loss: 0.045588
[Nov08_1743] Starting epoch 93/150...
Epoch 93/150 - train_loss: 0.046764 - val_loss: 0.046534
[Nov08_1757] Starting epoch 94/150...
Epoch 94/150 - train_loss: 0.046841 - val_loss: 0.046601
[Nov08_1810] Starting epoch 95/150...
Epoch 95/150 - train_loss: 0.047033 - val_loss: 0.046612
[Nov08_1824] Starting epoch 96/150...
Epoch 96/150 - train_loss: 0.046566 - val_loss: 0.045698
[Nov08_1838] Starting epoch 97/150...
Epoch 97/150 - train_loss: 0.047123 - val_loss: 0.045982
[Nov08_1851] Starting epoch 98/150...
Epoch 98/150 - train_loss: 0.046801 - val_loss: 0.045685
[Nov08_1905] Starting epoch 99/150...
Epoch 99/150 - train_loss: 0.046294 - val_loss: 0.045190
[Nov08_1918] Starting epoch 100/150...
Epoch 100/150 - train_loss: 0.046392 - val_loss: 0.046719
[Nov08_1932] Sampling 1-16 / 64
[Nov08_1934] Sampling 17-32 / 64
[Nov08_1936] Sampling 33-48 / 64
[Nov08_1937] Sampling 49-64 / 64
[Plot] Saved output_new/normal_Nov07_1908_256_0.1/samples/plot10.png
[Plot] Saved RAPSD comparison to output_new/normal_Nov07_1908_256_0.1/histograms/rapsd_10.png
[Plot] Saved histogram comparison to output_new/normal_Nov07_1908_256_0.1/histograms/hist_normal_10.png
[Plot] Saved histogram comparison to output_new/normal_Nov07_1908_256_0.1/histograms/hist_log_10.png
[Nov08_1943] Starting epoch 101/150...
Epoch 101/150 - train_loss: 0.046153 - val_loss: 0.045362
[Nov08_1957] Starting epoch 102/150...
Epoch 102/150 - train_loss: 0.046256 - val_loss: 0.046941
[Nov08_2010] Starting epoch 103/150...
Epoch 103/150 - train_loss: 0.045934 - val_loss: 0.045849
[Nov08_2024] Starting epoch 104/150...
Epoch 104/150 - train_loss: 0.046339 - val_loss: 0.046677
[Nov08_2037] Starting epoch 105/150...
Epoch 105/150 - train_loss: 0.045464 - val_loss: 0.045848
[Nov08_2051] Starting epoch 106/150...
Epoch 106/150 - train_loss: 0.046480 - val_loss: 0.044714
[Nov08_2105] Starting epoch 107/150...
Epoch 107/150 - train_loss: 0.046858 - val_loss: 0.045624
[Nov08_2118] Starting epoch 108/150...
Epoch 108/150 - train_loss: 0.046075 - val_loss: 0.045563
[Nov08_2132] Starting epoch 109/150...
Epoch 109/150 - train_loss: 0.046360 - val_loss: 0.047126
[Nov08_2146] Starting epoch 110/150...
Epoch 110/150 - train_loss: 0.046218 - val_loss: 0.046091
[Nov08_2159] Sampling 1-16 / 64
[Nov08_2201] Sampling 17-32 / 64
[Nov08_2203] Sampling 33-48 / 64
[Nov08_2205] Sampling 49-64 / 64
[Plot] Saved output_new/normal_Nov07_1908_256_0.1/samples/plot11.png
[Plot] Saved RAPSD comparison to output_new/normal_Nov07_1908_256_0.1/histograms/rapsd_11.png
[Plot] Saved histogram comparison to output_new/normal_Nov07_1908_256_0.1/histograms/hist_normal_11.png
[Plot] Saved histogram comparison to output_new/normal_Nov07_1908_256_0.1/histograms/hist_log_11.png
[Nov08_2210] Starting epoch 111/150...
Epoch 111/150 - train_loss: 0.046558 - val_loss: 0.045290
[Nov08_2224] Starting epoch 112/150...
Epoch 112/150 - train_loss: 0.046424 - val_loss: 0.046031
[Nov08_2238] Starting epoch 113/150...
Epoch 113/150 - train_loss: 0.045644 - val_loss: 0.046026
[Nov08_2251] Starting epoch 114/150...
Epoch 114/150 - train_loss: 0.046335 - val_loss: 0.046521
[Nov08_2305] Starting epoch 115/150...
Epoch 115/150 - train_loss: 0.046412 - val_loss: 0.045191
[Nov08_2318] Starting epoch 116/150...
Epoch 116/150 - train_loss: 0.046186 - val_loss: 0.045133
[Nov08_2332] Starting epoch 117/150...
Epoch 117/150 - train_loss: 0.046071 - val_loss: 0.044619
[Nov08_2345] Starting epoch 118/150...
Epoch 118/150 - train_loss: 0.046150 - val_loss: 0.046467
[Nov08_2359] Starting epoch 119/150...
Epoch 119/150 - train_loss: 0.046184 - val_loss: 0.046433
[Nov09_0013] Starting epoch 120/150...
Epoch 120/150 - train_loss: 0.045835 - val_loss: 0.045235
[Nov09_0026] Sampling 1-16 / 64
[Nov09_0028] Sampling 17-32 / 64
[Nov09_0030] Sampling 33-48 / 64
[Nov09_0032] Sampling 49-64 / 64
[Plot] Saved output_new/normal_Nov07_1908_256_0.1/samples/plot12.png
[Plot] Saved RAPSD comparison to output_new/normal_Nov07_1908_256_0.1/histograms/rapsd_12.png
[Plot] Saved histogram comparison to output_new/normal_Nov07_1908_256_0.1/histograms/hist_normal_12.png
[Plot] Saved histogram comparison to output_new/normal_Nov07_1908_256_0.1/histograms/hist_log_12.png
[Nov09_0037] Starting epoch 121/150...
Epoch 121/150 - train_loss: 0.045682 - val_loss: 0.046591
[Nov09_0051] Starting epoch 122/150...
Epoch 122/150 - train_loss: 0.044774 - val_loss: 0.045266
[Nov09_0104] Starting epoch 123/150...
Epoch 123/150 - train_loss: 0.045880 - val_loss: 0.045407
[Nov09_0118] Starting epoch 124/150...
Epoch 124/150 - train_loss: 0.045866 - val_loss: 0.045838
[Nov09_0132] Starting epoch 125/150...
Epoch 125/150 - train_loss: 0.046188 - val_loss: 0.045574
[Nov09_0145] Starting epoch 126/150...
Epoch 126/150 - train_loss: 0.046191 - val_loss: 0.044990
[Nov09_0159] Starting epoch 127/150...
Epoch 127/150 - train_loss: 0.045781 - val_loss: 0.045359
[Nov09_0212] Starting epoch 128/150...
Epoch 128/150 - train_loss: 0.045922 - val_loss: 0.046329
[Nov09_0226] Starting epoch 129/150...
Epoch 129/150 - train_loss: 0.045798 - val_loss: 0.046436
[Nov09_0239] Starting epoch 130/150...
Epoch 130/150 - train_loss: 0.046158 - val_loss: 0.044736
[Nov09_0253] Sampling 1-16 / 64
[Nov09_0255] Sampling 17-32 / 64
[Nov09_0257] Sampling 33-48 / 64
[Nov09_0259] Sampling 49-64 / 64
[Plot] Saved output_new/normal_Nov07_1908_256_0.1/samples/plot13.png
[Plot] Saved RAPSD comparison to output_new/normal_Nov07_1908_256_0.1/histograms/rapsd_13.png
[Plot] Saved histogram comparison to output_new/normal_Nov07_1908_256_0.1/histograms/hist_normal_13.png
[Plot] Saved histogram comparison to output_new/normal_Nov07_1908_256_0.1/histograms/hist_log_13.png
[Nov09_0304] Starting epoch 131/150...
Epoch 131/150 - train_loss: 0.045282 - val_loss: 0.045224
[Nov09_0318] Starting epoch 132/150...
Epoch 132/150 - train_loss: 0.046224 - val_loss: 0.045750
[Nov09_0331] Starting epoch 133/150...
Epoch 133/150 - train_loss: 0.045431 - val_loss: 0.044866
[Nov09_0345] Starting epoch 134/150...
Epoch 134/150 - train_loss: 0.045566 - val_loss: 0.044391
[Nov09_0359] Starting epoch 135/150...
Epoch 135/150 - train_loss: 0.045701 - val_loss: 0.045649
[Nov09_0412] Starting epoch 136/150...
Epoch 136/150 - train_loss: 0.045961 - val_loss: 0.046175
[Nov09_0426] Starting epoch 137/150...
Epoch 137/150 - train_loss: 0.045778 - val_loss: 0.045132
[Nov09_0440] Starting epoch 138/150...
Epoch 138/150 - train_loss: 0.045723 - val_loss: 0.046248
[Nov09_0453] Starting epoch 139/150...
Epoch 139/150 - train_loss: 0.044969 - val_loss: 0.046392
[Nov09_0507] Starting epoch 140/150...
Epoch 140/150 - train_loss: 0.046275 - val_loss: 0.046617
[Nov09_0520] Sampling 1-16 / 64
[Nov09_0522] Sampling 17-32 / 64
[Nov09_0524] Sampling 33-48 / 64
[Nov09_0526] Sampling 49-64 / 64
[Plot] Saved output_new/normal_Nov07_1908_256_0.1/samples/plot14.png
[Plot] Saved RAPSD comparison to output_new/normal_Nov07_1908_256_0.1/histograms/rapsd_14.png
[Plot] Saved histogram comparison to output_new/normal_Nov07_1908_256_0.1/histograms/hist_normal_14.png
[Plot] Saved histogram comparison to output_new/normal_Nov07_1908_256_0.1/histograms/hist_log_14.png
[Nov09_0532] Starting epoch 141/150...
Epoch 141/150 - train_loss: 0.045177 - val_loss: 0.045478
[Nov09_0545] Starting epoch 142/150...
Epoch 142/150 - train_loss: 0.045075 - val_loss: 0.044167
[Nov09_0559] Starting epoch 143/150...
Epoch 143/150 - train_loss: 0.045232 - val_loss: 0.043867
[Nov09_0612] Starting epoch 144/150...
Epoch 144/150 - train_loss: 0.045114 - val_loss: 0.045139
[Nov09_0626] Starting epoch 145/150...
Epoch 145/150 - train_loss: 0.045444 - val_loss: 0.045343
[Nov09_0640] Starting epoch 146/150...
Epoch 146/150 - train_loss: 0.045448 - val_loss: 0.046104
[Nov09_0653] Starting epoch 147/150...
Epoch 147/150 - train_loss: 0.045973 - val_loss: 0.044949
[Nov09_0707] Starting epoch 148/150...
Epoch 148/150 - train_loss: 0.046023 - val_loss: 0.044638
[Nov09_0720] Starting epoch 149/150...
Epoch 149/150 - train_loss: 0.045611 - val_loss: 0.046013
[Nov09_0734] Starting epoch 150/150...
Epoch 150/150 - train_loss: 0.045837 - val_loss: 0.046362
[Nov09_0748] Sampling 1-16 / 128
[Nov09_0750] Sampling 17-32 / 128
[Nov09_0751] Sampling 33-48 / 128
[Nov09_0753] Sampling 49-64 / 128
[Nov09_0755] Sampling 65-80 / 128
[Nov09_0757] Sampling 81-96 / 128
[Nov09_0759] Sampling 97-112 / 128
[Nov09_0801] Sampling 113-128 / 128
[Plot] Saved output_new/normal_Nov07_1908_256_0.1/samples/plot15.png
[Plot] Saved RAPSD comparison to output_new/normal_Nov07_1908_256_0.1/histograms/rapsd_15.png
[Plot] Saved histogram comparison to output_new/normal_Nov07_1908_256_0.1/histograms/hist_normal_15.png
[Plot] Saved histogram comparison to output_new/normal_Nov07_1908_256_0.1/histograms/hist_log_15.png
0.043867401632608154
Run directory renamed: output_new/0.04387_normal_Nov07_1908_256_0.1
Run complete. Results stored in output_new/0.04387_normal_Nov07_1908_256_0.1
