Torch version: 2.5.1
CUDA available: True
CUDA device count: 2
CUDA device name: NVIDIA H100 80GB HBM3

[Cache] Loaded dataset from cache/precip_dataset_2001-2010_256_8760_10%.pkl

Output path set to: output_new/inpainting_Nov18_2149_256_0.1
UNet constructor args:
model_channels: 256
num_blocks: 2
channel_mult: [1, 2, 2, 4]
attn_resolutions: [32]
encoder_type: standard
dropout: 0.15
patch_size: 256
Removing 'module.' prefix from state dict keys...

Testing inpainting with 99.0% known data and lambda 0.0:
Inpainting, 5.0%
Inpainting, 10.0%
Inpainting, 15.0%
Inpainting, 20.0%
Inpainting, 25.0%
Inpainting, 30.0%
Inpainting, 35.0%
Inpainting, 40.0%
Inpainting, 45.0%
Inpainting, 50.0%
Inpainting, 55.0%
Inpainting, 60.0%
Inpainting, 65.0%
Inpainting, 70.0%
Inpainting, 75.0%
Inpainting, 80.0%
Inpainting, 85.0%
Inpainting, 90.0%
Inpainting, 95.0%
Inpainting, 100.0%
Inpainting MSE (masked region): 0.014124
Inpainting MAE (masked region): 0.071096
[Plot] Saved inpainting results to output_new/inpainting_Nov18_2149_256_0.1/inpainting_results/inpainting_0.99_20251118_215059.png
MSE Loss at 99.0% known data and lambda 0.0: 0.014124

Testing inpainting with 99.0% known data and lambda 0.01:
Inpainting, 5.0%
Inpainting, 10.0%
Inpainting, 15.0%
Inpainting, 20.0%
Inpainting, 25.0%
Inpainting, 30.0%
Inpainting, 35.0%
Inpainting, 40.0%
Inpainting, 45.0%
Inpainting, 50.0%
Inpainting, 55.0%
Inpainting, 60.0%
Inpainting, 65.0%
Inpainting, 70.0%
Inpainting, 75.0%
Inpainting, 80.0%
Inpainting, 85.0%
Inpainting, 90.0%
Inpainting, 95.0%
Inpainting, 100.0%
Inpainting MSE (masked region): 0.016154
Inpainting MAE (masked region): 0.077100
[Plot] Saved inpainting results to output_new/inpainting_Nov18_2149_256_0.1/inpainting_results/inpainting_0.99_20251118_215222.png
MSE Loss at 99.0% known data and lambda 0.01: 0.016154

Testing inpainting with 99.0% known data and lambda 0.03:
Inpainting, 5.0%
Inpainting, 10.0%
Inpainting, 15.0%
Inpainting, 20.0%
Inpainting, 25.0%
Inpainting, 30.0%
Inpainting, 35.0%
Inpainting, 40.0%
Inpainting, 45.0%
Inpainting, 50.0%
Inpainting, 55.0%
Inpainting, 60.0%
Inpainting, 65.0%
Inpainting, 70.0%
Inpainting, 75.0%
Inpainting, 80.0%
Inpainting, 85.0%
Inpainting, 90.0%
Inpainting, 95.0%
Inpainting, 100.0%
Inpainting MSE (masked region): 0.015219
Inpainting MAE (masked region): 0.069472
[Plot] Saved inpainting results to output_new/inpainting_Nov18_2149_256_0.1/inpainting_results/inpainting_0.99_20251118_215345.png
MSE Loss at 99.0% known data and lambda 0.03: 0.015219

Testing inpainting with 99.0% known data and lambda 0.05:
Inpainting, 5.0%
Inpainting, 10.0%
Inpainting, 15.0%
Inpainting, 20.0%
Inpainting, 25.0%
Inpainting, 30.0%
Inpainting, 35.0%
Inpainting, 40.0%
Inpainting, 45.0%
Inpainting, 50.0%
Inpainting, 55.0%
Inpainting, 60.0%
Inpainting, 65.0%
Inpainting, 70.0%
Inpainting, 75.0%
Inpainting, 80.0%
Inpainting, 85.0%
Inpainting, 90.0%
Inpainting, 95.0%
Inpainting, 100.0%
Inpainting MSE (masked region): 0.013826
Inpainting MAE (masked region): 0.067862
[Plot] Saved inpainting results to output_new/inpainting_Nov18_2149_256_0.1/inpainting_results/inpainting_0.99_20251118_215508.png
MSE Loss at 99.0% known data and lambda 0.05: 0.013826

Testing inpainting with 99.0% known data and lambda 0.1:
Inpainting, 5.0%
Inpainting, 10.0%
Inpainting, 15.0%
Inpainting, 20.0%
Inpainting, 25.0%
Inpainting, 30.0%
Inpainting, 35.0%
Inpainting, 40.0%
Inpainting, 45.0%
Inpainting, 50.0%
Inpainting, 55.0%
Inpainting, 60.0%
Inpainting, 65.0%
Inpainting, 70.0%
Inpainting, 75.0%
Inpainting, 80.0%
Inpainting, 85.0%
Inpainting, 90.0%
Inpainting, 95.0%
Inpainting, 100.0%
Inpainting MSE (masked region): 0.019817
Inpainting MAE (masked region): 0.084422
[Plot] Saved inpainting results to output_new/inpainting_Nov18_2149_256_0.1/inpainting_results/inpainting_0.99_20251118_215632.png
MSE Loss at 99.0% known data and lambda 0.1: 0.019817

Testing inpainting with 99.0% known data and lambda 0.3:
Inpainting, 5.0%
Inpainting, 10.0%
Inpainting, 15.0%
Inpainting, 20.0%
Inpainting, 25.0%
Inpainting, 30.0%
Inpainting, 35.0%
Inpainting, 40.0%
Inpainting, 45.0%
Inpainting, 50.0%
Inpainting, 55.0%
Inpainting, 60.0%
Inpainting, 65.0%
Inpainting, 70.0%
Inpainting, 75.0%
Inpainting, 80.0%
Inpainting, 85.0%
Inpainting, 90.0%
Inpainting, 95.0%
Inpainting, 100.0%
Inpainting MSE (masked region): 0.023313
Inpainting MAE (masked region): 0.091437
[Plot] Saved inpainting results to output_new/inpainting_Nov18_2149_256_0.1/inpainting_results/inpainting_0.99_20251118_215755.png
MSE Loss at 99.0% known data and lambda 0.3: 0.023313

Testing inpainting with 99.0% known data and lambda 0.5:
Inpainting, 5.0%
Inpainting, 10.0%
Inpainting, 15.0%
Inpainting, 20.0%
Inpainting, 25.0%
Inpainting, 30.0%
Inpainting, 35.0%
Inpainting, 40.0%
Inpainting, 45.0%
Inpainting, 50.0%
Inpainting, 55.0%
Inpainting, 60.0%
Inpainting, 65.0%
Inpainting, 70.0%
Inpainting, 75.0%
Inpainting, 80.0%
Inpainting, 85.0%
Inpainting, 90.0%
Inpainting, 95.0%
Inpainting, 100.0%
Inpainting MSE (masked region): 0.015872
Inpainting MAE (masked region): 0.077965
[Plot] Saved inpainting results to output_new/inpainting_Nov18_2149_256_0.1/inpainting_results/inpainting_0.99_20251118_215918.png
MSE Loss at 99.0% known data and lambda 0.5: 0.015872

Testing inpainting with 99.0% known data and lambda 1:
Inpainting, 5.0%
Inpainting, 10.0%
Inpainting, 15.0%
Inpainting, 20.0%
Inpainting, 25.0%
Inpainting, 30.0%
Inpainting, 35.0%
Inpainting, 40.0%
Inpainting, 45.0%
Inpainting, 50.0%
Inpainting, 55.0%
Inpainting, 60.0%
Inpainting, 65.0%
Inpainting, 70.0%
Inpainting, 75.0%
Inpainting, 80.0%
Inpainting, 85.0%
Inpainting, 90.0%
Inpainting, 95.0%
Inpainting, 100.0%
Inpainting MSE (masked region): 0.012003
Inpainting MAE (masked region): 0.070779
[Plot] Saved inpainting results to output_new/inpainting_Nov18_2149_256_0.1/inpainting_results/inpainting_0.99_20251118_220042.png
MSE Loss at 99.0% known data and lambda 1: 0.012003

Testing inpainting with 99.0% known data and lambda 3:
Inpainting, 5.0%
Inpainting, 10.0%
Inpainting, 15.0%
Inpainting, 20.0%
Inpainting, 25.0%
Inpainting, 30.0%
Inpainting, 35.0%
Inpainting, 40.0%
Inpainting, 45.0%
Inpainting, 50.0%
Inpainting, 55.0%
Inpainting, 60.0%
Inpainting, 65.0%
Inpainting, 70.0%
Inpainting, 75.0%
Inpainting, 80.0%
Inpainting, 85.0%
Inpainting, 90.0%
Inpainting, 95.0%
Inpainting, 100.0%
Inpainting MSE (masked region): 0.018701
Inpainting MAE (masked region): 0.089900
[Plot] Saved inpainting results to output_new/inpainting_Nov18_2149_256_0.1/inpainting_results/inpainting_0.99_20251118_220205.png
MSE Loss at 99.0% known data and lambda 3: 0.018701

Testing inpainting with 99.0% known data and lambda 5:
Inpainting, 5.0%
Inpainting, 10.0%
Inpainting, 15.0%
Inpainting, 20.0%
Inpainting, 25.0%
Inpainting, 30.0%
Inpainting, 35.0%
Inpainting, 40.0%
Inpainting, 45.0%
Inpainting, 50.0%
Inpainting, 55.0%
Inpainting, 60.0%
Inpainting, 65.0%
Inpainting, 70.0%
Inpainting, 75.0%
Inpainting, 80.0%
Inpainting, 85.0%
Inpainting, 90.0%
Inpainting, 95.0%
Inpainting, 100.0%
Inpainting MSE (masked region): 0.016189
Inpainting MAE (masked region): 0.076993
[Plot] Saved inpainting results to output_new/inpainting_Nov18_2149_256_0.1/inpainting_results/inpainting_0.99_20251118_220328.png
MSE Loss at 99.0% known data and lambda 5: 0.016189

Testing inpainting with 99.0% known data and lambda 10:
Inpainting, 5.0%
Inpainting, 10.0%
Inpainting, 15.0%
Inpainting, 20.0%
Inpainting, 25.0%
Inpainting, 30.0%
Inpainting, 35.0%
Inpainting, 40.0%
Inpainting, 45.0%
Inpainting, 50.0%
Inpainting, 55.0%
Inpainting, 60.0%
Inpainting, 65.0%
Inpainting, 70.0%
Inpainting, 75.0%
Inpainting, 80.0%
Inpainting, 85.0%
Inpainting, 90.0%
Inpainting, 95.0%
Inpainting, 100.0%
Inpainting MSE (masked region): 0.014175
Inpainting MAE (masked region): 0.073826
[Plot] Saved inpainting results to output_new/inpainting_Nov18_2149_256_0.1/inpainting_results/inpainting_0.99_20251118_220451.png
MSE Loss at 99.0% known data and lambda 10: 0.014175

Testing inpainting with 90.0% known data and lambda 0.0:
Inpainting, 5.0%
Inpainting, 10.0%
Inpainting, 15.0%
Inpainting, 20.0%
Inpainting, 25.0%
Inpainting, 30.0%
Inpainting, 35.0%
Inpainting, 40.0%
Inpainting, 45.0%
Inpainting, 50.0%
Inpainting, 55.0%
Inpainting, 60.0%
Inpainting, 65.0%
Inpainting, 70.0%
Inpainting, 75.0%
Inpainting, 80.0%
Inpainting, 85.0%
Inpainting, 90.0%
Inpainting, 95.0%
Inpainting, 100.0%
Inpainting MSE (masked region): 0.021204
Inpainting MAE (masked region): 0.085233
[Plot] Saved inpainting results to output_new/inpainting_Nov18_2149_256_0.1/inpainting_results/inpainting_0.9_20251118_220615.png
MSE Loss at 90.0% known data and lambda 0.0: 0.021204

Testing inpainting with 90.0% known data and lambda 0.01:
Inpainting, 5.0%
Inpainting, 10.0%
Inpainting, 15.0%
Inpainting, 20.0%
Inpainting, 25.0%
Inpainting, 30.0%
Inpainting, 35.0%
Inpainting, 40.0%
Inpainting, 45.0%
Inpainting, 50.0%
Inpainting, 55.0%
Inpainting, 60.0%
Inpainting, 65.0%
Inpainting, 70.0%
Inpainting, 75.0%
Inpainting, 80.0%
Inpainting, 85.0%
Inpainting, 90.0%
Inpainting, 95.0%
Inpainting, 100.0%
Inpainting MSE (masked region): 0.013432
Inpainting MAE (masked region): 0.074404
[Plot] Saved inpainting results to output_new/inpainting_Nov18_2149_256_0.1/inpainting_results/inpainting_0.9_20251118_220738.png
MSE Loss at 90.0% known data and lambda 0.01: 0.013432

Testing inpainting with 90.0% known data and lambda 0.03:
Inpainting, 5.0%
Inpainting, 10.0%
Inpainting, 15.0%
Inpainting, 20.0%
Inpainting, 25.0%
Inpainting, 30.0%
Inpainting, 35.0%
Inpainting, 40.0%
Inpainting, 45.0%
Inpainting, 50.0%
Inpainting, 55.0%
Inpainting, 60.0%
Inpainting, 65.0%
Inpainting, 70.0%
Inpainting, 75.0%
Inpainting, 80.0%
Inpainting, 85.0%
Inpainting, 90.0%
Inpainting, 95.0%
Inpainting, 100.0%
Inpainting MSE (masked region): 0.015938
Inpainting MAE (masked region): 0.077484
[Plot] Saved inpainting results to output_new/inpainting_Nov18_2149_256_0.1/inpainting_results/inpainting_0.9_20251118_220901.png
MSE Loss at 90.0% known data and lambda 0.03: 0.015938

Testing inpainting with 90.0% known data and lambda 0.05:
Inpainting, 5.0%
Inpainting, 10.0%
Inpainting, 15.0%
Inpainting, 20.0%
Inpainting, 25.0%
Inpainting, 30.0%
Inpainting, 35.0%
Inpainting, 40.0%
Inpainting, 45.0%
Inpainting, 50.0%
Inpainting, 55.0%
Inpainting, 60.0%
Inpainting, 65.0%
Inpainting, 70.0%
Inpainting, 75.0%
Inpainting, 80.0%
Inpainting, 85.0%
Inpainting, 90.0%
Inpainting, 95.0%
Inpainting, 100.0%
Inpainting MSE (masked region): 0.015591
Inpainting MAE (masked region): 0.081134
[Plot] Saved inpainting results to output_new/inpainting_Nov18_2149_256_0.1/inpainting_results/inpainting_0.9_20251118_221025.png
MSE Loss at 90.0% known data and lambda 0.05: 0.015591

Testing inpainting with 90.0% known data and lambda 0.1:
Inpainting, 5.0%
Inpainting, 10.0%
Inpainting, 15.0%
Inpainting, 20.0%
Inpainting, 25.0%
Inpainting, 30.0%
Inpainting, 35.0%
Inpainting, 40.0%
Inpainting, 45.0%
Inpainting, 50.0%
Inpainting, 55.0%
Inpainting, 60.0%
Inpainting, 65.0%
Inpainting, 70.0%
Inpainting, 75.0%
Inpainting, 80.0%
Inpainting, 85.0%
Inpainting, 90.0%
Inpainting, 95.0%
Inpainting, 100.0%
Inpainting MSE (masked region): 0.022284
Inpainting MAE (masked region): 0.098298
[Plot] Saved inpainting results to output_new/inpainting_Nov18_2149_256_0.1/inpainting_results/inpainting_0.9_20251118_221148.png
MSE Loss at 90.0% known data and lambda 0.1: 0.022284

Testing inpainting with 90.0% known data and lambda 0.3:
Inpainting, 5.0%
Inpainting, 10.0%
Inpainting, 15.0%
Inpainting, 20.0%
Inpainting, 25.0%
Inpainting, 30.0%
Inpainting, 35.0%
Inpainting, 40.0%
Inpainting, 45.0%
Inpainting, 50.0%
Inpainting, 55.0%
Inpainting, 60.0%
Inpainting, 65.0%
Inpainting, 70.0%
Inpainting, 75.0%
Inpainting, 80.0%
Inpainting, 85.0%
Inpainting, 90.0%
Inpainting, 95.0%
Inpainting, 100.0%
Inpainting MSE (masked region): 0.022088
Inpainting MAE (masked region): 0.094739
[Plot] Saved inpainting results to output_new/inpainting_Nov18_2149_256_0.1/inpainting_results/inpainting_0.9_20251118_221311.png
MSE Loss at 90.0% known data and lambda 0.3: 0.022088

Testing inpainting with 90.0% known data and lambda 0.5:
Inpainting, 5.0%
Inpainting, 10.0%
Inpainting, 15.0%
Inpainting, 20.0%
Inpainting, 25.0%
Inpainting, 30.0%
Inpainting, 35.0%
Inpainting, 40.0%
Inpainting, 45.0%
Inpainting, 50.0%
Inpainting, 55.0%
Inpainting, 60.0%
Inpainting, 65.0%
Inpainting, 70.0%
Inpainting, 75.0%
Inpainting, 80.0%
Inpainting, 85.0%
Inpainting, 90.0%
Inpainting, 95.0%
Inpainting, 100.0%
Inpainting MSE (masked region): 0.022380
Inpainting MAE (masked region): 0.095638
[Plot] Saved inpainting results to output_new/inpainting_Nov18_2149_256_0.1/inpainting_results/inpainting_0.9_20251118_221435.png
MSE Loss at 90.0% known data and lambda 0.5: 0.022380

Testing inpainting with 90.0% known data and lambda 1:
Inpainting, 5.0%
Inpainting, 10.0%
Inpainting, 15.0%
Inpainting, 20.0%
Inpainting, 25.0%
Inpainting, 30.0%
Inpainting, 35.0%
Inpainting, 40.0%
Inpainting, 45.0%
Inpainting, 50.0%
Inpainting, 55.0%
Inpainting, 60.0%
Inpainting, 65.0%
Inpainting, 70.0%
Inpainting, 75.0%
Inpainting, 80.0%
Inpainting, 85.0%
Inpainting, 90.0%
Inpainting, 95.0%
Inpainting, 100.0%
Inpainting MSE (masked region): 0.017016
Inpainting MAE (masked region): 0.078982
[Plot] Saved inpainting results to output_new/inpainting_Nov18_2149_256_0.1/inpainting_results/inpainting_0.9_20251118_221558.png
MSE Loss at 90.0% known data and lambda 1: 0.017016

Testing inpainting with 90.0% known data and lambda 3:
Inpainting, 5.0%
Inpainting, 10.0%
Inpainting, 15.0%
Inpainting, 20.0%
Inpainting, 25.0%
Inpainting, 30.0%
Inpainting, 35.0%
Inpainting, 40.0%
Inpainting, 45.0%
Inpainting, 50.0%
Inpainting, 55.0%
Inpainting, 60.0%
Inpainting, 65.0%
Inpainting, 70.0%
Inpainting, 75.0%
Inpainting, 80.0%
Inpainting, 85.0%
Inpainting, 90.0%
Inpainting, 95.0%
Inpainting, 100.0%
Inpainting MSE (masked region): 0.014815
Inpainting MAE (masked region): 0.076220
[Plot] Saved inpainting results to output_new/inpainting_Nov18_2149_256_0.1/inpainting_results/inpainting_0.9_20251118_221722.png
MSE Loss at 90.0% known data and lambda 3: 0.014815

Testing inpainting with 90.0% known data and lambda 5:
Inpainting, 5.0%
Inpainting, 10.0%
Inpainting, 15.0%
Inpainting, 20.0%
Inpainting, 25.0%
Inpainting, 30.0%
Inpainting, 35.0%
Inpainting, 40.0%
Inpainting, 45.0%
Inpainting, 50.0%
Inpainting, 55.0%
Inpainting, 60.0%
Inpainting, 65.0%
Inpainting, 70.0%
Inpainting, 75.0%
Inpainting, 80.0%
Inpainting, 85.0%
Inpainting, 90.0%
Inpainting, 95.0%
Inpainting, 100.0%
Inpainting MSE (masked region): 0.026908
Inpainting MAE (masked region): 0.106720
[Plot] Saved inpainting results to output_new/inpainting_Nov18_2149_256_0.1/inpainting_results/inpainting_0.9_20251118_221845.png
MSE Loss at 90.0% known data and lambda 5: 0.026908

Testing inpainting with 90.0% known data and lambda 10:
Inpainting, 5.0%
Inpainting, 10.0%
Inpainting, 15.0%
Inpainting, 20.0%
Inpainting, 25.0%
Inpainting, 30.0%
Inpainting, 35.0%
Inpainting, 40.0%
Inpainting, 45.0%
Inpainting, 50.0%
Inpainting, 55.0%
Inpainting, 60.0%
Inpainting, 65.0%
Inpainting, 70.0%
Inpainting, 75.0%
Inpainting, 80.0%
Inpainting, 85.0%
Inpainting, 90.0%
Inpainting, 95.0%
Inpainting, 100.0%
Inpainting MSE (masked region): 0.021395
Inpainting MAE (masked region): 0.088836
[Plot] Saved inpainting results to output_new/inpainting_Nov18_2149_256_0.1/inpainting_results/inpainting_0.9_20251118_222008.png
MSE Loss at 90.0% known data and lambda 10: 0.021395

Testing inpainting with 80.0% known data and lambda 0.0:
Inpainting, 5.0%
Inpainting, 10.0%
Inpainting, 15.0%
Inpainting, 20.0%
Inpainting, 25.0%
Inpainting, 30.0%
Inpainting, 35.0%
Inpainting, 40.0%
Inpainting, 45.0%
Inpainting, 50.0%
Inpainting, 55.0%
Inpainting, 60.0%
Inpainting, 65.0%
Inpainting, 70.0%
Inpainting, 75.0%
Inpainting, 80.0%
Inpainting, 85.0%
Inpainting, 90.0%
Inpainting, 95.0%
Inpainting, 100.0%
Inpainting MSE (masked region): 0.018783
Inpainting MAE (masked region): 0.089521
[Plot] Saved inpainting results to output_new/inpainting_Nov18_2149_256_0.1/inpainting_results/inpainting_0.8_20251118_222131.png
MSE Loss at 80.0% known data and lambda 0.0: 0.018783

Testing inpainting with 80.0% known data and lambda 0.01:
Inpainting, 5.0%
Inpainting, 10.0%
Inpainting, 15.0%
Inpainting, 20.0%
Inpainting, 25.0%
Inpainting, 30.0%
Inpainting, 35.0%
Inpainting, 40.0%
Inpainting, 45.0%
Inpainting, 50.0%
Inpainting, 55.0%
Inpainting, 60.0%
Inpainting, 65.0%
Inpainting, 70.0%
Inpainting, 75.0%
Inpainting, 80.0%
Inpainting, 85.0%
Inpainting, 90.0%
Inpainting, 95.0%
Inpainting, 100.0%
Inpainting MSE (masked region): 0.026051
Inpainting MAE (masked region): 0.103588
[Plot] Saved inpainting results to output_new/inpainting_Nov18_2149_256_0.1/inpainting_results/inpainting_0.8_20251118_222255.png
MSE Loss at 80.0% known data and lambda 0.01: 0.026051

Testing inpainting with 80.0% known data and lambda 0.03:
Inpainting, 5.0%
Inpainting, 10.0%
Inpainting, 15.0%
Inpainting, 20.0%
Inpainting, 25.0%
Inpainting, 30.0%
Inpainting, 35.0%
Inpainting, 40.0%
Inpainting, 45.0%
Inpainting, 50.0%
Inpainting, 55.0%
Inpainting, 60.0%
Inpainting, 65.0%
Inpainting, 70.0%
Inpainting, 75.0%
Inpainting, 80.0%
Inpainting, 85.0%
Inpainting, 90.0%
Inpainting, 95.0%
Inpainting, 100.0%
Inpainting MSE (masked region): 0.023651
Inpainting MAE (masked region): 0.097469
[Plot] Saved inpainting results to output_new/inpainting_Nov18_2149_256_0.1/inpainting_results/inpainting_0.8_20251118_222418.png
MSE Loss at 80.0% known data and lambda 0.03: 0.023651

Testing inpainting with 80.0% known data and lambda 0.05:
Inpainting, 5.0%
Inpainting, 10.0%
Inpainting, 15.0%
Inpainting, 20.0%
Inpainting, 25.0%
Inpainting, 30.0%
Inpainting, 35.0%
Inpainting, 40.0%
Inpainting, 45.0%
Inpainting, 50.0%
Inpainting, 55.0%
Inpainting, 60.0%
Inpainting, 65.0%
Inpainting, 70.0%
Inpainting, 75.0%
Inpainting, 80.0%
Inpainting, 85.0%
Inpainting, 90.0%
Inpainting, 95.0%
Inpainting, 100.0%
Inpainting MSE (masked region): 0.025390
Inpainting MAE (masked region): 0.099379
[Plot] Saved inpainting results to output_new/inpainting_Nov18_2149_256_0.1/inpainting_results/inpainting_0.8_20251118_222542.png
MSE Loss at 80.0% known data and lambda 0.05: 0.025390

Testing inpainting with 80.0% known data and lambda 0.1:
Inpainting, 5.0%
Inpainting, 10.0%
Inpainting, 15.0%
Inpainting, 20.0%
Inpainting, 25.0%
Inpainting, 30.0%
Inpainting, 35.0%
Inpainting, 40.0%
Inpainting, 45.0%
Inpainting, 50.0%
Inpainting, 55.0%
Inpainting, 60.0%
Inpainting, 65.0%
Inpainting, 70.0%
Inpainting, 75.0%
Inpainting, 80.0%
Inpainting, 85.0%
Inpainting, 90.0%
Inpainting, 95.0%
Inpainting, 100.0%
Inpainting MSE (masked region): 0.020774
Inpainting MAE (masked region): 0.096326
[Plot] Saved inpainting results to output_new/inpainting_Nov18_2149_256_0.1/inpainting_results/inpainting_0.8_20251118_222705.png
MSE Loss at 80.0% known data and lambda 0.1: 0.020774

Testing inpainting with 80.0% known data and lambda 0.3:
Inpainting, 5.0%
Inpainting, 10.0%
Inpainting, 15.0%
Inpainting, 20.0%
Inpainting, 25.0%
Inpainting, 30.0%
Inpainting, 35.0%
Inpainting, 40.0%
Inpainting, 45.0%
Inpainting, 50.0%
Inpainting, 55.0%
Inpainting, 60.0%
Inpainting, 65.0%
Inpainting, 70.0%
Inpainting, 75.0%
Inpainting, 80.0%
Inpainting, 85.0%
Inpainting, 90.0%
Inpainting, 95.0%
Inpainting, 100.0%
Inpainting MSE (masked region): 0.025084
Inpainting MAE (masked region): 0.095802
[Plot] Saved inpainting results to output_new/inpainting_Nov18_2149_256_0.1/inpainting_results/inpainting_0.8_20251118_222829.png
MSE Loss at 80.0% known data and lambda 0.3: 0.025084

Testing inpainting with 80.0% known data and lambda 0.5:
Inpainting, 5.0%
Inpainting, 10.0%
Inpainting, 15.0%
Inpainting, 20.0%
Inpainting, 25.0%
Inpainting, 30.0%
Inpainting, 35.0%
Inpainting, 40.0%
Inpainting, 45.0%
Inpainting, 50.0%
Inpainting, 55.0%
Inpainting, 60.0%
Inpainting, 65.0%
Inpainting, 70.0%
Inpainting, 75.0%
Inpainting, 80.0%
Inpainting, 85.0%
Inpainting, 90.0%
Inpainting, 95.0%
Inpainting, 100.0%
Inpainting MSE (masked region): 0.019751
Inpainting MAE (masked region): 0.093220
[Plot] Saved inpainting results to output_new/inpainting_Nov18_2149_256_0.1/inpainting_results/inpainting_0.8_20251118_222952.png
MSE Loss at 80.0% known data and lambda 0.5: 0.019751

Testing inpainting with 80.0% known data and lambda 1:
Inpainting, 5.0%
Inpainting, 10.0%
Inpainting, 15.0%
Inpainting, 20.0%
Inpainting, 25.0%
Inpainting, 30.0%
Inpainting, 35.0%
Inpainting, 40.0%
Inpainting, 45.0%
Inpainting, 50.0%
Inpainting, 55.0%
Inpainting, 60.0%
Inpainting, 65.0%
Inpainting, 70.0%
Inpainting, 75.0%
Inpainting, 80.0%
Inpainting, 85.0%
Inpainting, 90.0%
Inpainting, 95.0%
Inpainting, 100.0%
Inpainting MSE (masked region): 0.019618
Inpainting MAE (masked region): 0.088937
[Plot] Saved inpainting results to output_new/inpainting_Nov18_2149_256_0.1/inpainting_results/inpainting_0.8_20251118_223115.png
MSE Loss at 80.0% known data and lambda 1: 0.019618

Testing inpainting with 80.0% known data and lambda 3:
Inpainting, 5.0%
Inpainting, 10.0%
Inpainting, 15.0%
Inpainting, 20.0%
Inpainting, 25.0%
Inpainting, 30.0%
Inpainting, 35.0%
Inpainting, 40.0%
Inpainting, 45.0%
Inpainting, 50.0%
Inpainting, 55.0%
Inpainting, 60.0%
Inpainting, 65.0%
Inpainting, 70.0%
Inpainting, 75.0%
Inpainting, 80.0%
Inpainting, 85.0%
Inpainting, 90.0%
Inpainting, 95.0%
Inpainting, 100.0%
Inpainting MSE (masked region): 0.028012
Inpainting MAE (masked region): 0.092392
[Plot] Saved inpainting results to output_new/inpainting_Nov18_2149_256_0.1/inpainting_results/inpainting_0.8_20251118_223239.png
MSE Loss at 80.0% known data and lambda 3: 0.028012

Testing inpainting with 80.0% known data and lambda 5:
Inpainting, 5.0%
Inpainting, 10.0%
Inpainting, 15.0%
Inpainting, 20.0%
Inpainting, 25.0%
Inpainting, 30.0%
Inpainting, 35.0%
Inpainting, 40.0%
Inpainting, 45.0%
Inpainting, 50.0%
Inpainting, 55.0%
Inpainting, 60.0%
Inpainting, 65.0%
Inpainting, 70.0%
Inpainting, 75.0%
Inpainting, 80.0%
Inpainting, 85.0%
Inpainting, 90.0%
Inpainting, 95.0%
Inpainting, 100.0%
Inpainting MSE (masked region): 0.011392
Inpainting MAE (masked region): 0.069928
[Plot] Saved inpainting results to output_new/inpainting_Nov18_2149_256_0.1/inpainting_results/inpainting_0.8_20251118_223402.png
MSE Loss at 80.0% known data and lambda 5: 0.011392

Testing inpainting with 80.0% known data and lambda 10:
Inpainting, 5.0%
Inpainting, 10.0%
Inpainting, 15.0%
Inpainting, 20.0%
Inpainting, 25.0%
Inpainting, 30.0%
Inpainting, 35.0%
Inpainting, 40.0%
Inpainting, 45.0%
Inpainting, 50.0%
Inpainting, 55.0%
Inpainting, 60.0%
Inpainting, 65.0%
Inpainting, 70.0%
Inpainting, 75.0%
Inpainting, 80.0%
Inpainting, 85.0%
Inpainting, 90.0%
Inpainting, 95.0%
Inpainting, 100.0%
Inpainting MSE (masked region): 0.014385
Inpainting MAE (masked region): 0.076847
[Plot] Saved inpainting results to output_new/inpainting_Nov18_2149_256_0.1/inpainting_results/inpainting_0.8_20251118_223525.png
MSE Loss at 80.0% known data and lambda 10: 0.014385

Testing inpainting with 70.0% known data and lambda 0.0:
Inpainting, 5.0%
Inpainting, 10.0%
Inpainting, 15.0%
Inpainting, 20.0%
Inpainting, 25.0%
Inpainting, 30.0%
Inpainting, 35.0%
Inpainting, 40.0%
Inpainting, 45.0%
Inpainting, 50.0%
Inpainting, 55.0%
Inpainting, 60.0%
Inpainting, 65.0%
Inpainting, 70.0%
Inpainting, 75.0%
Inpainting, 80.0%
Inpainting, 85.0%
Inpainting, 90.0%
Inpainting, 95.0%
Inpainting, 100.0%
Inpainting MSE (masked region): 0.020634
Inpainting MAE (masked region): 0.086235
[Plot] Saved inpainting results to output_new/inpainting_Nov18_2149_256_0.1/inpainting_results/inpainting_0.7_20251118_223649.png
MSE Loss at 70.0% known data and lambda 0.0: 0.020634

Testing inpainting with 70.0% known data and lambda 0.01:
Inpainting, 5.0%
Inpainting, 10.0%
Inpainting, 15.0%
Inpainting, 20.0%
Inpainting, 25.0%
Inpainting, 30.0%
Inpainting, 35.0%
Inpainting, 40.0%
Inpainting, 45.0%
Inpainting, 50.0%
Inpainting, 55.0%
Inpainting, 60.0%
Inpainting, 65.0%
Inpainting, 70.0%
Inpainting, 75.0%
Inpainting, 80.0%
Inpainting, 85.0%
Inpainting, 90.0%
Inpainting, 95.0%
Inpainting, 100.0%
Inpainting MSE (masked region): 0.022330
Inpainting MAE (masked region): 0.092911
[Plot] Saved inpainting results to output_new/inpainting_Nov18_2149_256_0.1/inpainting_results/inpainting_0.7_20251118_223812.png
MSE Loss at 70.0% known data and lambda 0.01: 0.022330

Testing inpainting with 70.0% known data and lambda 0.03:
Inpainting, 5.0%
Inpainting, 10.0%
Inpainting, 15.0%
Inpainting, 20.0%
Inpainting, 25.0%
Inpainting, 30.0%
Inpainting, 35.0%
Inpainting, 40.0%
Inpainting, 45.0%
Inpainting, 50.0%
Inpainting, 55.0%
Inpainting, 60.0%
Inpainting, 65.0%
Inpainting, 70.0%
Inpainting, 75.0%
Inpainting, 80.0%
Inpainting, 85.0%
Inpainting, 90.0%
Inpainting, 95.0%
Inpainting, 100.0%
Inpainting MSE (masked region): 0.021340
Inpainting MAE (masked region): 0.086346
[Plot] Saved inpainting results to output_new/inpainting_Nov18_2149_256_0.1/inpainting_results/inpainting_0.7_20251118_223936.png
MSE Loss at 70.0% known data and lambda 0.03: 0.021340

Testing inpainting with 70.0% known data and lambda 0.05:
Inpainting, 5.0%
Inpainting, 10.0%
Inpainting, 15.0%
Inpainting, 20.0%
Inpainting, 25.0%
Inpainting, 30.0%
Inpainting, 35.0%
Inpainting, 40.0%
Inpainting, 45.0%
Inpainting, 50.0%
Inpainting, 55.0%
Inpainting, 60.0%
Inpainting, 65.0%
Inpainting, 70.0%
Inpainting, 75.0%
Inpainting, 80.0%
Inpainting, 85.0%
Inpainting, 90.0%
Inpainting, 95.0%
Inpainting, 100.0%
Inpainting MSE (masked region): 0.019925
Inpainting MAE (masked region): 0.085731
[Plot] Saved inpainting results to output_new/inpainting_Nov18_2149_256_0.1/inpainting_results/inpainting_0.7_20251118_224059.png
MSE Loss at 70.0% known data and lambda 0.05: 0.019925

Testing inpainting with 70.0% known data and lambda 0.1:
Inpainting, 5.0%
Inpainting, 10.0%
Inpainting, 15.0%
Inpainting, 20.0%
Inpainting, 25.0%
Inpainting, 30.0%
Inpainting, 35.0%
Inpainting, 40.0%
Inpainting, 45.0%
Inpainting, 50.0%
Inpainting, 55.0%
Inpainting, 60.0%
Inpainting, 65.0%
Inpainting, 70.0%
Inpainting, 75.0%
Inpainting, 80.0%
Inpainting, 85.0%
Inpainting, 90.0%
Inpainting, 95.0%
Inpainting, 100.0%
Inpainting MSE (masked region): 0.020911
Inpainting MAE (masked region): 0.092569
[Plot] Saved inpainting results to output_new/inpainting_Nov18_2149_256_0.1/inpainting_results/inpainting_0.7_20251118_224222.png
MSE Loss at 70.0% known data and lambda 0.1: 0.020911

Testing inpainting with 70.0% known data and lambda 0.3:
Inpainting, 5.0%
Inpainting, 10.0%
Inpainting, 15.0%
Inpainting, 20.0%
Inpainting, 25.0%
Inpainting, 30.0%
Inpainting, 35.0%
Inpainting, 40.0%
Inpainting, 45.0%
Inpainting, 50.0%
Inpainting, 55.0%
Inpainting, 60.0%
Inpainting, 65.0%
Inpainting, 70.0%
Inpainting, 75.0%
Inpainting, 80.0%
Inpainting, 85.0%
Inpainting, 90.0%
Inpainting, 95.0%
Inpainting, 100.0%
Inpainting MSE (masked region): 0.023656
Inpainting MAE (masked region): 0.099117
[Plot] Saved inpainting results to output_new/inpainting_Nov18_2149_256_0.1/inpainting_results/inpainting_0.7_20251118_224346.png
MSE Loss at 70.0% known data and lambda 0.3: 0.023656

Testing inpainting with 70.0% known data and lambda 0.5:
Inpainting, 5.0%
Inpainting, 10.0%
Inpainting, 15.0%
Inpainting, 20.0%
Inpainting, 25.0%
Inpainting, 30.0%
Inpainting, 35.0%
Inpainting, 40.0%
Inpainting, 45.0%
Inpainting, 50.0%
Inpainting, 55.0%
Inpainting, 60.0%
Inpainting, 65.0%
Inpainting, 70.0%
Inpainting, 75.0%
Inpainting, 80.0%
Inpainting, 85.0%
Inpainting, 90.0%
Inpainting, 95.0%
Inpainting, 100.0%
Inpainting MSE (masked region): 0.028088
Inpainting MAE (masked region): 0.106071
[Plot] Saved inpainting results to output_new/inpainting_Nov18_2149_256_0.1/inpainting_results/inpainting_0.7_20251118_224509.png
MSE Loss at 70.0% known data and lambda 0.5: 0.028088

Testing inpainting with 70.0% known data and lambda 1:
Inpainting, 5.0%
Inpainting, 10.0%
Inpainting, 15.0%
Inpainting, 20.0%
Inpainting, 25.0%
Inpainting, 30.0%
Inpainting, 35.0%
Inpainting, 40.0%
Inpainting, 45.0%
Inpainting, 50.0%
Inpainting, 55.0%
Inpainting, 60.0%
Inpainting, 65.0%
Inpainting, 70.0%
Inpainting, 75.0%
Inpainting, 80.0%
Inpainting, 85.0%
Inpainting, 90.0%
Inpainting, 95.0%
Inpainting, 100.0%
Inpainting MSE (masked region): 0.022277
Inpainting MAE (masked region): 0.095081
[Plot] Saved inpainting results to output_new/inpainting_Nov18_2149_256_0.1/inpainting_results/inpainting_0.7_20251118_224633.png
MSE Loss at 70.0% known data and lambda 1: 0.022277

Testing inpainting with 70.0% known data and lambda 3:
Inpainting, 5.0%
Inpainting, 10.0%
Inpainting, 15.0%
Inpainting, 20.0%
Inpainting, 25.0%
Inpainting, 30.0%
Inpainting, 35.0%
Inpainting, 40.0%
Inpainting, 45.0%
Inpainting, 50.0%
Inpainting, 55.0%
Inpainting, 60.0%
Inpainting, 65.0%
Inpainting, 70.0%
Inpainting, 75.0%
Inpainting, 80.0%
Inpainting, 85.0%
Inpainting, 90.0%
Inpainting, 95.0%
Inpainting, 100.0%
Inpainting MSE (masked region): 0.030244
Inpainting MAE (masked region): 0.105037
[Plot] Saved inpainting results to output_new/inpainting_Nov18_2149_256_0.1/inpainting_results/inpainting_0.7_20251118_224756.png
MSE Loss at 70.0% known data and lambda 3: 0.030244

Testing inpainting with 70.0% known data and lambda 5:
Inpainting, 5.0%
Inpainting, 10.0%
Inpainting, 15.0%
Inpainting, 20.0%
Inpainting, 25.0%
Inpainting, 30.0%
Inpainting, 35.0%
Inpainting, 40.0%
Inpainting, 45.0%
Inpainting, 50.0%
Inpainting, 55.0%
Inpainting, 60.0%
Inpainting, 65.0%
Inpainting, 70.0%
Inpainting, 75.0%
Inpainting, 80.0%
Inpainting, 85.0%
Inpainting, 90.0%
Inpainting, 95.0%
Inpainting, 100.0%
Inpainting MSE (masked region): 0.023664
Inpainting MAE (masked region): 0.098645
[Plot] Saved inpainting results to output_new/inpainting_Nov18_2149_256_0.1/inpainting_results/inpainting_0.7_20251118_224919.png
MSE Loss at 70.0% known data and lambda 5: 0.023664

Testing inpainting with 70.0% known data and lambda 10:
Inpainting, 5.0%
Inpainting, 10.0%
Inpainting, 15.0%
Inpainting, 20.0%
Inpainting, 25.0%
Inpainting, 30.0%
Inpainting, 35.0%
Inpainting, 40.0%
Inpainting, 45.0%
Inpainting, 50.0%
Inpainting, 55.0%
Inpainting, 60.0%
Inpainting, 65.0%
Inpainting, 70.0%
Inpainting, 75.0%
Inpainting, 80.0%
Inpainting, 85.0%
Inpainting, 90.0%
Inpainting, 95.0%
Inpainting, 100.0%
Inpainting MSE (masked region): 0.034901
Inpainting MAE (masked region): 0.121527
[Plot] Saved inpainting results to output_new/inpainting_Nov18_2149_256_0.1/inpainting_results/inpainting_0.7_20251118_225043.png
MSE Loss at 70.0% known data and lambda 10: 0.034901

Testing inpainting with 60.0% known data and lambda 0.0:
Inpainting, 5.0%
Inpainting, 10.0%
Inpainting, 15.0%
Inpainting, 20.0%
Inpainting, 25.0%
Inpainting, 30.0%
Inpainting, 35.0%
Inpainting, 40.0%
Inpainting, 45.0%
Inpainting, 50.0%
Inpainting, 55.0%
Inpainting, 60.0%
Inpainting, 65.0%
Inpainting, 70.0%
Inpainting, 75.0%
Inpainting, 80.0%
Inpainting, 85.0%
Inpainting, 90.0%
Inpainting, 95.0%
Inpainting, 100.0%
Inpainting MSE (masked region): 0.019085
Inpainting MAE (masked region): 0.085260
[Plot] Saved inpainting results to output_new/inpainting_Nov18_2149_256_0.1/inpainting_results/inpainting_0.6_20251118_225206.png
MSE Loss at 60.0% known data and lambda 0.0: 0.019085

Testing inpainting with 60.0% known data and lambda 0.01:
Inpainting, 5.0%
Inpainting, 10.0%
Inpainting, 15.0%
Inpainting, 20.0%
Inpainting, 25.0%
Inpainting, 30.0%
Inpainting, 35.0%
Inpainting, 40.0%
Inpainting, 45.0%
Inpainting, 50.0%
Inpainting, 55.0%
Inpainting, 60.0%
Inpainting, 65.0%
Inpainting, 70.0%
Inpainting, 75.0%
Inpainting, 80.0%
Inpainting, 85.0%
Inpainting, 90.0%
Inpainting, 95.0%
Inpainting, 100.0%
Inpainting MSE (masked region): 0.024761
Inpainting MAE (masked region): 0.097049
[Plot] Saved inpainting results to output_new/inpainting_Nov18_2149_256_0.1/inpainting_results/inpainting_0.6_20251118_225330.png
MSE Loss at 60.0% known data and lambda 0.01: 0.024761

Testing inpainting with 60.0% known data and lambda 0.03:
Inpainting, 5.0%
Inpainting, 10.0%
Inpainting, 15.0%
Inpainting, 20.0%
Inpainting, 25.0%
Inpainting, 30.0%
Inpainting, 35.0%
Inpainting, 40.0%
Inpainting, 45.0%
Inpainting, 50.0%
Inpainting, 55.0%
Inpainting, 60.0%
Inpainting, 65.0%
Inpainting, 70.0%
Inpainting, 75.0%
Inpainting, 80.0%
Inpainting, 85.0%
Inpainting, 90.0%
Inpainting, 95.0%
Inpainting, 100.0%
Inpainting MSE (masked region): 0.038242
Inpainting MAE (masked region): 0.113479
[Plot] Saved inpainting results to output_new/inpainting_Nov18_2149_256_0.1/inpainting_results/inpainting_0.6_20251118_225453.png
MSE Loss at 60.0% known data and lambda 0.03: 0.038242

Testing inpainting with 60.0% known data and lambda 0.05:
Inpainting, 5.0%
Inpainting, 10.0%
Inpainting, 15.0%
Inpainting, 20.0%
Inpainting, 25.0%
Inpainting, 30.0%
Inpainting, 35.0%
Inpainting, 40.0%
Inpainting, 45.0%
Inpainting, 50.0%
Inpainting, 55.0%
Inpainting, 60.0%
Inpainting, 65.0%
Inpainting, 70.0%
Inpainting, 75.0%
Inpainting, 80.0%
Inpainting, 85.0%
Inpainting, 90.0%
Inpainting, 95.0%
Inpainting, 100.0%
Inpainting MSE (masked region): 0.018011
Inpainting MAE (masked region): 0.086417
[Plot] Saved inpainting results to output_new/inpainting_Nov18_2149_256_0.1/inpainting_results/inpainting_0.6_20251118_225616.png
MSE Loss at 60.0% known data and lambda 0.05: 0.018011

Testing inpainting with 60.0% known data and lambda 0.1:
Inpainting, 5.0%
Inpainting, 10.0%
Inpainting, 15.0%
Inpainting, 20.0%
Inpainting, 25.0%
Inpainting, 30.0%
Inpainting, 35.0%
Inpainting, 40.0%
Inpainting, 45.0%
Inpainting, 50.0%
Inpainting, 55.0%
Inpainting, 60.0%
Inpainting, 65.0%
Inpainting, 70.0%
Inpainting, 75.0%
Inpainting, 80.0%
Inpainting, 85.0%
Inpainting, 90.0%
Inpainting, 95.0%
Inpainting, 100.0%
Inpainting MSE (masked region): 0.024757
Inpainting MAE (masked region): 0.095402
[Plot] Saved inpainting results to output_new/inpainting_Nov18_2149_256_0.1/inpainting_results/inpainting_0.6_20251118_225740.png
MSE Loss at 60.0% known data and lambda 0.1: 0.024757

Testing inpainting with 60.0% known data and lambda 0.3:
Inpainting, 5.0%
Inpainting, 10.0%
Inpainting, 15.0%
Inpainting, 20.0%
Inpainting, 25.0%
Inpainting, 30.0%
Inpainting, 35.0%
Inpainting, 40.0%
Inpainting, 45.0%
Inpainting, 50.0%
Inpainting, 55.0%
Inpainting, 60.0%
Inpainting, 65.0%
Inpainting, 70.0%
Inpainting, 75.0%
Inpainting, 80.0%
Inpainting, 85.0%
Inpainting, 90.0%
Inpainting, 95.0%
Inpainting, 100.0%
Inpainting MSE (masked region): 0.037036
Inpainting MAE (masked region): 0.128258
[Plot] Saved inpainting results to output_new/inpainting_Nov18_2149_256_0.1/inpainting_results/inpainting_0.6_20251118_225903.png
MSE Loss at 60.0% known data and lambda 0.3: 0.037036

Testing inpainting with 60.0% known data and lambda 0.5:
Inpainting, 5.0%
Inpainting, 10.0%
Inpainting, 15.0%
Inpainting, 20.0%
Inpainting, 25.0%
Inpainting, 30.0%
Inpainting, 35.0%
Inpainting, 40.0%
Inpainting, 45.0%
Inpainting, 50.0%
Inpainting, 55.0%
Inpainting, 60.0%
Inpainting, 65.0%
Inpainting, 70.0%
Inpainting, 75.0%
Inpainting, 80.0%
Inpainting, 85.0%
Inpainting, 90.0%
Inpainting, 95.0%
Inpainting, 100.0%
Inpainting MSE (masked region): 0.022909
Inpainting MAE (masked region): 0.096219
[Plot] Saved inpainting results to output_new/inpainting_Nov18_2149_256_0.1/inpainting_results/inpainting_0.6_20251118_230027.png
MSE Loss at 60.0% known data and lambda 0.5: 0.022909

Testing inpainting with 60.0% known data and lambda 1:
Inpainting, 5.0%
Inpainting, 10.0%
Inpainting, 15.0%
Inpainting, 20.0%
Inpainting, 25.0%
Inpainting, 30.0%
Inpainting, 35.0%
Inpainting, 40.0%
Inpainting, 45.0%
Inpainting, 50.0%
Inpainting, 55.0%
Inpainting, 60.0%
Inpainting, 65.0%
Inpainting, 70.0%
Inpainting, 75.0%
Inpainting, 80.0%
Inpainting, 85.0%
Inpainting, 90.0%
Inpainting, 95.0%
Inpainting, 100.0%
Inpainting MSE (masked region): 0.017712
Inpainting MAE (masked region): 0.084910
[Plot] Saved inpainting results to output_new/inpainting_Nov18_2149_256_0.1/inpainting_results/inpainting_0.6_20251118_230150.png
MSE Loss at 60.0% known data and lambda 1: 0.017712

Testing inpainting with 60.0% known data and lambda 3:
Inpainting, 5.0%
Inpainting, 10.0%
Inpainting, 15.0%
Inpainting, 20.0%
Inpainting, 25.0%
Inpainting, 30.0%
Inpainting, 35.0%
Inpainting, 40.0%
Inpainting, 45.0%
Inpainting, 50.0%
Inpainting, 55.0%
Inpainting, 60.0%
Inpainting, 65.0%
Inpainting, 70.0%
Inpainting, 75.0%
Inpainting, 80.0%
Inpainting, 85.0%
Inpainting, 90.0%
Inpainting, 95.0%
Inpainting, 100.0%
Inpainting MSE (masked region): 0.032465
Inpainting MAE (masked region): 0.115904
[Plot] Saved inpainting results to output_new/inpainting_Nov18_2149_256_0.1/inpainting_results/inpainting_0.6_20251118_230313.png
MSE Loss at 60.0% known data and lambda 3: 0.032465

Testing inpainting with 60.0% known data and lambda 5:
Inpainting, 5.0%
Inpainting, 10.0%
Inpainting, 15.0%
Inpainting, 20.0%
Inpainting, 25.0%
Inpainting, 30.0%
Inpainting, 35.0%
Inpainting, 40.0%
Inpainting, 45.0%
Inpainting, 50.0%
Inpainting, 55.0%
Inpainting, 60.0%
Inpainting, 65.0%
Inpainting, 70.0%
Inpainting, 75.0%
Inpainting, 80.0%
Inpainting, 85.0%
Inpainting, 90.0%
Inpainting, 95.0%
Inpainting, 100.0%
Inpainting MSE (masked region): 0.020195
Inpainting MAE (masked region): 0.094163
[Plot] Saved inpainting results to output_new/inpainting_Nov18_2149_256_0.1/inpainting_results/inpainting_0.6_20251118_230437.png
MSE Loss at 60.0% known data and lambda 5: 0.020195

Testing inpainting with 60.0% known data and lambda 10:
Inpainting, 5.0%
Inpainting, 10.0%
Inpainting, 15.0%
Inpainting, 20.0%
Inpainting, 25.0%
Inpainting, 30.0%
Inpainting, 35.0%
Inpainting, 40.0%
Inpainting, 45.0%
Inpainting, 50.0%
Inpainting, 55.0%
Inpainting, 60.0%
Inpainting, 65.0%
Inpainting, 70.0%
Inpainting, 75.0%
Inpainting, 80.0%
Inpainting, 85.0%
Inpainting, 90.0%
Inpainting, 95.0%
Inpainting, 100.0%
Inpainting MSE (masked region): 0.022629
Inpainting MAE (masked region): 0.097962
[Plot] Saved inpainting results to output_new/inpainting_Nov18_2149_256_0.1/inpainting_results/inpainting_0.6_20251118_230600.png
MSE Loss at 60.0% known data and lambda 10: 0.022629

Testing inpainting with 50.0% known data and lambda 0.0:
Inpainting, 5.0%
Inpainting, 10.0%
Inpainting, 15.0%
Inpainting, 20.0%
Inpainting, 25.0%
Inpainting, 30.0%
Inpainting, 35.0%
Inpainting, 40.0%
Inpainting, 45.0%
Inpainting, 50.0%
Inpainting, 55.0%
Inpainting, 60.0%
Inpainting, 65.0%
Inpainting, 70.0%
Inpainting, 75.0%
Inpainting, 80.0%
Inpainting, 85.0%
Inpainting, 90.0%
Inpainting, 95.0%
Inpainting, 100.0%
Inpainting MSE (masked region): 0.022223
Inpainting MAE (masked region): 0.096088
[Plot] Saved inpainting results to output_new/inpainting_Nov18_2149_256_0.1/inpainting_results/inpainting_0.5_20251118_230724.png
MSE Loss at 50.0% known data and lambda 0.0: 0.022223

Testing inpainting with 50.0% known data and lambda 0.01:
Inpainting, 5.0%
Inpainting, 10.0%
Inpainting, 15.0%
Inpainting, 20.0%
Inpainting, 25.0%
Inpainting, 30.0%
Inpainting, 35.0%
Inpainting, 40.0%
Inpainting, 45.0%
Inpainting, 50.0%
Inpainting, 55.0%
Inpainting, 60.0%
Inpainting, 65.0%
Inpainting, 70.0%
Inpainting, 75.0%
Inpainting, 80.0%
Inpainting, 85.0%
Inpainting, 90.0%
Inpainting, 95.0%
Inpainting, 100.0%
Inpainting MSE (masked region): 0.030011
Inpainting MAE (masked region): 0.119036
[Plot] Saved inpainting results to output_new/inpainting_Nov18_2149_256_0.1/inpainting_results/inpainting_0.5_20251118_230847.png
MSE Loss at 50.0% known data and lambda 0.01: 0.030011

Testing inpainting with 50.0% known data and lambda 0.03:
Inpainting, 5.0%
Inpainting, 10.0%
Inpainting, 15.0%
Inpainting, 20.0%
Inpainting, 25.0%
Inpainting, 30.0%
Inpainting, 35.0%
Inpainting, 40.0%
Inpainting, 45.0%
Inpainting, 50.0%
Inpainting, 55.0%
Inpainting, 60.0%
Inpainting, 65.0%
Inpainting, 70.0%
Inpainting, 75.0%
Inpainting, 80.0%
Inpainting, 85.0%
Inpainting, 90.0%
Inpainting, 95.0%
Inpainting, 100.0%
Inpainting MSE (masked region): 0.027958
Inpainting MAE (masked region): 0.108888
[Plot] Saved inpainting results to output_new/inpainting_Nov18_2149_256_0.1/inpainting_results/inpainting_0.5_20251118_231011.png
MSE Loss at 50.0% known data and lambda 0.03: 0.027958

Testing inpainting with 50.0% known data and lambda 0.05:
Inpainting, 5.0%
Inpainting, 10.0%
Inpainting, 15.0%
Inpainting, 20.0%
Inpainting, 25.0%
Inpainting, 30.0%
Inpainting, 35.0%
Inpainting, 40.0%
Inpainting, 45.0%
Inpainting, 50.0%
Inpainting, 55.0%
Inpainting, 60.0%
Inpainting, 65.0%
Inpainting, 70.0%
Inpainting, 75.0%
Inpainting, 80.0%
Inpainting, 85.0%
Inpainting, 90.0%
Inpainting, 95.0%
Inpainting, 100.0%
Inpainting MSE (masked region): 0.026017
Inpainting MAE (masked region): 0.110149
[Plot] Saved inpainting results to output_new/inpainting_Nov18_2149_256_0.1/inpainting_results/inpainting_0.5_20251118_231134.png
MSE Loss at 50.0% known data and lambda 0.05: 0.026017

Testing inpainting with 50.0% known data and lambda 0.1:
Inpainting, 5.0%
Inpainting, 10.0%
Inpainting, 15.0%
Inpainting, 20.0%
Inpainting, 25.0%
Inpainting, 30.0%
Inpainting, 35.0%
Inpainting, 40.0%
Inpainting, 45.0%
Inpainting, 50.0%
Inpainting, 55.0%
Inpainting, 60.0%
Inpainting, 65.0%
Inpainting, 70.0%
Inpainting, 75.0%
Inpainting, 80.0%
Inpainting, 85.0%
Inpainting, 90.0%
Inpainting, 95.0%
Inpainting, 100.0%
Inpainting MSE (masked region): 0.027837
Inpainting MAE (masked region): 0.109298
[Plot] Saved inpainting results to output_new/inpainting_Nov18_2149_256_0.1/inpainting_results/inpainting_0.5_20251118_231257.png
MSE Loss at 50.0% known data and lambda 0.1: 0.027837

Testing inpainting with 50.0% known data and lambda 0.3:
Inpainting, 5.0%
Inpainting, 10.0%
Inpainting, 15.0%
Inpainting, 20.0%
Inpainting, 25.0%
Inpainting, 30.0%
Inpainting, 35.0%
Inpainting, 40.0%
Inpainting, 45.0%
Inpainting, 50.0%
Inpainting, 55.0%
Inpainting, 60.0%
Inpainting, 65.0%
Inpainting, 70.0%
Inpainting, 75.0%
Inpainting, 80.0%
Inpainting, 85.0%
Inpainting, 90.0%
Inpainting, 95.0%
Inpainting, 100.0%
Inpainting MSE (masked region): 0.024845
Inpainting MAE (masked region): 0.104442
[Plot] Saved inpainting results to output_new/inpainting_Nov18_2149_256_0.1/inpainting_results/inpainting_0.5_20251118_231421.png
MSE Loss at 50.0% known data and lambda 0.3: 0.024845

Testing inpainting with 50.0% known data and lambda 0.5:
Inpainting, 5.0%
Inpainting, 10.0%
Inpainting, 15.0%
Inpainting, 20.0%
Inpainting, 25.0%
Inpainting, 30.0%
Inpainting, 35.0%
Inpainting, 40.0%
Inpainting, 45.0%
Inpainting, 50.0%
Inpainting, 55.0%
Inpainting, 60.0%
Inpainting, 65.0%
Inpainting, 70.0%
Inpainting, 75.0%
Inpainting, 80.0%
Inpainting, 85.0%
Inpainting, 90.0%
Inpainting, 95.0%
Inpainting, 100.0%
Inpainting MSE (masked region): 0.040650
Inpainting MAE (masked region): 0.131865
[Plot] Saved inpainting results to output_new/inpainting_Nov18_2149_256_0.1/inpainting_results/inpainting_0.5_20251118_231544.png
MSE Loss at 50.0% known data and lambda 0.5: 0.040650

Testing inpainting with 50.0% known data and lambda 1:
Inpainting, 5.0%
Inpainting, 10.0%
Inpainting, 15.0%
Inpainting, 20.0%
Inpainting, 25.0%
Inpainting, 30.0%
Inpainting, 35.0%
Inpainting, 40.0%
Inpainting, 45.0%
Inpainting, 50.0%
Inpainting, 55.0%
Inpainting, 60.0%
Inpainting, 65.0%
Inpainting, 70.0%
Inpainting, 75.0%
Inpainting, 80.0%
Inpainting, 85.0%
Inpainting, 90.0%
Inpainting, 95.0%
Inpainting, 100.0%
Inpainting MSE (masked region): 0.042426
Inpainting MAE (masked region): 0.126846
[Plot] Saved inpainting results to output_new/inpainting_Nov18_2149_256_0.1/inpainting_results/inpainting_0.5_20251118_231708.png
MSE Loss at 50.0% known data and lambda 1: 0.042426

Testing inpainting with 50.0% known data and lambda 3:
Inpainting, 5.0%
Inpainting, 10.0%
Inpainting, 15.0%
Inpainting, 20.0%
Inpainting, 25.0%
Inpainting, 30.0%
Inpainting, 35.0%
Inpainting, 40.0%
Inpainting, 45.0%
Inpainting, 50.0%
Inpainting, 55.0%
Inpainting, 60.0%
Inpainting, 65.0%
Inpainting, 70.0%
Inpainting, 75.0%
Inpainting, 80.0%
Inpainting, 85.0%
Inpainting, 90.0%
Inpainting, 95.0%
Inpainting, 100.0%
Inpainting MSE (masked region): 0.025594
Inpainting MAE (masked region): 0.100209
[Plot] Saved inpainting results to output_new/inpainting_Nov18_2149_256_0.1/inpainting_results/inpainting_0.5_20251118_231831.png
MSE Loss at 50.0% known data and lambda 3: 0.025594

Testing inpainting with 50.0% known data and lambda 5:
Inpainting, 5.0%
Inpainting, 10.0%
Inpainting, 15.0%
Inpainting, 20.0%
Inpainting, 25.0%
Inpainting, 30.0%
Inpainting, 35.0%
Inpainting, 40.0%
Inpainting, 45.0%
Inpainting, 50.0%
Inpainting, 55.0%
Inpainting, 60.0%
Inpainting, 65.0%
Inpainting, 70.0%
Inpainting, 75.0%
Inpainting, 80.0%
Inpainting, 85.0%
Inpainting, 90.0%
Inpainting, 95.0%
Inpainting, 100.0%
Inpainting MSE (masked region): 0.029988
Inpainting MAE (masked region): 0.110258
[Plot] Saved inpainting results to output_new/inpainting_Nov18_2149_256_0.1/inpainting_results/inpainting_0.5_20251118_231955.png
MSE Loss at 50.0% known data and lambda 5: 0.029988

Testing inpainting with 50.0% known data and lambda 10:
Inpainting, 5.0%
Inpainting, 10.0%
Inpainting, 15.0%
Inpainting, 20.0%
Inpainting, 25.0%
Inpainting, 30.0%
Inpainting, 35.0%
Inpainting, 40.0%
Inpainting, 45.0%
Inpainting, 50.0%
Inpainting, 55.0%
Inpainting, 60.0%
Inpainting, 65.0%
Inpainting, 70.0%
Inpainting, 75.0%
Inpainting, 80.0%
Inpainting, 85.0%
Inpainting, 90.0%
Inpainting, 95.0%
Inpainting, 100.0%
Inpainting MSE (masked region): 0.037431
Inpainting MAE (masked region): 0.120597
[Plot] Saved inpainting results to output_new/inpainting_Nov18_2149_256_0.1/inpainting_results/inpainting_0.5_20251118_232118.png
MSE Loss at 50.0% known data and lambda 10: 0.037431

Testing inpainting with 40.0% known data and lambda 0.0:
Inpainting, 5.0%
Inpainting, 10.0%
Inpainting, 15.0%
Inpainting, 20.0%
Inpainting, 25.0%
Inpainting, 30.0%
Inpainting, 35.0%
Inpainting, 40.0%
Inpainting, 45.0%
Inpainting, 50.0%
Inpainting, 55.0%
Inpainting, 60.0%
Inpainting, 65.0%
Inpainting, 70.0%
Inpainting, 75.0%
Inpainting, 80.0%
Inpainting, 85.0%
Inpainting, 90.0%
Inpainting, 95.0%
Inpainting, 100.0%
Inpainting MSE (masked region): 0.026015
Inpainting MAE (masked region): 0.103043
[Plot] Saved inpainting results to output_new/inpainting_Nov18_2149_256_0.1/inpainting_results/inpainting_0.4_20251118_232241.png
MSE Loss at 40.0% known data and lambda 0.0: 0.026015

Testing inpainting with 40.0% known data and lambda 0.01:
Inpainting, 5.0%
Inpainting, 10.0%
Inpainting, 15.0%
Inpainting, 20.0%
Inpainting, 25.0%
Inpainting, 30.0%
Inpainting, 35.0%
Inpainting, 40.0%
Inpainting, 45.0%
Inpainting, 50.0%
Inpainting, 55.0%
Inpainting, 60.0%
Inpainting, 65.0%
Inpainting, 70.0%
Inpainting, 75.0%
Inpainting, 80.0%
Inpainting, 85.0%
Inpainting, 90.0%
Inpainting, 95.0%
Inpainting, 100.0%
Inpainting MSE (masked region): 0.024833
Inpainting MAE (masked region): 0.100799
[Plot] Saved inpainting results to output_new/inpainting_Nov18_2149_256_0.1/inpainting_results/inpainting_0.4_20251118_232405.png
MSE Loss at 40.0% known data and lambda 0.01: 0.024833

Testing inpainting with 40.0% known data and lambda 0.03:
Inpainting, 5.0%
Inpainting, 10.0%
Inpainting, 15.0%
Inpainting, 20.0%
Inpainting, 25.0%
Inpainting, 30.0%
Inpainting, 35.0%
Inpainting, 40.0%
Inpainting, 45.0%
Inpainting, 50.0%
Inpainting, 55.0%
Inpainting, 60.0%
Inpainting, 65.0%
Inpainting, 70.0%
Inpainting, 75.0%
Inpainting, 80.0%
Inpainting, 85.0%
Inpainting, 90.0%
Inpainting, 95.0%
Inpainting, 100.0%
Inpainting MSE (masked region): 0.038632
Inpainting MAE (masked region): 0.121054
[Plot] Saved inpainting results to output_new/inpainting_Nov18_2149_256_0.1/inpainting_results/inpainting_0.4_20251118_232528.png
MSE Loss at 40.0% known data and lambda 0.03: 0.038632

Testing inpainting with 40.0% known data and lambda 0.05:
Inpainting, 5.0%
Inpainting, 10.0%
Inpainting, 15.0%
Inpainting, 20.0%
Inpainting, 25.0%
Inpainting, 30.0%
Inpainting, 35.0%
Inpainting, 40.0%
Inpainting, 45.0%
Inpainting, 50.0%
Inpainting, 55.0%
Inpainting, 60.0%
Inpainting, 65.0%
Inpainting, 70.0%
Inpainting, 75.0%
Inpainting, 80.0%
Inpainting, 85.0%
Inpainting, 90.0%
Inpainting, 95.0%
Inpainting, 100.0%
Inpainting MSE (masked region): 0.038534
Inpainting MAE (masked region): 0.127244
[Plot] Saved inpainting results to output_new/inpainting_Nov18_2149_256_0.1/inpainting_results/inpainting_0.4_20251118_232652.png
MSE Loss at 40.0% known data and lambda 0.05: 0.038534

Testing inpainting with 40.0% known data and lambda 0.1:
Inpainting, 5.0%
Inpainting, 10.0%
Inpainting, 15.0%
Inpainting, 20.0%
Inpainting, 25.0%
Inpainting, 30.0%
Inpainting, 35.0%
Inpainting, 40.0%
Inpainting, 45.0%
Inpainting, 50.0%
Inpainting, 55.0%
Inpainting, 60.0%
Inpainting, 65.0%
Inpainting, 70.0%
Inpainting, 75.0%
Inpainting, 80.0%
Inpainting, 85.0%
Inpainting, 90.0%
Inpainting, 95.0%
Inpainting, 100.0%
Inpainting MSE (masked region): 0.048528
Inpainting MAE (masked region): 0.138557
[Plot] Saved inpainting results to output_new/inpainting_Nov18_2149_256_0.1/inpainting_results/inpainting_0.4_20251118_232815.png
MSE Loss at 40.0% known data and lambda 0.1: 0.048528

Testing inpainting with 40.0% known data and lambda 0.3:
Inpainting, 5.0%
Inpainting, 10.0%
Inpainting, 15.0%
Inpainting, 20.0%
Inpainting, 25.0%
Inpainting, 30.0%
Inpainting, 35.0%
Inpainting, 40.0%
Inpainting, 45.0%
Inpainting, 50.0%
Inpainting, 55.0%
Inpainting, 60.0%
Inpainting, 65.0%
Inpainting, 70.0%
Inpainting, 75.0%
Inpainting, 80.0%
Inpainting, 85.0%
Inpainting, 90.0%
Inpainting, 95.0%
Inpainting, 100.0%
Inpainting MSE (masked region): 0.038859
Inpainting MAE (masked region): 0.132262
[Plot] Saved inpainting results to output_new/inpainting_Nov18_2149_256_0.1/inpainting_results/inpainting_0.4_20251118_232938.png
MSE Loss at 40.0% known data and lambda 0.3: 0.038859

Testing inpainting with 40.0% known data and lambda 0.5:
Inpainting, 5.0%
Inpainting, 10.0%
Inpainting, 15.0%
Inpainting, 20.0%
Inpainting, 25.0%
Inpainting, 30.0%
Inpainting, 35.0%
Inpainting, 40.0%
Inpainting, 45.0%
Inpainting, 50.0%
Inpainting, 55.0%
Inpainting, 60.0%
Inpainting, 65.0%
Inpainting, 70.0%
Inpainting, 75.0%
Inpainting, 80.0%
Inpainting, 85.0%
Inpainting, 90.0%
Inpainting, 95.0%
Inpainting, 100.0%
Inpainting MSE (masked region): 0.031940
Inpainting MAE (masked region): 0.117694
[Plot] Saved inpainting results to output_new/inpainting_Nov18_2149_256_0.1/inpainting_results/inpainting_0.4_20251118_233102.png
MSE Loss at 40.0% known data and lambda 0.5: 0.031940

Testing inpainting with 40.0% known data and lambda 1:
Inpainting, 5.0%
Inpainting, 10.0%
Inpainting, 15.0%
Inpainting, 20.0%
Inpainting, 25.0%
Inpainting, 30.0%
Inpainting, 35.0%
Inpainting, 40.0%
Inpainting, 45.0%
Inpainting, 50.0%
Inpainting, 55.0%
Inpainting, 60.0%
Inpainting, 65.0%
Inpainting, 70.0%
Inpainting, 75.0%
Inpainting, 80.0%
Inpainting, 85.0%
Inpainting, 90.0%
Inpainting, 95.0%
Inpainting, 100.0%
Inpainting MSE (masked region): 0.046643
Inpainting MAE (masked region): 0.131591
[Plot] Saved inpainting results to output_new/inpainting_Nov18_2149_256_0.1/inpainting_results/inpainting_0.4_20251118_233225.png
MSE Loss at 40.0% known data and lambda 1: 0.046643

Testing inpainting with 40.0% known data and lambda 3:
Inpainting, 5.0%
Inpainting, 10.0%
Inpainting, 15.0%
Inpainting, 20.0%
Inpainting, 25.0%
Inpainting, 30.0%
Inpainting, 35.0%
Inpainting, 40.0%
Inpainting, 45.0%
Inpainting, 50.0%
Inpainting, 55.0%
Inpainting, 60.0%
Inpainting, 65.0%
Inpainting, 70.0%
Inpainting, 75.0%
Inpainting, 80.0%
Inpainting, 85.0%
Inpainting, 90.0%
Inpainting, 95.0%
Inpainting, 100.0%
Inpainting MSE (masked region): 0.031264
Inpainting MAE (masked region): 0.112288
[Plot] Saved inpainting results to output_new/inpainting_Nov18_2149_256_0.1/inpainting_results/inpainting_0.4_20251118_233349.png
MSE Loss at 40.0% known data and lambda 3: 0.031264

Testing inpainting with 40.0% known data and lambda 5:
Inpainting, 5.0%
Inpainting, 10.0%
Inpainting, 15.0%
Inpainting, 20.0%
Inpainting, 25.0%
Inpainting, 30.0%
Inpainting, 35.0%
Inpainting, 40.0%
Inpainting, 45.0%
Inpainting, 50.0%
Inpainting, 55.0%
Inpainting, 60.0%
Inpainting, 65.0%
Inpainting, 70.0%
Inpainting, 75.0%
Inpainting, 80.0%
Inpainting, 85.0%
Inpainting, 90.0%
Inpainting, 95.0%
Inpainting, 100.0%
Inpainting MSE (masked region): 0.045721
Inpainting MAE (masked region): 0.141011
[Plot] Saved inpainting results to output_new/inpainting_Nov18_2149_256_0.1/inpainting_results/inpainting_0.4_20251118_233512.png
MSE Loss at 40.0% known data and lambda 5: 0.045721

Testing inpainting with 40.0% known data and lambda 10:
Inpainting, 5.0%
Inpainting, 10.0%
Inpainting, 15.0%
Inpainting, 20.0%
Inpainting, 25.0%
Inpainting, 30.0%
Inpainting, 35.0%
Inpainting, 40.0%
Inpainting, 45.0%
Inpainting, 50.0%
Inpainting, 55.0%
Inpainting, 60.0%
Inpainting, 65.0%
Inpainting, 70.0%
Inpainting, 75.0%
Inpainting, 80.0%
Inpainting, 85.0%
Inpainting, 90.0%
Inpainting, 95.0%
Inpainting, 100.0%
Inpainting MSE (masked region): 0.035510
Inpainting MAE (masked region): 0.121818
[Plot] Saved inpainting results to output_new/inpainting_Nov18_2149_256_0.1/inpainting_results/inpainting_0.4_20251118_233636.png
MSE Loss at 40.0% known data and lambda 10: 0.035510

Testing inpainting with 30.0% known data and lambda 0.0:
Inpainting, 5.0%
Inpainting, 10.0%
Inpainting, 15.0%
Inpainting, 20.0%
Inpainting, 25.0%
Inpainting, 30.0%
Inpainting, 35.0%
Inpainting, 40.0%
Inpainting, 45.0%
Inpainting, 50.0%
Inpainting, 55.0%
Inpainting, 60.0%
Inpainting, 65.0%
Inpainting, 70.0%
Inpainting, 75.0%
Inpainting, 80.0%
Inpainting, 85.0%
Inpainting, 90.0%
Inpainting, 95.0%
Inpainting, 100.0%
Inpainting MSE (masked region): 0.042181
Inpainting MAE (masked region): 0.135202
[Plot] Saved inpainting results to output_new/inpainting_Nov18_2149_256_0.1/inpainting_results/inpainting_0.3_20251118_233759.png
MSE Loss at 30.0% known data and lambda 0.0: 0.042181

Testing inpainting with 30.0% known data and lambda 0.01:
Inpainting, 5.0%
Inpainting, 10.0%
Inpainting, 15.0%
Inpainting, 20.0%
Inpainting, 25.0%
Inpainting, 30.0%
Inpainting, 35.0%
Inpainting, 40.0%
Inpainting, 45.0%
Inpainting, 50.0%
Inpainting, 55.0%
Inpainting, 60.0%
Inpainting, 65.0%
Inpainting, 70.0%
Inpainting, 75.0%
Inpainting, 80.0%
Inpainting, 85.0%
Inpainting, 90.0%
Inpainting, 95.0%
Inpainting, 100.0%
Inpainting MSE (masked region): 0.038601
Inpainting MAE (masked region): 0.126052
[Plot] Saved inpainting results to output_new/inpainting_Nov18_2149_256_0.1/inpainting_results/inpainting_0.3_20251118_233922.png
MSE Loss at 30.0% known data and lambda 0.01: 0.038601

Testing inpainting with 30.0% known data and lambda 0.03:
Inpainting, 5.0%
Inpainting, 10.0%
Inpainting, 15.0%
Inpainting, 20.0%
Inpainting, 25.0%
Inpainting, 30.0%
Inpainting, 35.0%
Inpainting, 40.0%
Inpainting, 45.0%
Inpainting, 50.0%
Inpainting, 55.0%
Inpainting, 60.0%
Inpainting, 65.0%
Inpainting, 70.0%
Inpainting, 75.0%
Inpainting, 80.0%
Inpainting, 85.0%
Inpainting, 90.0%
Inpainting, 95.0%
Inpainting, 100.0%
Inpainting MSE (masked region): 0.058368
Inpainting MAE (masked region): 0.147779
[Plot] Saved inpainting results to output_new/inpainting_Nov18_2149_256_0.1/inpainting_results/inpainting_0.3_20251118_234046.png
MSE Loss at 30.0% known data and lambda 0.03: 0.058368

Testing inpainting with 30.0% known data and lambda 0.05:
Inpainting, 5.0%
Inpainting, 10.0%
Inpainting, 15.0%
Inpainting, 20.0%
Inpainting, 25.0%
Inpainting, 30.0%
Inpainting, 35.0%
Inpainting, 40.0%
Inpainting, 45.0%
Inpainting, 50.0%
Inpainting, 55.0%
Inpainting, 60.0%
Inpainting, 65.0%
Inpainting, 70.0%
Inpainting, 75.0%
Inpainting, 80.0%
Inpainting, 85.0%
Inpainting, 90.0%
Inpainting, 95.0%
Inpainting, 100.0%
Inpainting MSE (masked region): 0.063723
Inpainting MAE (masked region): 0.167847
[Plot] Saved inpainting results to output_new/inpainting_Nov18_2149_256_0.1/inpainting_results/inpainting_0.3_20251118_234209.png
MSE Loss at 30.0% known data and lambda 0.05: 0.063723

Testing inpainting with 30.0% known data and lambda 0.1:
Inpainting, 5.0%
Inpainting, 10.0%
Inpainting, 15.0%
Inpainting, 20.0%
Inpainting, 25.0%
Inpainting, 30.0%
Inpainting, 35.0%
Inpainting, 40.0%
Inpainting, 45.0%
Inpainting, 50.0%
Inpainting, 55.0%
Inpainting, 60.0%
Inpainting, 65.0%
Inpainting, 70.0%
Inpainting, 75.0%
Inpainting, 80.0%
Inpainting, 85.0%
Inpainting, 90.0%
Inpainting, 95.0%
Inpainting, 100.0%
Inpainting MSE (masked region): 0.054508
Inpainting MAE (masked region): 0.143714
[Plot] Saved inpainting results to output_new/inpainting_Nov18_2149_256_0.1/inpainting_results/inpainting_0.3_20251118_234333.png
MSE Loss at 30.0% known data and lambda 0.1: 0.054508

Testing inpainting with 30.0% known data and lambda 0.3:
Inpainting, 5.0%
Inpainting, 10.0%
Inpainting, 15.0%
Inpainting, 20.0%
Inpainting, 25.0%
Inpainting, 30.0%
Inpainting, 35.0%
Inpainting, 40.0%
Inpainting, 45.0%
Inpainting, 50.0%
Inpainting, 55.0%
Inpainting, 60.0%
Inpainting, 65.0%
Inpainting, 70.0%
Inpainting, 75.0%
Inpainting, 80.0%
Inpainting, 85.0%
Inpainting, 90.0%
Inpainting, 95.0%
Inpainting, 100.0%
Inpainting MSE (masked region): 0.036686
Inpainting MAE (masked region): 0.126963
[Plot] Saved inpainting results to output_new/inpainting_Nov18_2149_256_0.1/inpainting_results/inpainting_0.3_20251118_234456.png
MSE Loss at 30.0% known data and lambda 0.3: 0.036686

Testing inpainting with 30.0% known data and lambda 0.5:
Inpainting, 5.0%
Inpainting, 10.0%
Inpainting, 15.0%
Inpainting, 20.0%
Inpainting, 25.0%
Inpainting, 30.0%
Inpainting, 35.0%
Inpainting, 40.0%
Inpainting, 45.0%
Inpainting, 50.0%
Inpainting, 55.0%
Inpainting, 60.0%
Inpainting, 65.0%
Inpainting, 70.0%
Inpainting, 75.0%
Inpainting, 80.0%
Inpainting, 85.0%
Inpainting, 90.0%
Inpainting, 95.0%
Inpainting, 100.0%
Inpainting MSE (masked region): 0.048455
Inpainting MAE (masked region): 0.139361
[Plot] Saved inpainting results to output_new/inpainting_Nov18_2149_256_0.1/inpainting_results/inpainting_0.3_20251118_234619.png
MSE Loss at 30.0% known data and lambda 0.5: 0.048455

Testing inpainting with 30.0% known data and lambda 1:
Inpainting, 5.0%
Inpainting, 10.0%
Inpainting, 15.0%
Inpainting, 20.0%
Inpainting, 25.0%
Inpainting, 30.0%
Inpainting, 35.0%
Inpainting, 40.0%
Inpainting, 45.0%
Inpainting, 50.0%
Inpainting, 55.0%
Inpainting, 60.0%
Inpainting, 65.0%
Inpainting, 70.0%
Inpainting, 75.0%
Inpainting, 80.0%
Inpainting, 85.0%
Inpainting, 90.0%
Inpainting, 95.0%
Inpainting, 100.0%
Inpainting MSE (masked region): 0.060308
Inpainting MAE (masked region): 0.151076
[Plot] Saved inpainting results to output_new/inpainting_Nov18_2149_256_0.1/inpainting_results/inpainting_0.3_20251118_234743.png
MSE Loss at 30.0% known data and lambda 1: 0.060308

Testing inpainting with 30.0% known data and lambda 3:
Inpainting, 5.0%
Inpainting, 10.0%
Inpainting, 15.0%
Inpainting, 20.0%
Inpainting, 25.0%
Inpainting, 30.0%
Inpainting, 35.0%
Inpainting, 40.0%
Inpainting, 45.0%
Inpainting, 50.0%
Inpainting, 55.0%
Inpainting, 60.0%
Inpainting, 65.0%
Inpainting, 70.0%
Inpainting, 75.0%
Inpainting, 80.0%
Inpainting, 85.0%
Inpainting, 90.0%
Inpainting, 95.0%
Inpainting, 100.0%
Inpainting MSE (masked region): 0.080756
Inpainting MAE (masked region): 0.163937
[Plot] Saved inpainting results to output_new/inpainting_Nov18_2149_256_0.1/inpainting_results/inpainting_0.3_20251118_234906.png
MSE Loss at 30.0% known data and lambda 3: 0.080756

Testing inpainting with 30.0% known data and lambda 5:
Inpainting, 5.0%
Inpainting, 10.0%
Inpainting, 15.0%
Inpainting, 20.0%
Inpainting, 25.0%
Inpainting, 30.0%
Inpainting, 35.0%
Inpainting, 40.0%
Inpainting, 45.0%
Inpainting, 50.0%
Inpainting, 55.0%
Inpainting, 60.0%
Inpainting, 65.0%
Inpainting, 70.0%
Inpainting, 75.0%
Inpainting, 80.0%
Inpainting, 85.0%
Inpainting, 90.0%
Inpainting, 95.0%
Inpainting, 100.0%
Inpainting MSE (masked region): 0.038368
Inpainting MAE (masked region): 0.118183
[Plot] Saved inpainting results to output_new/inpainting_Nov18_2149_256_0.1/inpainting_results/inpainting_0.3_20251118_235029.png
MSE Loss at 30.0% known data and lambda 5: 0.038368

Testing inpainting with 30.0% known data and lambda 10:
Inpainting, 5.0%
Inpainting, 10.0%
Inpainting, 15.0%
Inpainting, 20.0%
Inpainting, 25.0%
Inpainting, 30.0%
Inpainting, 35.0%
Inpainting, 40.0%
Inpainting, 45.0%
Inpainting, 50.0%
Inpainting, 55.0%
Inpainting, 60.0%
Inpainting, 65.0%
Inpainting, 70.0%
Inpainting, 75.0%
Inpainting, 80.0%
Inpainting, 85.0%
Inpainting, 90.0%
Inpainting, 95.0%
Inpainting, 100.0%
Inpainting MSE (masked region): 0.039481
Inpainting MAE (masked region): 0.129715
[Plot] Saved inpainting results to output_new/inpainting_Nov18_2149_256_0.1/inpainting_results/inpainting_0.3_20251118_235153.png
MSE Loss at 30.0% known data and lambda 10: 0.039481

Testing inpainting with 20.0% known data and lambda 0.0:
Inpainting, 5.0%
Inpainting, 10.0%
Inpainting, 15.0%
Inpainting, 20.0%
Inpainting, 25.0%
Inpainting, 30.0%
Inpainting, 35.0%
Inpainting, 40.0%
Inpainting, 45.0%
Inpainting, 50.0%
Inpainting, 55.0%
Inpainting, 60.0%
Inpainting, 65.0%
Inpainting, 70.0%
Inpainting, 75.0%
Inpainting, 80.0%
Inpainting, 85.0%
Inpainting, 90.0%
Inpainting, 95.0%
Inpainting, 100.0%
Inpainting MSE (masked region): 0.054015
Inpainting MAE (masked region): 0.154699
[Plot] Saved inpainting results to output_new/inpainting_Nov18_2149_256_0.1/inpainting_results/inpainting_0.2_20251118_235316.png
MSE Loss at 20.0% known data and lambda 0.0: 0.054015

Testing inpainting with 20.0% known data and lambda 0.01:
Inpainting, 5.0%
Inpainting, 10.0%
Inpainting, 15.0%
Inpainting, 20.0%
Inpainting, 25.0%
Inpainting, 30.0%
Inpainting, 35.0%
Inpainting, 40.0%
Inpainting, 45.0%
Inpainting, 50.0%
Inpainting, 55.0%
Inpainting, 60.0%
Inpainting, 65.0%
Inpainting, 70.0%
Inpainting, 75.0%
Inpainting, 80.0%
Inpainting, 85.0%
Inpainting, 90.0%
Inpainting, 95.0%
Inpainting, 100.0%
Inpainting MSE (masked region): 0.058232
Inpainting MAE (masked region): 0.150543
[Plot] Saved inpainting results to output_new/inpainting_Nov18_2149_256_0.1/inpainting_results/inpainting_0.2_20251118_235440.png
MSE Loss at 20.0% known data and lambda 0.01: 0.058232

Testing inpainting with 20.0% known data and lambda 0.03:
Inpainting, 5.0%
Inpainting, 10.0%
Inpainting, 15.0%
Inpainting, 20.0%
Inpainting, 25.0%
Inpainting, 30.0%
Inpainting, 35.0%
Inpainting, 40.0%
Inpainting, 45.0%
Inpainting, 50.0%
Inpainting, 55.0%
Inpainting, 60.0%
Inpainting, 65.0%
Inpainting, 70.0%
Inpainting, 75.0%
Inpainting, 80.0%
Inpainting, 85.0%
Inpainting, 90.0%
Inpainting, 95.0%
Inpainting, 100.0%
Inpainting MSE (masked region): 0.041551
Inpainting MAE (masked region): 0.137288
[Plot] Saved inpainting results to output_new/inpainting_Nov18_2149_256_0.1/inpainting_results/inpainting_0.2_20251118_235603.png
MSE Loss at 20.0% known data and lambda 0.03: 0.041551

Testing inpainting with 20.0% known data and lambda 0.05:
Inpainting, 5.0%
Inpainting, 10.0%
Inpainting, 15.0%
Inpainting, 20.0%
Inpainting, 25.0%
Inpainting, 30.0%
Inpainting, 35.0%
Inpainting, 40.0%
Inpainting, 45.0%
Inpainting, 50.0%
Inpainting, 55.0%
Inpainting, 60.0%
Inpainting, 65.0%
Inpainting, 70.0%
Inpainting, 75.0%
Inpainting, 80.0%
Inpainting, 85.0%
Inpainting, 90.0%
Inpainting, 95.0%
Inpainting, 100.0%
Inpainting MSE (masked region): 0.034271
Inpainting MAE (masked region): 0.123589
[Plot] Saved inpainting results to output_new/inpainting_Nov18_2149_256_0.1/inpainting_results/inpainting_0.2_20251118_235727.png
MSE Loss at 20.0% known data and lambda 0.05: 0.034271

Testing inpainting with 20.0% known data and lambda 0.1:
Inpainting, 5.0%
Inpainting, 10.0%
Inpainting, 15.0%
Inpainting, 20.0%
Inpainting, 25.0%
Inpainting, 30.0%
Inpainting, 35.0%
Inpainting, 40.0%
Inpainting, 45.0%
Inpainting, 50.0%
Inpainting, 55.0%
Inpainting, 60.0%
Inpainting, 65.0%
Inpainting, 70.0%
Inpainting, 75.0%
Inpainting, 80.0%
Inpainting, 85.0%
Inpainting, 90.0%
Inpainting, 95.0%
Inpainting, 100.0%
Inpainting MSE (masked region): 0.050078
Inpainting MAE (masked region): 0.143666
[Plot] Saved inpainting results to output_new/inpainting_Nov18_2149_256_0.1/inpainting_results/inpainting_0.2_20251118_235850.png
MSE Loss at 20.0% known data and lambda 0.1: 0.050078

Testing inpainting with 20.0% known data and lambda 0.3:
Inpainting, 5.0%
Inpainting, 10.0%
Inpainting, 15.0%
Inpainting, 20.0%
Inpainting, 25.0%
Inpainting, 30.0%
Inpainting, 35.0%
Inpainting, 40.0%
Inpainting, 45.0%
Inpainting, 50.0%
Inpainting, 55.0%
Inpainting, 60.0%
Inpainting, 65.0%
Inpainting, 70.0%
Inpainting, 75.0%
Inpainting, 80.0%
Inpainting, 85.0%
Inpainting, 90.0%
Inpainting, 95.0%
Inpainting, 100.0%
Inpainting MSE (masked region): 0.045209
Inpainting MAE (masked region): 0.136413
[Plot] Saved inpainting results to output_new/inpainting_Nov18_2149_256_0.1/inpainting_results/inpainting_0.2_20251119_000013.png
MSE Loss at 20.0% known data and lambda 0.3: 0.045209

Testing inpainting with 20.0% known data and lambda 0.5:
Inpainting, 5.0%
Inpainting, 10.0%
Inpainting, 15.0%
Inpainting, 20.0%
Inpainting, 25.0%
Inpainting, 30.0%
Inpainting, 35.0%
Inpainting, 40.0%
Inpainting, 45.0%
Inpainting, 50.0%
Inpainting, 55.0%
Inpainting, 60.0%
Inpainting, 65.0%
Inpainting, 70.0%
Inpainting, 75.0%
Inpainting, 80.0%
Inpainting, 85.0%
Inpainting, 90.0%
Inpainting, 95.0%
Inpainting, 100.0%
Inpainting MSE (masked region): 0.041178
Inpainting MAE (masked region): 0.133679
[Plot] Saved inpainting results to output_new/inpainting_Nov18_2149_256_0.1/inpainting_results/inpainting_0.2_20251119_000137.png
MSE Loss at 20.0% known data and lambda 0.5: 0.041178

Testing inpainting with 20.0% known data and lambda 1:
Inpainting, 5.0%
Inpainting, 10.0%
Inpainting, 15.0%
Inpainting, 20.0%
Inpainting, 25.0%
Inpainting, 30.0%
Inpainting, 35.0%
Inpainting, 40.0%
Inpainting, 45.0%
Inpainting, 50.0%
Inpainting, 55.0%
Inpainting, 60.0%
Inpainting, 65.0%
Inpainting, 70.0%
Inpainting, 75.0%
Inpainting, 80.0%
Inpainting, 85.0%
Inpainting, 90.0%
Inpainting, 95.0%
Inpainting, 100.0%
Inpainting MSE (masked region): 0.072337
Inpainting MAE (masked region): 0.173851
[Plot] Saved inpainting results to output_new/inpainting_Nov18_2149_256_0.1/inpainting_results/inpainting_0.2_20251119_000300.png
MSE Loss at 20.0% known data and lambda 1: 0.072337

Testing inpainting with 20.0% known data and lambda 3:
Inpainting, 5.0%
Inpainting, 10.0%
Inpainting, 15.0%
Inpainting, 20.0%
Inpainting, 25.0%
Inpainting, 30.0%
Inpainting, 35.0%
Inpainting, 40.0%
Inpainting, 45.0%
Inpainting, 50.0%
Inpainting, 55.0%
Inpainting, 60.0%
Inpainting, 65.0%
Inpainting, 70.0%
Inpainting, 75.0%
Inpainting, 80.0%
Inpainting, 85.0%
Inpainting, 90.0%
Inpainting, 95.0%
Inpainting, 100.0%
Inpainting MSE (masked region): 0.043979
Inpainting MAE (masked region): 0.138133
[Plot] Saved inpainting results to output_new/inpainting_Nov18_2149_256_0.1/inpainting_results/inpainting_0.2_20251119_000424.png
MSE Loss at 20.0% known data and lambda 3: 0.043979

Testing inpainting with 20.0% known data and lambda 5:
Inpainting, 5.0%
Inpainting, 10.0%
Inpainting, 15.0%
Inpainting, 20.0%
Inpainting, 25.0%
Inpainting, 30.0%
Inpainting, 35.0%
Inpainting, 40.0%
Inpainting, 45.0%
Inpainting, 50.0%
Inpainting, 55.0%
Inpainting, 60.0%
Inpainting, 65.0%
Inpainting, 70.0%
Inpainting, 75.0%
Inpainting, 80.0%
Inpainting, 85.0%
Inpainting, 90.0%
Inpainting, 95.0%
Inpainting, 100.0%
Inpainting MSE (masked region): 0.049579
Inpainting MAE (masked region): 0.141269
[Plot] Saved inpainting results to output_new/inpainting_Nov18_2149_256_0.1/inpainting_results/inpainting_0.2_20251119_000547.png
MSE Loss at 20.0% known data and lambda 5: 0.049579

Testing inpainting with 20.0% known data and lambda 10:
Inpainting, 5.0%
Inpainting, 10.0%
Inpainting, 15.0%
Inpainting, 20.0%
Inpainting, 25.0%
Inpainting, 30.0%
Inpainting, 35.0%
Inpainting, 40.0%
Inpainting, 45.0%
Inpainting, 50.0%
Inpainting, 55.0%
Inpainting, 60.0%
Inpainting, 65.0%
Inpainting, 70.0%
Inpainting, 75.0%
Inpainting, 80.0%
Inpainting, 85.0%
Inpainting, 90.0%
Inpainting, 95.0%
Inpainting, 100.0%
Inpainting MSE (masked region): 0.049829
Inpainting MAE (masked region): 0.141649
[Plot] Saved inpainting results to output_new/inpainting_Nov18_2149_256_0.1/inpainting_results/inpainting_0.2_20251119_000710.png
MSE Loss at 20.0% known data and lambda 10: 0.049829

Testing inpainting with 10.0% known data and lambda 0.0:
Inpainting, 5.0%
Inpainting, 10.0%
Inpainting, 15.0%
Inpainting, 20.0%
Inpainting, 25.0%
Inpainting, 30.0%
Inpainting, 35.0%
Inpainting, 40.0%
Inpainting, 45.0%
Inpainting, 50.0%
Inpainting, 55.0%
Inpainting, 60.0%
Inpainting, 65.0%
Inpainting, 70.0%
Inpainting, 75.0%
Inpainting, 80.0%
Inpainting, 85.0%
Inpainting, 90.0%
Inpainting, 95.0%
Inpainting, 100.0%
Inpainting MSE (masked region): 0.056773
Inpainting MAE (masked region): 0.160428
[Plot] Saved inpainting results to output_new/inpainting_Nov18_2149_256_0.1/inpainting_results/inpainting_0.1_20251119_000834.png
MSE Loss at 10.0% known data and lambda 0.0: 0.056773

Testing inpainting with 10.0% known data and lambda 0.01:
Inpainting, 5.0%
Inpainting, 10.0%
Inpainting, 15.0%
Inpainting, 20.0%
Inpainting, 25.0%
Inpainting, 30.0%
Inpainting, 35.0%
Inpainting, 40.0%
Inpainting, 45.0%
Inpainting, 50.0%
Inpainting, 55.0%
Inpainting, 60.0%
Inpainting, 65.0%
Inpainting, 70.0%
Inpainting, 75.0%
Inpainting, 80.0%
Inpainting, 85.0%
Inpainting, 90.0%
Inpainting, 95.0%
Inpainting, 100.0%
Inpainting MSE (masked region): 0.065092
Inpainting MAE (masked region): 0.162153
[Plot] Saved inpainting results to output_new/inpainting_Nov18_2149_256_0.1/inpainting_results/inpainting_0.1_20251119_000957.png
MSE Loss at 10.0% known data and lambda 0.01: 0.065092

Testing inpainting with 10.0% known data and lambda 0.03:
Inpainting, 5.0%
Inpainting, 10.0%
Inpainting, 15.0%
Inpainting, 20.0%
Inpainting, 25.0%
Inpainting, 30.0%
Inpainting, 35.0%
Inpainting, 40.0%
Inpainting, 45.0%
Inpainting, 50.0%
Inpainting, 55.0%
Inpainting, 60.0%
Inpainting, 65.0%
Inpainting, 70.0%
Inpainting, 75.0%
Inpainting, 80.0%
Inpainting, 85.0%
Inpainting, 90.0%
Inpainting, 95.0%
Inpainting, 100.0%
Inpainting MSE (masked region): 0.080373
Inpainting MAE (masked region): 0.181811
[Plot] Saved inpainting results to output_new/inpainting_Nov18_2149_256_0.1/inpainting_results/inpainting_0.1_20251119_001120.png
MSE Loss at 10.0% known data and lambda 0.03: 0.080373

Testing inpainting with 10.0% known data and lambda 0.05:
Inpainting, 5.0%
Inpainting, 10.0%
Inpainting, 15.0%
Inpainting, 20.0%
Inpainting, 25.0%
Inpainting, 30.0%
Inpainting, 35.0%
Inpainting, 40.0%
Inpainting, 45.0%
Inpainting, 50.0%
Inpainting, 55.0%
Inpainting, 60.0%
Inpainting, 65.0%
Inpainting, 70.0%
Inpainting, 75.0%
Inpainting, 80.0%
Inpainting, 85.0%
Inpainting, 90.0%
Inpainting, 95.0%
Inpainting, 100.0%
Inpainting MSE (masked region): 0.111591
Inpainting MAE (masked region): 0.220052
[Plot] Saved inpainting results to output_new/inpainting_Nov18_2149_256_0.1/inpainting_results/inpainting_0.1_20251119_001244.png
MSE Loss at 10.0% known data and lambda 0.05: 0.111591

Testing inpainting with 10.0% known data and lambda 0.1:
Inpainting, 5.0%
Inpainting, 10.0%
Inpainting, 15.0%
Inpainting, 20.0%
Inpainting, 25.0%
Inpainting, 30.0%
Inpainting, 35.0%
Inpainting, 40.0%
Inpainting, 45.0%
Inpainting, 50.0%
Inpainting, 55.0%
Inpainting, 60.0%
Inpainting, 65.0%
Inpainting, 70.0%
Inpainting, 75.0%
Inpainting, 80.0%
Inpainting, 85.0%
Inpainting, 90.0%
Inpainting, 95.0%
Inpainting, 100.0%
Inpainting MSE (masked region): 0.084464
Inpainting MAE (masked region): 0.191202
[Plot] Saved inpainting results to output_new/inpainting_Nov18_2149_256_0.1/inpainting_results/inpainting_0.1_20251119_001407.png
MSE Loss at 10.0% known data and lambda 0.1: 0.084464

Testing inpainting with 10.0% known data and lambda 0.3:
Inpainting, 5.0%
Inpainting, 10.0%
Inpainting, 15.0%
Inpainting, 20.0%
Inpainting, 25.0%
Inpainting, 30.0%
Inpainting, 35.0%
Inpainting, 40.0%
Inpainting, 45.0%
Inpainting, 50.0%
Inpainting, 55.0%
Inpainting, 60.0%
Inpainting, 65.0%
Inpainting, 70.0%
Inpainting, 75.0%
Inpainting, 80.0%
Inpainting, 85.0%
Inpainting, 90.0%
Inpainting, 95.0%
Inpainting, 100.0%
Inpainting MSE (masked region): 0.087256
Inpainting MAE (masked region): 0.196002
[Plot] Saved inpainting results to output_new/inpainting_Nov18_2149_256_0.1/inpainting_results/inpainting_0.1_20251119_001530.png
MSE Loss at 10.0% known data and lambda 0.3: 0.087256

Testing inpainting with 10.0% known data and lambda 0.5:
Inpainting, 5.0%
Inpainting, 10.0%
Inpainting, 15.0%
Inpainting, 20.0%
Inpainting, 25.0%
Inpainting, 30.0%
Inpainting, 35.0%
Inpainting, 40.0%
Inpainting, 45.0%
Inpainting, 50.0%
Inpainting, 55.0%
Inpainting, 60.0%
Inpainting, 65.0%
Inpainting, 70.0%
Inpainting, 75.0%
Inpainting, 80.0%
Inpainting, 85.0%
Inpainting, 90.0%
Inpainting, 95.0%
Inpainting, 100.0%
Inpainting MSE (masked region): 0.084768
Inpainting MAE (masked region): 0.195113
[Plot] Saved inpainting results to output_new/inpainting_Nov18_2149_256_0.1/inpainting_results/inpainting_0.1_20251119_001654.png
MSE Loss at 10.0% known data and lambda 0.5: 0.084768

Testing inpainting with 10.0% known data and lambda 1:
Inpainting, 5.0%
Inpainting, 10.0%
Inpainting, 15.0%
Inpainting, 20.0%
Inpainting, 25.0%
Inpainting, 30.0%
Inpainting, 35.0%
Inpainting, 40.0%
Inpainting, 45.0%
Inpainting, 50.0%
Inpainting, 55.0%
Inpainting, 60.0%
Inpainting, 65.0%
Inpainting, 70.0%
Inpainting, 75.0%
Inpainting, 80.0%
Inpainting, 85.0%
Inpainting, 90.0%
Inpainting, 95.0%
Inpainting, 100.0%
Inpainting MSE (masked region): 0.065525
Inpainting MAE (masked region): 0.163653
[Plot] Saved inpainting results to output_new/inpainting_Nov18_2149_256_0.1/inpainting_results/inpainting_0.1_20251119_001817.png
MSE Loss at 10.0% known data and lambda 1: 0.065525

Testing inpainting with 10.0% known data and lambda 3:
Inpainting, 5.0%
Inpainting, 10.0%
Inpainting, 15.0%
Inpainting, 20.0%
Inpainting, 25.0%
Inpainting, 30.0%
Inpainting, 35.0%
Inpainting, 40.0%
Inpainting, 45.0%
Inpainting, 50.0%
Inpainting, 55.0%
Inpainting, 60.0%
Inpainting, 65.0%
Inpainting, 70.0%
Inpainting, 75.0%
Inpainting, 80.0%
Inpainting, 85.0%
Inpainting, 90.0%
Inpainting, 95.0%
Inpainting, 100.0%
Inpainting MSE (masked region): 0.064919
Inpainting MAE (masked region): 0.162644
[Plot] Saved inpainting results to output_new/inpainting_Nov18_2149_256_0.1/inpainting_results/inpainting_0.1_20251119_001941.png
MSE Loss at 10.0% known data and lambda 3: 0.064919

Testing inpainting with 10.0% known data and lambda 5:
Inpainting, 5.0%
Inpainting, 10.0%
Inpainting, 15.0%
Inpainting, 20.0%
Inpainting, 25.0%
Inpainting, 30.0%
Inpainting, 35.0%
Inpainting, 40.0%
Inpainting, 45.0%
Inpainting, 50.0%
Inpainting, 55.0%
Inpainting, 60.0%
Inpainting, 65.0%
Inpainting, 70.0%
Inpainting, 75.0%
Inpainting, 80.0%
Inpainting, 85.0%
Inpainting, 90.0%
Inpainting, 95.0%
Inpainting, 100.0%
Inpainting MSE (masked region): 0.065875
Inpainting MAE (masked region): 0.169966
[Plot] Saved inpainting results to output_new/inpainting_Nov18_2149_256_0.1/inpainting_results/inpainting_0.1_20251119_002104.png
MSE Loss at 10.0% known data and lambda 5: 0.065875

Testing inpainting with 10.0% known data and lambda 10:
Inpainting, 5.0%
Inpainting, 10.0%
Inpainting, 15.0%
Inpainting, 20.0%
Inpainting, 25.0%
Inpainting, 30.0%
Inpainting, 35.0%
Inpainting, 40.0%
Inpainting, 45.0%
Inpainting, 50.0%
Inpainting, 55.0%
Inpainting, 60.0%
Inpainting, 65.0%
Inpainting, 70.0%
Inpainting, 75.0%
Inpainting, 80.0%
Inpainting, 85.0%
Inpainting, 90.0%
Inpainting, 95.0%
Inpainting, 100.0%
Inpainting MSE (masked region): 0.089776
Inpainting MAE (masked region): 0.197356
[Plot] Saved inpainting results to output_new/inpainting_Nov18_2149_256_0.1/inpainting_results/inpainting_0.1_20251119_002227.png
MSE Loss at 10.0% known data and lambda 10: 0.089776

Testing inpainting with 5.0% known data and lambda 0.0:
Inpainting, 5.0%
Inpainting, 10.0%
Inpainting, 15.0%
Inpainting, 20.0%
Inpainting, 25.0%
Inpainting, 30.0%
Inpainting, 35.0%
Inpainting, 40.0%
Inpainting, 45.0%
Inpainting, 50.0%
Inpainting, 55.0%
Inpainting, 60.0%
Inpainting, 65.0%
Inpainting, 70.0%
Inpainting, 75.0%
Inpainting, 80.0%
Inpainting, 85.0%
Inpainting, 90.0%
Inpainting, 95.0%
Inpainting, 100.0%
Inpainting MSE (masked region): 0.111599
Inpainting MAE (masked region): 0.216368
[Plot] Saved inpainting results to output_new/inpainting_Nov18_2149_256_0.1/inpainting_results/inpainting_0.05_20251119_002351.png
MSE Loss at 5.0% known data and lambda 0.0: 0.111599

Testing inpainting with 5.0% known data and lambda 0.01:
Inpainting, 5.0%
Inpainting, 10.0%
Inpainting, 15.0%
Inpainting, 20.0%
Inpainting, 25.0%
Inpainting, 30.0%
Inpainting, 35.0%
Inpainting, 40.0%
Inpainting, 45.0%
Inpainting, 50.0%
Inpainting, 55.0%
Inpainting, 60.0%
Inpainting, 65.0%
Inpainting, 70.0%
Inpainting, 75.0%
Inpainting, 80.0%
Inpainting, 85.0%
Inpainting, 90.0%
Inpainting, 95.0%
Inpainting, 100.0%
Inpainting MSE (masked region): 0.068746
Inpainting MAE (masked region): 0.171469
[Plot] Saved inpainting results to output_new/inpainting_Nov18_2149_256_0.1/inpainting_results/inpainting_0.05_20251119_002514.png
MSE Loss at 5.0% known data and lambda 0.01: 0.068746

Testing inpainting with 5.0% known data and lambda 0.03:
Inpainting, 5.0%
Inpainting, 10.0%
Inpainting, 15.0%
Inpainting, 20.0%
Inpainting, 25.0%
Inpainting, 30.0%
Inpainting, 35.0%
Inpainting, 40.0%
Inpainting, 45.0%
Inpainting, 50.0%
Inpainting, 55.0%
Inpainting, 60.0%
Inpainting, 65.0%
Inpainting, 70.0%
Inpainting, 75.0%
Inpainting, 80.0%
Inpainting, 85.0%
Inpainting, 90.0%
Inpainting, 95.0%
Inpainting, 100.0%
Inpainting MSE (masked region): 0.096112
Inpainting MAE (masked region): 0.194119
[Plot] Saved inpainting results to output_new/inpainting_Nov18_2149_256_0.1/inpainting_results/inpainting_0.05_20251119_002637.png
MSE Loss at 5.0% known data and lambda 0.03: 0.096112

Testing inpainting with 5.0% known data and lambda 0.05:
Inpainting, 5.0%
Inpainting, 10.0%
Inpainting, 15.0%
Inpainting, 20.0%
Inpainting, 25.0%
Inpainting, 30.0%
Inpainting, 35.0%
Inpainting, 40.0%
Inpainting, 45.0%
Inpainting, 50.0%
Inpainting, 55.0%
Inpainting, 60.0%
Inpainting, 65.0%
Inpainting, 70.0%
Inpainting, 75.0%
Inpainting, 80.0%
Inpainting, 85.0%
Inpainting, 90.0%
Inpainting, 95.0%
Inpainting, 100.0%
Inpainting MSE (masked region): 0.122357
Inpainting MAE (masked region): 0.232014
[Plot] Saved inpainting results to output_new/inpainting_Nov18_2149_256_0.1/inpainting_results/inpainting_0.05_20251119_002801.png
MSE Loss at 5.0% known data and lambda 0.05: 0.122357

Testing inpainting with 5.0% known data and lambda 0.1:
Inpainting, 5.0%
Inpainting, 10.0%
Inpainting, 15.0%
Inpainting, 20.0%
Inpainting, 25.0%
Inpainting, 30.0%
Inpainting, 35.0%
Inpainting, 40.0%
Inpainting, 45.0%
Inpainting, 50.0%
Inpainting, 55.0%
Inpainting, 60.0%
Inpainting, 65.0%
Inpainting, 70.0%
Inpainting, 75.0%
Inpainting, 80.0%
Inpainting, 85.0%
Inpainting, 90.0%
Inpainting, 95.0%
Inpainting, 100.0%
Inpainting MSE (masked region): 0.124586
Inpainting MAE (masked region): 0.239458
[Plot] Saved inpainting results to output_new/inpainting_Nov18_2149_256_0.1/inpainting_results/inpainting_0.05_20251119_002924.png
MSE Loss at 5.0% known data and lambda 0.1: 0.124586

Testing inpainting with 5.0% known data and lambda 0.3:
Inpainting, 5.0%
Inpainting, 10.0%
Inpainting, 15.0%
Inpainting, 20.0%
Inpainting, 25.0%
Inpainting, 30.0%
Inpainting, 35.0%
Inpainting, 40.0%
Inpainting, 45.0%
Inpainting, 50.0%
Inpainting, 55.0%
Inpainting, 60.0%
Inpainting, 65.0%
Inpainting, 70.0%
Inpainting, 75.0%
Inpainting, 80.0%
Inpainting, 85.0%
Inpainting, 90.0%
Inpainting, 95.0%
Inpainting, 100.0%
Inpainting MSE (masked region): 0.126883
Inpainting MAE (masked region): 0.224196
[Plot] Saved inpainting results to output_new/inpainting_Nov18_2149_256_0.1/inpainting_results/inpainting_0.05_20251119_003047.png
MSE Loss at 5.0% known data and lambda 0.3: 0.126883

Testing inpainting with 5.0% known data and lambda 0.5:
Inpainting, 5.0%
Inpainting, 10.0%
Inpainting, 15.0%
Inpainting, 20.0%
Inpainting, 25.0%
Inpainting, 30.0%
Inpainting, 35.0%
Inpainting, 40.0%
Inpainting, 45.0%
Inpainting, 50.0%
Inpainting, 55.0%
Inpainting, 60.0%
Inpainting, 65.0%
Inpainting, 70.0%
Inpainting, 75.0%
Inpainting, 80.0%
Inpainting, 85.0%
Inpainting, 90.0%
Inpainting, 95.0%
Inpainting, 100.0%
Inpainting MSE (masked region): 0.125297
Inpainting MAE (masked region): 0.196073
[Plot] Saved inpainting results to output_new/inpainting_Nov18_2149_256_0.1/inpainting_results/inpainting_0.05_20251119_003211.png
MSE Loss at 5.0% known data and lambda 0.5: 0.125297

Testing inpainting with 5.0% known data and lambda 1:
Inpainting, 5.0%
Inpainting, 10.0%
Inpainting, 15.0%
Inpainting, 20.0%
Inpainting, 25.0%
Inpainting, 30.0%
Inpainting, 35.0%
Inpainting, 40.0%
Inpainting, 45.0%
Inpainting, 50.0%
Inpainting, 55.0%
Inpainting, 60.0%
Inpainting, 65.0%
Inpainting, 70.0%
Inpainting, 75.0%
Inpainting, 80.0%
Inpainting, 85.0%
Inpainting, 90.0%
Inpainting, 95.0%
Inpainting, 100.0%
Inpainting MSE (masked region): 0.134496
Inpainting MAE (masked region): 0.224805
[Plot] Saved inpainting results to output_new/inpainting_Nov18_2149_256_0.1/inpainting_results/inpainting_0.05_20251119_003334.png
MSE Loss at 5.0% known data and lambda 1: 0.134496

Testing inpainting with 5.0% known data and lambda 3:
Inpainting, 5.0%
Inpainting, 10.0%
Inpainting, 15.0%
Inpainting, 20.0%
Inpainting, 25.0%
Inpainting, 30.0%
Inpainting, 35.0%
Inpainting, 40.0%
Inpainting, 45.0%
Inpainting, 50.0%
Inpainting, 55.0%
Inpainting, 60.0%
Inpainting, 65.0%
Inpainting, 70.0%
Inpainting, 75.0%
Inpainting, 80.0%
Inpainting, 85.0%
Inpainting, 90.0%
Inpainting, 95.0%
Inpainting, 100.0%
Inpainting MSE (masked region): 0.137521
Inpainting MAE (masked region): 0.242675
[Plot] Saved inpainting results to output_new/inpainting_Nov18_2149_256_0.1/inpainting_results/inpainting_0.05_20251119_003458.png
MSE Loss at 5.0% known data and lambda 3: 0.137521

Testing inpainting with 5.0% known data and lambda 5:
Inpainting, 5.0%
Inpainting, 10.0%
Inpainting, 15.0%
Inpainting, 20.0%
Inpainting, 25.0%
Inpainting, 30.0%
Inpainting, 35.0%
Inpainting, 40.0%
Inpainting, 45.0%
Inpainting, 50.0%
Inpainting, 55.0%
Inpainting, 60.0%
Inpainting, 65.0%
Inpainting, 70.0%
Inpainting, 75.0%
Inpainting, 80.0%
Inpainting, 85.0%
Inpainting, 90.0%
Inpainting, 95.0%
Inpainting, 100.0%
Inpainting MSE (masked region): 0.135502
Inpainting MAE (masked region): 0.238772
[Plot] Saved inpainting results to output_new/inpainting_Nov18_2149_256_0.1/inpainting_results/inpainting_0.05_20251119_003621.png
MSE Loss at 5.0% known data and lambda 5: 0.135502

Testing inpainting with 5.0% known data and lambda 10:
Inpainting, 5.0%
Inpainting, 10.0%
Inpainting, 15.0%
Inpainting, 20.0%
Inpainting, 25.0%
Inpainting, 30.0%
Inpainting, 35.0%
Inpainting, 40.0%
Inpainting, 45.0%
Inpainting, 50.0%
Inpainting, 55.0%
Inpainting, 60.0%
Inpainting, 65.0%
Inpainting, 70.0%
Inpainting, 75.0%
Inpainting, 80.0%
Inpainting, 85.0%
Inpainting, 90.0%
Inpainting, 95.0%
Inpainting, 100.0%
Inpainting MSE (masked region): 0.103257
Inpainting MAE (masked region): 0.205394
[Plot] Saved inpainting results to output_new/inpainting_Nov18_2149_256_0.1/inpainting_results/inpainting_0.05_20251119_003744.png
MSE Loss at 5.0% known data and lambda 10: 0.103257

Testing inpainting with 1.0% known data and lambda 0.0:
Inpainting, 5.0%
Inpainting, 10.0%
Inpainting, 15.0%
Inpainting, 20.0%
Inpainting, 25.0%
Inpainting, 30.0%
Inpainting, 35.0%
Inpainting, 40.0%
Inpainting, 45.0%
Inpainting, 50.0%
Inpainting, 55.0%
Inpainting, 60.0%
Inpainting, 65.0%
Inpainting, 70.0%
Inpainting, 75.0%
Inpainting, 80.0%
Inpainting, 85.0%
Inpainting, 90.0%
Inpainting, 95.0%
Inpainting, 100.0%
Inpainting MSE (masked region): 0.469527
Inpainting MAE (masked region): 0.392397
[Plot] Saved inpainting results to output_new/inpainting_Nov18_2149_256_0.1/inpainting_results/inpainting_0.01_20251119_003908.png
MSE Loss at 1.0% known data and lambda 0.0: 0.469527

Testing inpainting with 1.0% known data and lambda 0.01:
Inpainting, 5.0%
Inpainting, 10.0%
Inpainting, 15.0%
Inpainting, 20.0%
Inpainting, 25.0%
Inpainting, 30.0%
Inpainting, 35.0%
Inpainting, 40.0%
Inpainting, 45.0%
Inpainting, 50.0%
Inpainting, 55.0%
Inpainting, 60.0%
Inpainting, 65.0%
Inpainting, 70.0%
Inpainting, 75.0%
Inpainting, 80.0%
Inpainting, 85.0%
Inpainting, 90.0%
Inpainting, 95.0%
Inpainting, 100.0%
Inpainting MSE (masked region): 0.629445
Inpainting MAE (masked region): 0.497831
[Plot] Saved inpainting results to output_new/inpainting_Nov18_2149_256_0.1/inpainting_results/inpainting_0.01_20251119_004031.png
MSE Loss at 1.0% known data and lambda 0.01: 0.629445

Testing inpainting with 1.0% known data and lambda 0.03:
Inpainting, 5.0%
Inpainting, 10.0%
Inpainting, 15.0%
Inpainting, 20.0%
Inpainting, 25.0%
Inpainting, 30.0%
Inpainting, 35.0%
Inpainting, 40.0%
Inpainting, 45.0%
Inpainting, 50.0%
Inpainting, 55.0%
Inpainting, 60.0%
Inpainting, 65.0%
Inpainting, 70.0%
Inpainting, 75.0%
Inpainting, 80.0%
Inpainting, 85.0%
Inpainting, 90.0%
Inpainting, 95.0%
Inpainting, 100.0%
Inpainting MSE (masked region): 0.480999
Inpainting MAE (masked region): 0.426850
[Plot] Saved inpainting results to output_new/inpainting_Nov18_2149_256_0.1/inpainting_results/inpainting_0.01_20251119_004154.png
MSE Loss at 1.0% known data and lambda 0.03: 0.480999

Testing inpainting with 1.0% known data and lambda 0.05:
Inpainting, 5.0%
Inpainting, 10.0%
Inpainting, 15.0%
Inpainting, 20.0%
Inpainting, 25.0%
Inpainting, 30.0%
Inpainting, 35.0%
Inpainting, 40.0%
Inpainting, 45.0%
Inpainting, 50.0%
Inpainting, 55.0%
Inpainting, 60.0%
Inpainting, 65.0%
Inpainting, 70.0%
Inpainting, 75.0%
Inpainting, 80.0%
Inpainting, 85.0%
Inpainting, 90.0%
Inpainting, 95.0%
Inpainting, 100.0%
Inpainting MSE (masked region): 0.978832
Inpainting MAE (masked region): 0.549468
[Plot] Saved inpainting results to output_new/inpainting_Nov18_2149_256_0.1/inpainting_results/inpainting_0.01_20251119_004318.png
MSE Loss at 1.0% known data and lambda 0.05: 0.978832

Testing inpainting with 1.0% known data and lambda 0.1:
Inpainting, 5.0%
Inpainting, 10.0%
Inpainting, 15.0%
Inpainting, 20.0%
Inpainting, 25.0%
Inpainting, 30.0%
Inpainting, 35.0%
Inpainting, 40.0%
Inpainting, 45.0%
Inpainting, 50.0%
Inpainting, 55.0%
Inpainting, 60.0%
Inpainting, 65.0%
Inpainting, 70.0%
Inpainting, 75.0%
Inpainting, 80.0%
Inpainting, 85.0%
Inpainting, 90.0%
Inpainting, 95.0%
Inpainting, 100.0%
Inpainting MSE (masked region): 0.448538
Inpainting MAE (masked region): 0.394224
[Plot] Saved inpainting results to output_new/inpainting_Nov18_2149_256_0.1/inpainting_results/inpainting_0.01_20251119_004441.png
MSE Loss at 1.0% known data and lambda 0.1: 0.448538

Testing inpainting with 1.0% known data and lambda 0.3:
Inpainting, 5.0%
Inpainting, 10.0%
Inpainting, 15.0%
Inpainting, 20.0%
Inpainting, 25.0%
Inpainting, 30.0%
Inpainting, 35.0%
Inpainting, 40.0%
Inpainting, 45.0%
Inpainting, 50.0%
Inpainting, 55.0%
Inpainting, 60.0%
Inpainting, 65.0%
Inpainting, 70.0%
Inpainting, 75.0%
Inpainting, 80.0%
Inpainting, 85.0%
Inpainting, 90.0%
Inpainting, 95.0%
Inpainting, 100.0%
Inpainting MSE (masked region): 0.587224
Inpainting MAE (masked region): 0.486726
[Plot] Saved inpainting results to output_new/inpainting_Nov18_2149_256_0.1/inpainting_results/inpainting_0.01_20251119_004604.png
MSE Loss at 1.0% known data and lambda 0.3: 0.587224

Testing inpainting with 1.0% known data and lambda 0.5:
Inpainting, 5.0%
Inpainting, 10.0%
Inpainting, 15.0%
Inpainting, 20.0%
Inpainting, 25.0%
Inpainting, 30.0%
Inpainting, 35.0%
Inpainting, 40.0%
Inpainting, 45.0%
Inpainting, 50.0%
Inpainting, 55.0%
Inpainting, 60.0%
Inpainting, 65.0%
Inpainting, 70.0%
Inpainting, 75.0%
Inpainting, 80.0%
Inpainting, 85.0%
Inpainting, 90.0%
Inpainting, 95.0%
Inpainting, 100.0%
Inpainting MSE (masked region): 0.439238
Inpainting MAE (masked region): 0.410971
[Plot] Saved inpainting results to output_new/inpainting_Nov18_2149_256_0.1/inpainting_results/inpainting_0.01_20251119_004728.png
MSE Loss at 1.0% known data and lambda 0.5: 0.439238

Testing inpainting with 1.0% known data and lambda 1:
Inpainting, 5.0%
Inpainting, 10.0%
Inpainting, 15.0%
Inpainting, 20.0%
Inpainting, 25.0%
Inpainting, 30.0%
Inpainting, 35.0%
Inpainting, 40.0%
Inpainting, 45.0%
Inpainting, 50.0%
Inpainting, 55.0%
Inpainting, 60.0%
Inpainting, 65.0%
Inpainting, 70.0%
Inpainting, 75.0%
Inpainting, 80.0%
Inpainting, 85.0%
Inpainting, 90.0%
Inpainting, 95.0%
Inpainting, 100.0%
Inpainting MSE (masked region): 0.603151
Inpainting MAE (masked region): 0.406253
[Plot] Saved inpainting results to output_new/inpainting_Nov18_2149_256_0.1/inpainting_results/inpainting_0.01_20251119_004851.png
MSE Loss at 1.0% known data and lambda 1: 0.603151

Testing inpainting with 1.0% known data and lambda 3:
Inpainting, 5.0%
Inpainting, 10.0%
Inpainting, 15.0%
Inpainting, 20.0%
Inpainting, 25.0%
Inpainting, 30.0%
Inpainting, 35.0%
Inpainting, 40.0%
Inpainting, 45.0%
Inpainting, 50.0%
Inpainting, 55.0%
Inpainting, 60.0%
Inpainting, 65.0%
Inpainting, 70.0%
Inpainting, 75.0%
Inpainting, 80.0%
Inpainting, 85.0%
Inpainting, 90.0%
Inpainting, 95.0%
Inpainting, 100.0%
Inpainting MSE (masked region): 0.501996
Inpainting MAE (masked region): 0.448706
[Plot] Saved inpainting results to output_new/inpainting_Nov18_2149_256_0.1/inpainting_results/inpainting_0.01_20251119_005014.png
MSE Loss at 1.0% known data and lambda 3: 0.501996

Testing inpainting with 1.0% known data and lambda 5:
Inpainting, 5.0%
Inpainting, 10.0%
Inpainting, 15.0%
Inpainting, 20.0%
Inpainting, 25.0%
Inpainting, 30.0%
Inpainting, 35.0%
Inpainting, 40.0%
Inpainting, 45.0%
Inpainting, 50.0%
Inpainting, 55.0%
Inpainting, 60.0%
Inpainting, 65.0%
Inpainting, 70.0%
Inpainting, 75.0%
Inpainting, 80.0%
Inpainting, 85.0%
Inpainting, 90.0%
Inpainting, 95.0%
Inpainting, 100.0%
Inpainting MSE (masked region): 0.422569
Inpainting MAE (masked region): 0.368990
[Plot] Saved inpainting results to output_new/inpainting_Nov18_2149_256_0.1/inpainting_results/inpainting_0.01_20251119_005138.png
MSE Loss at 1.0% known data and lambda 5: 0.422569

Testing inpainting with 1.0% known data and lambda 10:
Inpainting, 5.0%
Inpainting, 10.0%
Inpainting, 15.0%
Inpainting, 20.0%
Inpainting, 25.0%
Inpainting, 30.0%
Inpainting, 35.0%
Inpainting, 40.0%
Inpainting, 45.0%
Inpainting, 50.0%
Inpainting, 55.0%
Inpainting, 60.0%
Inpainting, 65.0%
Inpainting, 70.0%
Inpainting, 75.0%
Inpainting, 80.0%
Inpainting, 85.0%
Inpainting, 90.0%
Inpainting, 95.0%
Inpainting, 100.0%
Inpainting MSE (masked region): 0.902655
Inpainting MAE (masked region): 0.513867
[Plot] Saved inpainting results to output_new/inpainting_Nov18_2149_256_0.1/inpainting_results/inpainting_0.01_20251119_005301.png
MSE Loss at 1.0% known data and lambda 10: 0.902655
[Plot] Saved MSE curve plot to output_new/inpainting_Nov18_2149_256_0.1/inpainting_results/inpainting_mse_curve.png

Saved MSE matrix to inpainting_mse_results.csv
Run directory renamed: output_new/0.04342_inpainting_Nov18_2149_256_0.1
SLURM output log not found: logs/run_inpainting_5521846.out
SLURM error log not found: logs/run_inpainting_5521846.err
Run complete. Results stored in output_new/0.04342_inpainting_Nov18_2149_256_0.1
