#######################################################################################
### conda added to PATH. Use 'source activate' rather than 'conda activate'.        ###
### Do not run 'conda init' if prompted.                                            ###
### 'conda init' will modify your shell outside of the `module` environment         ###
#######################################################################################
/home/merlinho/testspace/DDPM_Inpainting/src/data/single_patch_dataset.py:86: UserWarning: indexing with dtype torch.uint8 is now deprecated, please use a dtype torch.bool instead. (Triggered internally at /opt/conda/conda-bld/pytorch_1729647352509/work/aten/src/ATen/native/IndexingUtils.h:27.)
  patches = patches[~mask_nan]
/home/merlinho/testspace/DDPM_Inpainting/src/data/single_patch_dataset.py:86: UserWarning: indexing with dtype torch.uint8 is now deprecated, please use a dtype torch.bool instead. (Triggered internally at /opt/conda/conda-bld/pytorch_1729647352509/work/aten/src/ATen/native/IndexingUtils.h:27.)
  patches = patches[~mask_nan]
/home/merlinho/testspace/DDPM_Inpainting/src/data/single_patch_dataset.py:86: UserWarning: indexing with dtype torch.uint8 is now deprecated, please use a dtype torch.bool instead. (Triggered internally at /opt/conda/conda-bld/pytorch_1729647352509/work/aten/src/ATen/native/IndexingUtils.h:27.)
  patches = patches[~mask_nan]
/home/merlinho/testspace/DDPM_Inpainting/src/data/single_patch_dataset.py:86: UserWarning: indexing with dtype torch.uint8 is now deprecated, please use a dtype torch.bool instead. (Triggered internally at /opt/conda/conda-bld/pytorch_1729647352509/work/aten/src/ATen/native/IndexingUtils.h:27.)
  patches = patches[~mask_nan]
/home/merlinho/testspace/DDPM_Inpainting/src/data/single_patch_dataset.py:86: UserWarning: indexing with dtype torch.uint8 is now deprecated, please use a dtype torch.bool instead. (Triggered internally at /opt/conda/conda-bld/pytorch_1729647352509/work/aten/src/ATen/native/IndexingUtils.h:27.)
  patches = patches[~mask_nan]
/home/merlinho/testspace/DDPM_Inpainting/src/data/single_patch_dataset.py:86: UserWarning: indexing with dtype torch.uint8 is now deprecated, please use a dtype torch.bool instead. (Triggered internally at /opt/conda/conda-bld/pytorch_1729647352509/work/aten/src/ATen/native/IndexingUtils.h:27.)
  patches = patches[~mask_nan]
/home/merlinho/testspace/DDPM_Inpainting/src/data/single_patch_dataset.py:86: UserWarning: indexing with dtype torch.uint8 is now deprecated, please use a dtype torch.bool instead. (Triggered internally at /opt/conda/conda-bld/pytorch_1729647352509/work/aten/src/ATen/native/IndexingUtils.h:27.)
  patches = patches[~mask_nan]
/home/merlinho/testspace/DDPM_Inpainting/src/data/single_patch_dataset.py:86: UserWarning: indexing with dtype torch.uint8 is now deprecated, please use a dtype torch.bool instead. (Triggered internally at /opt/conda/conda-bld/pytorch_1729647352509/work/aten/src/ATen/native/IndexingUtils.h:27.)
  patches = patches[~mask_nan]
/home/merlinho/testspace/DDPM_Inpainting/src/data/single_patch_dataset.py:86: UserWarning: indexing with dtype torch.uint8 is now deprecated, please use a dtype torch.bool instead. (Triggered internally at /opt/conda/conda-bld/pytorch_1729647352509/work/aten/src/ATen/native/IndexingUtils.h:27.)
  patches = patches[~mask_nan]
/home/merlinho/testspace/DDPM_Inpainting/src/data/single_patch_dataset.py:86: UserWarning: indexing with dtype torch.uint8 is now deprecated, please use a dtype torch.bool instead. (Triggered internally at /opt/conda/conda-bld/pytorch_1729647352509/work/aten/src/ATen/native/IndexingUtils.h:27.)
  patches = patches[~mask_nan]
/home/merlinho/testspace/DDPM_Inpainting/src/data/single_patch_dataset.py:86: UserWarning: indexing with dtype torch.uint8 is now deprecated, please use a dtype torch.bool instead. (Triggered internally at /opt/conda/conda-bld/pytorch_1729647352509/work/aten/src/ATen/native/IndexingUtils.h:27.)
  patches = patches[~mask_nan]
/home/merlinho/testspace/DDPM_Inpainting/src/data/single_patch_dataset.py:86: UserWarning: indexing with dtype torch.uint8 is now deprecated, please use a dtype torch.bool instead. (Triggered internally at /opt/conda/conda-bld/pytorch_1729647352509/work/aten/src/ATen/native/IndexingUtils.h:27.)
  patches = patches[~mask_nan]
/home/merlinho/testspace/DDPM_Inpainting/src/data/single_patch_dataset.py:86: UserWarning: indexing with dtype torch.uint8 is now deprecated, please use a dtype torch.bool instead. (Triggered internally at /opt/conda/conda-bld/pytorch_1729647352509/work/aten/src/ATen/native/IndexingUtils.h:27.)
  patches = patches[~mask_nan]
/home/merlinho/testspace/DDPM_Inpainting/src/data/single_patch_dataset.py:86: UserWarning: indexing with dtype torch.uint8 is now deprecated, please use a dtype torch.bool instead. (Triggered internally at /opt/conda/conda-bld/pytorch_1729647352509/work/aten/src/ATen/native/IndexingUtils.h:27.)
  patches = patches[~mask_nan]
/home/merlinho/testspace/DDPM_Inpainting/src/data/single_patch_dataset.py:86: UserWarning: indexing with dtype torch.uint8 is now deprecated, please use a dtype torch.bool instead. (Triggered internally at /opt/conda/conda-bld/pytorch_1729647352509/work/aten/src/ATen/native/IndexingUtils.h:27.)
  patches = patches[~mask_nan]
/home/merlinho/testspace/DDPM_Inpainting/src/data/single_patch_dataset.py:86: UserWarning: indexing with dtype torch.uint8 is now deprecated, please use a dtype torch.bool instead. (Triggered internally at /opt/conda/conda-bld/pytorch_1729647352509/work/aten/src/ATen/native/IndexingUtils.h:27.)
  patches = patches[~mask_nan]
/home/merlinho/testspace/DDPM_Inpainting/src/data/single_patch_dataset.py:86: UserWarning: indexing with dtype torch.uint8 is now deprecated, please use a dtype torch.bool instead. (Triggered internally at /opt/conda/conda-bld/pytorch_1729647352509/work/aten/src/ATen/native/IndexingUtils.h:27.)
  patches = patches[~mask_nan]
