Torch version: 2.5.1
CUDA available: True
CUDA device count: 2
CUDA device name: NVIDIA H100 80GB HBM3
[Config] Min coverage is not used with importance sampling or patch diffusion.
[Config] Min coverage is not used with importance sampling or patch diffusion.
[Scaler] Reading dataset (lazy xarray)
[Config] Min coverage is not used with importance sampling or patch diffusion.
[Config] Min coverage is not used with importance sampling or patch diffusion.
[Scaler] START streaming fit (GPU)
[Scaler] Selecting best c (streaming on GPU)...
[c-select] [0/6209]    0.0% | elapsed:    2.2s | ETA:    infs
[c-select] [25/6209]    0.4% | elapsed:   50.5s | ETA: 12482.6s
[c-select] [50/6209]    0.8% | elapsed:   99.7s | ETA: 12281.9s
[c-select] [75/6209]    1.2% | elapsed:  149.8s | ETA: 12252.3s
[c-select] [100/6209]    1.6% | elapsed:  199.5s | ETA: 12185.3s
[c-select] [125/6209]    2.0% | elapsed:  249.4s | ETA: 12140.8s
[c-select] [150/6209]    2.4% | elapsed:  299.0s | ETA: 12078.5s
[c-select] [175/6209]    2.8% | elapsed:  349.0s | ETA: 12033.3s
[c-select] [200/6209]    3.2% | elapsed:  399.2s | ETA: 11993.6s
[c-select] [225/6209]    3.6% | elapsed:  449.0s | ETA: 11941.4s
[c-select] [250/6209]    4.0% | elapsed:  498.7s | ETA: 11886.0s
[c-select] [275/6209]    4.4% | elapsed:  548.5s | ETA: 11836.6s
[c-select] [300/6209]    4.8% | elapsed:  598.7s | ETA: 11791.8s
[c-select] [325/6209]    5.2% | elapsed:  648.6s | ETA: 11742.8s
[c-select] [350/6209]    5.6% | elapsed:  698.5s | ETA: 11693.2s
[c-select] [375/6209]    6.0% | elapsed:  737.3s | ETA: 11470.3s
[c-select] [400/6209]    6.4% | elapsed:  762.6s | ETA: 11074.7s
[c-select] [425/6209]    6.8% | elapsed:  787.7s | ETA: 10719.9s
[c-select] [450/6209]    7.2% | elapsed:  812.8s | ETA: 10401.6s
[c-select] [475/6209]    7.7% | elapsed:  837.7s | ETA: 10112.7s
[c-select] [500/6209]    8.1% | elapsed:  862.6s | ETA: 9849.6s
[c-select] [525/6209]    8.5% | elapsed:  887.4s | ETA: 9607.9s
[c-select] [550/6209]    8.9% | elapsed:  912.4s | ETA: 9388.1s
[c-select] [575/6209]    9.3% | elapsed:  937.4s | ETA: 9184.9s
[c-select] [600/6209]    9.7% | elapsed:  962.4s | ETA: 8997.2s
[c-select] [625/6209]   10.1% | elapsed:  987.3s | ETA: 8821.2s
[c-select] [650/6209]   10.5% | elapsed: 1012.4s | ETA: 8658.6s
[c-select] [675/6209]   10.9% | elapsed: 1037.6s | ETA: 8506.9s
[c-select] [700/6209]   11.3% | elapsed: 1062.7s | ETA: 8363.2s
[c-select] [725/6209]   11.7% | elapsed: 1088.1s | ETA: 8230.2s
[c-select] [750/6209]   12.1% | elapsed: 1121.2s | ETA: 8160.8s
[c-select] [775/6209]   12.5% | elapsed: 1155.7s | ETA: 8103.5s
[c-select] [800/6209]   12.9% | elapsed: 1190.5s | ETA: 8049.3s
[c-select] [825/6209]   13.3% | elapsed: 1224.8s | ETA: 7993.2s
[c-select] [850/6209]   13.7% | elapsed: 1259.3s | ETA: 7939.3s
[c-select] [875/6209]   14.1% | elapsed: 1294.0s | ETA: 7888.4s
[c-select] [900/6209]   14.5% | elapsed: 1328.5s | ETA: 7836.7s
[c-select] [925/6209]   14.9% | elapsed: 1363.3s | ETA: 7787.7s
[c-select] [950/6209]   15.3% | elapsed: 1397.8s | ETA: 7737.7s
[c-select] [975/6209]   15.7% | elapsed: 1432.2s | ETA: 7688.4s
[c-select] [1000/6209]   16.1% | elapsed: 1467.0s | ETA: 7641.4s
[c-select] [1025/6209]   16.5% | elapsed: 1501.5s | ETA: 7593.9s
[c-select] [1050/6209]   16.9% | elapsed: 1536.2s | ETA: 7547.7s
[c-select] [1075/6209]   17.3% | elapsed: 1570.6s | ETA: 7500.9s
[c-select] [1100/6209]   17.7% | elapsed: 1604.4s | ETA: 7451.6s
[c-select] [1125/6209]   18.1% | elapsed: 1634.5s | ETA: 7386.6s
[c-select] [1150/6209]   18.5% | elapsed: 1663.9s | ETA: 7319.5s
[c-select] [1175/6209]   18.9% | elapsed: 1691.6s | ETA: 7247.1s
[c-select] [1200/6209]   19.3% | elapsed: 1721.0s | ETA: 7183.9s
[c-select] [1225/6209]   19.7% | elapsed: 1750.9s | ETA: 7123.7s
[c-select] [1250/6209]   20.1% | elapsed: 1781.0s | ETA: 7065.7s
[c-select] [1275/6209]   20.5% | elapsed: 1813.9s | ETA: 7019.5s
[c-select] [1300/6209]   20.9% | elapsed: 1845.5s | ETA: 6968.8s
[c-select] [1325/6209]   21.3% | elapsed: 1873.2s | ETA: 6904.6s
[c-select] [1350/6209]   21.7% | elapsed: 1901.9s | ETA: 6845.6s
[c-select] [1375/6209]   22.1% | elapsed: 1932.2s | ETA: 6792.8s
[c-select] [1400/6209]   22.5% | elapsed: 1961.8s | ETA: 6738.9s
[c-select] [1425/6209]   23.0% | elapsed: 1992.2s | ETA: 6688.2s
[c-select] [1450/6209]   23.4% | elapsed: 2022.5s | ETA: 6637.9s
[c-select] [1475/6209]   23.8% | elapsed: 2085.9s | ETA: 6694.8s
[c-select] [1500/6209]   24.2% | elapsed: 2171.2s | ETA: 6816.2s
[c-select] [1525/6209]   24.6% | elapsed: 2256.4s | ETA: 6930.6s
[c-select] [1550/6209]   25.0% | elapsed: 2341.3s | ETA: 7037.4s
[c-select] [1575/6209]   25.4% | elapsed: 2426.3s | ETA: 7138.8s
[c-select] [1600/6209]   25.8% | elapsed: 2511.1s | ETA: 7233.6s
[c-select] [1625/6209]   26.2% | elapsed: 2596.7s | ETA: 7325.0s
[c-select] [1650/6209]   26.6% | elapsed: 2681.8s | ETA: 7409.9s
[c-select] [1675/6209]   27.0% | elapsed: 2766.8s | ETA: 7489.5s
[c-select] [1700/6209]   27.4% | elapsed: 2852.2s | ETA: 7564.9s
[c-select] [1725/6209]   27.8% | elapsed: 2937.3s | ETA: 7635.4s
[c-select] [1750/6209]   28.2% | elapsed: 3022.6s | ETA: 7701.7s
[c-select] [1775/6209]   28.6% | elapsed: 3108.0s | ETA: 7763.9s
[c-select] [1800/6209]   29.0% | elapsed: 3197.0s | ETA: 7831.0s
[c-select] [1825/6209]   29.4% | elapsed: 3282.2s | ETA: 7884.6s
[c-select] [1850/6209]   29.8% | elapsed: 3303.2s | ETA: 7783.1s
[c-select] [1875/6209]   30.2% | elapsed: 3324.0s | ETA: 7683.3s
[c-select] [1900/6209]   30.6% | elapsed: 3345.1s | ETA: 7586.2s
[c-select] [1925/6209]   31.0% | elapsed: 3366.0s | ETA: 7490.8s
[c-select] [1950/6209]   31.4% | elapsed: 3386.8s | ETA: 7397.1s
[c-select] [1975/6209]   31.8% | elapsed: 3407.7s | ETA: 7305.4s
[c-select] [2000/6209]   32.2% | elapsed: 3428.8s | ETA: 7216.0s
[c-select] [2025/6209]   32.6% | elapsed: 3449.6s | ETA: 7127.5s
[c-select] [2050/6209]   33.0% | elapsed: 3470.5s | ETA: 7040.9s
[c-select] [2075/6209]   33.4% | elapsed: 3491.3s | ETA: 6955.8s
[c-select] [2100/6209]   33.8% | elapsed: 3512.5s | ETA: 6872.7s
[c-select] [2125/6209]   34.2% | elapsed: 3533.2s | ETA: 6790.3s
[c-select] [2150/6209]   34.6% | elapsed: 3553.9s | ETA: 6709.5s
[c-select] [2175/6209]   35.0% | elapsed: 3574.7s | ETA: 6630.1s
[c-select] [2200/6209]   35.4% | elapsed: 3603.2s | ETA: 6566.0s
[c-select] [2225/6209]   35.8% | elapsed: 3642.9s | ETA: 6522.9s
[c-select] [2250/6209]   36.2% | elapsed: 3682.7s | ETA: 6480.0s
[c-select] [2275/6209]   36.6% | elapsed: 3722.4s | ETA: 6437.0s
[c-select] [2300/6209]   37.0% | elapsed: 3762.4s | ETA: 6394.4s
[c-select] [2325/6209]   37.4% | elapsed: 3801.6s | ETA: 6350.7s
[c-select] [2350/6209]   37.8% | elapsed: 3841.7s | ETA: 6308.6s
[c-select] [2375/6209]   38.3% | elapsed: 3880.9s | ETA: 6265.1s
[c-select] [2400/6209]   38.7% | elapsed: 3921.0s | ETA: 6223.0s
[c-select] [2425/6209]   39.1% | elapsed: 3960.2s | ETA: 6179.5s
[c-select] [2450/6209]   39.5% | elapsed: 3999.8s | ETA: 6136.8s
[c-select] [2475/6209]   39.9% | elapsed: 4039.1s | ETA: 6093.8s
[c-select] [2500/6209]   40.3% | elapsed: 4078.6s | ETA: 6050.9s
[c-select] [2525/6209]   40.7% | elapsed: 4118.0s | ETA: 6008.2s
[c-select] [2550/6209]   41.1% | elapsed: 4157.4s | ETA: 5965.4s
[c-select] [2575/6209]   41.5% | elapsed: 4213.7s | ETA: 5946.6s
[c-select] [2600/6209]   41.9% | elapsed: 4273.8s | ETA: 5932.3s
[c-select] [2625/6209]   42.3% | elapsed: 4333.7s | ETA: 5917.0s
[c-select] [2650/6209]   42.7% | elapsed: 4393.2s | ETA: 5900.1s
[c-select] [2675/6209]   43.1% | elapsed: 4453.2s | ETA: 5883.3s
[c-select] [2700/6209]   43.5% | elapsed: 4513.0s | ETA: 5865.2s
[c-select] [2725/6209]   43.9% | elapsed: 4572.7s | ETA: 5846.3s
[c-select] [2750/6209]   44.3% | elapsed: 4632.7s | ETA: 5827.2s
[c-select] [2775/6209]   44.7% | elapsed: 4692.9s | ETA: 5807.3s
[c-select] [2800/6209]   45.1% | elapsed: 4752.5s | ETA: 5786.2s
[c-select] [2825/6209]   45.5% | elapsed: 4812.2s | ETA: 5764.4s
[c-select] [2850/6209]   45.9% | elapsed: 4872.4s | ETA: 5742.6s
[c-select] [2875/6209]   46.3% | elapsed: 4932.2s | ETA: 5719.7s
[c-select] [2900/6209]   46.7% | elapsed: 4992.5s | ETA: 5696.6s
[c-select] [2925/6209]   47.1% | elapsed: 5054.7s | ETA: 5675.1s
[c-select] [2950/6209]   47.5% | elapsed: 5130.4s | ETA: 5667.8s
[c-select] [2975/6209]   47.9% | elapsed: 5205.4s | ETA: 5658.6s
[c-select] [3000/6209]   48.3% | elapsed: 5281.0s | ETA: 5648.9s
[c-select] [3025/6209]   48.7% | elapsed: 5356.4s | ETA: 5637.9s
[c-select] [3050/6209]   49.1% | elapsed: 5432.0s | ETA: 5626.1s
[c-select] [3075/6209]   49.5% | elapsed: 5507.5s | ETA: 5613.2s
[c-select] [3100/6209]   49.9% | elapsed: 5582.6s | ETA: 5598.8s
[c-select] [3125/6209]   50.3% | elapsed: 5658.2s | ETA: 5584.0s
[c-select] [3150/6209]   50.7% | elapsed: 5733.6s | ETA: 5568.0s
[c-select] [3175/6209]   51.1% | elapsed: 5808.9s | ETA: 5550.9s
[c-select] [3200/6209]   51.5% | elapsed: 5884.3s | ETA: 5533.1s
[c-select] [3225/6209]   51.9% | elapsed: 5959.6s | ETA: 5514.3s
[c-select] [3250/6209]   52.3% | elapsed: 6035.4s | ETA: 5495.0s
[c-select] [3275/6209]   52.7% | elapsed: 6110.9s | ETA: 5474.6s
[c-select] [3300/6209]   53.1% | elapsed: 6153.5s | ETA: 5424.4s
[c-select] [3325/6209]   53.6% | elapsed: 6169.7s | ETA: 5351.4s
[c-select] [3350/6209]   54.0% | elapsed: 6186.3s | ETA: 5279.6s
[c-select] [3375/6209]   54.4% | elapsed: 6202.6s | ETA: 5208.3s
[c-select] [3400/6209]   54.8% | elapsed: 6219.2s | ETA: 5138.1s
[c-select] [3425/6209]   55.2% | elapsed: 6235.3s | ETA: 5068.4s
[c-select] [3450/6209]   55.6% | elapsed: 6252.0s | ETA: 4999.8s
[c-select] [3475/6209]   56.0% | elapsed: 6268.1s | ETA: 4931.5s
[c-select] [3500/6209]   56.4% | elapsed: 6284.7s | ETA: 4864.3s
[c-select] [3525/6209]   56.8% | elapsed: 6301.0s | ETA: 4797.7s
[c-select] [3550/6209]   57.2% | elapsed: 6317.7s | ETA: 4732.0s
[c-select] [3575/6209]   57.6% | elapsed: 6334.0s | ETA: 4666.8s
[c-select] [3600/6209]   58.0% | elapsed: 6350.8s | ETA: 4602.6s
[c-select] [3625/6209]   58.4% | elapsed: 6367.1s | ETA: 4538.7s
[c-select] [3650/6209]   58.8% | elapsed: 6383.9s | ETA: 4475.7s
[c-select] [3675/6209]   59.2% | elapsed: 6447.4s | ETA: 4445.7s
[c-select] [3700/6209]   59.6% | elapsed: 6512.9s | ETA: 4416.4s
[c-select] [3725/6209]   60.0% | elapsed: 6578.1s | ETA: 4386.6s
[c-select] [3750/6209]   60.4% | elapsed: 6643.2s | ETA: 4356.2s
[c-select] [3775/6209]   60.8% | elapsed: 6708.9s | ETA: 4325.7s
[c-select] [3800/6209]   61.2% | elapsed: 6774.1s | ETA: 4294.4s
[c-select] [3825/6209]   61.6% | elapsed: 6839.8s | ETA: 4263.0s
[c-select] [3850/6209]   62.0% | elapsed: 6905.0s | ETA: 4230.9s
[c-select] [3875/6209]   62.4% | elapsed: 6970.4s | ETA: 4198.4s
[c-select] [3900/6209]   62.8% | elapsed: 7035.9s | ETA: 4165.6s
[c-select] [3925/6209]   63.2% | elapsed: 7101.9s | ETA: 4132.7s
[c-select] [3950/6209]   63.6% | elapsed: 7167.0s | ETA: 4098.8s
[c-select] [3975/6209]   64.0% | elapsed: 7232.5s | ETA: 4064.8s
[c-select] [4000/6209]   64.4% | elapsed: 7298.1s | ETA: 4030.4s
[c-select] [4025/6209]   64.8% | elapsed: 7367.6s | ETA: 3997.7s
[c-select] [4050/6209]   65.2% | elapsed: 7438.0s | ETA: 3965.1s
[c-select] [4075/6209]   65.6% | elapsed: 7508.2s | ETA: 3931.9s
[c-select] [4100/6209]   66.0% | elapsed: 7579.3s | ETA: 3898.7s
[c-select] [4125/6209]   66.4% | elapsed: 7649.7s | ETA: 3864.7s
[c-select] [4150/6209]   66.8% | elapsed: 7720.5s | ETA: 3830.5s
[c-select] [4175/6209]   67.2% | elapsed: 7791.2s | ETA: 3795.8s
[c-select] [4200/6209]   67.6% | elapsed: 7900.0s | ETA: 3778.9s
[c-select] [4225/6209]   68.0% | elapsed: 7970.6s | ETA: 3742.9s
[c-select] [4250/6209]   68.4% | elapsed: 8041.0s | ETA: 3706.4s
[c-select] [4275/6209]   68.9% | elapsed: 8111.6s | ETA: 3669.7s
[c-select] [4300/6209]   69.3% | elapsed: 8182.3s | ETA: 3632.5s
[c-select] [4325/6209]   69.7% | elapsed: 8252.7s | ETA: 3594.9s
[c-select] [4350/6209]   70.1% | elapsed: 8322.2s | ETA: 3556.6s
[c-select] [4375/6209]   70.5% | elapsed: 8392.0s | ETA: 3517.9s
[c-select] [4400/6209]   70.9% | elapsed: 8418.5s | ETA: 3461.2s
[c-select] [4425/6209]   71.3% | elapsed: 8428.1s | ETA: 3397.9s
[c-select] [4450/6209]   71.7% | elapsed: 8437.5s | ETA: 3335.2s
[c-select] [4475/6209]   72.1% | elapsed: 8446.8s | ETA: 3273.0s
[c-select] [4500/6209]   72.5% | elapsed: 8456.3s | ETA: 3211.5s
[c-select] [4525/6209]   72.9% | elapsed: 8465.7s | ETA: 3150.6s
[c-select] [4550/6209]   73.3% | elapsed: 8475.3s | ETA: 3090.2s
[c-select] [4575/6209]   73.7% | elapsed: 8485.2s | ETA: 3030.6s
[c-select] [4600/6209]   74.1% | elapsed: 8494.6s | ETA: 2971.3s
[c-select] [4625/6209]   74.5% | elapsed: 8504.0s | ETA: 2912.5s
[c-select] [4650/6209]   74.9% | elapsed: 8513.4s | ETA: 2854.3s
[c-select] [4675/6209]   75.3% | elapsed: 8522.8s | ETA: 2796.6s
[c-select] [4700/6209]   75.7% | elapsed: 8532.2s | ETA: 2739.4s
[c-select] [4725/6209]   76.1% | elapsed: 8541.5s | ETA: 2682.7s
[c-select] [4750/6209]   76.5% | elapsed: 8559.4s | ETA: 2629.1s
[c-select] [4775/6209]   76.9% | elapsed: 8639.6s | ETA: 2594.6s
[c-select] [4800/6209]   77.3% | elapsed: 8720.1s | ETA: 2559.7s
[c-select] [4825/6209]   77.7% | elapsed: 8800.4s | ETA: 2524.3s
[c-select] [4850/6209]   78.1% | elapsed: 8880.9s | ETA: 2488.5s
[c-select] [4875/6209]   78.5% | elapsed: 8961.6s | ETA: 2452.3s
[c-select] [4900/6209]   78.9% | elapsed: 9042.1s | ETA: 2415.5s
[c-select] [4925/6209]   79.3% | elapsed: 9122.8s | ETA: 2378.4s
[c-select] [4950/6209]   79.7% | elapsed: 9202.5s | ETA: 2340.6s
[c-select] [4975/6209]   80.1% | elapsed: 9282.8s | ETA: 2302.5s
[c-select] [5000/6209]   80.5% | elapsed: 9363.1s | ETA: 2264.0s
[c-select] [5025/6209]   80.9% | elapsed: 9443.4s | ETA: 2225.1s
[c-select] [5050/6209]   81.3% | elapsed: 9523.6s | ETA: 2185.7s
[c-select] [5075/6209]   81.7% | elapsed: 9603.4s | ETA: 2145.9s
[c-select] [5100/6209]   82.1% | elapsed: 9683.4s | ETA: 2105.7s
[c-select] [5125/6209]   82.5% | elapsed: 9746.6s | ETA: 2061.5s
[c-select] [5150/6209]   82.9% | elapsed: 9793.4s | ETA: 2013.8s
[c-select] [5175/6209]   83.3% | elapsed: 9840.7s | ETA: 1966.2s
[c-select] [5200/6209]   83.7% | elapsed: 9887.7s | ETA: 1918.6s
[c-select] [5225/6209]   84.2% | elapsed: 9934.3s | ETA: 1870.9s
[c-select] [5250/6209]   84.6% | elapsed: 9981.5s | ETA: 1823.3s
[c-select] [5275/6209]   85.0% | elapsed: 10028.6s | ETA: 1775.7s
[c-select] [5300/6209]   85.4% | elapsed: 10076.0s | ETA: 1728.1s
[c-select] [5325/6209]   85.8% | elapsed: 10123.7s | ETA: 1680.6s
[c-select] [5350/6209]   86.2% | elapsed: 10171.2s | ETA: 1633.1s
[c-select] [5375/6209]   86.6% | elapsed: 10218.7s | ETA: 1585.6s
[c-select] [5400/6209]   87.0% | elapsed: 10266.1s | ETA: 1538.0s
[c-select] [5425/6209]   87.4% | elapsed: 10313.5s | ETA: 1490.5s
[c-select] [5450/6209]   87.8% | elapsed: 10360.9s | ETA: 1442.9s
[c-select] [5475/6209]   88.2% | elapsed: 10407.8s | ETA: 1395.3s
[c-select] [5500/6209]   88.6% | elapsed: 10423.9s | ETA: 1343.7s
[c-select] [5525/6209]   89.0% | elapsed: 10436.8s | ETA: 1292.1s
[c-select] [5550/6209]   89.4% | elapsed: 10449.5s | ETA: 1240.8s
[c-select] [5575/6209]   89.8% | elapsed: 10462.2s | ETA: 1189.8s
[c-select] [5600/6209]   90.2% | elapsed: 10475.0s | ETA: 1139.2s
[c-select] [5625/6209]   90.6% | elapsed: 10487.8s | ETA: 1088.9s
[c-select] [5650/6209]   91.0% | elapsed: 10500.7s | ETA: 1038.9s
[c-select] [5675/6209]   91.4% | elapsed: 10513.5s | ETA:  989.3s
[c-select] [5700/6209]   91.8% | elapsed: 10526.3s | ETA:  940.0s
[c-select] [5725/6209]   92.2% | elapsed: 10539.4s | ETA:  891.0s
[c-select] [5750/6209]   92.6% | elapsed: 10552.2s | ETA:  842.3s
[c-select] [5775/6209]   93.0% | elapsed: 10565.1s | ETA:  794.0s
[c-select] [5800/6209]   93.4% | elapsed: 10577.9s | ETA:  745.9s
[c-select] [5825/6209]   93.8% | elapsed: 10590.7s | ETA:  698.2s
[c-select] [5850/6209]   94.2% | elapsed: 10615.6s | ETA:  651.5s
[c-select] [5875/6209]   94.6% | elapsed: 10672.1s | ETA:  606.7s
[c-select] [5900/6209]   95.0% | elapsed: 10728.3s | ETA:  561.9s
[c-select] [5925/6209]   95.4% | elapsed: 10784.4s | ETA:  516.9s
[c-select] [5950/6209]   95.8% | elapsed: 10840.8s | ETA:  471.9s
[c-select] [5975/6209]   96.2% | elapsed: 10897.2s | ETA:  426.8s
[c-select] [6000/6209]   96.6% | elapsed: 10953.3s | ETA:  381.5s
[c-select] [6025/6209]   97.0% | elapsed: 11009.9s | ETA:  336.2s
[c-select] [6050/6209]   97.4% | elapsed: 11066.2s | ETA:  290.8s
[c-select] [6075/6209]   97.8% | elapsed: 11122.4s | ETA:  245.3s
[c-select] [6100/6209]   98.2% | elapsed: 11179.1s | ETA:  199.8s
[c-select] [6125/6209]   98.6% | elapsed: 11235.8s | ETA:  154.1s
[c-select] [6150/6209]   99.0% | elapsed: 11292.5s | ETA:  108.3s
[c-select] [6175/6209]   99.5% | elapsed: 11349.0s | ETA:   62.5s
[c-select] [6200/6209]   99.9% | elapsed: 11405.6s | ETA:   16.6s
   c=1e-08 → score=2975.463379
   c=1e-07 → score=3008.592285
   c=1e-06 → score=3058.827393
   c=1e-05 → score=3141.025146
   c=0.0001 → score=3294.192383
   c=0.001 → score=3618.160156
   c=0.01 → score=4261.251465
   c=0.05 → score=4160.034180
   c=0.1 → score=3557.772949
   c=0.25 → score=2636.183105
   c=0.5 → score=2228.272949
   c=1.0 → score=2005.289795
   c=2.0 → score=1733.377808
[Scaler] Selected c=2.0
[Scaler] Computing mean/std (streaming, GPU)...
[fit] [0/6209]    0.0% | elapsed:    2.0s | ETA:    infs
[fit] [25/6209]    0.4% | elapsed:   51.6s | ETA: 12775.4s
[fit] [50/6209]    0.8% | elapsed:  101.3s | ETA: 12476.4s
[fit] [75/6209]    1.2% | elapsed:  151.0s | ETA: 12350.9s
[fit] [100/6209]    1.6% | elapsed:  200.4s | ETA: 12245.2s
[fit] [125/6209]    2.0% | elapsed:  250.1s | ETA: 12174.0s
[fit] [150/6209]    2.4% | elapsed:  299.4s | ETA: 12092.8s
[fit] [175/6209]    2.8% | elapsed:  349.1s | ETA: 12036.7s
[fit] [200/6209]    3.2% | elapsed:  398.5s | ETA: 11974.4s
[fit] [225/6209]    3.6% | elapsed:  448.2s | ETA: 11919.3s
[fit] [250/6209]    4.0% | elapsed:  497.5s | ETA: 11859.3s
[fit] [275/6209]    4.4% | elapsed:  547.4s | ETA: 11811.2s
[fit] [300/6209]    4.8% | elapsed:  596.6s | ETA: 11751.5s
[fit] [325/6209]    5.2% | elapsed:  646.5s | ETA: 11704.3s
[fit] [350/6209]    5.6% | elapsed:  695.8s | ETA: 11648.4s
[fit] [375/6209]    6.0% | elapsed:  734.6s | ETA: 11428.4s
[fit] [400/6209]    6.4% | elapsed:  759.5s | ETA: 11029.8s
[fit] [425/6209]    6.8% | elapsed:  784.5s | ETA: 10677.2s
[fit] [450/6209]    7.2% | elapsed:  809.9s | ETA: 10365.2s
[fit] [475/6209]    7.7% | elapsed:  834.8s | ETA: 10077.0s
[fit] [500/6209]    8.1% | elapsed:  859.7s | ETA: 9816.1s
[fit] [525/6209]    8.5% | elapsed:  885.0s | ETA: 9581.3s
[fit] [550/6209]    8.9% | elapsed:  910.0s | ETA: 9362.8s
[fit] [575/6209]    9.3% | elapsed:  934.9s | ETA: 9160.2s
[fit] [600/6209]    9.7% | elapsed:  959.7s | ETA: 8972.1s
[fit] [625/6209]   10.1% | elapsed:  984.7s | ETA: 8797.5s
[fit] [650/6209]   10.5% | elapsed: 1009.9s | ETA: 8637.2s
[fit] [675/6209]   10.9% | elapsed: 1034.9s | ETA: 8484.9s
[fit] [700/6209]   11.3% | elapsed: 1059.9s | ETA: 8341.7s
[fit] [725/6209]   11.7% | elapsed: 1084.9s | ETA: 8206.6s
[fit] [750/6209]   12.1% | elapsed: 1118.4s | ETA: 8140.4s
[fit] [775/6209]   12.5% | elapsed: 1152.8s | ETA: 8082.8s
[fit] [800/6209]   12.9% | elapsed: 1187.1s | ETA: 8026.3s
[fit] [825/6209]   13.3% | elapsed: 1221.7s | ETA: 7972.6s
[fit] [850/6209]   13.7% | elapsed: 1256.1s | ETA: 7919.1s
[fit] [875/6209]   14.1% | elapsed: 1290.8s | ETA: 7868.8s
[fit] [900/6209]   14.5% | elapsed: 1325.3s | ETA: 7817.8s
[fit] [925/6209]   14.9% | elapsed: 1359.9s | ETA: 7768.2s
[fit] [950/6209]   15.3% | elapsed: 1394.0s | ETA: 7717.2s
[fit] [975/6209]   15.7% | elapsed: 1428.8s | ETA: 7669.9s
[fit] [1000/6209]   16.1% | elapsed: 1463.1s | ETA: 7621.1s
[fit] [1025/6209]   16.5% | elapsed: 1497.4s | ETA: 7573.3s
[fit] [1050/6209]   16.9% | elapsed: 1532.1s | ETA: 7527.8s
[fit] [1075/6209]   17.3% | elapsed: 1566.6s | ETA: 7481.9s
[fit] [1100/6209]   17.7% | elapsed: 1600.3s | ETA: 7432.7s
[fit] [1125/6209]   18.1% | elapsed: 1630.4s | ETA: 7367.8s
[fit] [1150/6209]   18.5% | elapsed: 1660.3s | ETA: 7303.8s
[fit] [1175/6209]   18.9% | elapsed: 1690.4s | ETA: 7242.1s
[fit] [1200/6209]   19.3% | elapsed: 1720.4s | ETA: 7181.1s
[fit] [1225/6209]   19.7% | elapsed: 1750.2s | ETA: 7120.8s
[fit] [1250/6209]   20.1% | elapsed: 1780.1s | ETA: 7062.0s
[fit] [1275/6209]   20.5% | elapsed: 1809.9s | ETA: 7004.1s
[fit] [1300/6209]   20.9% | elapsed: 1839.7s | ETA: 6947.1s
[fit] [1325/6209]   21.3% | elapsed: 1869.9s | ETA: 6892.6s
[fit] [1350/6209]   21.7% | elapsed: 1899.8s | ETA: 6837.7s
[fit] [1375/6209]   22.1% | elapsed: 1929.5s | ETA: 6783.5s
[fit] [1400/6209]   22.5% | elapsed: 1959.4s | ETA: 6730.7s
[fit] [1425/6209]   23.0% | elapsed: 1989.3s | ETA: 6678.5s
[fit] [1450/6209]   23.4% | elapsed: 2019.5s | ETA: 6628.0s
[fit] [1475/6209]   23.8% | elapsed: 2082.8s | ETA: 6684.7s
[fit] [1500/6209]   24.2% | elapsed: 2167.2s | ETA: 6803.5s
[fit] [1525/6209]   24.6% | elapsed: 2251.4s | ETA: 6915.2s
[fit] [1550/6209]   25.0% | elapsed: 2335.5s | ETA: 7020.2s
[fit] [1575/6209]   25.4% | elapsed: 2419.9s | ETA: 7120.0s
[fit] [1600/6209]   25.8% | elapsed: 2504.2s | ETA: 7213.7s
[fit] [1625/6209]   26.2% | elapsed: 2588.2s | ETA: 7301.1s
[fit] [1650/6209]   26.6% | elapsed: 2672.0s | ETA: 7382.9s
[fit] [1675/6209]   27.0% | elapsed: 2756.6s | ETA: 7461.8s
[fit] [1700/6209]   27.4% | elapsed: 2840.8s | ETA: 7534.8s
[fit] [1725/6209]   27.8% | elapsed: 2925.0s | ETA: 7603.4s
[fit] [1750/6209]   28.2% | elapsed: 3009.4s | ETA: 7667.9s
[fit] [1775/6209]   28.6% | elapsed: 3094.4s | ETA: 7729.9s
[fit] [1800/6209]   29.0% | elapsed: 3178.8s | ETA: 7786.2s
[fit] [1825/6209]   29.4% | elapsed: 3258.7s | ETA: 7828.0s
[fit] [1850/6209]   29.8% | elapsed: 3279.4s | ETA: 7726.9s
[fit] [1875/6209]   30.2% | elapsed: 3300.1s | ETA: 7628.2s
[fit] [1900/6209]   30.6% | elapsed: 3320.9s | ETA: 7531.5s
[fit] [1925/6209]   31.0% | elapsed: 3343.7s | ETA: 7441.2s
[fit] [1950/6209]   31.4% | elapsed: 3366.0s | ETA: 7351.8s
[fit] [1975/6209]   31.8% | elapsed: 3386.7s | ETA: 7260.4s
[fit] [2000/6209]   32.2% | elapsed: 3405.7s | ETA: 7167.3s
[fit] [2025/6209]   32.6% | elapsed: 3424.5s | ETA: 7075.5s
[fit] [2050/6209]   33.0% | elapsed: 3444.7s | ETA: 6988.6s
[fit] [2075/6209]   33.4% | elapsed: 3465.3s | ETA: 6903.9s
[fit] [2100/6209]   33.8% | elapsed: 3487.2s | ETA: 6823.3s
[fit] [2125/6209]   34.2% | elapsed: 3509.3s | ETA: 6744.5s
[fit] [2150/6209]   34.6% | elapsed: 3531.9s | ETA: 6667.8s
[fit] [2175/6209]   35.0% | elapsed: 3552.4s | ETA: 6588.6s
[fit] [2200/6209]   35.4% | elapsed: 3580.5s | ETA: 6524.6s
[fit] [2225/6209]   35.8% | elapsed: 3619.3s | ETA: 6480.5s
[fit] [2250/6209]   36.2% | elapsed: 3656.9s | ETA: 6434.5s
[fit] [2275/6209]   36.6% | elapsed: 3693.1s | ETA: 6386.2s
[fit] [2300/6209]   37.0% | elapsed: 3732.0s | ETA: 6342.8s
[fit] [2325/6209]   37.4% | elapsed: 3771.5s | ETA: 6300.5s
[fit] [2350/6209]   37.8% | elapsed: 3811.3s | ETA: 6258.7s
[fit] [2375/6209]   38.3% | elapsed: 3854.5s | ETA: 6222.3s
[fit] [2400/6209]   38.7% | elapsed: 3893.4s | ETA: 6179.2s
[fit] [2425/6209]   39.1% | elapsed: 3932.5s | ETA: 6136.3s
[fit] [2450/6209]   39.5% | elapsed: 3971.9s | ETA: 6094.0s
[fit] [2475/6209]   39.9% | elapsed: 4010.5s | ETA: 6050.6s
[fit] [2500/6209]   40.3% | elapsed: 4049.6s | ETA: 6008.0s
[fit] [2525/6209]   40.7% | elapsed: 4089.1s | ETA: 5966.1s
[fit] [2550/6209]   41.1% | elapsed: 4127.9s | ETA: 5923.1s
[fit] [2575/6209]   41.5% | elapsed: 4183.5s | ETA: 5904.0s
[fit] [2600/6209]   41.9% | elapsed: 4242.4s | ETA: 5888.8s
[fit] [2625/6209]   42.3% | elapsed: 4301.6s | ETA: 5873.2s
[fit] [2650/6209]   42.7% | elapsed: 4360.6s | ETA: 5856.3s
[fit] [2675/6209]   43.1% | elapsed: 4419.7s | ETA: 5839.0s
[fit] [2700/6209]   43.5% | elapsed: 4478.4s | ETA: 5820.2s
[fit] [2725/6209]   43.9% | elapsed: 4537.5s | ETA: 5801.4s
[fit] [2750/6209]   44.3% | elapsed: 4596.5s | ETA: 5781.6s
[fit] [2775/6209]   44.7% | elapsed: 4655.7s | ETA: 5761.4s
[fit] [2800/6209]   45.1% | elapsed: 4714.2s | ETA: 5739.6s
[fit] [2825/6209]   45.5% | elapsed: 4773.4s | ETA: 5718.0s
[fit] [2850/6209]   45.9% | elapsed: 4832.3s | ETA: 5695.3s
[fit] [2875/6209]   46.3% | elapsed: 4891.5s | ETA: 5672.5s
[fit] [2900/6209]   46.7% | elapsed: 4950.4s | ETA: 5648.6s
[fit] [2925/6209]   47.1% | elapsed: 5011.7s | ETA: 5626.8s
[fit] [2950/6209]   47.5% | elapsed: 5086.3s | ETA: 5619.1s
[fit] [2975/6209]   47.9% | elapsed: 5160.8s | ETA: 5610.1s
[fit] [3000/6209]   48.3% | elapsed: 5236.2s | ETA: 5601.0s
[fit] [3025/6209]   48.7% | elapsed: 5311.5s | ETA: 5590.7s
[fit] [3050/6209]   49.1% | elapsed: 5387.0s | ETA: 5579.6s
[fit] [3075/6209]   49.5% | elapsed: 5462.4s | ETA: 5567.2s
[fit] [3100/6209]   49.9% | elapsed: 5537.8s | ETA: 5553.9s
[fit] [3125/6209]   50.3% | elapsed: 5613.3s | ETA: 5539.6s
[fit] [3150/6209]   50.7% | elapsed: 5688.6s | ETA: 5524.3s
[fit] [3175/6209]   51.1% | elapsed: 5764.0s | ETA: 5508.0s
[fit] [3200/6209]   51.5% | elapsed: 5839.2s | ETA: 5490.7s
[fit] [3225/6209]   51.9% | elapsed: 5914.7s | ETA: 5472.7s
[fit] [3250/6209]   52.3% | elapsed: 5990.3s | ETA: 5454.0s
[fit] [3275/6209]   52.7% | elapsed: 6065.9s | ETA: 5434.3s
[fit] [3300/6209]   53.1% | elapsed: 6108.5s | ETA: 5384.8s
[fit] [3325/6209]   53.6% | elapsed: 6124.7s | ETA: 5312.4s
[fit] [3350/6209]   54.0% | elapsed: 6140.7s | ETA: 5240.6s
[fit] [3375/6209]   54.4% | elapsed: 6156.9s | ETA: 5170.0s
[fit] [3400/6209]   54.8% | elapsed: 6173.1s | ETA: 5100.1s
[fit] [3425/6209]   55.2% | elapsed: 6189.0s | ETA: 5030.7s
[fit] [3450/6209]   55.6% | elapsed: 6205.3s | ETA: 4962.5s
[fit] [3475/6209]   56.0% | elapsed: 6221.5s | ETA: 4894.8s
[fit] [3500/6209]   56.4% | elapsed: 6237.7s | ETA: 4828.0s
[fit] [3525/6209]   56.8% | elapsed: 6253.7s | ETA: 4761.7s
[fit] [3550/6209]   57.2% | elapsed: 6270.0s | ETA: 4696.3s
[fit] [3575/6209]   57.6% | elapsed: 6286.3s | ETA: 4631.6s
[fit] [3600/6209]   58.0% | elapsed: 6302.2s | ETA: 4567.4s
[fit] [3625/6209]   58.4% | elapsed: 6318.5s | ETA: 4504.0s
[fit] [3650/6209]   58.8% | elapsed: 6334.9s | ETA: 4441.4s
[fit] [3675/6209]   59.2% | elapsed: 6397.0s | ETA: 4410.9s
[fit] [3700/6209]   59.6% | elapsed: 6461.4s | ETA: 4381.5s
[fit] [3725/6209]   60.0% | elapsed: 6526.0s | ETA: 4351.9s
[fit] [3750/6209]   60.4% | elapsed: 6590.3s | ETA: 4321.5s
[fit] [3775/6209]   60.8% | elapsed: 6654.8s | ETA: 4290.8s
[fit] [3800/6209]   61.2% | elapsed: 6718.9s | ETA: 4259.4s
[fit] [3825/6209]   61.6% | elapsed: 6783.4s | ETA: 4227.9s
[fit] [3850/6209]   62.0% | elapsed: 6847.3s | ETA: 4195.6s
[fit] [3875/6209]   62.4% | elapsed: 6911.1s | ETA: 4162.7s
[fit] [3900/6209]   62.8% | elapsed: 6975.2s | ETA: 4129.7s
[fit] [3925/6209]   63.2% | elapsed: 7039.7s | ETA: 4096.5s
[fit] [3950/6209]   63.6% | elapsed: 7104.1s | ETA: 4062.8s
[fit] [3975/6209]   64.0% | elapsed: 7168.5s | ETA: 4028.8s
[fit] [4000/6209]   64.4% | elapsed: 7232.8s | ETA: 3994.3s
[fit] [4025/6209]   64.8% | elapsed: 7298.8s | ETA: 3960.4s
[fit] [4050/6209]   65.2% | elapsed: 7367.3s | ETA: 3927.4s
[fit] [4075/6209]   65.6% | elapsed: 7436.6s | ETA: 3894.4s
[fit] [4100/6209]   66.0% | elapsed: 7505.4s | ETA: 3860.7s
[fit] [4125/6209]   66.4% | elapsed: 7574.5s | ETA: 3826.7s
[fit] [4150/6209]   66.8% | elapsed: 7643.3s | ETA: 3792.2s
[fit] [4175/6209]   67.2% | elapsed: 7712.2s | ETA: 3757.3s
[fit] [4200/6209]   67.6% | elapsed: 7781.5s | ETA: 3722.1s
[fit] [4225/6209]   68.0% | elapsed: 7850.3s | ETA: 3686.4s
[fit] [4250/6209]   68.4% | elapsed: 7919.6s | ETA: 3650.4s
[fit] [4275/6209]   68.9% | elapsed: 7988.4s | ETA: 3613.9s
[fit] [4300/6209]   69.3% | elapsed: 8057.9s | ETA: 3577.4s
[fit] [4325/6209]   69.7% | elapsed: 8127.2s | ETA: 3540.3s
[fit] [4350/6209]   70.1% | elapsed: 8196.2s | ETA: 3502.7s
[fit] [4375/6209]   70.5% | elapsed: 8265.8s | ETA: 3465.0s
[fit] [4400/6209]   70.9% | elapsed: 8291.9s | ETA: 3409.1s
[fit] [4425/6209]   71.3% | elapsed: 8301.4s | ETA: 3346.8s
[fit] [4450/6209]   71.7% | elapsed: 8311.2s | ETA: 3285.2s
[fit] [4475/6209]   72.1% | elapsed: 8320.5s | ETA: 3224.1s
[fit] [4500/6209]   72.5% | elapsed: 8329.9s | ETA: 3163.5s
[fit] [4525/6209]   72.9% | elapsed: 8339.3s | ETA: 3103.5s
[fit] [4550/6209]   73.3% | elapsed: 8348.8s | ETA: 3044.1s
[fit] [4575/6209]   73.7% | elapsed: 8358.2s | ETA: 2985.2s
[fit] [4600/6209]   74.1% | elapsed: 8367.5s | ETA: 2926.8s
[fit] [4625/6209]   74.5% | elapsed: 8376.8s | ETA: 2868.9s
[fit] [4650/6209]   74.9% | elapsed: 8386.1s | ETA: 2811.6s
[fit] [4675/6209]   75.3% | elapsed: 8395.3s | ETA: 2754.7s
[fit] [4700/6209]   75.7% | elapsed: 8404.6s | ETA: 2698.4s
[fit] [4725/6209]   76.1% | elapsed: 8413.9s | ETA: 2642.6s
[fit] [4750/6209]   76.5% | elapsed: 8431.9s | ETA: 2589.9s
[fit] [4775/6209]   76.9% | elapsed: 8511.1s | ETA: 2556.0s
[fit] [4800/6209]   77.3% | elapsed: 8589.6s | ETA: 2521.4s
[fit] [4825/6209]   77.7% | elapsed: 8668.9s | ETA: 2486.6s
[fit] [4850/6209]   78.1% | elapsed: 8747.4s | ETA: 2451.1s
[fit] [4875/6209]   78.5% | elapsed: 8826.5s | ETA: 2415.3s
[fit] [4900/6209]   78.9% | elapsed: 8905.2s | ETA: 2379.0s
[fit] [4925/6209]   79.3% | elapsed: 8983.6s | ETA: 2342.1s
[fit] [4950/6209]   79.7% | elapsed: 9062.1s | ETA: 2304.9s
[fit] [4975/6209]   80.1% | elapsed: 9140.1s | ETA: 2267.1s
[fit] [5000/6209]   80.5% | elapsed: 9218.7s | ETA: 2229.1s
[fit] [5025/6209]   80.9% | elapsed: 9297.6s | ETA: 2190.7s
[fit] [5050/6209]   81.3% | elapsed: 9376.3s | ETA: 2151.9s
[fit] [5075/6209]   81.7% | elapsed: 9455.2s | ETA: 2112.7s
[fit] [5100/6209]   82.1% | elapsed: 9533.5s | ETA: 2073.1s
[fit] [5125/6209]   82.5% | elapsed: 9595.2s | ETA: 2029.5s
[fit] [5150/6209]   82.9% | elapsed: 9640.5s | ETA: 1982.4s
[fit] [5175/6209]   83.3% | elapsed: 9685.6s | ETA: 1935.2s
[fit] [5200/6209]   83.7% | elapsed: 9730.6s | ETA: 1888.1s
[fit] [5225/6209]   84.2% | elapsed: 9775.8s | ETA: 1841.0s
[fit] [5250/6209]   84.6% | elapsed: 9821.0s | ETA: 1794.0s
[fit] [5275/6209]   85.0% | elapsed: 9866.3s | ETA: 1746.9s
[fit] [5300/6209]   85.4% | elapsed: 9911.5s | ETA: 1699.9s
[fit] [5325/6209]   85.8% | elapsed: 9956.9s | ETA: 1652.9s
[fit] [5350/6209]   86.2% | elapsed: 10001.9s | ETA: 1605.9s
[fit] [5375/6209]   86.6% | elapsed: 10047.1s | ETA: 1558.9s
[fit] [5400/6209]   87.0% | elapsed: 10092.3s | ETA: 1512.0s
[fit] [5425/6209]   87.4% | elapsed: 10137.6s | ETA: 1465.0s
[fit] [5450/6209]   87.8% | elapsed: 10182.9s | ETA: 1418.1s
[fit] [5475/6209]   88.2% | elapsed: 10228.1s | ETA: 1371.2s
[fit] [5500/6209]   88.6% | elapsed: 10243.4s | ETA: 1320.5s
[fit] [5525/6209]   89.0% | elapsed: 10256.1s | ETA: 1269.7s
[fit] [5550/6209]   89.4% | elapsed: 10268.6s | ETA: 1219.3s
[fit] [5575/6209]   89.8% | elapsed: 10281.5s | ETA: 1169.2s
[fit] [5600/6209]   90.2% | elapsed: 10294.2s | ETA: 1119.5s
[fit] [5625/6209]   90.6% | elapsed: 10306.7s | ETA: 1070.1s
[fit] [5650/6209]   91.0% | elapsed: 10319.3s | ETA: 1021.0s
[fit] [5675/6209]   91.4% | elapsed: 10332.2s | ETA:  972.2s
[fit] [5700/6209]   91.8% | elapsed: 10344.8s | ETA:  923.8s
[fit] [5725/6209]   92.2% | elapsed: 10357.4s | ETA:  875.6s
[fit] [5750/6209]   92.6% | elapsed: 10370.3s | ETA:  827.8s
[fit] [5775/6209]   93.0% | elapsed: 10382.9s | ETA:  780.3s
[fit] [5800/6209]   93.4% | elapsed: 10395.4s | ETA:  733.1s
[fit] [5825/6209]   93.8% | elapsed: 10408.3s | ETA:  686.1s
[fit] [5850/6209]   94.2% | elapsed: 10432.7s | ETA:  640.2s
[fit] [5875/6209]   94.6% | elapsed: 10487.5s | ETA:  596.2s
[fit] [5900/6209]   95.0% | elapsed: 10542.5s | ETA:  552.1s
[fit] [5925/6209]   95.4% | elapsed: 10597.0s | ETA:  507.9s
[fit] [5950/6209]   95.8% | elapsed: 10651.8s | ETA:  463.7s
[fit] [5975/6209]   96.2% | elapsed: 10706.3s | ETA:  419.3s
[fit] [6000/6209]   96.6% | elapsed: 10761.1s | ETA:  374.8s
[fit] [6025/6209]   97.0% | elapsed: 10816.0s | ETA:  330.3s
[fit] [6050/6209]   97.4% | elapsed: 10870.5s | ETA:  285.7s
[fit] [6075/6209]   97.8% | elapsed: 10925.4s | ETA:  241.0s
[fit] [6100/6209]   98.2% | elapsed: 10980.1s | ETA:  196.2s
[fit] [6125/6209]   98.6% | elapsed: 11035.0s | ETA:  151.3s
[fit] [6150/6209]   99.0% | elapsed: 11089.5s | ETA:  106.4s
[fit] [6175/6209]   99.5% | elapsed: 11144.5s | ETA:   61.4s
[fit] [6200/6209]   99.9% | elapsed: 11199.1s | ETA:   16.3s
[Scaler] DONE: mean=0.029469, std=0.131249
[Scaler] Saved scaler to ../../../../p/tmp/merlinho/cache/scaler_2001_2017.pkl
[Config] Min coverage is not used with importance sampling or patch diffusion.
Loading year 2001


[Info] Only selected first 100 timesteps for debugging purposes.


[PatchDiffusionDataset] Timestep splits per patch size:
  Patch size 64: 20 timesteps assigned
  Patch size 128: 20 timesteps assigned
  Patch size 256: 20 timesteps assigned
  Patch size 512: 20 timesteps assigned
  Patch size 896: 20 timesteps assigned
[Dataset] total patches kept after creation = 5476
[Warning] Found NaNs in patches for patch size 64
[PatchDiffusionDataset] Patch size 64 Kept patches fraction (expected) = 0.11
[PatchDiffusionDataset] Patch size 64: kept 11.468224981738494% (628/5476) patches after IS, discarded 4848
[Dataset] total patches kept after creation = 1347
[Warning] Found NaNs in patches for patch size 128
[PatchDiffusionDataset] Patch size 128 Kept patches fraction (expected) = 0.12
[PatchDiffusionDataset] Patch size 128: kept 11.284335560504825% (152/1347) patches after IS, discarded 1195
[Dataset] total patches kept after creation = 319
[Warning] Found NaNs in patches for patch size 256
[PatchDiffusionDataset] Patch size 256 Kept patches fraction (expected) = 0.12
[PatchDiffusionDataset] Patch size 256: kept 8.150470219435736% (26/319) patches after IS, discarded 293
[Dataset] total patches kept after creation = 80
[Warning] Found NaNs in patches for patch size 512
[PatchDiffusionDataset] Patch size 512 Kept patches fraction (expected) = 0.14
[PatchDiffusionDataset] Patch size 512: kept 12.5% (10/80) patches after IS, discarded 70
[Dataset] total patches kept after creation = 20
[Warning] Found NaNs in patches for patch size 896
[PatchDiffusionDataset] Patch size 896 Kept patches fraction (expected) = 0.19
[PatchDiffusionDataset] Patch size 896: kept 15.0% (3/20) patches after IS, discarded 17

[Cache] Saved dataset to ../../../../p/tmp/merlinho/cache/precip_patch_dataset_2001_64_128_256_512_896_20_20_20_20_20_isp_0.05_2_0.0002_ag_multi_patch.pkl

Loading year 2002


[Info] Only selected first 100 timesteps for debugging purposes.


[PatchDiffusionDataset] Timestep splits per patch size:
  Patch size 64: 20 timesteps assigned
  Patch size 128: 20 timesteps assigned
  Patch size 256: 20 timesteps assigned
  Patch size 512: 20 timesteps assigned
  Patch size 896: 20 timesteps assigned
[Dataset] total patches kept after creation = 4708
[Warning] Found NaNs in patches for patch size 64
[PatchDiffusionDataset] Patch size 64 Kept patches fraction (expected) = 0.02
[PatchDiffusionDataset] Patch size 64: kept 2.0603228547153782% (97/4708) patches after IS, discarded 4611
[Dataset] total patches kept after creation = 1209
[Warning] Found NaNs in patches for patch size 128
[PatchDiffusionDataset] Patch size 128 Kept patches fraction (expected) = 0.02
[PatchDiffusionDataset] Patch size 128: kept 2.564102564102564% (31/1209) patches after IS, discarded 1178
[Dataset] total patches kept after creation = 306
[Warning] Found NaNs in patches for patch size 256
[PatchDiffusionDataset] Patch size 256 Kept patches fraction (expected) = 0.01
[PatchDiffusionDataset] Patch size 256: kept 1.3071895424836601% (4/306) patches after IS, discarded 302
[Dataset] total patches kept after creation = 80
[Warning] Found NaNs in patches for patch size 512
[PatchDiffusionDataset] Patch size 512 Kept patches fraction (expected) = 0.01
[PatchDiffusionDataset] Patch size 512: kept 1.25% (1/80) patches after IS, discarded 79
[Dataset] total patches kept after creation = 20
[Warning] Found NaNs in patches for patch size 896
[PatchDiffusionDataset] Patch size 896 Kept patches fraction (expected) = 0.01
[PatchDiffusionDataset] Patch size 896: kept 0.0% (0/20) patches after IS, discarded 20

[Cache] Saved dataset to ../../../../p/tmp/merlinho/cache/precip_patch_dataset_2002_64_128_256_512_896_20_20_20_20_20_isp_0.05_2_0.0002_ag_multi_patch.pkl

Loading year 2003


[Info] Only selected first 100 timesteps for debugging purposes.


[PatchDiffusionDataset] Timestep splits per patch size:
  Patch size 64: 20 timesteps assigned
  Patch size 128: 20 timesteps assigned
  Patch size 256: 20 timesteps assigned
  Patch size 512: 20 timesteps assigned
  Patch size 896: 20 timesteps assigned
[Dataset] total patches kept after creation = 5662
[Warning] Found NaNs in patches for patch size 64
[PatchDiffusionDataset] Patch size 64 Kept patches fraction (expected) = 0.18
[PatchDiffusionDataset] Patch size 64: kept 17.555634051571882% (994/5662) patches after IS, discarded 4668
[Dataset] total patches kept after creation = 1379
[Warning] Found NaNs in patches for patch size 128
[PatchDiffusionDataset] Patch size 128 Kept patches fraction (expected) = 0.20
[PatchDiffusionDataset] Patch size 128: kept 19.434372733865118% (268/1379) patches after IS, discarded 1111
[Dataset] total patches kept after creation = 320
[Warning] Found NaNs in patches for patch size 256
[PatchDiffusionDataset] Patch size 256 Kept patches fraction (expected) = 0.20
[PatchDiffusionDataset] Patch size 256: kept 19.375% (62/320) patches after IS, discarded 258
[Dataset] total patches kept after creation = 80
[Warning] Found NaNs in patches for patch size 512
[PatchDiffusionDataset] Patch size 512 Kept patches fraction (expected) = 0.24
[PatchDiffusionDataset] Patch size 512: kept 21.25% (17/80) patches after IS, discarded 63
[Dataset] total patches kept after creation = 20
[Warning] Found NaNs in patches for patch size 896
[PatchDiffusionDataset] Patch size 896 Kept patches fraction (expected) = 0.34
[PatchDiffusionDataset] Patch size 896: kept 35.0% (7/20) patches after IS, discarded 13

[Cache] Saved dataset to ../../../../p/tmp/merlinho/cache/precip_patch_dataset_2003_64_128_256_512_896_20_20_20_20_20_isp_0.05_2_0.0002_ag_multi_patch.pkl

Loading year 2004


[Info] Only selected first 100 timesteps for debugging purposes.


[PatchDiffusionDataset] Timestep splits per patch size:
  Patch size 64: 20 timesteps assigned
  Patch size 128: 20 timesteps assigned
  Patch size 256: 20 timesteps assigned
  Patch size 512: 20 timesteps assigned
  Patch size 896: 20 timesteps assigned
[Dataset] total patches kept after creation = 4931
[Warning] Found NaNs in patches for patch size 64
[PatchDiffusionDataset] Patch size 64 Kept patches fraction (expected) = 0.04
[PatchDiffusionDataset] Patch size 64: kept 4.157371729872237% (205/4931) patches after IS, discarded 4726
[Dataset] total patches kept after creation = 1261
[Warning] Found NaNs in patches for patch size 128
[PatchDiffusionDataset] Patch size 128 Kept patches fraction (expected) = 0.05
[PatchDiffusionDataset] Patch size 128: kept 5.313243457573354% (67/1261) patches after IS, discarded 1194
[Dataset] total patches kept after creation = 312
[Warning] Found NaNs in patches for patch size 256
[PatchDiffusionDataset] Patch size 256 Kept patches fraction (expected) = 0.06
[PatchDiffusionDataset] Patch size 256: kept 6.730769230769231% (21/312) patches after IS, discarded 291
[Dataset] total patches kept after creation = 80
[Warning] Found NaNs in patches for patch size 512
[PatchDiffusionDataset] Patch size 512 Kept patches fraction (expected) = 0.04
[PatchDiffusionDataset] Patch size 512: kept 1.25% (1/80) patches after IS, discarded 79
[Dataset] total patches kept after creation = 20
[Warning] Found NaNs in patches for patch size 896
[PatchDiffusionDataset] Patch size 896 Kept patches fraction (expected) = 0.04
[PatchDiffusionDataset] Patch size 896: kept 5.0% (1/20) patches after IS, discarded 19

[Cache] Saved dataset to ../../../../p/tmp/merlinho/cache/precip_patch_dataset_2004_64_128_256_512_896_20_20_20_20_20_isp_0.05_2_0.0002_ag_multi_patch.pkl

Loading year 2005


[Info] Only selected first 100 timesteps for debugging purposes.


[PatchDiffusionDataset] Timestep splits per patch size:
  Patch size 64: 20 timesteps assigned
  Patch size 128: 20 timesteps assigned
  Patch size 256: 20 timesteps assigned
  Patch size 512: 20 timesteps assigned
  Patch size 896: 20 timesteps assigned
[Dataset] total patches kept after creation = 5394
[Warning] Found NaNs in patches for patch size 64
[PatchDiffusionDataset] Patch size 64 Kept patches fraction (expected) = 0.11
[PatchDiffusionDataset] Patch size 64: kept 10.919540229885058% (589/5394) patches after IS, discarded 4805
[Dataset] total patches kept after creation = 1340
[Warning] Found NaNs in patches for patch size 128
[PatchDiffusionDataset] Patch size 128 Kept patches fraction (expected) = 0.11
[PatchDiffusionDataset] Patch size 128: kept 10.597014925373134% (142/1340) patches after IS, discarded 1198
[Dataset] total patches kept after creation = 316
[Warning] Found NaNs in patches for patch size 256
[PatchDiffusionDataset] Patch size 256 Kept patches fraction (expected) = 0.08
[PatchDiffusionDataset] Patch size 256: kept 8.860759493670885% (28/316) patches after IS, discarded 288
[Dataset] total patches kept after creation = 80
[Warning] Found NaNs in patches for patch size 512
[PatchDiffusionDataset] Patch size 512 Kept patches fraction (expected) = 0.10
[PatchDiffusionDataset] Patch size 512: kept 15.0% (12/80) patches after IS, discarded 68
[Dataset] total patches kept after creation = 20
[Warning] Found NaNs in patches for patch size 896
[PatchDiffusionDataset] Patch size 896 Kept patches fraction (expected) = 0.08
[PatchDiffusionDataset] Patch size 896: kept 10.0% (2/20) patches after IS, discarded 18

[Cache] Saved dataset to ../../../../p/tmp/merlinho/cache/precip_patch_dataset_2005_64_128_256_512_896_20_20_20_20_20_isp_0.05_2_0.0002_ag_multi_patch.pkl

Loading year 2006


[Info] Only selected first 100 timesteps for debugging purposes.


[PatchDiffusionDataset] Timestep splits per patch size:
  Patch size 64: 20 timesteps assigned
  Patch size 128: 20 timesteps assigned
  Patch size 256: 20 timesteps assigned
  Patch size 512: 20 timesteps assigned
  Patch size 896: 20 timesteps assigned
[Dataset] total patches kept after creation = 4902
[Warning] Found NaNs in patches for patch size 64
[PatchDiffusionDataset] Patch size 64 Kept patches fraction (expected) = 0.04
[PatchDiffusionDataset] Patch size 64: kept 3.9779681762545898% (195/4902) patches after IS, discarded 4707
[Dataset] total patches kept after creation = 1273
[Warning] Found NaNs in patches for patch size 128
[PatchDiffusionDataset] Patch size 128 Kept patches fraction (expected) = 0.04
[PatchDiffusionDataset] Patch size 128: kept 3.8491751767478397% (49/1273) patches after IS, discarded 1224
[Dataset] total patches kept after creation = 317
[Warning] Found NaNs in patches for patch size 256
[PatchDiffusionDataset] Patch size 256 Kept patches fraction (expected) = 0.04
[PatchDiffusionDataset] Patch size 256: kept 2.8391167192429023% (9/317) patches after IS, discarded 308
[Dataset] total patches kept after creation = 80
[Warning] Found NaNs in patches for patch size 512
[PatchDiffusionDataset] Patch size 512 Kept patches fraction (expected) = 0.03
[PatchDiffusionDataset] Patch size 512: kept 2.5% (2/80) patches after IS, discarded 78
[Dataset] total patches kept after creation = 20
[Warning] Found NaNs in patches for patch size 896
[PatchDiffusionDataset] Patch size 896 Kept patches fraction (expected) = 0.04
[PatchDiffusionDataset] Patch size 896: kept 0.0% (0/20) patches after IS, discarded 20

[Cache] Saved dataset to ../../../../p/tmp/merlinho/cache/precip_patch_dataset_2006_64_128_256_512_896_20_20_20_20_20_isp_0.05_2_0.0002_ag_multi_patch.pkl

Loading year 2007


[Info] Only selected first 100 timesteps for debugging purposes.


[PatchDiffusionDataset] Timestep splits per patch size:
  Patch size 64: 20 timesteps assigned
  Patch size 128: 20 timesteps assigned
  Patch size 256: 20 timesteps assigned
  Patch size 512: 20 timesteps assigned
  Patch size 896: 20 timesteps assigned
[Dataset] total patches kept after creation = 5503
[Warning] Found NaNs in patches for patch size 64
[PatchDiffusionDataset] Patch size 64 Kept patches fraction (expected) = 0.13
[PatchDiffusionDataset] Patch size 64: kept 12.320552425949483% (678/5503) patches after IS, discarded 4825
[Dataset] total patches kept after creation = 1403
[Warning] Found NaNs in patches for patch size 128
[PatchDiffusionDataset] Patch size 128 Kept patches fraction (expected) = 0.20
[PatchDiffusionDataset] Patch size 128: kept 18.8168210976479% (264/1403) patches after IS, discarded 1139
[Dataset] total patches kept after creation = 319
[Warning] Found NaNs in patches for patch size 256
[PatchDiffusionDataset] Patch size 256 Kept patches fraction (expected) = 0.22
[PatchDiffusionDataset] Patch size 256: kept 23.510971786833856% (75/319) patches after IS, discarded 244
[Dataset] total patches kept after creation = 80
[Warning] Found NaNs in patches for patch size 512
[PatchDiffusionDataset] Patch size 512 Kept patches fraction (expected) = 0.16
[PatchDiffusionDataset] Patch size 512: kept 10.0% (8/80) patches after IS, discarded 72
[Dataset] total patches kept after creation = 20
[Warning] Found NaNs in patches for patch size 896
[PatchDiffusionDataset] Patch size 896 Kept patches fraction (expected) = 0.25
[PatchDiffusionDataset] Patch size 896: kept 15.0% (3/20) patches after IS, discarded 17

[Cache] Saved dataset to ../../../../p/tmp/merlinho/cache/precip_patch_dataset_2007_64_128_256_512_896_20_20_20_20_20_isp_0.05_2_0.0002_ag_multi_patch.pkl

Loading year 2008


[Info] Only selected first 100 timesteps for debugging purposes.


[PatchDiffusionDataset] Timestep splits per patch size:
  Patch size 64: 20 timesteps assigned
  Patch size 128: 20 timesteps assigned
  Patch size 256: 20 timesteps assigned
  Patch size 512: 20 timesteps assigned
  Patch size 896: 20 timesteps assigned
[Dataset] total patches kept after creation = 4791
[Warning] Found NaNs in patches for patch size 64
[PatchDiffusionDataset] Patch size 64 Kept patches fraction (expected) = 0.02
[PatchDiffusionDataset] Patch size 64: kept 2.2124817365894387% (106/4791) patches after IS, discarded 4685
[Dataset] total patches kept after creation = 1226
[Warning] Found NaNs in patches for patch size 128
[PatchDiffusionDataset] Patch size 128 Kept patches fraction (expected) = 0.02
[PatchDiffusionDataset] Patch size 128: kept 2.039151712887439% (25/1226) patches after IS, discarded 1201
[Dataset] total patches kept after creation = 315
[Warning] Found NaNs in patches for patch size 256
[PatchDiffusionDataset] Patch size 256 Kept patches fraction (expected) = 0.03
[PatchDiffusionDataset] Patch size 256: kept 3.1746031746031744% (10/315) patches after IS, discarded 305
[Dataset] total patches kept after creation = 80
[Warning] Found NaNs in patches for patch size 512
[PatchDiffusionDataset] Patch size 512 Kept patches fraction (expected) = 0.02
[PatchDiffusionDataset] Patch size 512: kept 0.0% (0/80) patches after IS, discarded 80
[Dataset] total patches kept after creation = 20
[Warning] Found NaNs in patches for patch size 896
[PatchDiffusionDataset] Patch size 896 Kept patches fraction (expected) = 0.03
[PatchDiffusionDataset] Patch size 896: kept 0.0% (0/20) patches after IS, discarded 20

[Cache] Saved dataset to ../../../../p/tmp/merlinho/cache/precip_patch_dataset_2008_64_128_256_512_896_20_20_20_20_20_isp_0.05_2_0.0002_ag_multi_patch.pkl

Loading year 2009


[Info] Only selected first 100 timesteps for debugging purposes.


[PatchDiffusionDataset] Timestep splits per patch size:
  Patch size 64: 20 timesteps assigned
  Patch size 128: 20 timesteps assigned
  Patch size 256: 20 timesteps assigned
  Patch size 512: 20 timesteps assigned
  Patch size 896: 20 timesteps assigned
[Dataset] total patches kept after creation = 4923
[Warning] Found NaNs in patches for patch size 64
[PatchDiffusionDataset] Patch size 64 Kept patches fraction (expected) = 0.05
[PatchDiffusionDataset] Patch size 64: kept 5.05789152955515% (249/4923) patches after IS, discarded 4674
[Dataset] total patches kept after creation = 1273
[Warning] Found NaNs in patches for patch size 128
[PatchDiffusionDataset] Patch size 128 Kept patches fraction (expected) = 0.08
[PatchDiffusionDataset] Patch size 128: kept 7.776904948939513% (99/1273) patches after IS, discarded 1174
[Dataset] total patches kept after creation = 316
[Warning] Found NaNs in patches for patch size 256
[PatchDiffusionDataset] Patch size 256 Kept patches fraction (expected) = 0.12
[PatchDiffusionDataset] Patch size 256: kept 11.708860759493671% (37/316) patches after IS, discarded 279
[Dataset] total patches kept after creation = 80
[Warning] Found NaNs in patches for patch size 512
[PatchDiffusionDataset] Patch size 512 Kept patches fraction (expected) = 0.07
[PatchDiffusionDataset] Patch size 512: kept 7.5% (6/80) patches after IS, discarded 74
[Dataset] total patches kept after creation = 20
[Warning] Found NaNs in patches for patch size 896
[PatchDiffusionDataset] Patch size 896 Kept patches fraction (expected) = 0.06
[PatchDiffusionDataset] Patch size 896: kept 15.0% (3/20) patches after IS, discarded 17

[Cache] Saved dataset to ../../../../p/tmp/merlinho/cache/precip_patch_dataset_2009_64_128_256_512_896_20_20_20_20_20_isp_0.05_2_0.0002_ag_multi_patch.pkl

Loading year 2010


[Info] Only selected first 100 timesteps for debugging purposes.


[PatchDiffusionDataset] Timestep splits per patch size:
  Patch size 64: 20 timesteps assigned
  Patch size 128: 20 timesteps assigned
  Patch size 256: 20 timesteps assigned
  Patch size 512: 20 timesteps assigned
  Patch size 896: 20 timesteps assigned
[Dataset] total patches kept after creation = 5339
[Warning] Found NaNs in patches for patch size 64
[PatchDiffusionDataset] Patch size 64 Kept patches fraction (expected) = 0.09
[PatchDiffusionDataset] Patch size 64: kept 8.672035961790597% (463/5339) patches after IS, discarded 4876
[Dataset] total patches kept after creation = 1345
[Warning] Found NaNs in patches for patch size 128
[PatchDiffusionDataset] Patch size 128 Kept patches fraction (expected) = 0.08
[PatchDiffusionDataset] Patch size 128: kept 7.881040892193308% (106/1345) patches after IS, discarded 1239
[Dataset] total patches kept after creation = 318
[Warning] Found NaNs in patches for patch size 256
[PatchDiffusionDataset] Patch size 256 Kept patches fraction (expected) = 0.07
[PatchDiffusionDataset] Patch size 256: kept 7.547169811320755% (24/318) patches after IS, discarded 294
[Dataset] total patches kept after creation = 80
[Warning] Found NaNs in patches for patch size 512
[PatchDiffusionDataset] Patch size 512 Kept patches fraction (expected) = 0.08
[PatchDiffusionDataset] Patch size 512: kept 10.0% (8/80) patches after IS, discarded 72
[Dataset] total patches kept after creation = 20
[Warning] Found NaNs in patches for patch size 896
[PatchDiffusionDataset] Patch size 896 Kept patches fraction (expected) = 0.09
[PatchDiffusionDataset] Patch size 896: kept 20.0% (4/20) patches after IS, discarded 16

[Cache] Saved dataset to ../../../../p/tmp/merlinho/cache/precip_patch_dataset_2010_64_128_256_512_896_20_20_20_20_20_isp_0.05_2_0.0002_ag_multi_patch.pkl

Loading year 2011


[Info] Only selected first 100 timesteps for debugging purposes.


[PatchDiffusionDataset] Timestep splits per patch size:
  Patch size 64: 20 timesteps assigned
  Patch size 128: 20 timesteps assigned
  Patch size 256: 20 timesteps assigned
  Patch size 512: 20 timesteps assigned
  Patch size 896: 20 timesteps assigned
[Dataset] total patches kept after creation = 5009
[Warning] Found NaNs in patches for patch size 64
[PatchDiffusionDataset] Patch size 64 Kept patches fraction (expected) = 0.02
[PatchDiffusionDataset] Patch size 64: kept 2.575364344180475% (129/5009) patches after IS, discarded 4880
[Dataset] total patches kept after creation = 1313
[Warning] Found NaNs in patches for patch size 128
[PatchDiffusionDataset] Patch size 128 Kept patches fraction (expected) = 0.03
[PatchDiffusionDataset] Patch size 128: kept 2.9702970297029703% (39/1313) patches after IS, discarded 1274
[Dataset] total patches kept after creation = 315
[Warning] Found NaNs in patches for patch size 256
[PatchDiffusionDataset] Patch size 256 Kept patches fraction (expected) = 0.02
[PatchDiffusionDataset] Patch size 256: kept 1.9047619047619049% (6/315) patches after IS, discarded 309
[Dataset] total patches kept after creation = 80
[Warning] Found NaNs in patches for patch size 512
[PatchDiffusionDataset] Patch size 512 Kept patches fraction (expected) = 0.03
[PatchDiffusionDataset] Patch size 512: kept 2.5% (2/80) patches after IS, discarded 78
[Dataset] total patches kept after creation = 20
[Warning] Found NaNs in patches for patch size 896
[PatchDiffusionDataset] Patch size 896 Kept patches fraction (expected) = 0.03
[PatchDiffusionDataset] Patch size 896: kept 0.0% (0/20) patches after IS, discarded 20

[Cache] Saved dataset to ../../../../p/tmp/merlinho/cache/precip_patch_dataset_2011_64_128_256_512_896_20_20_20_20_20_isp_0.05_2_0.0002_ag_multi_patch.pkl

Loading year 2012


[Info] Only selected first 100 timesteps for debugging purposes.


[PatchDiffusionDataset] Timestep splits per patch size:
  Patch size 64: 20 timesteps assigned
  Patch size 128: 20 timesteps assigned
  Patch size 256: 20 timesteps assigned
  Patch size 512: 20 timesteps assigned
  Patch size 896: 20 timesteps assigned
[Dataset] total patches kept after creation = 5493
[Warning] Found NaNs in patches for patch size 64
[PatchDiffusionDataset] Patch size 64 Kept patches fraction (expected) = 0.12
[PatchDiffusionDataset] Patch size 64: kept 12.434006917895504% (683/5493) patches after IS, discarded 4810
[Dataset] total patches kept after creation = 1398
[Warning] Found NaNs in patches for patch size 128
[PatchDiffusionDataset] Patch size 128 Kept patches fraction (expected) = 0.15
[PatchDiffusionDataset] Patch size 128: kept 15.092989985693848% (211/1398) patches after IS, discarded 1187
[Dataset] total patches kept after creation = 320
[Warning] Found NaNs in patches for patch size 256
[PatchDiffusionDataset] Patch size 256 Kept patches fraction (expected) = 0.18
[PatchDiffusionDataset] Patch size 256: kept 18.125% (58/320) patches after IS, discarded 262
[Dataset] total patches kept after creation = 80
[Warning] Found NaNs in patches for patch size 512
[PatchDiffusionDataset] Patch size 512 Kept patches fraction (expected) = 0.17
[PatchDiffusionDataset] Patch size 512: kept 17.5% (14/80) patches after IS, discarded 66
[Dataset] total patches kept after creation = 20
[Warning] Found NaNs in patches for patch size 896
[PatchDiffusionDataset] Patch size 896 Kept patches fraction (expected) = 0.17
[PatchDiffusionDataset] Patch size 896: kept 10.0% (2/20) patches after IS, discarded 18

[Cache] Saved dataset to ../../../../p/tmp/merlinho/cache/precip_patch_dataset_2012_64_128_256_512_896_20_20_20_20_20_isp_0.05_2_0.0002_ag_multi_patch.pkl

Loading year 2013


[Info] Only selected first 100 timesteps for debugging purposes.


[PatchDiffusionDataset] Timestep splits per patch size:
  Patch size 64: 20 timesteps assigned
  Patch size 128: 20 timesteps assigned
  Patch size 256: 20 timesteps assigned
  Patch size 512: 20 timesteps assigned
  Patch size 896: 20 timesteps assigned
[Dataset] total patches kept after creation = 5301
[Warning] Found NaNs in patches for patch size 64
[PatchDiffusionDataset] Patch size 64 Kept patches fraction (expected) = 0.11
[PatchDiffusionDataset] Patch size 64: kept 11.224297302395774% (595/5301) patches after IS, discarded 4706
[Dataset] total patches kept after creation = 1315
[Warning] Found NaNs in patches for patch size 128
[PatchDiffusionDataset] Patch size 128 Kept patches fraction (expected) = 0.10
[PatchDiffusionDataset] Patch size 128: kept 10.722433460076045% (141/1315) patches after IS, discarded 1174
[Dataset] total patches kept after creation = 317
[Warning] Found NaNs in patches for patch size 256
[PatchDiffusionDataset] Patch size 256 Kept patches fraction (expected) = 0.14
[PatchDiffusionDataset] Patch size 256: kept 13.564668769716087% (43/317) patches after IS, discarded 274
[Dataset] total patches kept after creation = 80
[Warning] Found NaNs in patches for patch size 512
[PatchDiffusionDataset] Patch size 512 Kept patches fraction (expected) = 0.13
[PatchDiffusionDataset] Patch size 512: kept 13.750000000000002% (11/80) patches after IS, discarded 69
[Dataset] total patches kept after creation = 20
[Warning] Found NaNs in patches for patch size 896
[PatchDiffusionDataset] Patch size 896 Kept patches fraction (expected) = 0.19
[PatchDiffusionDataset] Patch size 896: kept 10.0% (2/20) patches after IS, discarded 18

[Cache] Saved dataset to ../../../../p/tmp/merlinho/cache/precip_patch_dataset_2013_64_128_256_512_896_20_20_20_20_20_isp_0.05_2_0.0002_ag_multi_patch.pkl

Loading year 2014


[Info] Only selected first 100 timesteps for debugging purposes.


[PatchDiffusionDataset] Timestep splits per patch size:
  Patch size 64: 20 timesteps assigned
  Patch size 128: 20 timesteps assigned
  Patch size 256: 20 timesteps assigned
  Patch size 512: 20 timesteps assigned
  Patch size 896: 20 timesteps assigned
[Dataset] total patches kept after creation = 5149
[Warning] Found NaNs in patches for patch size 64
[PatchDiffusionDataset] Patch size 64 Kept patches fraction (expected) = 0.09
[PatchDiffusionDataset] Patch size 64: kept 8.856088560885608% (456/5149) patches after IS, discarded 4693
[Dataset] total patches kept after creation = 1313
[Warning] Found NaNs in patches for patch size 128
[PatchDiffusionDataset] Patch size 128 Kept patches fraction (expected) = 0.10
[PatchDiffusionDataset] Patch size 128: kept 10.12947448591013% (133/1313) patches after IS, discarded 1180
[Dataset] total patches kept after creation = 320
[Warning] Found NaNs in patches for patch size 256
[PatchDiffusionDataset] Patch size 256 Kept patches fraction (expected) = 0.11
[PatchDiffusionDataset] Patch size 256: kept 10.3125% (33/320) patches after IS, discarded 287
[Dataset] total patches kept after creation = 80
[Warning] Found NaNs in patches for patch size 512
[PatchDiffusionDataset] Patch size 512 Kept patches fraction (expected) = 0.10
[PatchDiffusionDataset] Patch size 512: kept 8.75% (7/80) patches after IS, discarded 73
[Dataset] total patches kept after creation = 20
[Warning] Found NaNs in patches for patch size 896
[PatchDiffusionDataset] Patch size 896 Kept patches fraction (expected) = 0.09
[PatchDiffusionDataset] Patch size 896: kept 10.0% (2/20) patches after IS, discarded 18

[Cache] Saved dataset to ../../../../p/tmp/merlinho/cache/precip_patch_dataset_2014_64_128_256_512_896_20_20_20_20_20_isp_0.05_2_0.0002_ag_multi_patch.pkl

Loading year 2015


[Info] Only selected first 100 timesteps for debugging purposes.


[PatchDiffusionDataset] Timestep splits per patch size:
  Patch size 64: 20 timesteps assigned
  Patch size 128: 20 timesteps assigned
  Patch size 256: 20 timesteps assigned
  Patch size 512: 20 timesteps assigned
  Patch size 896: 20 timesteps assigned
[Dataset] total patches kept after creation = 4925
[Warning] Found NaNs in patches for patch size 64
[PatchDiffusionDataset] Patch size 64 Kept patches fraction (expected) = 0.10
[PatchDiffusionDataset] Patch size 64: kept 9.52284263959391% (469/4925) patches after IS, discarded 4456
[Dataset] total patches kept after creation = 1283
[Warning] Found NaNs in patches for patch size 128
[PatchDiffusionDataset] Patch size 128 Kept patches fraction (expected) = 0.09
[PatchDiffusionDataset] Patch size 128: kept 9.66484801247077% (124/1283) patches after IS, discarded 1159
[Dataset] total patches kept after creation = 311
[Warning] Found NaNs in patches for patch size 256
[PatchDiffusionDataset] Patch size 256 Kept patches fraction (expected) = 0.09
[PatchDiffusionDataset] Patch size 256: kept 9.967845659163988% (31/311) patches after IS, discarded 280
[Dataset] total patches kept after creation = 80
[Warning] Found NaNs in patches for patch size 512
[PatchDiffusionDataset] Patch size 512 Kept patches fraction (expected) = 0.18
[PatchDiffusionDataset] Patch size 512: kept 17.5% (14/80) patches after IS, discarded 66
[Dataset] total patches kept after creation = 20
[Warning] Found NaNs in patches for patch size 896
[PatchDiffusionDataset] Patch size 896 Kept patches fraction (expected) = 0.14
[PatchDiffusionDataset] Patch size 896: kept 15.0% (3/20) patches after IS, discarded 17

[Cache] Saved dataset to ../../../../p/tmp/merlinho/cache/precip_patch_dataset_2015_64_128_256_512_896_20_20_20_20_20_isp_0.05_2_0.0002_ag_multi_patch.pkl

Loading year 2016


[Info] Only selected first 100 timesteps for debugging purposes.


[PatchDiffusionDataset] Timestep splits per patch size:
  Patch size 64: 20 timesteps assigned
  Patch size 128: 20 timesteps assigned
  Patch size 256: 20 timesteps assigned
  Patch size 512: 20 timesteps assigned
  Patch size 896: 20 timesteps assigned
[Dataset] total patches kept after creation = 5102
[Warning] Found NaNs in patches for patch size 64
[PatchDiffusionDataset] Patch size 64 Kept patches fraction (expected) = 0.09
[PatchDiffusionDataset] Patch size 64: kept 9.290474323794589% (474/5102) patches after IS, discarded 4628
[Dataset] total patches kept after creation = 1312
[Warning] Found NaNs in patches for patch size 128
[PatchDiffusionDataset] Patch size 128 Kept patches fraction (expected) = 0.14
[PatchDiffusionDataset] Patch size 128: kept 13.490853658536587% (177/1312) patches after IS, discarded 1135
[Dataset] total patches kept after creation = 317
[Warning] Found NaNs in patches for patch size 256
[PatchDiffusionDataset] Patch size 256 Kept patches fraction (expected) = 0.15
[PatchDiffusionDataset] Patch size 256: kept 12.933753943217665% (41/317) patches after IS, discarded 276
[Dataset] total patches kept after creation = 80
[Warning] Found NaNs in patches for patch size 512
[PatchDiffusionDataset] Patch size 512 Kept patches fraction (expected) = 0.15
[PatchDiffusionDataset] Patch size 512: kept 17.5% (14/80) patches after IS, discarded 66
[Dataset] total patches kept after creation = 20
[Warning] Found NaNs in patches for patch size 896
[PatchDiffusionDataset] Patch size 896 Kept patches fraction (expected) = 0.13
[PatchDiffusionDataset] Patch size 896: kept 10.0% (2/20) patches after IS, discarded 18

[Cache] Saved dataset to ../../../../p/tmp/merlinho/cache/precip_patch_dataset_2016_64_128_256_512_896_20_20_20_20_20_isp_0.05_2_0.0002_ag_multi_patch.pkl

Loading year 2017


[Info] Only selected first 100 timesteps for debugging purposes.


[PatchDiffusionDataset] Timestep splits per patch size:
  Patch size 64: 20 timesteps assigned
  Patch size 128: 20 timesteps assigned
  Patch size 256: 20 timesteps assigned
  Patch size 512: 20 timesteps assigned
  Patch size 896: 20 timesteps assigned
[Dataset] total patches kept after creation = 5385
[Warning] Found NaNs in patches for patch size 64
[PatchDiffusionDataset] Patch size 64 Kept patches fraction (expected) = 0.10
[PatchDiffusionDataset] Patch size 64: kept 9.69359331476323% (522/5385) patches after IS, discarded 4863
[Dataset] total patches kept after creation = 1323
[Warning] Found NaNs in patches for patch size 128
[PatchDiffusionDataset] Patch size 128 Kept patches fraction (expected) = 0.14
[PatchDiffusionDataset] Patch size 128: kept 14.436885865457294% (191/1323) patches after IS, discarded 1132
[Dataset] total patches kept after creation = 320
[Warning] Found NaNs in patches for patch size 256
[PatchDiffusionDataset] Patch size 256 Kept patches fraction (expected) = 0.19
[PatchDiffusionDataset] Patch size 256: kept 19.375% (62/320) patches after IS, discarded 258
[Dataset] total patches kept after creation = 80
[Warning] Found NaNs in patches for patch size 512
[PatchDiffusionDataset] Patch size 512 Kept patches fraction (expected) = 0.18
[PatchDiffusionDataset] Patch size 512: kept 21.25% (17/80) patches after IS, discarded 63
[Dataset] total patches kept after creation = 20
[Warning] Found NaNs in patches for patch size 896
[PatchDiffusionDataset] Patch size 896 Kept patches fraction (expected) = 0.15
[PatchDiffusionDataset] Patch size 896: kept 25.0% (5/20) patches after IS, discarded 15

[Cache] Saved dataset to ../../../../p/tmp/merlinho/cache/precip_patch_dataset_2017_64_128_256_512_896_20_20_20_20_20_isp_0.05_2_0.0002_ag_multi_patch.pkl


[Info] Combined dataset from years 2001-2017, total patches = 10504 ([7532, 2219, 570, 144, 39])

[Info] Estimated joblib dump size: 1388.97 MB

[Cache] Saved dataset to ../../../../p/tmp/merlinho/cache/precip_patch_dataset_2001-2017_64_128_256_512_896_20_20_20_20_20_isp_0.05_2_0.0002_ag_multi_patch.pkl


Dataset shapes: [(7532, 1, 64, 64), (2219, 1, 128, 128), (570, 1, 256, 256), (144, 1, 512, 512), (39, 1, 896, 896)]

Output path set to: output_new/random
[Config] Min coverage is not used with importance sampling or patch diffusion.

[Cache] Loaded dataset from ../../../../p/tmp/merlinho/cache/precip_patch_dataset_2001-2017_64_128_256_512_896_20_20_20_20_20_isp_0.05_2_0.0002_ag_multi_patch.pkl

[Plot] Saved output_new/random/samples/plot9.png
