Torch version: 2.5.1
CUDA available: True
CUDA device count: 2
CUDA device name: NVIDIA H100 80GB HBM3
[Scaler] Reading dataset (lazy xarray)
[Scaler] Reading dataset (lazy xarray)
[Scaler] START streaming fit
[Scaler] Selecting best c (streaming)...
[c-select] [0/6209]    0.0% | elapsed:    2.1s | ETA:    infs
[c-select] [25/6209]    0.4% | elapsed:   53.3s | ETA: 13174.1s
[c-select] [50/6209]    0.8% | elapsed:  103.2s | ETA: 12713.5s
[c-select] [75/6209]    1.2% | elapsed:  153.4s | ETA: 12545.5s
[c-select] [100/6209]    1.6% | elapsed:  204.7s | ETA: 12508.0s
[c-select] [125/6209]    2.0% | elapsed:  255.6s | ETA: 12440.7s
[c-select] [150/6209]    2.4% | elapsed:  306.6s | ETA: 12386.3s
[c-select] [175/6209]    2.8% | elapsed:  355.3s | ETA: 12250.0s
[c-select] [200/6209]    3.2% | elapsed:  404.5s | ETA: 12153.6s
[c-select] [225/6209]    3.6% | elapsed:  454.0s | ETA: 12074.3s
[c-select] [250/6209]    4.0% | elapsed:  504.1s | ETA: 12016.4s
[c-select] [275/6209]    4.4% | elapsed:  553.9s | ETA: 11952.3s
[c-select] [300/6209]    4.8% | elapsed:  605.7s | ETA: 11930.7s
[c-select] [325/6209]    5.2% | elapsed:  655.3s | ETA: 11864.1s
[c-select] [350/6209]    5.6% | elapsed:  705.5s | ETA: 11810.8s
[c-select] [375/6209]    6.0% | elapsed:  759.1s | ETA: 11810.0s
[c-select] [400/6209]    6.4% | elapsed:  818.0s | ETA: 11879.0s
[c-select] [425/6209]    6.8% | elapsed:  879.8s | ETA: 11974.2s
[c-select] [450/6209]    7.2% | elapsed:  940.9s | ETA: 12041.5s
[c-select] [475/6209]    7.7% | elapsed: 1001.9s | ETA: 12094.1s
[c-select] [500/6209]    8.1% | elapsed: 1063.0s | ETA: 12137.1s
[c-select] [525/6209]    8.5% | elapsed: 1123.4s | ETA: 12163.1s
[c-select] [550/6209]    8.9% | elapsed: 1185.8s | ETA: 12201.3s
[c-select] [575/6209]    9.3% | elapsed: 1248.6s | ETA: 12234.6s
[c-select] [600/6209]    9.7% | elapsed: 1309.7s | ETA: 12243.6s
[c-select] [625/6209]   10.1% | elapsed: 1371.4s | ETA: 12253.1s
[c-select] [650/6209]   10.5% | elapsed: 1434.0s | ETA: 12264.3s
[c-select] [675/6209]   10.9% | elapsed: 1495.7s | ETA: 12262.7s
[c-select] [700/6209]   11.3% | elapsed: 1557.0s | ETA: 12253.7s
[c-select] [725/6209]   11.7% | elapsed: 1616.6s | ETA: 12228.0s
[c-select] [750/6209]   12.1% | elapsed: 1717.5s | ETA: 12501.0s
[c-select] [775/6209]   12.5% | elapsed: 1824.5s | ETA: 12792.8s
[c-select] [800/6209]   12.9% | elapsed: 1930.9s | ETA: 13055.0s
[c-select] [825/6209]   13.3% | elapsed: 2039.2s | ETA: 13307.9s
[c-select] [850/6209]   13.7% | elapsed: 2146.7s | ETA: 13534.1s
[c-select] [875/6209]   14.1% | elapsed: 2254.9s | ETA: 13746.1s
[c-select] [900/6209]   14.5% | elapsed: 2363.2s | ETA: 13940.1s
[c-select] [925/6209]   14.9% | elapsed: 2463.0s | ETA: 14069.9s
[c-select] [950/6209]   15.3% | elapsed: 2566.9s | ETA: 14209.7s
[c-select] [975/6209]   15.7% | elapsed: 2676.8s | ETA: 14369.8s
[c-select] [1000/6209]   16.1% | elapsed: 2790.9s | ETA: 14537.7s
[c-select] [1025/6209]   16.5% | elapsed: 2902.9s | ETA: 14681.5s
[c-select] [1050/6209]   16.9% | elapsed: 3016.7s | ETA: 14822.2s
[c-select] [1075/6209]   17.3% | elapsed: 3129.9s | ETA: 14948.0s
[c-select] [1100/6209]   17.7% | elapsed: 3228.9s | ETA: 14996.9s
[c-select] [1125/6209]   18.1% | elapsed: 3279.5s | ETA: 14820.6s
[c-select] [1150/6209]   18.5% | elapsed: 3328.2s | ETA: 14641.3s
[c-select] [1175/6209]   18.9% | elapsed: 3376.8s | ETA: 14467.3s
[c-select] [1200/6209]   19.3% | elapsed: 3425.0s | ETA: 14296.6s
[c-select] [1225/6209]   19.7% | elapsed: 3474.0s | ETA: 14134.0s
[c-select] [1250/6209]   20.1% | elapsed: 3522.7s | ETA: 13975.3s
[c-select] [1275/6209]   20.5% | elapsed: 3571.6s | ETA: 13821.5s
[c-select] [1300/6209]   20.9% | elapsed: 3620.2s | ETA: 13670.5s
[c-select] [1325/6209]   21.3% | elapsed: 3669.3s | ETA: 13525.2s
[c-select] [1350/6209]   21.7% | elapsed: 3718.2s | ETA: 13382.6s
[c-select] [1375/6209]   22.1% | elapsed: 3766.7s | ETA: 13242.4s
[c-select] [1400/6209]   22.5% | elapsed: 3815.6s | ETA: 13106.6s
[c-select] [1425/6209]   23.0% | elapsed: 3864.5s | ETA: 12973.9s
[c-select] [1450/6209]   23.4% | elapsed: 3913.5s | ETA: 12844.4s
[c-select] [1475/6209]   23.8% | elapsed: 4004.2s | ETA: 12851.4s
[c-select] [1500/6209]   24.2% | elapsed: 4122.0s | ETA: 12940.4s
[c-select] [1525/6209]   24.6% | elapsed: 4240.3s | ETA: 13024.0s
[c-select] [1550/6209]   25.0% | elapsed: 4359.3s | ETA: 13103.2s
[c-select] [1575/6209]   25.4% | elapsed: 4477.6s | ETA: 13174.2s
[c-select] [1600/6209]   25.8% | elapsed: 4595.4s | ETA: 13237.6s
[c-select] [1625/6209]   26.2% | elapsed: 4712.6s | ETA: 13293.9s
[c-select] [1650/6209]   26.6% | elapsed: 4830.2s | ETA: 13346.1s
[c-select] [1675/6209]   27.0% | elapsed: 4948.3s | ETA: 13394.4s
[c-select] [1700/6209]   27.4% | elapsed: 5065.7s | ETA: 13436.1s
[c-select] [1725/6209]   27.8% | elapsed: 5183.0s | ETA: 13472.7s
[c-select] [1750/6209]   28.2% | elapsed: 5300.5s | ETA: 13505.7s
[c-select] [1775/6209]   28.6% | elapsed: 5418.0s | ETA: 13534.2s
[c-select] [1800/6209]   29.0% | elapsed: 5535.6s | ETA: 13559.0s
[c-select] [1825/6209]   29.4% | elapsed: 5654.0s | ETA: 13582.0s
[c-select] [1850/6209]   29.8% | elapsed: 5783.8s | ETA: 13627.9s
[c-select] [1875/6209]   30.2% | elapsed: 5911.1s | ETA: 13663.2s
[c-select] [1900/6209]   30.6% | elapsed: 6038.4s | ETA: 13694.3s
[c-select] [1925/6209]   31.0% | elapsed: 6168.7s | ETA: 13728.1s
[c-select] [1950/6209]   31.4% | elapsed: 6300.3s | ETA: 13760.4s
[c-select] [1975/6209]   31.8% | elapsed: 6430.3s | ETA: 13785.2s
[c-select] [2000/6209]   32.2% | elapsed: 6560.7s | ETA: 13807.0s
[c-select] [2025/6209]   32.6% | elapsed: 6691.1s | ETA: 13825.0s
[c-select] [2050/6209]   33.0% | elapsed: 6821.6s | ETA: 13839.5s
[c-select] [2075/6209]   33.4% | elapsed: 6952.6s | ETA: 13851.5s
[c-select] [2100/6209]   33.8% | elapsed: 7082.6s | ETA: 13858.3s
[c-select] [2125/6209]   34.2% | elapsed: 7206.7s | ETA: 13850.4s
[c-select] [2150/6209]   34.6% | elapsed: 7332.2s | ETA: 13842.6s
[c-select] [2175/6209]   35.0% | elapsed: 7460.7s | ETA: 13837.5s
[c-select] [2200/6209]   35.4% | elapsed: 7572.9s | ETA: 13799.9s
[c-select] [2225/6209]   35.8% | elapsed: 7656.5s | ETA: 13709.5s
[c-select] [2250/6209]   36.2% | elapsed: 7740.1s | ETA: 13619.2s
[c-select] [2275/6209]   36.6% | elapsed: 7823.0s | ETA: 13527.7s
[c-select] [2300/6209]   37.0% | elapsed: 7905.2s | ETA: 13435.4s
[c-select] [2325/6209]   37.4% | elapsed: 7989.4s | ETA: 13346.6s
[c-select] [2350/6209]   37.8% | elapsed: 8073.8s | ETA: 13258.1s
[c-select] [2375/6209]   38.3% | elapsed: 8158.6s | ETA: 13170.6s
[c-select] [2400/6209]   38.7% | elapsed: 8242.6s | ETA: 13081.7s
[c-select] [2425/6209]   39.1% | elapsed: 8327.0s | ETA: 12993.6s
[c-select] [2450/6209]   39.5% | elapsed: 8412.0s | ETA: 12906.4s
[c-select] [2475/6209]   39.9% | elapsed: 8495.7s | ETA: 12817.3s
[c-select] [2500/6209]   40.3% | elapsed: 8579.5s | ETA: 12728.5s
[c-select] [2525/6209]   40.7% | elapsed: 8663.6s | ETA: 12640.3s
[c-select] [2550/6209]   41.1% | elapsed: 8747.6s | ETA: 12551.9s
[c-select] [2575/6209]   41.5% | elapsed: 8837.0s | ETA: 12471.3s
[c-select] [2600/6209]   41.9% | elapsed: 8927.6s | ETA: 12392.2s
[c-select] [2625/6209]   42.3% | elapsed: 9018.4s | ETA: 12313.2s
[c-select] [2650/6209]   42.7% | elapsed: 9107.9s | ETA: 12232.1s
[c-select] [2675/6209]   43.1% | elapsed: 9197.8s | ETA: 12151.4s
[c-select] [2700/6209]   43.5% | elapsed: 9287.0s | ETA: 12069.7s
[c-select] [2725/6209]   43.9% | elapsed: 9376.5s | ETA: 11988.1s
[c-select] [2750/6209]   44.3% | elapsed: 9466.4s | ETA: 11907.0s
[c-select] [2775/6209]   44.7% | elapsed: 9556.9s | ETA: 11826.4s
[c-select] [2800/6209]   45.1% | elapsed: 9647.7s | ETA: 11746.0s
[c-select] [2825/6209]   45.5% | elapsed: 9737.5s | ETA: 11664.4s
[c-select] [2850/6209]   45.9% | elapsed: 9827.0s | ETA: 11582.0s
[c-select] [2875/6209]   46.3% | elapsed: 9916.5s | ETA: 11499.7s
[c-select] [2900/6209]   46.7% | elapsed: 10006.7s | ETA: 11418.0s
[c-select] [2925/6209]   47.1% | elapsed: 10105.0s | ETA: 11345.3s
[c-select] [2950/6209]   47.5% | elapsed: 10221.1s | ETA: 11291.7s
[c-select] [2975/6209]   47.9% | elapsed: 10335.0s | ETA: 11234.7s
[c-select] [3000/6209]   48.3% | elapsed: 10454.4s | ETA: 11182.7s
[c-select] [3025/6209]   48.7% | elapsed: 10566.4s | ETA: 11121.8s
[c-select] [3050/6209]   49.1% | elapsed: 10679.0s | ETA: 11060.7s
[c-select] [3075/6209]   49.5% | elapsed: 10786.3s | ETA: 10993.3s
[c-select] [3100/6209]   49.9% | elapsed: 10893.3s | ETA: 10925.0s
[c-select] [3125/6209]   50.3% | elapsed: 11010.4s | ETA: 10865.9s
[c-select] [3150/6209]   50.7% | elapsed: 11125.6s | ETA: 10804.2s
[c-select] [3175/6209]   51.1% | elapsed: 11244.7s | ETA: 10745.3s
[c-select] [3200/6209]   51.5% | elapsed: 11362.5s | ETA: 10684.3s
[c-select] [3225/6209]   51.9% | elapsed: 11474.9s | ETA: 10617.4s
[c-select] [3250/6209]   52.3% | elapsed: 11591.9s | ETA: 10554.0s
[c-select] [3275/6209]   52.7% | elapsed: 11710.6s | ETA: 10491.3s
[c-select] [3300/6209]   53.1% | elapsed: 11796.6s | ETA: 10398.9s
[c-select] [3325/6209]   53.6% | elapsed: 11854.6s | ETA: 10282.3s
[c-select] [3350/6209]   54.0% | elapsed: 11917.8s | ETA: 10171.0s
[c-select] [3375/6209]   54.4% | elapsed: 11979.6s | ETA: 10059.4s
[c-select] [3400/6209]   54.8% | elapsed: 12041.2s | ETA: 9948.1s
[c-select] [3425/6209]   55.2% | elapsed: 12099.9s | ETA: 9835.4s
[c-select] [3450/6209]   55.6% | elapsed: 12161.9s | ETA: 9726.0s
[c-select] [3475/6209]   56.0% | elapsed: 12223.0s | ETA: 9616.6s
[c-select] [3500/6209]   56.4% | elapsed: 12284.6s | ETA: 9508.3s
[c-select] [3525/6209]   56.8% | elapsed: 12346.7s | ETA: 9401.0s
[c-select] [3550/6209]   57.2% | elapsed: 12408.6s | ETA: 9294.2s
[c-select] [3575/6209]   57.6% | elapsed: 12469.9s | ETA: 9187.6s
[c-select] [3600/6209]   58.0% | elapsed: 12532.5s | ETA: 9082.6s
[c-select] [3625/6209]   58.4% | elapsed: 12593.7s | ETA: 8977.1s
[c-select] [3650/6209]   58.8% | elapsed: 12654.1s | ETA: 8871.8s
[c-select] [3675/6209]   59.2% | elapsed: 12754.0s | ETA: 8794.2s
[c-select] [3700/6209]   59.6% | elapsed: 12855.6s | ETA: 8717.5s
[c-select] [3725/6209]   60.0% | elapsed: 12956.8s | ETA: 8640.2s
[c-select] [3750/6209]   60.4% | elapsed: 13057.9s | ETA: 8562.5s
[c-select] [3775/6209]   60.8% | elapsed: 13157.9s | ETA: 8483.8s
[c-select] [3800/6209]   61.2% | elapsed: 13258.8s | ETA: 8405.4s
[c-select] [3825/6209]   61.6% | elapsed: 13358.8s | ETA: 8326.1s
[c-select] [3850/6209]   62.0% | elapsed: 13456.8s | ETA: 8245.3s
[c-select] [3875/6209]   62.4% | elapsed: 13556.9s | ETA: 8165.6s
[c-select] [3900/6209]   62.8% | elapsed: 13656.9s | ETA: 8085.6s
[c-select] [3925/6209]   63.2% | elapsed: 13756.7s | ETA: 8005.2s
[c-select] [3950/6209]   63.6% | elapsed: 13857.7s | ETA: 7925.2s
[c-select] [3975/6209]   64.0% | elapsed: 13957.8s | ETA: 7844.5s
[c-select] [4000/6209]   64.4% | elapsed: 14057.9s | ETA: 7763.5s
[c-select] [4025/6209]   64.8% | elapsed: 14150.7s | ETA: 7678.3s
[c-select] [4050/6209]   65.2% | elapsed: 14228.2s | ETA: 7584.8s
[c-select] [4075/6209]   65.6% | elapsed: 14307.0s | ETA: 7492.3s
[c-select] [4100/6209]   66.0% | elapsed: 14384.9s | ETA: 7399.5s
[c-select] [4125/6209]   66.4% | elapsed: 14461.8s | ETA: 7306.3s
[c-select] [4150/6209]   66.8% | elapsed: 14539.9s | ETA: 7213.9s
[c-select] [4175/6209]   67.2% | elapsed: 14618.3s | ETA: 7121.8s
[c-select] [4200/6209]   67.6% | elapsed: 14696.1s | ETA: 7029.6s
[c-select] [4225/6209]   68.0% | elapsed: 14774.6s | ETA: 6937.9s
[c-select] [4250/6209]   68.4% | elapsed: 14854.0s | ETA: 6846.8s
[c-select] [4275/6209]   68.9% | elapsed: 14935.1s | ETA: 6756.6s
[c-select] [4300/6209]   69.3% | elapsed: 15016.6s | ETA: 6666.7s
[c-select] [4325/6209]   69.7% | elapsed: 15097.1s | ETA: 6576.4s
[c-select] [4350/6209]   70.1% | elapsed: 15172.7s | ETA: 6484.2s
[c-select] [4375/6209]   70.5% | elapsed: 15253.8s | ETA: 6394.4s
[c-select] [4400/6209]   70.9% | elapsed: 15365.1s | ETA: 6317.1s
[c-select] [4425/6209]   71.3% | elapsed: 15497.8s | ETA: 6248.2s
[c-select] [4450/6209]   71.7% | elapsed: 15628.0s | ETA: 6177.4s
[c-select] [4475/6209]   72.1% | elapsed: 15756.6s | ETA: 6105.5s
[c-select] [4500/6209]   72.5% | elapsed: 15879.6s | ETA: 6030.7s
[c-select] [4525/6209]   72.9% | elapsed: 16002.5s | ETA: 5955.4s
[c-select] [4550/6209]   73.3% | elapsed: 16124.6s | ETA: 5879.3s
[c-select] [4575/6209]   73.7% | elapsed: 16246.0s | ETA: 5802.4s
[c-select] [4600/6209]   74.1% | elapsed: 16367.7s | ETA: 5725.1s
[c-select] [4625/6209]   74.5% | elapsed: 16487.0s | ETA: 5646.6s
[c-select] [4650/6209]   74.9% | elapsed: 16607.2s | ETA: 5567.9s
[c-select] [4675/6209]   75.3% | elapsed: 16723.2s | ETA: 5487.3s
[c-select] [4700/6209]   75.7% | elapsed: 16839.4s | ETA: 5406.5s
[c-select] [4725/6209]   76.1% | elapsed: 16960.0s | ETA: 5326.7s
[c-select] [4750/6209]   76.5% | elapsed: 17074.1s | ETA: 5244.4s
[c-select] [4775/6209]   76.9% | elapsed: 17119.4s | ETA: 5141.2s
[c-select] [4800/6209]   77.3% | elapsed: 17166.0s | ETA: 5038.9s
[c-select] [4825/6209]   77.7% | elapsed: 17212.9s | ETA: 4937.3s
[c-select] [4850/6209]   78.1% | elapsed: 17260.8s | ETA: 4836.6s
[c-select] [4875/6209]   78.5% | elapsed: 17308.8s | ETA: 4736.4s
[c-select] [4900/6209]   78.9% | elapsed: 17355.9s | ETA: 4636.5s
[c-select] [4925/6209]   79.3% | elapsed: 17402.9s | ETA: 4537.1s
[c-select] [4950/6209]   79.7% | elapsed: 17447.5s | ETA: 4437.7s
[c-select] [4975/6209]   80.1% | elapsed: 17494.5s | ETA: 4339.3s
[c-select] [5000/6209]   80.5% | elapsed: 17541.7s | ETA: 4241.6s
[c-select] [5025/6209]   80.9% | elapsed: 17589.1s | ETA: 4144.4s
[c-select] [5050/6209]   81.3% | elapsed: 17637.7s | ETA: 4047.9s
[c-select] [5075/6209]   81.7% | elapsed: 17685.4s | ETA: 3951.8s
[c-select] [5100/6209]   82.1% | elapsed: 17733.8s | ETA: 3856.2s
[c-select] [5125/6209]   82.5% | elapsed: 17794.5s | ETA: 3763.7s
[c-select] [5150/6209]   82.9% | elapsed: 17862.3s | ETA: 3673.0s
[c-select] [5175/6209]   83.3% | elapsed: 17927.9s | ETA: 3582.1s
[c-select] [5200/6209]   83.7% | elapsed: 17993.2s | ETA: 3491.4s
[c-select] [5225/6209]   84.2% | elapsed: 18058.9s | ETA: 3400.9s
[c-select] [5250/6209]   84.6% | elapsed: 18124.1s | ETA: 3310.7s
[c-select] [5275/6209]   85.0% | elapsed: 18191.9s | ETA: 3221.1s
[c-select] [5300/6209]   85.4% | elapsed: 18259.8s | ETA: 3131.7s
[c-select] [5325/6209]   85.8% | elapsed: 18328.9s | ETA: 3042.8s
[c-select] [5350/6209]   86.2% | elapsed: 18395.8s | ETA: 2953.6s
[c-select] [5375/6209]   86.6% | elapsed: 18461.4s | ETA: 2864.5s
[c-select] [5400/6209]   87.0% | elapsed: 18526.8s | ETA: 2775.6s
[c-select] [5425/6209]   87.4% | elapsed: 18592.8s | ETA: 2687.0s
[c-select] [5450/6209]   87.8% | elapsed: 18659.0s | ETA: 2598.6s
[c-select] [5475/6209]   88.2% | elapsed: 18766.4s | ETA: 2515.9s
[c-select] [5500/6209]   88.6% | elapsed: 18837.3s | ETA: 2428.3s
[c-select] [5525/6209]   89.0% | elapsed: 18908.6s | ETA: 2340.9s
[c-select] [5550/6209]   89.4% | elapsed: 18978.7s | ETA: 2253.5s
[c-select] [5575/6209]   89.8% | elapsed: 19048.5s | ETA: 2166.2s
[c-select] [5600/6209]   90.2% | elapsed: 19119.8s | ETA: 2079.3s
[c-select] [5625/6209]   90.6% | elapsed: 19191.0s | ETA: 1992.5s
[c-select] [5650/6209]   91.0% | elapsed: 19262.0s | ETA: 1905.7s
[c-select] [5675/6209]   91.4% | elapsed: 19333.2s | ETA: 1819.2s
[c-select] [5700/6209]   91.8% | elapsed: 19404.6s | ETA: 1732.8s
[c-select] [5725/6209]   92.2% | elapsed: 19475.5s | ETA: 1646.5s
[c-select] [5750/6209]   92.6% | elapsed: 19546.4s | ETA: 1560.3s
[c-select] [5775/6209]   93.0% | elapsed: 19617.3s | ETA: 1474.3s
[c-select] [5800/6209]   93.4% | elapsed: 19689.8s | ETA: 1388.5s
[c-select] [5825/6209]   93.8% | elapsed: 19763.2s | ETA: 1302.8s
[c-select] [5850/6209]   94.2% | elapsed: 19844.4s | ETA: 1217.8s
[c-select] [5875/6209]   94.6% | elapsed: 19942.7s | ETA: 1133.8s
[c-select] [5900/6209]   95.0% | elapsed: 20041.1s | ETA: 1049.6s
[c-select] [5925/6209]   95.4% | elapsed: 20138.0s | ETA:  965.3s
[c-select] [5950/6209]   95.8% | elapsed: 20236.3s | ETA:  880.9s
[c-select] [5975/6209]   96.2% | elapsed: 20335.2s | ETA:  796.4s
[c-select] [6000/6209]   96.6% | elapsed: 20433.7s | ETA:  711.8s
[c-select] [6025/6209]   97.0% | elapsed: 20532.6s | ETA:  627.1s
[c-select] [6050/6209]   97.4% | elapsed: 20634.6s | ETA:  542.3s
[c-select] [6075/6209]   97.8% | elapsed: 20733.4s | ETA:  457.3s
[c-select] [6100/6209]   98.2% | elapsed: 20831.9s | ETA:  372.2s
[c-select] [6125/6209]   98.6% | elapsed: 20930.5s | ETA:  287.0s
[c-select] [6150/6209]   99.0% | elapsed: 21028.6s | ETA:  201.7s
[c-select] [6175/6209]   99.5% | elapsed: 21127.4s | ETA:  116.3s
[c-select] [6200/6209]   99.9% | elapsed: 21225.7s | ETA:   30.8s
   c=1e-08 → score=nan
   c=1e-07 → score=nan
   c=1e-06 → score=nan
   c=1e-05 → score=nan
   c=0.0001 → score=nan
   c=0.001 → score=nan
   c=0.01 → score=nan
   c=0.1 → score=nan
   c=0.25 → score=nan
   c=0.5 → score=nan
   c=1.0 → score=nan
   c=2.0 → score=nan
[Scaler] Selected c=1e-08
[Scaler] Computing mean/std (streaming)...
[fit] [0/6209]    0.0% | elapsed:    3.8s | ETA:    infs
[fit] [25/6209]    0.4% | elapsed:  125.7s | ETA: 31083.6s
[fit] [50/6209]    0.8% | elapsed:  246.4s | ETA: 30347.5s
[fit] [75/6209]    1.2% | elapsed:  366.7s | ETA: 29994.2s
[fit] [100/6209]    1.6% | elapsed:  487.6s | ETA: 29790.2s
[fit] [125/6209]    2.0% | elapsed:  610.6s | ETA: 29717.4s
[fit] [150/6209]    2.4% | elapsed:  733.7s | ETA: 29637.4s
[fit] [175/6209]    2.8% | elapsed:  851.8s | ETA: 29369.4s
[fit] [200/6209]    3.2% | elapsed:  971.2s | ETA: 29179.6s
[fit] [225/6209]    3.6% | elapsed: 1090.8s | ETA: 29010.1s
[fit] [250/6209]    4.0% | elapsed: 1213.9s | ETA: 28933.7s
[fit] [275/6209]    4.4% | elapsed: 1337.8s | ETA: 28867.3s
[fit] [300/6209]    4.8% | elapsed: 1459.7s | ETA: 28750.6s
[fit] [325/6209]    5.2% | elapsed: 1581.4s | ETA: 28630.2s
[fit] [350/6209]    5.6% | elapsed: 1703.2s | ETA: 28512.0s
[fit] [375/6209]    6.0% | elapsed: 1824.3s | ETA: 28381.1s
[fit] [400/6209]    6.4% | elapsed: 1954.5s | ETA: 28384.4s
[fit] [425/6209]    6.8% | elapsed: 2090.1s | ETA: 28444.9s
[fit] [450/6209]    7.2% | elapsed: 2224.7s | ETA: 28471.5s
[fit] [475/6209]    7.7% | elapsed: 2357.1s | ETA: 28454.1s
[fit] [500/6209]    8.1% | elapsed: 2488.9s | ETA: 28418.7s
[fit] [525/6209]    8.5% | elapsed: 2621.1s | ETA: 28377.6s
[fit] [550/6209]    8.9% | elapsed: 2751.3s | ETA: 28308.1s
[fit] [575/6209]    9.3% | elapsed: 2882.9s | ETA: 28247.0s
[fit] [600/6209]    9.7% | elapsed: 3013.0s | ETA: 28166.9s
[fit] [625/6209]   10.1% | elapsed: 3141.4s | ETA: 28066.7s
[fit] [650/6209]   10.5% | elapsed: 3273.2s | ETA: 27993.5s
[fit] [675/6209]   10.9% | elapsed: 3403.1s | ETA: 27900.5s
[fit] [700/6209]   11.3% | elapsed: 3535.4s | ETA: 27823.3s
[fit] [725/6209]   11.7% | elapsed: 3667.5s | ETA: 27741.2s
[fit] [750/6209]   12.1% | elapsed: 3840.5s | ETA: 27954.0s
[fit] [775/6209]   12.5% | elapsed: 4021.2s | ETA: 28195.0s
[fit] [800/6209]   12.9% | elapsed: 4201.4s | ETA: 28406.4s
[fit] [825/6209]   13.3% | elapsed: 4383.1s | ETA: 28604.3s
[fit] [850/6209]   13.7% | elapsed: 4568.1s | ETA: 28800.5s
[fit] [875/6209]   14.1% | elapsed: 4754.7s | ETA: 28984.7s
[fit] [900/6209]   14.5% | elapsed: 4940.6s | ETA: 29144.0s
[fit] [925/6209]   14.9% | elapsed: 5112.1s | ETA: 29202.2s
[fit] [950/6209]   15.3% | elapsed: 5286.2s | ETA: 29263.0s
[fit] [975/6209]   15.7% | elapsed: 5467.3s | ETA: 29349.4s
[fit] [1000/6209]   16.1% | elapsed: 5650.5s | ETA: 29433.7s
[fit] [1025/6209]   16.5% | elapsed: 5828.0s | ETA: 29475.7s
[fit] [1050/6209]   16.9% | elapsed: 6008.7s | ETA: 29522.9s
[fit] [1075/6209]   17.3% | elapsed: 6189.1s | ETA: 29557.8s
[fit] [1100/6209]   17.7% | elapsed: 6357.7s | ETA: 29528.4s
[fit] [1125/6209]   18.1% | elapsed: 6484.7s | ETA: 29305.2s
[fit] [1150/6209]   18.5% | elapsed: 6611.6s | ETA: 29085.4s
[fit] [1175/6209]   18.9% | elapsed: 6740.2s | ETA: 28876.7s
[fit] [1200/6209]   19.3% | elapsed: 6866.0s | ETA: 28659.7s
[fit] [1225/6209]   19.7% | elapsed: 6993.0s | ETA: 28451.7s
[fit] [1250/6209]   20.1% | elapsed: 7121.5s | ETA: 28252.4s
[fit] [1275/6209]   20.5% | elapsed: 7249.6s | ETA: 28054.4s
[fit] [1300/6209]   20.9% | elapsed: 7374.8s | ETA: 27848.3s
[fit] [1325/6209]   21.3% | elapsed: 7500.8s | ETA: 27648.1s
[fit] [1350/6209]   21.7% | elapsed: 7625.9s | ETA: 27447.5s
[fit] [1375/6209]   22.1% | elapsed: 7752.2s | ETA: 27253.9s
[fit] [1400/6209]   22.5% | elapsed: 7878.2s | ETA: 27061.7s
[fit] [1425/6209]   23.0% | elapsed: 8005.8s | ETA: 26877.1s
[fit] [1450/6209]   23.4% | elapsed: 8133.7s | ETA: 26695.3s
[fit] [1475/6209]   23.8% | elapsed: 8305.3s | ETA: 26655.8s
[fit] [1500/6209]   24.2% | elapsed: 8499.0s | ETA: 26681.1s
[fit] [1525/6209]   24.6% | elapsed: 8690.3s | ETA: 26692.0s
[fit] [1550/6209]   25.0% | elapsed: 8882.4s | ETA: 26698.9s
[fit] [1575/6209]   25.4% | elapsed: 9074.6s | ETA: 26699.4s
[fit] [1600/6209]   25.8% | elapsed: 9267.8s | ETA: 26697.1s
[fit] [1625/6209]   26.2% | elapsed: 9458.8s | ETA: 26682.6s
[fit] [1650/6209]   26.6% | elapsed: 9653.3s | ETA: 26672.5s
[fit] [1675/6209]   27.0% | elapsed: 9849.1s | ETA: 26660.1s
[fit] [1700/6209]   27.4% | elapsed: 10046.3s | ETA: 26646.4s
[fit] [1725/6209]   27.8% | elapsed: 10247.7s | ETA: 26638.0s
[fit] [1750/6209]   28.2% | elapsed: 10444.3s | ETA: 26612.1s
[fit] [1775/6209]   28.6% | elapsed: 10634.2s | ETA: 26564.5s
[fit] [1800/6209]   29.0% | elapsed: 10825.5s | ETA: 26516.3s
[fit] [1825/6209]   29.4% | elapsed: 11015.8s | ETA: 26462.1s
[fit] [1850/6209]   29.8% | elapsed: 11217.5s | ETA: 26430.9s
[fit] [1875/6209]   30.2% | elapsed: 11413.2s | ETA: 26381.3s
[fit] [1900/6209]   30.6% | elapsed: 11608.1s | ETA: 26325.9s
[fit] [1925/6209]   31.0% | elapsed: 11812.8s | ETA: 26288.9s
[fit] [1950/6209]   31.4% | elapsed: 12018.2s | ETA: 26249.1s
[fit] [1975/6209]   31.8% | elapsed: 12221.5s | ETA: 26200.4s
[fit] [2000/6209]   32.2% | elapsed: 12423.4s | ETA: 26144.9s
[fit] [2025/6209]   32.6% | elapsed: 12625.6s | ETA: 26086.7s
[fit] [2050/6209]   33.0% | elapsed: 12828.5s | ETA: 26026.2s
[fit] [2075/6209]   33.4% | elapsed: 13028.9s | ETA: 25957.4s
[fit] [2100/6209]   33.8% | elapsed: 13230.7s | ETA: 25888.1s
[fit] [2125/6209]   34.2% | elapsed: 13421.2s | ETA: 25793.9s
[fit] [2150/6209]   34.6% | elapsed: 13615.0s | ETA: 25703.9s
[fit] [2175/6209]   35.0% | elapsed: 13811.7s | ETA: 25616.7s
[fit] [2200/6209]   35.4% | elapsed: 14000.7s | ETA: 25513.1s
[fit] [2225/6209]   35.8% | elapsed: 14159.3s | ETA: 25353.1s
[fit] [2250/6209]   36.2% | elapsed: 14317.8s | ETA: 25192.9s
[fit] [2275/6209]   36.6% | elapsed: 14475.8s | ETA: 25031.9s
[fit] [2300/6209]   37.0% | elapsed: 14632.0s | ETA: 24868.0s
[fit] [2325/6209]   37.4% | elapsed: 14798.1s | ETA: 24720.8s
[fit] [2350/6209]   37.8% | elapsed: 14961.1s | ETA: 24568.0s
[fit] [2375/6209]   38.3% | elapsed: 15119.1s | ETA: 24407.1s
[fit] [2400/6209]   38.7% | elapsed: 15278.0s | ETA: 24247.4s
[fit] [2425/6209]   39.1% | elapsed: 15434.8s | ETA: 24084.7s
[fit] [2450/6209]   39.5% | elapsed: 15594.3s | ETA: 23926.1s
[fit] [2475/6209]   39.9% | elapsed: 15752.6s | ETA: 23765.8s
[fit] [2500/6209]   40.3% | elapsed: 15909.5s | ETA: 23603.4s
[fit] [2525/6209]   40.7% | elapsed: 16066.9s | ETA: 23441.8s
[fit] [2550/6209]   41.1% | elapsed: 16222.4s | ETA: 23277.5s
[fit] [2575/6209]   41.5% | elapsed: 16385.0s | ETA: 23123.6s
[fit] [2600/6209]   41.9% | elapsed: 16550.0s | ETA: 22972.6s
[fit] [2625/6209]   42.3% | elapsed: 16715.3s | ETA: 22822.0s
[fit] [2650/6209]   42.7% | elapsed: 16877.6s | ETA: 22666.9s
[fit] [2675/6209]   43.1% | elapsed: 17046.9s | ETA: 22521.0s
[fit] [2700/6209]   43.5% | elapsed: 17216.0s | ETA: 22374.5s
[fit] [2725/6209]   43.9% | elapsed: 17385.6s | ETA: 22228.0s
[fit] [2750/6209]   44.3% | elapsed: 17552.7s | ETA: 22078.1s
[fit] [2775/6209]   44.7% | elapsed: 17720.0s | ETA: 21928.1s
[fit] [2800/6209]   45.1% | elapsed: 17888.6s | ETA: 21779.4s
[fit] [2825/6209]   45.5% | elapsed: 18054.9s | ETA: 21627.6s
[fit] [2850/6209]   45.9% | elapsed: 18223.7s | ETA: 21478.4s
[fit] [2875/6209]   46.3% | elapsed: 18393.2s | ETA: 21329.7s
[fit] [2900/6209]   46.7% | elapsed: 18563.1s | ETA: 21181.1s
[fit] [2925/6209]   47.1% | elapsed: 18737.4s | ETA: 21037.2s
[fit] [2950/6209]   47.5% | elapsed: 18920.1s | ETA: 20902.0s
[fit] [2975/6209]   47.9% | elapsed: 19098.0s | ETA: 20760.7s
[fit] [3000/6209]   48.3% | elapsed: 19284.2s | ETA: 20627.7s
[fit] [3025/6209]   48.7% | elapsed: 19468.6s | ETA: 20491.9s
[fit] [3050/6209]   49.1% | elapsed: 19653.6s | ETA: 20356.0s
[fit] [3075/6209]   49.5% | elapsed: 19829.8s | ETA: 20210.3s
[fit] [3100/6209]   49.9% | elapsed: 19999.2s | ETA: 20057.3s
[fit] [3125/6209]   50.3% | elapsed: 20180.7s | ETA: 19916.0s
[fit] [3150/6209]   50.7% | elapsed: 20361.3s | ETA: 19773.1s
[fit] [3175/6209]   51.1% | elapsed: 20546.7s | ETA: 19634.2s
[fit] [3200/6209]   51.5% | elapsed: 20731.3s | ETA: 19493.9s
[fit] [3225/6209]   51.9% | elapsed: 20914.9s | ETA: 19352.0s
[fit] [3250/6209]   52.3% | elapsed: 21097.3s | ETA: 19208.2s
[fit] [3275/6209]   52.7% | elapsed: 21281.4s | ETA: 19065.5s
[fit] [3300/6209]   53.1% | elapsed: 21440.0s | ETA: 18899.7s
[fit] [3325/6209]   53.6% | elapsed: 21569.6s | ETA: 18708.8s
[fit] [3350/6209]   54.0% | elapsed: 21706.2s | ETA: 18524.8s
[fit] [3375/6209]   54.4% | elapsed: 21843.4s | ETA: 18342.0s
[fit] [3400/6209]   54.8% | elapsed: 21979.0s | ETA: 18158.5s
[fit] [3425/6209]   55.2% | elapsed: 22108.4s | ETA: 17970.7s
[fit] [3450/6209]   55.6% | elapsed: 22245.0s | ETA: 17789.5s
[fit] [3475/6209]   56.0% | elapsed: 22377.8s | ETA: 17606.0s
[fit] [3500/6209]   56.4% | elapsed: 22514.2s | ETA: 17426.0s
[fit] [3525/6209]   56.8% | elapsed: 22651.5s | ETA: 17247.3s
[fit] [3550/6209]   57.2% | elapsed: 22788.7s | ETA: 17069.1s
[fit] [3575/6209]   57.6% | elapsed: 22924.8s | ETA: 16890.6s
[fit] [3600/6209]   58.0% | elapsed: 23063.8s | ETA: 16714.8s
[fit] [3625/6209]   58.4% | elapsed: 23200.3s | ETA: 16537.8s
[fit] [3650/6209]   58.8% | elapsed: 23337.4s | ETA: 16361.7s
[fit] [3675/6209]   59.2% | elapsed: 23510.0s | ETA: 16210.7s
[fit] [3700/6209]   59.6% | elapsed: 23682.1s | ETA: 16059.1s
[fit] [3725/6209]   60.0% | elapsed: 23854.0s | ETA: 15906.9s
[fit] [3750/6209]   60.4% | elapsed: 24027.3s | ETA: 15755.5s
[fit] [3775/6209]   60.8% | elapsed: 24200.3s | ETA: 15603.6s
[fit] [3800/6209]   61.2% | elapsed: 24371.8s | ETA: 15450.5s
[fit] [3825/6209]   61.6% | elapsed: 24540.4s | ETA: 15295.3s
[fit] [3850/6209]   62.0% | elapsed: 24705.4s | ETA: 15137.6s
[fit] [3875/6209]   62.4% | elapsed: 24874.0s | ETA: 14982.2s
[fit] [3900/6209]   62.8% | elapsed: 25043.0s | ETA: 14826.7s
[fit] [3925/6209]   63.2% | elapsed: 25210.2s | ETA: 14670.1s
[fit] [3950/6209]   63.6% | elapsed: 25378.4s | ETA: 14513.9s
[fit] [3975/6209]   64.0% | elapsed: 25546.8s | ETA: 14357.6s
[fit] [4000/6209]   64.4% | elapsed: 25713.6s | ETA: 14200.3s
[fit] [4025/6209]   64.8% | elapsed: 25874.0s | ETA: 14039.5s
[fit] [4050/6209]   65.2% | elapsed: 26020.7s | ETA: 13871.3s
[fit] [4075/6209]   65.6% | elapsed: 26170.9s | ETA: 13705.2s
[fit] [4100/6209]   66.0% | elapsed: 26318.8s | ETA: 13538.1s
[fit] [4125/6209]   66.4% | elapsed: 26463.3s | ETA: 13369.6s
[fit] [4150/6209]   66.8% | elapsed: 26613.0s | ETA: 13203.9s
[fit] [4175/6209]   67.2% | elapsed: 26761.0s | ETA: 13037.6s
[fit] [4200/6209]   67.6% | elapsed: 26908.9s | ETA: 12871.4s
[fit] [4225/6209]   68.0% | elapsed: 27057.8s | ETA: 12706.0s
[fit] [4250/6209]   68.4% | elapsed: 27206.2s | ETA: 12540.4s
[fit] [4275/6209]   68.9% | elapsed: 27356.1s | ETA: 12375.8s
[fit] [4300/6209]   69.3% | elapsed: 27506.0s | ETA: 12211.4s
[fit] [4325/6209]   69.7% | elapsed: 27654.2s | ETA: 12046.4s
[fit] [4350/6209]   70.1% | elapsed: 27790.3s | ETA: 11876.4s
[fit] [4375/6209]   70.5% | elapsed: 27940.5s | ETA: 11712.7s
[fit] [4400/6209]   70.9% | elapsed: 28121.0s | ETA: 11561.6s
[fit] [4425/6209]   71.3% | elapsed: 28312.6s | ETA: 11414.6s
[fit] [4450/6209]   71.7% | elapsed: 28502.2s | ETA: 11266.4s
[fit] [4475/6209]   72.1% | elapsed: 28685.8s | ETA: 11115.3s
[fit] [4500/6209]   72.5% | elapsed: 28877.3s | ETA: 10966.9s
[fit] [4525/6209]   72.9% | elapsed: 29067.4s | ETA: 10817.6s
[fit] [4550/6209]   73.3% | elapsed: 29259.3s | ETA: 10668.4s
[fit] [4575/6209]   73.7% | elapsed: 29447.8s | ETA: 10517.5s
[fit] [4600/6209]   74.1% | elapsed: 29637.8s | ETA: 10366.8s
[fit] [4625/6209]   74.5% | elapsed: 29822.2s | ETA: 10213.7s
[fit] [4650/6209]   74.9% | elapsed: 30005.2s | ETA: 10059.8s
[fit] [4675/6209]   75.3% | elapsed: 30180.4s | ETA: 9903.0s
[fit] [4700/6209]   75.7% | elapsed: 30357.5s | ETA: 9746.7s
[fit] [4725/6209]   76.1% | elapsed: 30543.7s | ETA: 9593.0s
[fit] [4750/6209]   76.5% | elapsed: 30718.1s | ETA: 9435.3s
[fit] [4775/6209]   76.9% | elapsed: 30832.7s | ETA: 9259.5s
[fit] [4800/6209]   77.3% | elapsed: 30953.7s | ETA: 9086.2s
[fit] [4825/6209]   77.7% | elapsed: 31078.4s | ETA: 8914.5s
[fit] [4850/6209]   78.1% | elapsed: 31202.8s | ETA: 8743.2s
[fit] [4875/6209]   78.5% | elapsed: 31330.2s | ETA: 8573.2s
[fit] [4900/6209]   78.9% | elapsed: 31453.0s | ETA: 8402.4s
[fit] [4925/6209]   79.3% | elapsed: 31574.3s | ETA: 8231.8s
[fit] [4950/6209]   79.7% | elapsed: 31689.3s | ETA: 8060.0s
[fit] [4975/6209]   80.1% | elapsed: 31811.0s | ETA: 7890.4s
[fit] [5000/6209]   80.5% | elapsed: 31933.3s | ETA: 7721.5s
[fit] [5025/6209]   80.9% | elapsed: 32056.6s | ETA: 7553.2s
[fit] [5050/6209]   81.3% | elapsed: 32182.2s | ETA: 7386.0s
[fit] [5075/6209]   81.7% | elapsed: 32309.8s | ETA: 7219.6s
[fit] [5100/6209]   82.1% | elapsed: 32436.8s | ETA: 7053.4s
[fit] [5125/6209]   82.5% | elapsed: 32574.8s | ETA: 6890.0s
[fit] [5150/6209]   82.9% | elapsed: 32721.9s | ETA: 6728.6s
[fit] [5175/6209]   83.3% | elapsed: 32872.6s | ETA: 6568.2s
[fit] [5200/6209]   83.7% | elapsed: 33019.1s | ETA: 6407.0s
[fit] [5225/6209]   84.2% | elapsed: 33163.0s | ETA: 6245.4s
[fit] [5250/6209]   84.6% | elapsed: 33309.2s | ETA: 6084.5s
[fit] [5275/6209]   85.0% | elapsed: 33455.4s | ETA: 5923.7s
[fit] [5300/6209]   85.4% | elapsed: 33601.4s | ETA: 5763.0s
[fit] [5325/6209]   85.8% | elapsed: 33749.0s | ETA: 5602.7s
[fit] [5350/6209]   86.2% | elapsed: 33895.7s | ETA: 5442.3s
[fit] [5375/6209]   86.6% | elapsed: 34044.9s | ETA: 5282.5s
[fit] [5400/6209]   87.0% | elapsed: 34190.7s | ETA: 5122.3s
[fit] [5425/6209]   87.4% | elapsed: 34337.8s | ETA: 4962.4s
[fit] [5450/6209]   87.8% | elapsed: 34484.0s | ETA: 4802.5s
[fit] [5475/6209]   88.2% | elapsed: 34631.1s | ETA: 4642.8s
[fit] [5500/6209]   88.6% | elapsed: 34784.2s | ETA: 4484.0s
[fit] [5525/6209]   89.0% | elapsed: 34936.9s | ETA: 4325.2s
[fit] [5550/6209]   89.4% | elapsed: 35085.4s | ETA: 4166.0s
[fit] [5575/6209]   89.8% | elapsed: 35234.0s | ETA: 4006.9s
[fit] [5600/6209]   90.2% | elapsed: 35386.0s | ETA: 3848.2s
[fit] [5625/6209]   90.6% | elapsed: 35538.8s | ETA: 3689.7s
[fit] [5650/6209]   91.0% | elapsed: 35689.4s | ETA: 3531.0s
[fit] [5675/6209]   91.4% | elapsed: 35841.6s | ETA: 3372.6s
[fit] [5700/6209]   91.8% | elapsed: 35993.2s | ETA: 3214.1s
[fit] [5725/6209]   92.2% | elapsed: 36145.0s | ETA: 3055.8s
[fit] [5750/6209]   92.6% | elapsed: 36298.1s | ETA: 2897.5s
[fit] [5775/6209]   93.0% | elapsed: 36450.0s | ETA: 2739.3s
[fit] [5800/6209]   93.4% | elapsed: 36599.2s | ETA: 2580.9s
[fit] [5825/6209]   93.8% | elapsed: 36751.0s | ETA: 2422.7s
[fit] [5850/6209]   94.2% | elapsed: 36905.6s | ETA: 2264.8s
[fit] [5875/6209]   94.6% | elapsed: 37078.1s | ETA: 2107.9s
[fit] [5900/6209]   95.0% | elapsed: 37251.8s | ETA: 1951.0s
[fit] [5925/6209]   95.4% | elapsed: 37419.8s | ETA: 1793.6s
[fit] [5950/6209]   95.8% | elapsed: 37590.4s | ETA: 1636.3s
[fit] [5975/6209]   96.2% | elapsed: 37762.3s | ETA: 1478.9s
[fit] [6000/6209]   96.6% | elapsed: 37935.3s | ETA: 1321.4s
[fit] [6025/6209]   97.0% | elapsed: 38108.8s | ETA: 1163.8s
[fit] [6050/6209]   97.4% | elapsed: 38282.7s | ETA: 1006.1s
[fit] [6075/6209]   97.8% | elapsed: 38456.3s | ETA:  848.3s
[fit] [6100/6209]   98.2% | elapsed: 38629.5s | ETA:  690.3s
[fit] [6125/6209]   98.6% | elapsed: 38802.2s | ETA:  532.1s
[fit] [6150/6209]   99.0% | elapsed: 38973.6s | ETA:  373.9s
[fit] [6175/6209]   99.5% | elapsed: 39145.6s | ETA:  215.5s
[fit] [6200/6209]   99.9% | elapsed: 39318.2s | ETA:   57.1s
[Scaler] DONE: mean=1.7862, std=5.2951
[Scaler] Saved scaler to ../../../../p/tmp/merlinho/cache/scaler_2001_2017.pkl
[Scaler] START streaming fit
[Scaler] Selecting best c (streaming)...
[c-select] [0/6209]    0.0% | elapsed:    2.0s | ETA:    infs
[c-select] [25/6209]    0.4% | elapsed:   51.3s | ETA: 12681.7s
[c-select] [50/6209]    0.8% | elapsed:  100.4s | ETA: 12368.4s
[c-select] [75/6209]    1.2% | elapsed:  150.2s | ETA: 12282.8s
