Torch version: 2.5.1
CUDA available: True
CUDA device count: 2
CUDA device name: NVIDIA H100 80GB HBM3

[Cache] Loaded dataset from cache/precip_dataset_2001-2010_256_8760_10%.pkl

Output path set to: output_new/extensive_inpainting_Nov21_2037_256_0.1
UNet constructor args:
model_channels: 256
num_blocks: 2
channel_mult: [1, 2, 2, 4]
attn_resolutions: [32]
encoder_type: standard
dropout: 0.15
patch_size: 256
Removing 'module.' prefix from state dict keys...
Lam levels: [0.001, 0.002, 0.005, 0.01, 0.02, 0.05, 0.1, 0.2, 0.5, 1, 2, 5, 10, 20, 50, 100, 200, 500, 1000, 2000, 5000, 10000, 20000, 50000, 100000, 200000, 500000, 1000000, 2000000, 5000000]

Testing inpainting with 0.1% known data and lambda 0.001:
[Nov21_2038] Sampling 1-4 / 20
Inpainting, 5.0%
Inpainting, 10.0%
Inpainting, 15.0%
Inpainting, 20.0%
Inpainting, 25.0%
Inpainting, 30.0%
Inpainting, 35.0%
Inpainting, 40.0%
Inpainting, 45.0%
Inpainting, 50.0%
Inpainting, 55.0%
Inpainting, 60.0%
Inpainting, 65.0%
Inpainting, 70.0%
Inpainting, 75.0%
Inpainting, 80.0%
Inpainting, 85.0%
Inpainting, 90.0%
Inpainting, 95.0%
Inpainting, 100.0%
[Nov21_2041] Sampling 5-8 / 20
Inpainting, 5.0%
Inpainting, 10.0%
Inpainting, 15.0%
Inpainting, 20.0%
Inpainting, 25.0%
Inpainting, 30.0%
Inpainting, 35.0%
Inpainting, 40.0%
Inpainting, 45.0%
Inpainting, 50.0%
Inpainting, 55.0%
Inpainting, 60.0%
Inpainting, 65.0%
Inpainting, 70.0%
Inpainting, 75.0%
Inpainting, 80.0%
Inpainting, 85.0%
Inpainting, 90.0%
Inpainting, 95.0%
Inpainting, 100.0%
[Nov21_2044] Sampling 9-12 / 20
Inpainting, 5.0%
Inpainting, 10.0%
Inpainting, 15.0%
Inpainting, 20.0%
Inpainting, 25.0%
Inpainting, 30.0%
Inpainting, 35.0%
Inpainting, 40.0%
Inpainting, 45.0%
Inpainting, 50.0%
Inpainting, 55.0%
Inpainting, 60.0%
Inpainting, 65.0%
Inpainting, 70.0%
Inpainting, 75.0%
Inpainting, 80.0%
Inpainting, 85.0%
Inpainting, 90.0%
Inpainting, 95.0%
Inpainting, 100.0%
[Nov21_2047] Sampling 13-16 / 20
Inpainting, 5.0%
Inpainting, 10.0%
Inpainting, 15.0%
Inpainting, 20.0%
Inpainting, 25.0%
Inpainting, 30.0%
Inpainting, 35.0%
Inpainting, 40.0%
Inpainting, 45.0%
Inpainting, 50.0%
Inpainting, 55.0%
Inpainting, 60.0%
Inpainting, 65.0%
Inpainting, 70.0%
Inpainting, 75.0%
Inpainting, 80.0%
Inpainting, 85.0%
Inpainting, 90.0%
Inpainting, 95.0%
Inpainting, 100.0%
[Nov21_2051] Sampling 17-20 / 20
Inpainting, 5.0%
Inpainting, 10.0%
Inpainting, 15.0%
Inpainting, 20.0%
Inpainting, 25.0%
Inpainting, 30.0%
Inpainting, 35.0%
Inpainting, 40.0%
Inpainting, 45.0%
Inpainting, 50.0%
Inpainting, 55.0%
Inpainting, 60.0%
Inpainting, 65.0%
Inpainting, 70.0%
Inpainting, 75.0%
Inpainting, 80.0%
Inpainting, 85.0%
Inpainting, 90.0%
Inpainting, 95.0%
Inpainting, 100.0%
