Torch version: 2.5.1
CUDA available: True
CUDA device count: 2
CUDA device name: NVIDIA H100 80GB HBM3

[Cache] Loaded dataset from cache/precip_dataset_2001-2010_256_8760_10%.pkl

Output path set to: output_new/extensive_inpainting_Nov25_1630_256_0.1
UNet constructor args:
model_channels: 256
num_blocks: 2
channel_mult: [1, 2, 2, 4]
attn_resolutions: [32]
encoder_type: standard
dropout: 0.15
patch_size: 256
Removing 'module.' prefix from state dict keys...
Lam levels: [1e-08, 2e-08, 5e-08, 1e-07, 2e-07, 5e-07, 1e-06, 2e-06, 4.9999999999999996e-06, 1e-05, 2e-05, 5e-05, 0.0001, 0.0002, 0.0005]

Testing inpainting with 0.1% known data and lambda 1e-08:
[Nov25_1630] Sampling 1-4 / 20
Inpainting, 5.0%
Inpainting, 10.0%
Inpainting, 15.0%
Inpainting, 20.0%
Inpainting, 25.0%
Inpainting, 30.0%
Inpainting, 35.0%
Inpainting, 40.0%
Inpainting, 45.0%
Inpainting, 50.0%
Inpainting, 55.0%
Inpainting, 60.0%
Inpainting, 65.0%
Inpainting, 70.0%
Inpainting, 75.0%
Inpainting, 80.0%
Inpainting, 85.0%
Inpainting, 90.0%
Inpainting, 95.0%
Inpainting, 100.0%
[Nov25_1633] Sampling 5-8 / 20
Inpainting, 5.0%
Inpainting, 10.0%
Inpainting, 15.0%
Inpainting, 20.0%
Inpainting, 25.0%
Inpainting, 30.0%
Inpainting, 35.0%
Inpainting, 40.0%
Inpainting, 45.0%
Inpainting, 50.0%
Inpainting, 55.0%
Inpainting, 60.0%
Inpainting, 65.0%
Inpainting, 70.0%
Inpainting, 75.0%
Inpainting, 80.0%
Inpainting, 85.0%
Inpainting, 90.0%
Inpainting, 95.0%
Inpainting, 100.0%
[Nov25_1637] Sampling 9-12 / 20
Inpainting, 5.0%
Inpainting, 10.0%
Inpainting, 15.0%
Inpainting, 20.0%
Inpainting, 25.0%
Inpainting, 30.0%
Inpainting, 35.0%
Inpainting, 40.0%
Inpainting, 45.0%
Inpainting, 50.0%
Inpainting, 55.0%
Inpainting, 60.0%
Inpainting, 65.0%
Inpainting, 70.0%
Inpainting, 75.0%
Inpainting, 80.0%
Inpainting, 85.0%
Inpainting, 90.0%
Inpainting, 95.0%
Inpainting, 100.0%
[Nov25_1640] Sampling 13-16 / 20
Inpainting, 5.0%
Inpainting, 10.0%
Inpainting, 15.0%
Inpainting, 20.0%
Inpainting, 25.0%
Inpainting, 30.0%
Inpainting, 35.0%
Inpainting, 40.0%
Inpainting, 45.0%
Inpainting, 50.0%
Inpainting, 55.0%
Inpainting, 60.0%
Inpainting, 65.0%
Inpainting, 70.0%
Inpainting, 75.0%
Inpainting, 80.0%
Inpainting, 85.0%
Inpainting, 90.0%
Inpainting, 95.0%
Inpainting, 100.0%
[Nov25_1643] Sampling 17-20 / 20
Inpainting, 5.0%
Inpainting, 10.0%
Inpainting, 15.0%
Inpainting, 20.0%
Inpainting, 25.0%
Inpainting, 30.0%
Inpainting, 35.0%
Inpainting, 40.0%
Inpainting, 45.0%
Inpainting, 50.0%
Inpainting, 55.0%
Inpainting, 60.0%
Inpainting, 65.0%
Inpainting, 70.0%
Inpainting, 75.0%
Inpainting, 80.0%
Inpainting, 85.0%
Inpainting, 90.0%
Inpainting, 95.0%
Inpainting, 100.0%
Inpainting MSE (masked region): 0.861760
Inpainting MAE (masked region): 0.506393
[Plot] Saved inpainting results to output_new/extensive_inpainting_Nov25_1630_256_0.1/inpainting_results/inpainting_0.001_1e-08_20251125_164715.png
MSE Loss at 0.1% known data and lambda 1e-08: 0.861760

Testing inpainting with 0.1% known data and lambda 2e-08:
[Nov25_1647] Sampling 1-4 / 20
Inpainting, 5.0%
Inpainting, 10.0%
Inpainting, 15.0%
Inpainting, 20.0%
Inpainting, 25.0%
Inpainting, 30.0%
Inpainting, 35.0%
Inpainting, 40.0%
Inpainting, 45.0%
Inpainting, 50.0%
Inpainting, 55.0%
Inpainting, 60.0%
Inpainting, 65.0%
Inpainting, 70.0%
Inpainting, 75.0%
Inpainting, 80.0%
Inpainting, 85.0%
Inpainting, 90.0%
Inpainting, 95.0%
Inpainting, 100.0%
[Nov25_1650] Sampling 5-8 / 20
Inpainting, 5.0%
Inpainting, 10.0%
Inpainting, 15.0%
Inpainting, 20.0%
Inpainting, 25.0%
Inpainting, 30.0%
Inpainting, 35.0%
Inpainting, 40.0%
Inpainting, 45.0%
Inpainting, 50.0%
Inpainting, 55.0%
Inpainting, 60.0%
Inpainting, 65.0%
Inpainting, 70.0%
Inpainting, 75.0%
Inpainting, 80.0%
Inpainting, 85.0%
Inpainting, 90.0%
Inpainting, 95.0%
Inpainting, 100.0%
[Nov25_1653] Sampling 9-12 / 20
Inpainting, 5.0%
Inpainting, 10.0%
Inpainting, 15.0%
Inpainting, 20.0%
Inpainting, 25.0%
Inpainting, 30.0%
Inpainting, 35.0%
Inpainting, 40.0%
Inpainting, 45.0%
Inpainting, 50.0%
Inpainting, 55.0%
Inpainting, 60.0%
Inpainting, 65.0%
Inpainting, 70.0%
Inpainting, 75.0%
Inpainting, 80.0%
Inpainting, 85.0%
Inpainting, 90.0%
Inpainting, 95.0%
Inpainting, 100.0%
[Nov25_1657] Sampling 13-16 / 20
Inpainting, 5.0%
Inpainting, 10.0%
Inpainting, 15.0%
Inpainting, 20.0%
Inpainting, 25.0%
Inpainting, 30.0%
Inpainting, 35.0%
Inpainting, 40.0%
Inpainting, 45.0%
Inpainting, 50.0%
Inpainting, 55.0%
Inpainting, 60.0%
Inpainting, 65.0%
Inpainting, 70.0%
Inpainting, 75.0%
Inpainting, 80.0%
Inpainting, 85.0%
Inpainting, 90.0%
Inpainting, 95.0%
Inpainting, 100.0%
[Nov25_1700] Sampling 17-20 / 20
Inpainting, 5.0%
Inpainting, 10.0%
Inpainting, 15.0%
Inpainting, 20.0%
Inpainting, 25.0%
Inpainting, 30.0%
Inpainting, 35.0%
Inpainting, 40.0%
Inpainting, 45.0%
Inpainting, 50.0%
Inpainting, 55.0%
Inpainting, 60.0%
Inpainting, 65.0%
Inpainting, 70.0%
Inpainting, 75.0%
Inpainting, 80.0%
Inpainting, 85.0%
Inpainting, 90.0%
Inpainting, 95.0%
Inpainting, 100.0%
Inpainting MSE (masked region): 0.681377
Inpainting MAE (masked region): 0.468546
[Plot] Saved inpainting results to output_new/extensive_inpainting_Nov25_1630_256_0.1/inpainting_results/inpainting_0.001_2e-08_20251125_170356.png
MSE Loss at 0.1% known data and lambda 2e-08: 0.681377

Testing inpainting with 0.1% known data and lambda 5e-08:
[Nov25_1703] Sampling 1-4 / 20
Inpainting, 5.0%
Inpainting, 10.0%
Inpainting, 15.0%
Inpainting, 20.0%
Inpainting, 25.0%
Inpainting, 30.0%
Inpainting, 35.0%
Inpainting, 40.0%
Inpainting, 45.0%
Inpainting, 50.0%
Inpainting, 55.0%
Inpainting, 60.0%
Inpainting, 65.0%
Inpainting, 70.0%
Inpainting, 75.0%
Inpainting, 80.0%
Inpainting, 85.0%
Inpainting, 90.0%
Inpainting, 95.0%
Inpainting, 100.0%
[Nov25_1707] Sampling 5-8 / 20
Inpainting, 5.0%
Inpainting, 10.0%
Inpainting, 15.0%
Inpainting, 20.0%
Inpainting, 25.0%
Inpainting, 30.0%
Inpainting, 35.0%
Inpainting, 40.0%
Inpainting, 45.0%
Inpainting, 50.0%
Inpainting, 55.0%
Inpainting, 60.0%
Inpainting, 65.0%
Inpainting, 70.0%
Inpainting, 75.0%
Inpainting, 80.0%
Inpainting, 85.0%
Inpainting, 90.0%
Inpainting, 95.0%
Inpainting, 100.0%
[Nov25_1710] Sampling 9-12 / 20
Inpainting, 5.0%
Inpainting, 10.0%
Inpainting, 15.0%
Inpainting, 20.0%
Inpainting, 25.0%
Inpainting, 30.0%
Inpainting, 35.0%
Inpainting, 40.0%
Inpainting, 45.0%
Inpainting, 50.0%
Inpainting, 55.0%
Inpainting, 60.0%
Inpainting, 65.0%
Inpainting, 70.0%
Inpainting, 75.0%
Inpainting, 80.0%
Inpainting, 85.0%
Inpainting, 90.0%
Inpainting, 95.0%
Inpainting, 100.0%
[Nov25_1713] Sampling 13-16 / 20
Inpainting, 5.0%
Inpainting, 10.0%
Inpainting, 15.0%
Inpainting, 20.0%
Inpainting, 25.0%
Inpainting, 30.0%
Inpainting, 35.0%
Inpainting, 40.0%
Inpainting, 45.0%
Inpainting, 50.0%
Inpainting, 55.0%
Inpainting, 60.0%
Inpainting, 65.0%
Inpainting, 70.0%
Inpainting, 75.0%
Inpainting, 80.0%
Inpainting, 85.0%
Inpainting, 90.0%
Inpainting, 95.0%
Inpainting, 100.0%
[Nov25_1717] Sampling 17-20 / 20
Inpainting, 5.0%
Inpainting, 10.0%
Inpainting, 15.0%
Inpainting, 20.0%
Inpainting, 25.0%
Inpainting, 30.0%
Inpainting, 35.0%
Inpainting, 40.0%
Inpainting, 45.0%
Inpainting, 50.0%
Inpainting, 55.0%
Inpainting, 60.0%
Inpainting, 65.0%
Inpainting, 70.0%
Inpainting, 75.0%
Inpainting, 80.0%
Inpainting, 85.0%
Inpainting, 90.0%
Inpainting, 95.0%
Inpainting, 100.0%
Inpainting MSE (masked region): 0.972261
Inpainting MAE (masked region): 0.510239
[Plot] Saved inpainting results to output_new/extensive_inpainting_Nov25_1630_256_0.1/inpainting_results/inpainting_0.001_5e-08_20251125_172037.png
MSE Loss at 0.1% known data and lambda 5e-08: 0.972261

Testing inpainting with 0.1% known data and lambda 1e-07:
[Nov25_1720] Sampling 1-4 / 20
Inpainting, 5.0%
Inpainting, 10.0%
Inpainting, 15.0%
Inpainting, 20.0%
Inpainting, 25.0%
Inpainting, 30.0%
Inpainting, 35.0%
Inpainting, 40.0%
Inpainting, 45.0%
Inpainting, 50.0%
Inpainting, 55.0%
Inpainting, 60.0%
Inpainting, 65.0%
Inpainting, 70.0%
Inpainting, 75.0%
Inpainting, 80.0%
Inpainting, 85.0%
Inpainting, 90.0%
Inpainting, 95.0%
Inpainting, 100.0%
[Nov25_1723] Sampling 5-8 / 20
Inpainting, 5.0%
Inpainting, 10.0%
Inpainting, 15.0%
Inpainting, 20.0%
Inpainting, 25.0%
Inpainting, 30.0%
Inpainting, 35.0%
Inpainting, 40.0%
Inpainting, 45.0%
Inpainting, 50.0%
Inpainting, 55.0%
Inpainting, 60.0%
Inpainting, 65.0%
Inpainting, 70.0%
Inpainting, 75.0%
Inpainting, 80.0%
Inpainting, 85.0%
Inpainting, 90.0%
Inpainting, 95.0%
Inpainting, 100.0%
[Nov25_1727] Sampling 9-12 / 20
Inpainting, 5.0%
Inpainting, 10.0%
Inpainting, 15.0%
Inpainting, 20.0%
Inpainting, 25.0%
Inpainting, 30.0%
Inpainting, 35.0%
Inpainting, 40.0%
Inpainting, 45.0%
Inpainting, 50.0%
Inpainting, 55.0%
Inpainting, 60.0%
Inpainting, 65.0%
Inpainting, 70.0%
Inpainting, 75.0%
Inpainting, 80.0%
Inpainting, 85.0%
Inpainting, 90.0%
Inpainting, 95.0%
Inpainting, 100.0%
[Nov25_1730] Sampling 13-16 / 20
Inpainting, 5.0%
Inpainting, 10.0%
Inpainting, 15.0%
Inpainting, 20.0%
Inpainting, 25.0%
Inpainting, 30.0%
Inpainting, 35.0%
Inpainting, 40.0%
Inpainting, 45.0%
Inpainting, 50.0%
Inpainting, 55.0%
Inpainting, 60.0%
Inpainting, 65.0%
Inpainting, 70.0%
Inpainting, 75.0%
Inpainting, 80.0%
Inpainting, 85.0%
Inpainting, 90.0%
Inpainting, 95.0%
Inpainting, 100.0%
[Nov25_1733] Sampling 17-20 / 20
Inpainting, 5.0%
Inpainting, 10.0%
Inpainting, 15.0%
Inpainting, 20.0%
Inpainting, 25.0%
Inpainting, 30.0%
Inpainting, 35.0%
Inpainting, 40.0%
Inpainting, 45.0%
Inpainting, 50.0%
Inpainting, 55.0%
Inpainting, 60.0%
Inpainting, 65.0%
Inpainting, 70.0%
Inpainting, 75.0%
Inpainting, 80.0%
Inpainting, 85.0%
Inpainting, 90.0%
Inpainting, 95.0%
Inpainting, 100.0%
Inpainting MSE (masked region): 1.015670
Inpainting MAE (masked region): 0.571019
[Plot] Saved inpainting results to output_new/extensive_inpainting_Nov25_1630_256_0.1/inpainting_results/inpainting_0.001_1e-07_20251125_173720.png
MSE Loss at 0.1% known data and lambda 1e-07: 1.015670

Testing inpainting with 0.1% known data and lambda 2e-07:
[Nov25_1737] Sampling 1-4 / 20
Inpainting, 5.0%
Inpainting, 10.0%
Inpainting, 15.0%
Inpainting, 20.0%
Inpainting, 25.0%
Inpainting, 30.0%
Inpainting, 35.0%
Inpainting, 40.0%
Inpainting, 45.0%
Inpainting, 50.0%
Inpainting, 55.0%
Inpainting, 60.0%
Inpainting, 65.0%
Inpainting, 70.0%
Inpainting, 75.0%
Inpainting, 80.0%
Inpainting, 85.0%
Inpainting, 90.0%
Inpainting, 95.0%
Inpainting, 100.0%
[Nov25_1740] Sampling 5-8 / 20
Inpainting, 5.0%
Inpainting, 10.0%
Inpainting, 15.0%
Inpainting, 20.0%
Inpainting, 25.0%
Inpainting, 30.0%
Inpainting, 35.0%
Inpainting, 40.0%
Inpainting, 45.0%
Inpainting, 50.0%
Inpainting, 55.0%
Inpainting, 60.0%
Inpainting, 65.0%
Inpainting, 70.0%
Inpainting, 75.0%
Inpainting, 80.0%
Inpainting, 85.0%
Inpainting, 90.0%
Inpainting, 95.0%
Inpainting, 100.0%
[Nov25_1744] Sampling 9-12 / 20
Inpainting, 5.0%
Inpainting, 10.0%
Inpainting, 15.0%
Inpainting, 20.0%
Inpainting, 25.0%
Inpainting, 30.0%
Inpainting, 35.0%
Inpainting, 40.0%
Inpainting, 45.0%
Inpainting, 50.0%
Inpainting, 55.0%
Inpainting, 60.0%
Inpainting, 65.0%
Inpainting, 70.0%
Inpainting, 75.0%
Inpainting, 80.0%
Inpainting, 85.0%
Inpainting, 90.0%
Inpainting, 95.0%
Inpainting, 100.0%
[Nov25_1747] Sampling 13-16 / 20
Inpainting, 5.0%
Inpainting, 10.0%
Inpainting, 15.0%
Inpainting, 20.0%
Inpainting, 25.0%
Inpainting, 30.0%
Inpainting, 35.0%
Inpainting, 40.0%
Inpainting, 45.0%
Inpainting, 50.0%
Inpainting, 55.0%
Inpainting, 60.0%
Inpainting, 65.0%
Inpainting, 70.0%
Inpainting, 75.0%
Inpainting, 80.0%
Inpainting, 85.0%
Inpainting, 90.0%
Inpainting, 95.0%
Inpainting, 100.0%
[Nov25_1750] Sampling 17-20 / 20
Inpainting, 5.0%
Inpainting, 10.0%
Inpainting, 15.0%
Inpainting, 20.0%
Inpainting, 25.0%
Inpainting, 30.0%
Inpainting, 35.0%
Inpainting, 40.0%
Inpainting, 45.0%
Inpainting, 50.0%
Inpainting, 55.0%
Inpainting, 60.0%
Inpainting, 65.0%
Inpainting, 70.0%
Inpainting, 75.0%
Inpainting, 80.0%
Inpainting, 85.0%
Inpainting, 90.0%
Inpainting, 95.0%
Inpainting, 100.0%
Inpainting MSE (masked region): 2.062503
Inpainting MAE (masked region): 0.795823
[Plot] Saved inpainting results to output_new/extensive_inpainting_Nov25_1630_256_0.1/inpainting_results/inpainting_0.001_2e-07_20251125_175401.png
MSE Loss at 0.1% known data and lambda 2e-07: 2.062503

Testing inpainting with 0.1% known data and lambda 5e-07:
[Nov25_1754] Sampling 1-4 / 20
Inpainting, 5.0%
Inpainting, 10.0%
Inpainting, 15.0%
Inpainting, 20.0%
Inpainting, 25.0%
Inpainting, 30.0%
Inpainting, 35.0%
Inpainting, 40.0%
Inpainting, 45.0%
Inpainting, 50.0%
Inpainting, 55.0%
Inpainting, 60.0%
Inpainting, 65.0%
Inpainting, 70.0%
Inpainting, 75.0%
Inpainting, 80.0%
Inpainting, 85.0%
Inpainting, 90.0%
Inpainting, 95.0%
Inpainting, 100.0%
[Nov25_1757] Sampling 5-8 / 20
Inpainting, 5.0%
Inpainting, 10.0%
Inpainting, 15.0%
Inpainting, 20.0%
Inpainting, 25.0%
Inpainting, 30.0%
Inpainting, 35.0%
Inpainting, 40.0%
Inpainting, 45.0%
Inpainting, 50.0%
Inpainting, 55.0%
Inpainting, 60.0%
Inpainting, 65.0%
Inpainting, 70.0%
Inpainting, 75.0%
Inpainting, 80.0%
Inpainting, 85.0%
Inpainting, 90.0%
Inpainting, 95.0%
Inpainting, 100.0%
[Nov25_1800] Sampling 9-12 / 20
Inpainting, 5.0%
Inpainting, 10.0%
Inpainting, 15.0%
Inpainting, 20.0%
Inpainting, 25.0%
Inpainting, 30.0%
Inpainting, 35.0%
Inpainting, 40.0%
Inpainting, 45.0%
Inpainting, 50.0%
Inpainting, 55.0%
Inpainting, 60.0%
Inpainting, 65.0%
Inpainting, 70.0%
Inpainting, 75.0%
Inpainting, 80.0%
Inpainting, 85.0%
Inpainting, 90.0%
Inpainting, 95.0%
Inpainting, 100.0%
[Nov25_1804] Sampling 13-16 / 20
Inpainting, 5.0%
Inpainting, 10.0%
Inpainting, 15.0%
Inpainting, 20.0%
Inpainting, 25.0%
Inpainting, 30.0%
Inpainting, 35.0%
Inpainting, 40.0%
Inpainting, 45.0%
Inpainting, 50.0%
Inpainting, 55.0%
Inpainting, 60.0%
Inpainting, 65.0%
Inpainting, 70.0%
Inpainting, 75.0%
Inpainting, 80.0%
Inpainting, 85.0%
Inpainting, 90.0%
Inpainting, 95.0%
Inpainting, 100.0%
[Nov25_1807] Sampling 17-20 / 20
Inpainting, 5.0%
Inpainting, 10.0%
Inpainting, 15.0%
Inpainting, 20.0%
Inpainting, 25.0%
Inpainting, 30.0%
Inpainting, 35.0%
Inpainting, 40.0%
Inpainting, 45.0%
Inpainting, 50.0%
Inpainting, 55.0%
Inpainting, 60.0%
Inpainting, 65.0%
Inpainting, 70.0%
Inpainting, 75.0%
Inpainting, 80.0%
Inpainting, 85.0%
Inpainting, 90.0%
Inpainting, 95.0%
Inpainting, 100.0%
Inpainting MSE (masked region): 1.458288
Inpainting MAE (masked region): 0.662057
[Plot] Saved inpainting results to output_new/extensive_inpainting_Nov25_1630_256_0.1/inpainting_results/inpainting_0.001_5e-07_20251125_181042.png
MSE Loss at 0.1% known data and lambda 5e-07: 1.458288

Testing inpainting with 0.1% known data and lambda 1e-06:
[Nov25_1810] Sampling 1-4 / 20
Inpainting, 5.0%
Inpainting, 10.0%
Inpainting, 15.0%
Inpainting, 20.0%
Inpainting, 25.0%
Inpainting, 30.0%
Inpainting, 35.0%
Inpainting, 40.0%
Inpainting, 45.0%
Inpainting, 50.0%
Inpainting, 55.0%
Inpainting, 60.0%
Inpainting, 65.0%
Inpainting, 70.0%
Inpainting, 75.0%
Inpainting, 80.0%
Inpainting, 85.0%
Inpainting, 90.0%
Inpainting, 95.0%
Inpainting, 100.0%
[Nov25_1814] Sampling 5-8 / 20
Inpainting, 5.0%
Inpainting, 10.0%
Inpainting, 15.0%
Inpainting, 20.0%
Inpainting, 25.0%
Inpainting, 30.0%
Inpainting, 35.0%
Inpainting, 40.0%
Inpainting, 45.0%
Inpainting, 50.0%
Inpainting, 55.0%
Inpainting, 60.0%
Inpainting, 65.0%
Inpainting, 70.0%
Inpainting, 75.0%
Inpainting, 80.0%
Inpainting, 85.0%
Inpainting, 90.0%
Inpainting, 95.0%
Inpainting, 100.0%
[Nov25_1817] Sampling 9-12 / 20
Inpainting, 5.0%
Inpainting, 10.0%
Inpainting, 15.0%
Inpainting, 20.0%
Inpainting, 25.0%
Inpainting, 30.0%
Inpainting, 35.0%
Inpainting, 40.0%
Inpainting, 45.0%
Inpainting, 50.0%
Inpainting, 55.0%
Inpainting, 60.0%
Inpainting, 65.0%
Inpainting, 70.0%
Inpainting, 75.0%
Inpainting, 80.0%
Inpainting, 85.0%
Inpainting, 90.0%
Inpainting, 95.0%
Inpainting, 100.0%
[Nov25_1820] Sampling 13-16 / 20
Inpainting, 5.0%
Inpainting, 10.0%
Inpainting, 15.0%
Inpainting, 20.0%
Inpainting, 25.0%
Inpainting, 30.0%
Inpainting, 35.0%
Inpainting, 40.0%
Inpainting, 45.0%
Inpainting, 50.0%
Inpainting, 55.0%
Inpainting, 60.0%
Inpainting, 65.0%
Inpainting, 70.0%
Inpainting, 75.0%
Inpainting, 80.0%
Inpainting, 85.0%
Inpainting, 90.0%
Inpainting, 95.0%
Inpainting, 100.0%
[Nov25_1824] Sampling 17-20 / 20
Inpainting, 5.0%
Inpainting, 10.0%
Inpainting, 15.0%
Inpainting, 20.0%
Inpainting, 25.0%
Inpainting, 30.0%
Inpainting, 35.0%
Inpainting, 40.0%
Inpainting, 45.0%
Inpainting, 50.0%
Inpainting, 55.0%
Inpainting, 60.0%
Inpainting, 65.0%
Inpainting, 70.0%
Inpainting, 75.0%
Inpainting, 80.0%
Inpainting, 85.0%
Inpainting, 90.0%
Inpainting, 95.0%
Inpainting, 100.0%
Inpainting MSE (masked region): 1.118333
Inpainting MAE (masked region): 0.558287
[Plot] Saved inpainting results to output_new/extensive_inpainting_Nov25_1630_256_0.1/inpainting_results/inpainting_0.001_1e-06_20251125_182723.png
MSE Loss at 0.1% known data and lambda 1e-06: 1.118333

Testing inpainting with 0.1% known data and lambda 2e-06:
[Nov25_1827] Sampling 1-4 / 20
Inpainting, 5.0%
Inpainting, 10.0%
Inpainting, 15.0%
Inpainting, 20.0%
Inpainting, 25.0%
Inpainting, 30.0%
Inpainting, 35.0%
Inpainting, 40.0%
Inpainting, 45.0%
Inpainting, 50.0%
Inpainting, 55.0%
Inpainting, 60.0%
Inpainting, 65.0%
Inpainting, 70.0%
Inpainting, 75.0%
Inpainting, 80.0%
Inpainting, 85.0%
Inpainting, 90.0%
Inpainting, 95.0%
Inpainting, 100.0%
[Nov25_1830] Sampling 5-8 / 20
Inpainting, 5.0%
Inpainting, 10.0%
Inpainting, 15.0%
Inpainting, 20.0%
Inpainting, 25.0%
Inpainting, 30.0%
Inpainting, 35.0%
Inpainting, 40.0%
Inpainting, 45.0%
Inpainting, 50.0%
Inpainting, 55.0%
Inpainting, 60.0%
Inpainting, 65.0%
Inpainting, 70.0%
Inpainting, 75.0%
Inpainting, 80.0%
Inpainting, 85.0%
Inpainting, 90.0%
Inpainting, 95.0%
Inpainting, 100.0%
[Nov25_1834] Sampling 9-12 / 20
Inpainting, 5.0%
Inpainting, 10.0%
Inpainting, 15.0%
Inpainting, 20.0%
Inpainting, 25.0%
Inpainting, 30.0%
Inpainting, 35.0%
Inpainting, 40.0%
Inpainting, 45.0%
Inpainting, 50.0%
Inpainting, 55.0%
Inpainting, 60.0%
Inpainting, 65.0%
Inpainting, 70.0%
Inpainting, 75.0%
Inpainting, 80.0%
Inpainting, 85.0%
Inpainting, 90.0%
Inpainting, 95.0%
Inpainting, 100.0%
[Nov25_1837] Sampling 13-16 / 20
Inpainting, 5.0%
Inpainting, 10.0%
Inpainting, 15.0%
Inpainting, 20.0%
Inpainting, 25.0%
Inpainting, 30.0%
Inpainting, 35.0%
Inpainting, 40.0%
Inpainting, 45.0%
Inpainting, 50.0%
Inpainting, 55.0%
Inpainting, 60.0%
Inpainting, 65.0%
Inpainting, 70.0%
Inpainting, 75.0%
Inpainting, 80.0%
Inpainting, 85.0%
Inpainting, 90.0%
Inpainting, 95.0%
Inpainting, 100.0%
[Nov25_1840] Sampling 17-20 / 20
Inpainting, 5.0%
Inpainting, 10.0%
Inpainting, 15.0%
Inpainting, 20.0%
Inpainting, 25.0%
Inpainting, 30.0%
Inpainting, 35.0%
Inpainting, 40.0%
Inpainting, 45.0%
Inpainting, 50.0%
Inpainting, 55.0%
Inpainting, 60.0%
Inpainting, 65.0%
Inpainting, 70.0%
Inpainting, 75.0%
Inpainting, 80.0%
Inpainting, 85.0%
Inpainting, 90.0%
Inpainting, 95.0%
Inpainting, 100.0%
Inpainting MSE (masked region): 0.650635
Inpainting MAE (masked region): 0.435932
[Plot] Saved inpainting results to output_new/extensive_inpainting_Nov25_1630_256_0.1/inpainting_results/inpainting_0.001_2e-06_20251125_184405.png
MSE Loss at 0.1% known data and lambda 2e-06: 0.650635

Testing inpainting with 0.1% known data and lambda 4.9999999999999996e-06:
[Nov25_1844] Sampling 1-4 / 20
Inpainting, 5.0%
Inpainting, 10.0%
Inpainting, 15.0%
Inpainting, 20.0%
Inpainting, 25.0%
Inpainting, 30.0%
Inpainting, 35.0%
Inpainting, 40.0%
Inpainting, 45.0%
Inpainting, 50.0%
Inpainting, 55.0%
Inpainting, 60.0%
Inpainting, 65.0%
Inpainting, 70.0%
Inpainting, 75.0%
Inpainting, 80.0%
Inpainting, 85.0%
Inpainting, 90.0%
Inpainting, 95.0%
Inpainting, 100.0%
[Nov25_1847] Sampling 5-8 / 20
Inpainting, 5.0%
Inpainting, 10.0%
Inpainting, 15.0%
Inpainting, 20.0%
Inpainting, 25.0%
Inpainting, 30.0%
Inpainting, 35.0%
Inpainting, 40.0%
Inpainting, 45.0%
Inpainting, 50.0%
Inpainting, 55.0%
Inpainting, 60.0%
Inpainting, 65.0%
Inpainting, 70.0%
Inpainting, 75.0%
Inpainting, 80.0%
Inpainting, 85.0%
Inpainting, 90.0%
Inpainting, 95.0%
Inpainting, 100.0%
[Nov25_1850] Sampling 9-12 / 20
Inpainting, 5.0%
Inpainting, 10.0%
Inpainting, 15.0%
Inpainting, 20.0%
Inpainting, 25.0%
Inpainting, 30.0%
Inpainting, 35.0%
Inpainting, 40.0%
Inpainting, 45.0%
Inpainting, 50.0%
Inpainting, 55.0%
Inpainting, 60.0%
Inpainting, 65.0%
Inpainting, 70.0%
Inpainting, 75.0%
Inpainting, 80.0%
Inpainting, 85.0%
Inpainting, 90.0%
Inpainting, 95.0%
Inpainting, 100.0%
[Nov25_1854] Sampling 13-16 / 20
Inpainting, 5.0%
Inpainting, 10.0%
Inpainting, 15.0%
Inpainting, 20.0%
Inpainting, 25.0%
Inpainting, 30.0%
Inpainting, 35.0%
Inpainting, 40.0%
Inpainting, 45.0%
Inpainting, 50.0%
Inpainting, 55.0%
Inpainting, 60.0%
Inpainting, 65.0%
Inpainting, 70.0%
Inpainting, 75.0%
Inpainting, 80.0%
Inpainting, 85.0%
Inpainting, 90.0%
Inpainting, 95.0%
Inpainting, 100.0%
[Nov25_1857] Sampling 17-20 / 20
Inpainting, 5.0%
Inpainting, 10.0%
Inpainting, 15.0%
Inpainting, 20.0%
Inpainting, 25.0%
Inpainting, 30.0%
Inpainting, 35.0%
Inpainting, 40.0%
Inpainting, 45.0%
Inpainting, 50.0%
Inpainting, 55.0%
Inpainting, 60.0%
Inpainting, 65.0%
Inpainting, 70.0%
Inpainting, 75.0%
Inpainting, 80.0%
Inpainting, 85.0%
Inpainting, 90.0%
Inpainting, 95.0%
Inpainting, 100.0%
Inpainting MSE (masked region): 0.783326
Inpainting MAE (masked region): 0.501554
[Plot] Saved inpainting results to output_new/extensive_inpainting_Nov25_1630_256_0.1/inpainting_results/inpainting_0.001_4.9999999999999996e-06_20251125_190046.png
MSE Loss at 0.1% known data and lambda 4.9999999999999996e-06: 0.783326

Testing inpainting with 0.1% known data and lambda 1e-05:
[Nov25_1900] Sampling 1-4 / 20
Inpainting, 5.0%
Inpainting, 10.0%
Inpainting, 15.0%
Inpainting, 20.0%
Inpainting, 25.0%
Inpainting, 30.0%
Inpainting, 35.0%
Inpainting, 40.0%
Inpainting, 45.0%
Inpainting, 50.0%
Inpainting, 55.0%
Inpainting, 60.0%
Inpainting, 65.0%
Inpainting, 70.0%
Inpainting, 75.0%
Inpainting, 80.0%
Inpainting, 85.0%
Inpainting, 90.0%
Inpainting, 95.0%
Inpainting, 100.0%
[Nov25_1904] Sampling 5-8 / 20
Inpainting, 5.0%
Inpainting, 10.0%
Inpainting, 15.0%
Inpainting, 20.0%
Inpainting, 25.0%
Inpainting, 30.0%
Inpainting, 35.0%
Inpainting, 40.0%
Inpainting, 45.0%
Inpainting, 50.0%
Inpainting, 55.0%
Inpainting, 60.0%
Inpainting, 65.0%
Inpainting, 70.0%
Inpainting, 75.0%
Inpainting, 80.0%
Inpainting, 85.0%
Inpainting, 90.0%
Inpainting, 95.0%
Inpainting, 100.0%
[Nov25_1907] Sampling 9-12 / 20
Inpainting, 5.0%
Inpainting, 10.0%
Inpainting, 15.0%
Inpainting, 20.0%
Inpainting, 25.0%
Inpainting, 30.0%
Inpainting, 35.0%
Inpainting, 40.0%
Inpainting, 45.0%
Inpainting, 50.0%
Inpainting, 55.0%
Inpainting, 60.0%
Inpainting, 65.0%
Inpainting, 70.0%
Inpainting, 75.0%
Inpainting, 80.0%
Inpainting, 85.0%
Inpainting, 90.0%
Inpainting, 95.0%
Inpainting, 100.0%
[Nov25_1910] Sampling 13-16 / 20
Inpainting, 5.0%
Inpainting, 10.0%
Inpainting, 15.0%
Inpainting, 20.0%
Inpainting, 25.0%
Inpainting, 30.0%
Inpainting, 35.0%
Inpainting, 40.0%
Inpainting, 45.0%
Inpainting, 50.0%
Inpainting, 55.0%
Inpainting, 60.0%
Inpainting, 65.0%
Inpainting, 70.0%
Inpainting, 75.0%
Inpainting, 80.0%
Inpainting, 85.0%
Inpainting, 90.0%
Inpainting, 95.0%
Inpainting, 100.0%
[Nov25_1914] Sampling 17-20 / 20
Inpainting, 5.0%
Inpainting, 10.0%
Inpainting, 15.0%
Inpainting, 20.0%
Inpainting, 25.0%
Inpainting, 30.0%
Inpainting, 35.0%
Inpainting, 40.0%
Inpainting, 45.0%
Inpainting, 50.0%
Inpainting, 55.0%
Inpainting, 60.0%
Inpainting, 65.0%
Inpainting, 70.0%
Inpainting, 75.0%
Inpainting, 80.0%
Inpainting, 85.0%
Inpainting, 90.0%
Inpainting, 95.0%
Inpainting, 100.0%
Inpainting MSE (masked region): 1.640934
Inpainting MAE (masked region): 0.708089
[Plot] Saved inpainting results to output_new/extensive_inpainting_Nov25_1630_256_0.1/inpainting_results/inpainting_0.001_1e-05_20251125_191728.png
MSE Loss at 0.1% known data and lambda 1e-05: 1.640934

Testing inpainting with 0.1% known data and lambda 2e-05:
[Nov25_1917] Sampling 1-4 / 20
Inpainting, 5.0%
Inpainting, 10.0%
Inpainting, 15.0%
Inpainting, 20.0%
Inpainting, 25.0%
Inpainting, 30.0%
Inpainting, 35.0%
Inpainting, 40.0%
Inpainting, 45.0%
Inpainting, 50.0%
Inpainting, 55.0%
Inpainting, 60.0%
Inpainting, 65.0%
Inpainting, 70.0%
Inpainting, 75.0%
Inpainting, 80.0%
Inpainting, 85.0%
Inpainting, 90.0%
Inpainting, 95.0%
Inpainting, 100.0%
[Nov25_1920] Sampling 5-8 / 20
Inpainting, 5.0%
Inpainting, 10.0%
Inpainting, 15.0%
Inpainting, 20.0%
Inpainting, 25.0%
Inpainting, 30.0%
Inpainting, 35.0%
Inpainting, 40.0%
Inpainting, 45.0%
Inpainting, 50.0%
Inpainting, 55.0%
Inpainting, 60.0%
Inpainting, 65.0%
Inpainting, 70.0%
Inpainting, 75.0%
Inpainting, 80.0%
Inpainting, 85.0%
Inpainting, 90.0%
Inpainting, 95.0%
Inpainting, 100.0%
[Nov25_1924] Sampling 9-12 / 20
Inpainting, 5.0%
Inpainting, 10.0%
Inpainting, 15.0%
Inpainting, 20.0%
Inpainting, 25.0%
Inpainting, 30.0%
Inpainting, 35.0%
Inpainting, 40.0%
Inpainting, 45.0%
Inpainting, 50.0%
Inpainting, 55.0%
Inpainting, 60.0%
Inpainting, 65.0%
Inpainting, 70.0%
Inpainting, 75.0%
Inpainting, 80.0%
Inpainting, 85.0%
Inpainting, 90.0%
Inpainting, 95.0%
Inpainting, 100.0%
[Nov25_1927] Sampling 13-16 / 20
Inpainting, 5.0%
Inpainting, 10.0%
Inpainting, 15.0%
Inpainting, 20.0%
Inpainting, 25.0%
Inpainting, 30.0%
Inpainting, 35.0%
Inpainting, 40.0%
Inpainting, 45.0%
Inpainting, 50.0%
Inpainting, 55.0%
Inpainting, 60.0%
Inpainting, 65.0%
Inpainting, 70.0%
Inpainting, 75.0%
Inpainting, 80.0%
Inpainting, 85.0%
Inpainting, 90.0%
Inpainting, 95.0%
Inpainting, 100.0%
[Nov25_1930] Sampling 17-20 / 20
Inpainting, 5.0%
Inpainting, 10.0%
Inpainting, 15.0%
Inpainting, 20.0%
Inpainting, 25.0%
Inpainting, 30.0%
Inpainting, 35.0%
Inpainting, 40.0%
Inpainting, 45.0%
Inpainting, 50.0%
Inpainting, 55.0%
Inpainting, 60.0%
Inpainting, 65.0%
Inpainting, 70.0%
Inpainting, 75.0%
Inpainting, 80.0%
Inpainting, 85.0%
Inpainting, 90.0%
Inpainting, 95.0%
Inpainting, 100.0%
Inpainting MSE (masked region): 1.849449
Inpainting MAE (masked region): 0.749010
[Plot] Saved inpainting results to output_new/extensive_inpainting_Nov25_1630_256_0.1/inpainting_results/inpainting_0.001_2e-05_20251125_193410.png
MSE Loss at 0.1% known data and lambda 2e-05: 1.849449

Testing inpainting with 0.1% known data and lambda 5e-05:
[Nov25_1934] Sampling 1-4 / 20
Inpainting, 5.0%
Inpainting, 10.0%
Inpainting, 15.0%
Inpainting, 20.0%
Inpainting, 25.0%
Inpainting, 30.0%
Inpainting, 35.0%
Inpainting, 40.0%
Inpainting, 45.0%
Inpainting, 50.0%
Inpainting, 55.0%
Inpainting, 60.0%
Inpainting, 65.0%
Inpainting, 70.0%
Inpainting, 75.0%
Inpainting, 80.0%
Inpainting, 85.0%
