#######################################################################################
### conda added to PATH. Use 'source activate' rather than 'conda activate'.        ###
### Do not run 'conda init' if prompted.                                            ###
### 'conda init' will modify your shell outside of the `module` environment         ###
#######################################################################################
Traceback (most recent call last):
  File "/home/merlinho/testspace/DDPM_Inpainting/src/run/run_normal.py", line 50, in <module>
    run_model_normal(epochs=200,
  File "/home/merlinho/testspace/DDPM_Inpainting/src/run/run_normal.py", line 36, in run_model_normal
    best_rmse, epoch_losses = diffusion.train(
  File "/home/merlinho/testspace/DDPM_Inpainting/src/model/diffusion.py", line 127, in train
    loss = self.p_losses(imgs, t)
  File "/home/merlinho/testspace/DDPM_Inpainting/src/model/diffusion.py", line 80, in p_losses
    pred = self.model(xt, t)  # UNet predicts the noise
  File "/home/merlinho/.conda/envs/diffusion_rain/lib/python3.10/site-packages/torch/nn/modules/module.py", line 1736, in _wrapped_call_impl
    return self._call_impl(*args, **kwargs)
  File "/home/merlinho/.conda/envs/diffusion_rain/lib/python3.10/site-packages/torch/nn/modules/module.py", line 1747, in _call_impl
    return forward_call(*args, **kwargs)
  File "/home/merlinho/.conda/envs/diffusion_rain/lib/python3.10/site-packages/torch/nn/parallel/data_parallel.py", line 193, in forward
    outputs = self.parallel_apply(replicas, inputs, module_kwargs)
  File "/home/merlinho/.conda/envs/diffusion_rain/lib/python3.10/site-packages/torch/nn/parallel/data_parallel.py", line 212, in parallel_apply
    return parallel_apply(
  File "/home/merlinho/.conda/envs/diffusion_rain/lib/python3.10/site-packages/torch/nn/parallel/parallel_apply.py", line 126, in parallel_apply
    output.reraise()
  File "/home/merlinho/.conda/envs/diffusion_rain/lib/python3.10/site-packages/torch/_utils.py", line 715, in reraise
    raise exception
torch.OutOfMemoryError: Caught OutOfMemoryError in replica 0 on device 0.
Original Traceback (most recent call last):
  File "/home/merlinho/.conda/envs/diffusion_rain/lib/python3.10/site-packages/torch/nn/parallel/parallel_apply.py", line 96, in _worker
    output = module(*input, **kwargs)
  File "/home/merlinho/.conda/envs/diffusion_rain/lib/python3.10/site-packages/torch/nn/modules/module.py", line 1736, in _wrapped_call_impl
    return self._call_impl(*args, **kwargs)
  File "/home/merlinho/.conda/envs/diffusion_rain/lib/python3.10/site-packages/torch/nn/modules/module.py", line 1747, in _call_impl
    return forward_call(*args, **kwargs)
  File "/home/merlinho/testspace/DDPM_Inpainting/src/model/song/song_unet.py", line 190, in forward
    x = block(x, emb) if isinstance(block, UNetBlock) else block(x)
  File "/home/merlinho/.conda/envs/diffusion_rain/lib/python3.10/site-packages/torch/nn/modules/module.py", line 1736, in _wrapped_call_impl
    return self._call_impl(*args, **kwargs)
  File "/home/merlinho/.conda/envs/diffusion_rain/lib/python3.10/site-packages/torch/nn/modules/module.py", line 1747, in _call_impl
    return forward_call(*args, **kwargs)
  File "/home/merlinho/testspace/DDPM_Inpainting/src/model/song/song_helper_classes.py", line 310, in forward
    w = AttentionOp.apply(q, k)
  File "/home/merlinho/.conda/envs/diffusion_rain/lib/python3.10/site-packages/torch/autograd/function.py", line 575, in apply
    return super().apply(*args, **kwargs)  # type: ignore[misc]
  File "/home/merlinho/testspace/DDPM_Inpainting/src/model/song/song_helper_classes.py", line 184, in forward
    torch.einsum(
torch.OutOfMemoryError: CUDA out of memory. Tried to allocate 48.00 GiB. GPU 0 has a total capacity of 79.20 GiB of which 26.65 GiB is free. Including non-PyTorch memory, this process has 52.55 GiB memory in use. Of the allocated memory 51.14 GiB is allocated by PyTorch, and 52.81 MiB is reserved by PyTorch but unallocated. If reserved but unallocated memory is large try setting PYTORCH_CUDA_ALLOC_CONF=expandable_segments:True to avoid fragmentation.  See documentation for Memory Management  (https://pytorch.org/docs/stable/notes/cuda.html#environment-variables)

