Torch version: 2.5.1
CUDA available: True
CUDA device count: 4
CUDA device name: NVIDIA H100 80GB HBM3

[Cache] Loaded dataset from cache/precip_dataset_2001-2010_256_8760_10%.pkl

Output path set to: output_new/normal_Nov10_1547_256_0.1
[Prepare Run] No model file provided, initialized new, random model.
[Nov10_1547] Starting epoch 1/200...
Epoch 1/200 - train_loss: 0.069282 - val_loss: 0.056158
[Nov10_1600] Starting epoch 2/200...
Epoch 2/200 - train_loss: 0.059903 - val_loss: 0.057962
[Nov10_1614] Starting epoch 3/200...
Epoch 3/200 - train_loss: 0.058033 - val_loss: 0.053654
[Nov10_1628] Starting epoch 4/200...
Epoch 4/200 - train_loss: 0.056228 - val_loss: 0.052629
[Nov10_1641] Starting epoch 5/200...
Epoch 5/200 - train_loss: 0.055574 - val_loss: 0.054550
[Nov10_1655] Starting epoch 6/200...
Epoch 6/200 - train_loss: 0.054099 - val_loss: 0.054055
[Nov10_1709] Starting epoch 7/200...
Epoch 7/200 - train_loss: 0.053968 - val_loss: 0.053459
[Nov10_1723] Starting epoch 8/200...
Epoch 8/200 - train_loss: 0.053323 - val_loss: 0.050334
[Nov10_1736] Starting epoch 9/200...
Epoch 9/200 - train_loss: 0.052901 - val_loss: 0.052988
[Nov10_1750] Starting epoch 10/200...
Epoch 10/200 - train_loss: 0.053533 - val_loss: 0.053809
[Nov10_1804] Sampling 1-16 / 64
[AutoClamp] Recommended clamp range: (-0.598, 3.385)
[Nov10_1806] Sampling 17-32 / 64
[Nov10_1808] Sampling 33-48 / 64
[Nov10_1810] Sampling 49-64 / 64
[Plot] Saved output_new/normal_Nov10_1547_256_0.1/samples/plot1.png
[Plot] Saved RAPSD comparison to output_new/normal_Nov10_1547_256_0.1/histograms/rapsd_1.png
