
[Cache] Loaded dataset from cache/precip_dataset_2001-2017_256_8760_10%.pkl

Using 2 GPUs via DataParallel
Best params: {'model_channels': 128, 'num_blocks': 1, 'dropout': 0.22065666402694142, 'downsample_type': 'residual', 'channel_mult': '1248', 'attn_config': 'none', 'timesteps': 1000, 'beta_schedule': 'cosine', 'loss': 'l1', 'optimizer': 'Adam', 'scheduler': 'ExponentialLR', 'lr': 0.00019787293038874134}
Best value: 0.03358179354630841
Best params saved to: output/params/best_params_0.0336_1008_15.csv
Best model saved to: output/models/best_model_0.0336_1008_15.pt





=== Parameter-wise Summary ===

Parameter: model_channels
  128: avg RMSE=0.0336, avg time=950.1s over 12 trials

Parameter: num_blocks
  1: avg RMSE=0.0336, avg time=950.1s over 12 trials

Parameter: dropout
  0.22065666402694142: avg RMSE=0.0336, avg time=950.1s over 12 trials

Parameter: downsample_type
  residual: avg RMSE=0.0336, avg time=950.1s over 12 trials

Parameter: channel_mult
  1248: avg RMSE=0.0336, avg time=950.1s over 12 trials

Parameter: attn_config
  none: avg RMSE=0.0336, avg time=950.1s over 12 trials

Parameter: timesteps
  1000: avg RMSE=0.0336, avg time=950.1s over 12 trials

Parameter: beta_schedule
  cosine: avg RMSE=0.0336, avg time=950.1s over 12 trials

Parameter: loss
  l1: avg RMSE=0.0336, avg time=950.1s over 12 trials

Parameter: optimizer
  Adam: avg RMSE=0.0336, avg time=950.1s over 12 trials

Parameter: scheduler
  ExponentialLR: avg RMSE=0.0336, avg time=950.1s over 12 trials

Parameter: lr
  0.00019787293038874134: avg RMSE=0.0336, avg time=950.1s over 12 trials

[Cache] Loaded dataset from cache/precip_dataset_2001-2017_256_8760_10%.pkl

Using 2 GPUs via DataParallel
Epoch 1/1 - avg_loss: 0.063325, avg_rmse: 0.027702
Best params: {'model_channels': 128, 'num_blocks': 1, 'dropout': 0.2206566640269414, 'downsample_type': 'residual', 'channel_mult': 1248, 'attn_config': 'none', 'timesteps': 1000, 'beta_schedule': 'cosine', 'loss': 'l1', 'optimizer': 'Adam', 'scheduler': 'ExponentialLR', 'lr': 0.0001978729303887, 'loss_value': 0.0335817935463084}
Best value: (0.027701703531024774, [0.06332476712692447])
