#######################################################################################
### conda added to PATH. Use 'source activate' rather than 'conda activate'.        ###
### Do not run 'conda init' if prompted.                                            ###
### 'conda init' will modify your shell outside of the `module` environment         ###
#######################################################################################
/home/merlinho/testspace/DDPM_Inpainting/src/save/save_plot.py:97: UserWarning: This figure includes Axes that are not compatible with tight_layout, so results might be incorrect.
  plt.savefig(filename, dpi=150)
Traceback (most recent call last):
  File "/home/merlinho/testspace/DDPM_Inpainting/src/run/run_normal.py", line 78, in <module>
    best_rmse, diffusion = run_model_normal(epochs=epochs,
  File "/home/merlinho/testspace/DDPM_Inpainting/src/run/run_normal.py", line 44, in run_model_normal
    best_rmse, epoch_losses = diffusion.train(
  File "/home/merlinho/testspace/DDPM_Inpainting/src/model/diffusion.py", line 196, in train
    
  File "/home/merlinho/.conda/envs/diffusion_rain/lib/python3.10/site-packages/torch/utils/_contextlib.py", line 116, in decorate_context
    return func(*args, **kwargs)
  File "/home/merlinho/testspace/DDPM_Inpainting/src/model/diffusion.py", line 242, in sample
    print(f'Sampling, {(self.T-t)/10}%')
  File "/home/merlinho/.conda/envs/diffusion_rain/lib/python3.10/site-packages/torch/nn/modules/module.py", line 1736, in _wrapped_call_impl
    return self._call_impl(*args, **kwargs)
  File "/home/merlinho/.conda/envs/diffusion_rain/lib/python3.10/site-packages/torch/nn/modules/module.py", line 1747, in _call_impl
    return forward_call(*args, **kwargs)
  File "/home/merlinho/testspace/DDPM_Inpainting/src/model/song/song_unet.py", line 190, in forward
    x = block(x, emb) if isinstance(block, UNetBlock) else block(x)
  File "/home/merlinho/.conda/envs/diffusion_rain/lib/python3.10/site-packages/torch/nn/modules/module.py", line 1736, in _wrapped_call_impl
    return self._call_impl(*args, **kwargs)
  File "/home/merlinho/.conda/envs/diffusion_rain/lib/python3.10/site-packages/torch/nn/modules/module.py", line 1747, in _call_impl
    return forward_call(*args, **kwargs)
  File "/home/merlinho/testspace/DDPM_Inpainting/src/model/song/song_helper_classes.py", line 291, in forward
    x = self.conv0(silu(self.norm0(x)))
  File "/home/merlinho/.conda/envs/diffusion_rain/lib/python3.10/site-packages/torch/nn/modules/module.py", line 1736, in _wrapped_call_impl
    return self._call_impl(*args, **kwargs)
  File "/home/merlinho/.conda/envs/diffusion_rain/lib/python3.10/site-packages/torch/nn/modules/module.py", line 1747, in _call_impl
    return forward_call(*args, **kwargs)
  File "/home/merlinho/testspace/DDPM_Inpainting/src/model/song/song_helper_classes.py", line 147, in forward
    x = torch.nn.functional.conv2d(
RuntimeError: Expected canUse32BitIndexMath(input) && canUse32BitIndexMath(output) to be true, but got false.  (Could this error message be improved?  If so, please report an enhancement request to PyTorch.)
