Torch version: 2.5.1
CUDA available: True
CUDA device count: 4
CUDA device name: NVIDIA H100 80GB HBM3
Output path set to: output_new/optuna_best_Oct29_1530_256_0.1

[Cache] Loaded dataset from cache/precip_dataset_2001-2002_256_8760_10%.pkl

[Oct29_1530] Starting epoch 1/10...
[Oct29_1533] Starting epoch 2/10...
[Oct29_1536] Starting epoch 3/10...
[Oct29_1539] Starting epoch 4/10...
[Oct29_1542] Starting epoch 5/10...
[Oct29_1545] Starting epoch 6/10...
[Oct29_1548] Starting epoch 7/10...
[Oct29_1551] Starting epoch 8/10...
[Oct29_1554] Starting epoch 9/10...
[Oct29_1557] Starting epoch 10/10...
Sampling, 25.0%
Sampling, 50.0%
Sampling, 75.0%
Sampling, 100.0%
After sampling: -0.5657035112380981 2.836336851119995 0.21825779974460602 0.4660870432853699
Sample stats: -0.5657035112380981 2.836336851119995 0.21825779974460602 0.4660870134830475
<class 'torch.Tensor'> torch.Size([16, 1, 256, 256])
[Plot] Saved output_new/optuna_best_Oct29_1530_256_0.1/samples/plot1.png
Sampling, 25.0%
Sampling, 50.0%
Sampling, 75.0%
Sampling, 100.0%
Sample stats: -0.5789486169815063 3.6596169471740723 0.13166476786136627 0.44952213764190674
<class 'torch.Tensor'> torch.Size([32, 1, 256, 256])
[Plot] Saved output_new/optuna_best_Oct29_1530_256_0.1/samples/plot2.png
[Plot] Saved histogram comparison to output_new/optuna_best_Oct29_1530_256_0.1/histograms/hist1.png
[Plot] Saved histogram comparison to output_new/optuna_best_Oct29_1530_256_0.1/histograms/hist2.png
