Torch version: 2.5.1
CUDA available: True
CUDA device count: 4
CUDA device name: NVIDIA H100 80GB HBM3
Output path set to: output_new/normal_Nov03_1532_256_0.1

[Cache] Loaded dataset from cache/precip_dataset_2001-2001_256_8760_10%.pkl

[Prepare Run] No model file provided, initialized new, random model.
[Nov03_1532] Starting epoch 1/1...
Epoch 1/1 - avg_loss: 0.056771
Sampling 1-8 / 128
  Step 750 (25.0%)
  Step 500 (50.0%)
  Step 250 (75.0%)
  Step 0 (100.0%)
Sampling 9-16 / 128
  Step 750 (25.0%)
  Step 500 (50.0%)
  Step 250 (75.0%)
  Step 0 (100.0%)
Sampling 17-24 / 128
  Step 750 (25.0%)
  Step 500 (50.0%)
  Step 250 (75.0%)
  Step 0 (100.0%)
Sampling 25-32 / 128
  Step 750 (25.0%)
  Step 500 (50.0%)
  Step 250 (75.0%)
  Step 0 (100.0%)
Sampling 33-40 / 128
  Step 750 (25.0%)
  Step 500 (50.0%)
  Step 250 (75.0%)
  Step 0 (100.0%)
Sampling 41-48 / 128
  Step 750 (25.0%)
  Step 500 (50.0%)
  Step 250 (75.0%)
  Step 0 (100.0%)
Sampling 49-56 / 128
  Step 750 (25.0%)
  Step 500 (50.0%)
  Step 250 (75.0%)
  Step 0 (100.0%)
Sampling 57-64 / 128
  Step 750 (25.0%)
  Step 500 (50.0%)
  Step 250 (75.0%)
  Step 0 (100.0%)
Sampling 65-72 / 128
  Step 750 (25.0%)
  Step 500 (50.0%)
  Step 250 (75.0%)
  Step 0 (100.0%)
Sampling 73-80 / 128
  Step 750 (25.0%)
  Step 500 (50.0%)
  Step 250 (75.0%)
  Step 0 (100.0%)
Sampling 81-88 / 128
  Step 750 (25.0%)
  Step 500 (50.0%)
  Step 250 (75.0%)
  Step 0 (100.0%)
Sampling 89-96 / 128
  Step 750 (25.0%)
  Step 500 (50.0%)
  Step 250 (75.0%)
  Step 0 (100.0%)
Sampling 97-104 / 128
  Step 750 (25.0%)
  Step 500 (50.0%)
  Step 250 (75.0%)
  Step 0 (100.0%)
Sampling 105-112 / 128
  Step 750 (25.0%)
  Step 500 (50.0%)
  Step 250 (75.0%)
  Step 0 (100.0%)
Sampling 113-120 / 128
  Step 750 (25.0%)
  Step 500 (50.0%)
  Step 250 (75.0%)
  Step 0 (100.0%)
Sampling 121-128 / 128
  Step 750 (25.0%)
  Step 500 (50.0%)
  Step 250 (75.0%)
  Step 0 (100.0%)
Sample stats: nan nan nan nan
<class 'torch.Tensor'> torch.Size([32, 1, 256, 256])
[Plot] Saved output_new/normal_Nov03_1532_256_0.1/samples/plot1.png
