Torch version: 2.5.1
CUDA available: True
CUDA device count: 4
CUDA device name: NVIDIA H100 80GB HBM3
Output path set to: output_new/normal_Oct30_1035_256_0.1

[Cache] Loaded dataset from cache/precip_dataset_2001-2002_256_8760_10%.pkl

[Oct30_1035] Starting epoch 1/200...
Epoch 1/200 - avg_loss: 0.064355, avg_rmse: 0.062165
[Oct30_1041] Starting epoch 2/200...
Epoch 2/200 - avg_loss: 0.049654, avg_rmse: 0.048752
[Oct30_1047] Starting epoch 3/200...
Epoch 3/200 - avg_loss: 0.711767, avg_rmse: 0.711980
[Oct30_1052] Starting epoch 4/200...
Epoch 4/200 - avg_loss: 0.989907, avg_rmse: 0.989773
[Oct30_1058] Starting epoch 5/200...
Epoch 5/200 - avg_loss: 1.000120, avg_rmse: 0.999952
Sampling, 25.0%
Sampling, 50.0%
Sampling, 75.0%
Sampling, 100.0%
After sampling: nan nan nan nan
Sample stats: nan nan nan nan
<class 'torch.Tensor'> torch.Size([8, 1, 256, 256])
[Plot] Saved output_new/normal_Oct30_1035_256_0.1/samples/plot1.png
