Torch version: 2.5.1
CUDA available: True
CUDA device count: 2
CUDA device name: NVIDIA H100 80GB HBM3
[Scaler] Reading dataset (lazy xarray)
[Scaler] START streaming fit
[Scaler] Selecting best c (streaming)...
[c-select] [0/6209]    0.0% | elapsed:    4.9s | ETA:    infs
[c-select] [25/6209]    0.4% | elapsed:   91.3s | ETA: 22589.4s
[c-select] [50/6209]    0.8% | elapsed:  177.9s | ETA: 21909.9s
[c-select] [75/6209]    1.2% | elapsed:  264.6s | ETA: 21644.8s
[c-select] [100/6209]    1.6% | elapsed:  351.5s | ETA: 21475.8s
[c-select] [125/6209]    2.0% | elapsed:  438.3s | ETA: 21331.8s
[c-select] [150/6209]    2.4% | elapsed:  525.0s | ETA: 21206.4s
[c-select] [175/6209]    2.8% | elapsed:  610.9s | ETA: 21065.2s
[c-select] [200/6209]    3.2% | elapsed:  697.7s | ETA: 20963.0s
[c-select] [225/6209]    3.6% | elapsed:  785.0s | ETA: 20877.3s
[c-select] [250/6209]    4.0% | elapsed:  873.5s | ETA: 20821.7s
[c-select] [275/6209]    4.4% | elapsed:  961.9s | ETA: 20756.7s
[c-select] [300/6209]    4.8% | elapsed: 1050.0s | ETA: 20681.3s
[c-select] [325/6209]    5.2% | elapsed: 1138.3s | ETA: 20608.5s
[c-select] [350/6209]    5.6% | elapsed: 1227.3s | ETA: 20545.6s
[c-select] [375/6209]    6.0% | elapsed: 1294.4s | ETA: 20137.9s
[c-select] [400/6209]    6.4% | elapsed: 1339.0s | ETA: 19445.0s
[c-select] [425/6209]    6.8% | elapsed: 1384.5s | ETA: 18842.5s
[c-select] [450/6209]    7.2% | elapsed: 1430.7s | ETA: 18309.6s
[c-select] [475/6209]    7.7% | elapsed: 1476.2s | ETA: 17820.4s
[c-select] [500/6209]    8.1% | elapsed: 1521.7s | ETA: 17374.4s
[c-select] [525/6209]    8.5% | elapsed: 1567.8s | ETA: 16974.0s
[c-select] [550/6209]    8.9% | elapsed: 1612.7s | ETA: 16593.4s
[c-select] [575/6209]    9.3% | elapsed: 1653.1s | ETA: 16197.2s
[c-select] [600/6209]    9.7% | elapsed: 1693.2s | ETA: 15828.3s
[c-select] [625/6209]   10.1% | elapsed: 1733.2s | ETA: 15485.0s
[c-select] [650/6209]   10.5% | elapsed: 1773.8s | ETA: 15169.7s
[c-select] [675/6209]   10.9% | elapsed: 1814.0s | ETA: 14872.4s
[c-select] [700/6209]   11.3% | elapsed: 1854.8s | ETA: 14597.4s
[c-select] [725/6209]   11.7% | elapsed: 1895.5s | ETA: 14337.9s
[c-select] [750/6209]   12.1% | elapsed: 2009.4s | ETA: 14626.0s
[c-select] [775/6209]   12.5% | elapsed: 2135.4s | ETA: 14972.7s
[c-select] [800/6209]   12.9% | elapsed: 2258.5s | ETA: 15270.1s
[c-select] [825/6209]   13.3% | elapsed: 2383.1s | ETA: 15552.4s
[c-select] [850/6209]   13.7% | elapsed: 2507.6s | ETA: 15809.9s
[c-select] [875/6209]   14.1% | elapsed: 2632.6s | ETA: 16048.1s
[c-select] [900/6209]   14.5% | elapsed: 2757.0s | ETA: 16263.2s
[c-select] [925/6209]   14.9% | elapsed: 2875.2s | ETA: 16424.4s
[c-select] [950/6209]   15.3% | elapsed: 2996.9s | ETA: 16590.4s
[c-select] [975/6209]   15.7% | elapsed: 3121.1s | ETA: 16754.5s
[c-select] [1000/6209]   16.1% | elapsed: 3250.1s | ETA: 16929.6s
[c-select] [1025/6209]   16.5% | elapsed: 3376.7s | ETA: 17077.8s
[c-select] [1050/6209]   16.9% | elapsed: 3500.5s | ETA: 17199.0s
[c-select] [1075/6209]   17.3% | elapsed: 3625.3s | ETA: 17313.5s
[c-select] [1100/6209]   17.7% | elapsed: 3739.0s | ETA: 17366.1s
[c-select] [1125/6209]   18.1% | elapsed: 3813.9s | ETA: 17235.3s
[c-select] [1150/6209]   18.5% | elapsed: 3888.0s | ETA: 17104.0s
[c-select] [1175/6209]   18.9% | elapsed: 3962.0s | ETA: 16974.3s
[c-select] [1200/6209]   19.3% | elapsed: 4035.1s | ETA: 16843.3s
[c-select] [1225/6209]   19.7% | elapsed: 4108.7s | ETA: 16716.7s
[c-select] [1250/6209]   20.1% | elapsed: 4183.0s | ETA: 16594.6s
[c-select] [1275/6209]   20.5% | elapsed: 4256.8s | ETA: 16473.1s
[c-select] [1300/6209]   20.9% | elapsed: 4331.0s | ETA: 16354.6s
[c-select] [1325/6209]   21.3% | elapsed: 4405.7s | ETA: 16239.4s
[c-select] [1350/6209]   21.7% | elapsed: 4480.2s | ETA: 16125.4s
[c-select] [1375/6209]   22.1% | elapsed: 4554.3s | ETA: 16011.3s
[c-select] [1400/6209]   22.5% | elapsed: 4628.5s | ETA: 15899.0s
[c-select] [1425/6209]   23.0% | elapsed: 4702.6s | ETA: 15787.5s
[c-select] [1450/6209]   23.4% | elapsed: 4777.4s | ETA: 15679.8s
[c-select] [1475/6209]   23.8% | elapsed: 4847.3s | ETA: 15557.3s
[c-select] [1500/6209]   24.2% | elapsed: 4913.9s | ETA: 15426.4s
[c-select] [1525/6209]   24.6% | elapsed: 4981.5s | ETA: 15300.4s
[c-select] [1550/6209]   25.0% | elapsed: 5049.4s | ETA: 15177.5s
[c-select] [1575/6209]   25.4% | elapsed: 5116.5s | ETA: 15053.9s
[c-select] [1600/6209]   25.8% | elapsed: 5183.8s | ETA: 14932.6s
[c-select] [1625/6209]   26.2% | elapsed: 5250.6s | ETA: 14811.6s
[c-select] [1650/6209]   26.6% | elapsed: 5317.6s | ETA: 14692.7s
[c-select] [1675/6209]   27.0% | elapsed: 5385.0s | ETA: 14576.5s
[c-select] [1700/6209]   27.4% | elapsed: 5451.9s | ETA: 14460.2s
[c-select] [1725/6209]   27.8% | elapsed: 5518.6s | ETA: 14345.1s
[c-select] [1750/6209]   28.2% | elapsed: 5585.5s | ETA: 14232.0s
[c-select] [1775/6209]   28.6% | elapsed: 5652.0s | ETA: 14118.9s
[c-select] [1800/6209]   29.0% | elapsed: 5719.8s | ETA: 14010.2s
[c-select] [1825/6209]   29.4% | elapsed: 5791.0s | ETA: 13911.2s
[c-select] [1850/6209]   29.8% | elapsed: 5882.6s | ETA: 13860.8s
[c-select] [1875/6209]   30.2% | elapsed: 5970.9s | ETA: 13801.6s
[c-select] [1900/6209]   30.6% | elapsed: 6059.6s | ETA: 13742.5s
[c-select] [1925/6209]   31.0% | elapsed: 6151.1s | ETA: 13689.0s
[c-select] [1950/6209]   31.4% | elapsed: 6243.1s | ETA: 13635.5s
[c-select] [1975/6209]   31.8% | elapsed: 6334.1s | ETA: 13579.0s
[c-select] [2000/6209]   32.2% | elapsed: 6425.4s | ETA: 13522.2s
[c-select] [2025/6209]   32.6% | elapsed: 6516.2s | ETA: 13463.7s
[c-select] [2050/6209]   33.0% | elapsed: 6607.4s | ETA: 13405.0s
[c-select] [2075/6209]   33.4% | elapsed: 6698.4s | ETA: 13345.2s
[c-select] [2100/6209]   33.8% | elapsed: 6789.4s | ETA: 13284.6s
[c-select] [2125/6209]   34.2% | elapsed: 6874.8s | ETA: 13212.6s
[c-select] [2150/6209]   34.6% | elapsed: 6961.2s | ETA: 13142.1s
[c-select] [2175/6209]   35.0% | elapsed: 7051.5s | ETA: 13078.5s
[c-select] [2200/6209]   35.4% | elapsed: 7150.3s | ETA: 13029.8s
[c-select] [2225/6209]   35.8% | elapsed: 7259.2s | ETA: 12998.0s
[c-select] [2250/6209]   36.2% | elapsed: 7368.0s | ETA: 12964.4s
[c-select] [2275/6209]   36.6% | elapsed: 7476.9s | ETA: 12929.3s
[c-select] [2300/6209]   37.0% | elapsed: 7584.5s | ETA: 12890.3s
[c-select] [2325/6209]   37.4% | elapsed: 7693.3s | ETA: 12852.0s
[c-select] [2350/6209]   37.8% | elapsed: 7805.0s | ETA: 12816.8s
[c-select] [2375/6209]   38.3% | elapsed: 7924.0s | ETA: 12791.9s
[c-select] [2400/6209]   38.7% | elapsed: 8043.4s | ETA: 12765.6s
[c-select] [2425/6209]   39.1% | elapsed: 8162.5s | ETA: 12736.9s
[c-select] [2450/6209]   39.5% | elapsed: 8282.4s | ETA: 12707.5s
[c-select] [2475/6209]   39.9% | elapsed: 8396.0s | ETA: 12666.9s
[c-select] [2500/6209]   40.3% | elapsed: 8506.1s | ETA: 12619.6s
[c-select] [2525/6209]   40.7% | elapsed: 8616.3s | ETA: 12571.3s
[c-select] [2550/6209]   41.1% | elapsed: 8726.9s | ETA: 12522.2s
[c-select] [2575/6209]   41.5% | elapsed: 8828.6s | ETA: 12459.5s
[c-select] [2600/6209]   41.9% | elapsed: 8927.6s | ETA: 12392.2s
[c-select] [2625/6209]   42.3% | elapsed: 9027.7s | ETA: 12325.8s
[c-select] [2650/6209]   42.7% | elapsed: 9125.9s | ETA: 12256.2s
[c-select] [2675/6209]   43.1% | elapsed: 9226.8s | ETA: 12189.7s
[c-select] [2700/6209]   43.5% | elapsed: 9333.6s | ETA: 12130.3s
[c-select] [2725/6209]   43.9% | elapsed: 9435.2s | ETA: 12063.2s
[c-select] [2750/6209]   44.3% | elapsed: 9535.1s | ETA: 11993.4s
[c-select] [2775/6209]   44.7% | elapsed: 9635.0s | ETA: 11923.1s
[c-select] [2800/6209]   45.1% | elapsed: 9734.7s | ETA: 11852.0s
[c-select] [2825/6209]   45.5% | elapsed: 9833.6s | ETA: 11779.5s
[c-select] [2850/6209]   45.9% | elapsed: 9933.1s | ETA: 11707.1s
[c-select] [2875/6209]   46.3% | elapsed: 10033.1s | ETA: 11634.9s
[c-select] [2900/6209]   46.7% | elapsed: 10133.3s | ETA: 11562.5s
[c-select] [2925/6209]   47.1% | elapsed: 10228.0s | ETA: 11483.4s
[c-select] [2950/6209]   47.5% | elapsed: 10292.5s | ETA: 11370.6s
[c-select] [2975/6209]   47.9% | elapsed: 10356.0s | ETA: 11257.6s
[c-select] [3000/6209]   48.3% | elapsed: 10421.8s | ETA: 11147.8s
[c-select] [3025/6209]   48.7% | elapsed: 10488.1s | ETA: 11039.4s
[c-select] [3050/6209]   49.1% | elapsed: 10552.6s | ETA: 10929.7s
[c-select] [3075/6209]   49.5% | elapsed: 10614.4s | ETA: 10818.1s
[c-select] [3100/6209]   49.9% | elapsed: 10673.4s | ETA: 10704.4s
[c-select] [3125/6209]   50.3% | elapsed: 10737.1s | ETA: 10596.2s
[c-select] [3150/6209]   50.7% | elapsed: 10801.5s | ETA: 10489.4s
[c-select] [3175/6209]   51.1% | elapsed: 10866.7s | ETA: 10384.1s
[c-select] [3200/6209]   51.5% | elapsed: 10931.4s | ETA: 10278.9s
[c-select] [3225/6209]   51.9% | elapsed: 10996.1s | ETA: 10174.4s
[c-select] [3250/6209]   52.3% | elapsed: 11059.8s | ETA: 10069.5s
[c-select] [3275/6209]   52.7% | elapsed: 11124.6s | ETA: 9966.3s
[c-select] [3300/6209]   53.1% | elapsed: 11186.0s | ETA: 9860.6s
[c-select] [3325/6209]   53.6% | elapsed: 11241.4s | ETA: 9750.4s
[c-select] [3350/6209]   54.0% | elapsed: 11304.3s | ETA: 9647.5s
[c-select] [3375/6209]   54.4% | elapsed: 11368.0s | ETA: 9545.7s
[c-select] [3400/6209]   54.8% | elapsed: 11431.2s | ETA: 9444.2s
[c-select] [3425/6209]   55.2% | elapsed: 11491.1s | ETA: 9340.5s
[c-select] [3450/6209]   55.6% | elapsed: 11553.8s | ETA: 9239.7s
[c-select] [3475/6209]   56.0% | elapsed: 11614.3s | ETA: 9137.7s
[c-select] [3500/6209]   56.4% | elapsed: 11677.2s | ETA: 9038.1s
[c-select] [3525/6209]   56.8% | elapsed: 11740.5s | ETA: 8939.4s
[c-select] [3550/6209]   57.2% | elapsed: 11803.6s | ETA: 8841.1s
[c-select] [3575/6209]   57.6% | elapsed: 11866.7s | ETA: 8743.2s
[c-select] [3600/6209]   58.0% | elapsed: 11929.8s | ETA: 8645.8s
[c-select] [3625/6209]   58.4% | elapsed: 11993.3s | ETA: 8549.1s
[c-select] [3650/6209]   58.8% | elapsed: 12056.9s | ETA: 8453.1s
[c-select] [3675/6209]   59.2% | elapsed: 12173.9s | ETA: 8394.2s
[c-select] [3700/6209]   59.6% | elapsed: 12290.0s | ETA: 8334.0s
[c-select] [3725/6209]   60.0% | elapsed: 12406.7s | ETA: 8273.4s
[c-select] [3750/6209]   60.4% | elapsed: 12522.6s | ETA: 8211.5s
[c-select] [3775/6209]   60.8% | elapsed: 12637.8s | ETA: 8148.5s
[c-select] [3800/6209]   61.2% | elapsed: 12761.4s | ETA: 8090.1s
[c-select] [3825/6209]   61.6% | elapsed: 12877.7s | ETA: 8026.3s
[c-select] [3850/6209]   62.0% | elapsed: 12998.6s | ETA: 7964.6s
[c-select] [3875/6209]   62.4% | elapsed: 13123.6s | ETA: 7904.6s
[c-select] [3900/6209]   62.8% | elapsed: 13248.5s | ETA: 7843.8s
[c-select] [3925/6209]   63.2% | elapsed: 13371.3s | ETA: 7780.9s
[c-select] [3950/6209]   63.6% | elapsed: 13488.9s | ETA: 7714.3s
[c-select] [3975/6209]   64.0% | elapsed: 13604.1s | ETA: 7645.7s
[c-select] [4000/6209]   64.4% | elapsed: 13719.1s | ETA: 7576.3s
[c-select] [4025/6209]   64.8% | elapsed: 13822.0s | ETA: 7499.9s
[c-select] [4050/6209]   65.2% | elapsed: 13901.9s | ETA: 7410.9s
[c-select] [4075/6209]   65.6% | elapsed: 13983.2s | ETA: 7322.7s
[c-select] [4100/6209]   66.0% | elapsed: 14064.3s | ETA: 7234.5s
[c-select] [4125/6209]   66.4% | elapsed: 14142.6s | ETA: 7145.0s
[c-select] [4150/6209]   66.8% | elapsed: 14222.3s | ETA: 7056.3s
[c-select] [4175/6209]   67.2% | elapsed: 14301.2s | ETA: 6967.3s
[c-select] [4200/6209]   67.6% | elapsed: 14380.5s | ETA: 6878.7s
[c-select] [4225/6209]   68.0% | elapsed: 14459.6s | ETA: 6790.0s
[c-select] [4250/6209]   68.4% | elapsed: 14538.7s | ETA: 6701.5s
[c-select] [4275/6209]   68.9% | elapsed: 14618.5s | ETA: 6613.4s
[c-select] [4300/6209]   69.3% | elapsed: 14698.0s | ETA: 6525.2s
[c-select] [4325/6209]   69.7% | elapsed: 14777.3s | ETA: 6437.1s
[c-select] [4350/6209]   70.1% | elapsed: 14852.2s | ETA: 6347.2s
[c-select] [4375/6209]   70.5% | elapsed: 14931.7s | ETA: 6259.4s
[c-select] [4400/6209]   70.9% | elapsed: 14986.8s | ETA: 6161.6s
[c-select] [4425/6209]   71.3% | elapsed: 15031.9s | ETA: 6060.3s
[c-select] [4450/6209]   71.7% | elapsed: 15075.6s | ETA: 5959.1s
[c-select] [4475/6209]   72.1% | elapsed: 15117.9s | ETA: 5858.0s
[c-select] [4500/6209]   72.5% | elapsed: 15162.3s | ETA: 5758.3s
[c-select] [4525/6209]   72.9% | elapsed: 15206.3s | ETA: 5659.1s
[c-select] [4550/6209]   73.3% | elapsed: 15250.7s | ETA: 5560.6s
[c-select] [4575/6209]   73.7% | elapsed: 15294.4s | ETA: 5462.5s
[c-select] [4600/6209]   74.1% | elapsed: 15337.4s | ETA: 5364.8s
[c-select] [4625/6209]   74.5% | elapsed: 15384.0s | ETA: 5268.8s
[c-select] [4650/6209]   74.9% | elapsed: 15430.7s | ETA: 5173.4s
[c-select] [4675/6209]   75.3% | elapsed: 15474.6s | ETA: 5077.7s
[c-select] [4700/6209]   75.7% | elapsed: 15516.0s | ETA: 4981.6s
[c-select] [4725/6209]   76.1% | elapsed: 15562.9s | ETA: 4887.9s
[c-select] [4750/6209]   76.5% | elapsed: 15618.3s | ETA: 4797.3s
[c-select] [4775/6209]   76.9% | elapsed: 15737.5s | ETA: 4726.2s
[c-select] [4800/6209]   77.3% | elapsed: 15859.3s | ETA: 4655.4s
[c-select] [4825/6209]   77.7% | elapsed: 15981.3s | ETA: 4584.1s
[c-select] [4850/6209]   78.1% | elapsed: 16103.6s | ETA: 4512.3s
[c-select] [4875/6209]   78.5% | elapsed: 16227.9s | ETA: 4440.6s
[c-select] [4900/6209]   78.9% | elapsed: 16360.2s | ETA: 4370.5s
[c-select] [4925/6209]   79.3% | elapsed: 16489.6s | ETA: 4299.0s
