Torch version: 2.5.1
CUDA available: True
CUDA device count: 4
CUDA device name: NVIDIA H100 80GB HBM3
Output path set to: output_new/optuna_best_Nov05_0111_256_0.1

[Cache] Loaded dataset from cache/precip_dataset_2001-2002_256_8760_10%.pkl

[Nov05_0111] Starting epoch 1/15...
Epoch 1/15 - avg_loss: 0.154404
[Nov05_0113] Starting epoch 2/15...
Epoch 2/15 - avg_loss: 0.114177
[Nov05_0117] Starting epoch 3/15...
Epoch 3/15 - avg_loss: 0.112145
[Nov05_0120] Starting epoch 4/15...
Epoch 4/15 - avg_loss: 0.108767
[Nov05_0123] Starting epoch 5/15...
Epoch 5/15 - avg_loss: 0.107627
[Nov05_0126] Starting epoch 6/15...
Epoch 6/15 - avg_loss: 0.105821
[Nov05_0128] Starting epoch 7/15...
Epoch 7/15 - avg_loss: 0.104747
[Nov05_0131] Starting epoch 8/15...
Epoch 8/15 - avg_loss: 0.104250
[Nov05_0134] Starting epoch 9/15...
Epoch 9/15 - avg_loss: 0.103713
[Nov05_0137] Starting epoch 10/15...
Epoch 10/15 - avg_loss: 0.104242
[Nov05_0139] Sampling 1-8 / 8
After sampling: -0.5995991826057434 4.113805770874023 -0.06649299710988998 0.6329771280288696
Sample stats: -0.5995991826057434 4.113805770874023 -0.06649299710988998 0.6329771280288696
<class 'torch.Tensor'> torch.Size([8, 1, 256, 256])
[Plot] Saved output_new/optuna_best_Nov05_0111_256_0.1/samples/plot1.png
[Plot] Saved histogram comparison to output_new/optuna_best_Nov05_0111_256_0.1/histograms/hist_normal_1.png
[Plot] Saved histogram comparison to output_new/optuna_best_Nov05_0111_256_0.1/histograms/hist_log_1.png
[Nov05_0141] Starting epoch 11/15...
Epoch 11/15 - avg_loss: 0.101141
[Nov05_0143] Starting epoch 12/15...
Epoch 12/15 - avg_loss: 0.100900
[Nov05_0146] Starting epoch 13/15...
Epoch 13/15 - avg_loss: 0.100782
[Nov05_0149] Starting epoch 14/15...
Epoch 14/15 - avg_loss: 0.099792
[Nov05_0152] Starting epoch 15/15...
Epoch 15/15 - avg_loss: 0.098994
[Nov05_0155] Sampling 1-8 / 8
After sampling: -0.4284726679325104 4.0822672843933105 -0.07284331321716309 0.47958001494407654
Sample stats: -0.4284726679325104 4.0822672843933105 -0.07284331321716309 0.47958001494407654
<class 'torch.Tensor'> torch.Size([8, 1, 256, 256])
[Plot] Saved output_new/optuna_best_Nov05_0111_256_0.1/samples/plot2.png
[Plot] Saved histogram comparison to output_new/optuna_best_Nov05_0111_256_0.1/histograms/hist_normal_1.png
[Plot] Saved histogram comparison to output_new/optuna_best_Nov05_0111_256_0.1/histograms/hist_log_1.png
[Nov05_0156] Starting epoch 1/15...
Epoch 1/15 - avg_loss: 0.124172
[Nov05_0200] Starting epoch 2/15...
Epoch 2/15 - avg_loss: 0.063521
[Nov05_0204] Starting epoch 3/15...
Epoch 3/15 - avg_loss: 0.061775
[Nov05_0208] Starting epoch 4/15...
Epoch 4/15 - avg_loss: 0.058856
[Nov05_0212] Starting epoch 5/15...
Epoch 5/15 - avg_loss: 0.058061
[Nov05_0216] Starting epoch 6/15...
Epoch 6/15 - avg_loss: 0.058362
[Nov05_0220] Starting epoch 7/15...
Epoch 7/15 - avg_loss: 0.057373
[Nov05_0223] Starting epoch 8/15...
Epoch 8/15 - avg_loss: 0.055095
[Nov05_0227] Starting epoch 9/15...
Epoch 9/15 - avg_loss: 0.055812
[Nov05_0231] Starting epoch 10/15...
Epoch 10/15 - avg_loss: 0.054831
[Nov05_0235] Sampling 1-8 / 8
After sampling: -0.9731864333152771 6.264970779418945 -0.15008459985256195 1.0449949502944946
Sample stats: -0.9731864333152771 6.264970779418945 -0.15008459985256195 1.0449949502944946
<class 'torch.Tensor'> torch.Size([8, 1, 256, 256])
[Plot] Saved output_new/optuna_best_Nov05_0111_256_0.1/samples/plot3.png
[Plot] Saved histogram comparison to output_new/optuna_best_Nov05_0111_256_0.1/histograms/hist_normal_1.png
[Plot] Saved histogram comparison to output_new/optuna_best_Nov05_0111_256_0.1/histograms/hist_log_1.png
[Nov05_0237] Starting epoch 11/15...
Epoch 11/15 - avg_loss: 0.053265
[Nov05_0241] Starting epoch 12/15...
Epoch 12/15 - avg_loss: 0.052805
[Nov05_0244] Starting epoch 13/15...
Epoch 13/15 - avg_loss: 0.053587
[Nov05_0248] Starting epoch 14/15...
Epoch 14/15 - avg_loss: 0.052032
[Nov05_0252] Starting epoch 15/15...
Epoch 15/15 - avg_loss: 0.052508
[Nov05_0256] Sampling 1-8 / 8
After sampling: -3.4006781578063965 3.831033706665039 -1.002940058708191 1.2521920204162598
Sample stats: -3.4006781578063965 3.831033706665039 -1.002940058708191 1.2521920204162598
<class 'torch.Tensor'> torch.Size([8, 1, 256, 256])
[Plot] Saved output_new/optuna_best_Nov05_0111_256_0.1/samples/plot4.png
[Plot] Saved histogram comparison to output_new/optuna_best_Nov05_0111_256_0.1/histograms/hist_normal_1.png
[Plot] Saved histogram comparison to output_new/optuna_best_Nov05_0111_256_0.1/histograms/hist_log_1.png
[Nov05_0258] Starting epoch 1/15...
Epoch 1/15 - avg_loss: 0.099300
[Nov05_0300] Starting epoch 2/15...
Epoch 2/15 - avg_loss: 0.068726
[Nov05_0303] Starting epoch 3/15...
Epoch 3/15 - avg_loss: 0.067196
[Nov05_0306] Starting epoch 4/15...
Epoch 4/15 - avg_loss: 0.062615
[Nov05_0309] Starting epoch 5/15...
Epoch 5/15 - avg_loss: 0.060693
[Nov05_0312] Starting epoch 6/15...
Epoch 6/15 - avg_loss: 0.059174
[Nov05_0315] Starting epoch 7/15...
Epoch 7/15 - avg_loss: 0.055323
[Nov05_0318] Starting epoch 8/15...
Epoch 8/15 - avg_loss: 0.054473
[Nov05_0321] Starting epoch 9/15...
Epoch 9/15 - avg_loss: 0.053383
[Nov05_0324] Starting epoch 10/15...
Epoch 10/15 - avg_loss: 0.053396
[Nov05_0327] Sampling 1-8 / 8
After sampling: -2.2472105026245117 4.606245517730713 -0.3199807405471802 1.6281942129135132
Sample stats: -2.2472105026245117 4.606245517730713 -0.3199807405471802 1.6281942129135132
<class 'torch.Tensor'> torch.Size([8, 1, 256, 256])
[Plot] Saved output_new/optuna_best_Nov05_0111_256_0.1/samples/plot5.png
[Plot] Saved histogram comparison to output_new/optuna_best_Nov05_0111_256_0.1/histograms/hist_normal_1.png
[Plot] Saved histogram comparison to output_new/optuna_best_Nov05_0111_256_0.1/histograms/hist_log_1.png
[Nov05_0328] Starting epoch 11/15...
Epoch 11/15 - avg_loss: 0.052594
[Nov05_0331] Starting epoch 12/15...
Epoch 12/15 - avg_loss: 0.050655
[Nov05_0334] Starting epoch 13/15...
Epoch 13/15 - avg_loss: 0.050470
[Nov05_0336] Starting epoch 14/15...
Epoch 14/15 - avg_loss: 0.049846
[Nov05_0339] Starting epoch 15/15...
Epoch 15/15 - avg_loss: 0.049539
[Nov05_0342] Sampling 1-8 / 8
After sampling: -1.1242018938064575 4.13663911819458 -0.3798713684082031 0.7979595065116882
Sample stats: -1.1242018938064575 4.13663911819458 -0.3798713684082031 0.7979595065116882
<class 'torch.Tensor'> torch.Size([8, 1, 256, 256])
[Plot] Saved output_new/optuna_best_Nov05_0111_256_0.1/samples/plot6.png
[Plot] Saved histogram comparison to output_new/optuna_best_Nov05_0111_256_0.1/histograms/hist_normal_1.png
[Plot] Saved histogram comparison to output_new/optuna_best_Nov05_0111_256_0.1/histograms/hist_log_1.png
[Nov05_0343] Starting epoch 1/15...
Epoch 1/15 - avg_loss: 0.089392
[Nov05_0346] Starting epoch 2/15...
Epoch 2/15 - avg_loss: 0.064763
[Nov05_0348] Starting epoch 3/15...
Epoch 3/15 - avg_loss: 0.061238
[Nov05_0351] Starting epoch 4/15...
Epoch 4/15 - avg_loss: 0.058462
[Nov05_0354] Starting epoch 5/15...
Epoch 5/15 - avg_loss: 0.058540
[Nov05_0357] Starting epoch 6/15...
Epoch 6/15 - avg_loss: 0.057707
[Nov05_0400] Starting epoch 7/15...
Epoch 7/15 - avg_loss: 0.058136
[Nov05_0402] Starting epoch 8/15...
Epoch 8/15 - avg_loss: 0.056054
[Nov05_0405] Starting epoch 9/15...
Epoch 9/15 - avg_loss: 0.056140
[Nov05_0408] Starting epoch 10/15...
Epoch 10/15 - avg_loss: 0.057138
[Nov05_0411] Sampling 1-8 / 8
After sampling: -3.176539182662964 4.197274684906006 -1.2636189460754395 0.9859329462051392
Sample stats: -3.176539182662964 4.197274684906006 -1.2636189460754395 0.9859329462051392
<class 'torch.Tensor'> torch.Size([8, 1, 256, 256])
[Plot] Saved output_new/optuna_best_Nov05_0111_256_0.1/samples/plot7.png
[Plot] Saved histogram comparison to output_new/optuna_best_Nov05_0111_256_0.1/histograms/hist_normal_1.png
[Plot] Saved histogram comparison to output_new/optuna_best_Nov05_0111_256_0.1/histograms/hist_log_1.png
[Nov05_0412] Starting epoch 11/15...
Epoch 11/15 - avg_loss: 0.054478
[Nov05_0415] Starting epoch 12/15...
Epoch 12/15 - avg_loss: 0.054283
[Nov05_0418] Starting epoch 13/15...
Epoch 13/15 - avg_loss: 0.055225
[Nov05_0421] Starting epoch 14/15...
Epoch 14/15 - avg_loss: 0.052504
[Nov05_0424] Starting epoch 15/15...
Epoch 15/15 - avg_loss: 0.053226
[Nov05_0426] Sampling 1-8 / 8
After sampling: -0.761063277721405 5.642622470855713 0.8464562892913818 1.531795859336853
Sample stats: -0.761063277721405 5.642622470855713 0.8464562892913818 1.531795859336853
<class 'torch.Tensor'> torch.Size([8, 1, 256, 256])
[Plot] Saved output_new/optuna_best_Nov05_0111_256_0.1/samples/plot8.png
[Plot] Saved histogram comparison to output_new/optuna_best_Nov05_0111_256_0.1/histograms/hist_normal_1.png
[Plot] Saved histogram comparison to output_new/optuna_best_Nov05_0111_256_0.1/histograms/hist_log_1.png
[Nov05_0428] Starting epoch 1/15...
Epoch 1/15 - avg_loss: 0.088944
[Nov05_0432] Starting epoch 2/15...
Epoch 2/15 - avg_loss: 0.069808
[Nov05_0436] Starting epoch 3/15...
Epoch 3/15 - avg_loss: 0.064360
[Nov05_0439] Starting epoch 4/15...
Epoch 4/15 - avg_loss: 0.062710
[Nov05_0443] Starting epoch 5/15...
Epoch 5/15 - avg_loss: 0.076846
[Nov05_0447] Starting epoch 6/15...
Epoch 6/15 - avg_loss: 0.071308
[Nov05_0451] Starting epoch 7/15...
Epoch 7/15 - avg_loss: 0.061760
[Nov05_0455] Starting epoch 8/15...
Epoch 8/15 - avg_loss: 0.059221
[Nov05_0459] Starting epoch 9/15...
Epoch 9/15 - avg_loss: 0.056859
[Nov05_0503] Starting epoch 10/15...
Epoch 10/15 - avg_loss: 0.056103
[Nov05_0507] Sampling 1-8 / 8
After sampling: -0.6387231945991516 6.015608787536621 1.9084806442260742 1.4957165718078613
Sample stats: -0.6387231945991516 6.015608787536621 1.9084806442260742 1.4957165718078613
<class 'torch.Tensor'> torch.Size([8, 1, 256, 256])
[Plot] Saved output_new/optuna_best_Nov05_0111_256_0.1/samples/plot9.png
[Plot] Saved histogram comparison to output_new/optuna_best_Nov05_0111_256_0.1/histograms/hist_normal_1.png
[Plot] Saved histogram comparison to output_new/optuna_best_Nov05_0111_256_0.1/histograms/hist_log_1.png
[Nov05_0508] Starting epoch 11/15...
Epoch 11/15 - avg_loss: 0.054633
[Nov05_0512] Starting epoch 12/15...
Epoch 12/15 - avg_loss: 0.052469
[Nov05_0516] Starting epoch 13/15...
Epoch 13/15 - avg_loss: 0.052678
[Nov05_0520] Starting epoch 14/15...
Epoch 14/15 - avg_loss: 0.050790
[Nov05_0524] Starting epoch 15/15...
Epoch 15/15 - avg_loss: 0.051359
[Nov05_0527] Sampling 1-8 / 8
After sampling: -2.0243725776672363 4.978981018066406 -0.5625555515289307 0.9466231465339661
Sample stats: -2.0243725776672363 4.978981018066406 -0.5625555515289307 0.9466231465339661
<class 'torch.Tensor'> torch.Size([8, 1, 256, 256])
[Plot] Saved output_new/optuna_best_Nov05_0111_256_0.1/samples/plot10.png
[Plot] Saved histogram comparison to output_new/optuna_best_Nov05_0111_256_0.1/histograms/hist_normal_1.png
[Plot] Saved histogram comparison to output_new/optuna_best_Nov05_0111_256_0.1/histograms/hist_log_1.png
[Nov05_0529] Starting epoch 1/15...
Epoch 1/15 - avg_loss: 0.106808
[Nov05_0533] Starting epoch 1/15...
Epoch 1/15 - avg_loss: 0.187270
[Nov05_0537] Starting epoch 1/15...
Epoch 1/15 - avg_loss: 0.145259
[Nov05_0541] Starting epoch 1/15...
Epoch 1/15 - avg_loss: 0.086216
[Nov05_0544] Starting epoch 2/15...
Epoch 2/15 - avg_loss: 0.065674
[Nov05_0546] Starting epoch 3/15...
Epoch 3/15 - avg_loss: 0.060208
[Nov05_0549] Starting epoch 4/15...
Epoch 4/15 - avg_loss: 0.058336
[Nov05_0552] Starting epoch 5/15...
Epoch 5/15 - avg_loss: 0.056862
[Nov05_0555] Starting epoch 6/15...
Epoch 6/15 - avg_loss: 0.056354
[Nov05_0557] Starting epoch 7/15...
Epoch 7/15 - avg_loss: 0.056342
[Nov05_0600] Starting epoch 8/15...
Epoch 8/15 - avg_loss: 0.056541
[Nov05_0603] Starting epoch 1/15...
Epoch 1/15 - avg_loss: 0.090493
[Nov05_0607] Starting epoch 2/15...
Epoch 2/15 - avg_loss: 0.742932
[Nov05_0611] Starting epoch 1/15...
Epoch 1/15 - avg_loss: 0.149534
[Nov05_0614] Starting epoch 1/15...
Epoch 1/15 - avg_loss: 0.113006
[Nov05_0617] Starting epoch 1/15...
Epoch 1/15 - avg_loss: 0.089772
[Nov05_0621] Starting epoch 2/15...
Epoch 2/15 - avg_loss: 0.728367
[Nov05_0625] Starting epoch 1/15...
Epoch 1/15 - avg_loss: 0.101431
[Nov05_0628] Starting epoch 1/15...
Epoch 1/15 - avg_loss: 0.087312
[Nov05_0632] Starting epoch 2/15...
Epoch 2/15 - avg_loss: 0.728267
[Nov05_0636] Starting epoch 1/15...
Epoch 1/15 - avg_loss: 0.087932
[Nov05_0638] Starting epoch 2/15...
Epoch 2/15 - avg_loss: 0.757760
[Nov05_0641] Starting epoch 1/15...
Epoch 1/15 - avg_loss: 0.089624
[Nov05_0645] Starting epoch 2/15...
Epoch 2/15 - avg_loss: 0.066878
[Nov05_0649] Starting epoch 3/15...
Epoch 3/15 - avg_loss: 0.064875
[Nov05_0653] Starting epoch 1/15...
Epoch 1/15 - avg_loss: 0.116795
[Nov05_0656] Starting epoch 1/15...
Epoch 1/15 - avg_loss: 0.142459
[Nov05_0700] Starting epoch 1/15...
Epoch 1/15 - avg_loss: 0.090482
[Nov05_0703] Starting epoch 2/15...
Epoch 2/15 - avg_loss: 0.727248
[Nov05_0705] Starting epoch 1/15...
Epoch 1/15 - avg_loss: 0.089102
[Nov05_0708] Starting epoch 2/15...
Epoch 2/15 - avg_loss: 0.069022
[Nov05_0711] Starting epoch 1/15...
Epoch 1/15 - avg_loss: 0.129055
[Nov05_0715] Starting epoch 1/15...
Epoch 1/15 - avg_loss: 0.083324
[Nov05_0719] Starting epoch 2/15...
Epoch 2/15 - avg_loss: 0.065288
[Nov05_0723] Starting epoch 3/15...
Epoch 3/15 - avg_loss: 0.061532
[Nov05_0727] Starting epoch 4/15...
Epoch 4/15 - avg_loss: 0.059662
[Nov05_0731] Starting epoch 5/15...
Epoch 5/15 - avg_loss: 0.059453
[Nov05_0735] Starting epoch 6/15...
Epoch 6/15 - avg_loss: 0.055901
[Nov05_0739] Starting epoch 7/15...
Epoch 7/15 - avg_loss: 0.058030
[Nov05_0743] Starting epoch 8/15...
Epoch 8/15 - avg_loss: 0.056832
[Nov05_0746] Starting epoch 9/15...
Epoch 9/15 - avg_loss: 0.055652
[Nov05_0750] Starting epoch 10/15...
Epoch 10/15 - avg_loss: 0.053858
[Nov05_0754] Sampling 1-8 / 8
After sampling: -2.9080092906951904 4.18115758895874 -1.5460535287857056 0.7942567467689514
Sample stats: -2.9080092906951904 4.18115758895874 -1.5460535287857056 0.7942567467689514
<class 'torch.Tensor'> torch.Size([8, 1, 256, 256])
[Plot] Saved output_new/optuna_best_Nov05_0111_256_0.1/samples/plot11.png
[Plot] Saved histogram comparison to output_new/optuna_best_Nov05_0111_256_0.1/histograms/hist_normal_1.png
[Plot] Saved histogram comparison to output_new/optuna_best_Nov05_0111_256_0.1/histograms/hist_log_1.png
[Nov05_0756] Starting epoch 11/15...
Epoch 11/15 - avg_loss: 0.055063
[Nov05_0800] Starting epoch 12/15...
Epoch 12/15 - avg_loss: 0.055585
[Nov05_0804] Starting epoch 1/15...
Epoch 1/15 - avg_loss: 0.132081
[Nov05_0808] Starting epoch 1/15...
Epoch 1/15 - avg_loss: 0.088248
[Nov05_0811] Starting epoch 2/15...
Epoch 2/15 - avg_loss: 0.062661
[Nov05_0815] Starting epoch 3/15...
Epoch 3/15 - avg_loss: 0.060841
[Nov05_0819] Starting epoch 4/15...
Epoch 4/15 - avg_loss: 0.059035
[Nov05_0823] Starting epoch 5/15...
Epoch 5/15 - avg_loss: 0.057366
[Nov05_0827] Starting epoch 6/15...
Epoch 6/15 - avg_loss: 0.056812
[Nov05_0831] Starting epoch 7/15...
Epoch 7/15 - avg_loss: 0.057010
[Nov05_0835] Starting epoch 8/15...
Epoch 8/15 - avg_loss: 0.056850
[Nov05_0839] Starting epoch 1/15...
Epoch 1/15 - avg_loss: 0.120888
[Nov05_0843] Starting epoch 1/15...
Epoch 1/15 - avg_loss: 0.102891
[Nov05_0847] Starting epoch 1/15...
Epoch 1/15 - avg_loss: 0.158652
[Nov05_0850] Starting epoch 1/15...
Epoch 1/15 - avg_loss: 0.087178
[Nov05_0853] Starting epoch 2/15...
Epoch 2/15 - avg_loss: 0.065386
[Nov05_0856] Starting epoch 3/15...
Epoch 3/15 - avg_loss: 0.062092
[Nov05_0859] Starting epoch 4/15...
Epoch 4/15 - avg_loss: 0.058184
[Nov05_0902] Starting epoch 5/15...
Epoch 5/15 - avg_loss: 0.058877
[Nov05_0905] Starting epoch 6/15...
Epoch 6/15 - avg_loss: 0.058348
[Nov05_0908] Starting epoch 7/15...
Epoch 7/15 - avg_loss: 0.057869
[Nov05_0910] Starting epoch 8/15...
Epoch 8/15 - avg_loss: 0.055964
[Nov05_0913] Starting epoch 9/15...
Epoch 9/15 - avg_loss: 0.057078
[Nov05_0916] Starting epoch 10/15...
Epoch 10/15 - avg_loss: 0.054851
[Nov05_0919] Sampling 1-8 / 8
After sampling: -5.970846176147461 -0.6338568329811096 -4.0861639976501465 0.8052721619606018
Sample stats: -5.970846176147461 -0.6338568329811096 -4.0861639976501465 0.8052721619606018
<class 'torch.Tensor'> torch.Size([8, 1, 256, 256])
[Plot] Saved output_new/optuna_best_Nov05_0111_256_0.1/samples/plot12.png
[Plot] Saved histogram comparison to output_new/optuna_best_Nov05_0111_256_0.1/histograms/hist_normal_1.png
[Plot] Saved histogram comparison to output_new/optuna_best_Nov05_0111_256_0.1/histograms/hist_log_1.png
[Nov05_0920] Starting epoch 11/15...
Epoch 11/15 - avg_loss: 0.054267
[Nov05_0923] Starting epoch 12/15...
Epoch 12/15 - avg_loss: 0.053536
[Nov05_0926] Starting epoch 1/15...
Epoch 1/15 - avg_loss: 0.143894
[Nov05_0929] Starting epoch 1/15...
Epoch 1/15 - avg_loss: 0.088708
[Nov05_0933] Starting epoch 2/15...
Epoch 2/15 - avg_loss: 0.627483
[Nov05_0937] Starting epoch 1/15...
Epoch 1/15 - avg_loss: 0.088432
[Nov05_0940] Starting epoch 2/15...
Epoch 2/15 - avg_loss: 0.065781
[Nov05_0943] Starting epoch 3/15...
Epoch 3/15 - avg_loss: 0.062508
[Nov05_0945] Starting epoch 4/15...
Epoch 4/15 - avg_loss: 0.058828
[Nov05_0948] Starting epoch 5/15...
Epoch 5/15 - avg_loss: 0.059199
[Nov05_0951] Starting epoch 6/15...
Epoch 6/15 - avg_loss: 0.057805
[Nov05_0954] Starting epoch 7/15...
Epoch 7/15 - avg_loss: 0.057537
[Nov05_0957] Starting epoch 8/15...
Epoch 8/15 - avg_loss: 0.055205
[Nov05_1000] Starting epoch 9/15...
Epoch 9/15 - avg_loss: 0.055392
[Nov05_1002] Starting epoch 10/15...
Epoch 10/15 - avg_loss: 0.056700
[Nov05_1005] Sampling 1-8 / 8
After sampling: -0.7026419639587402 5.310685634613037 1.2430229187011719 1.4162479639053345
Sample stats: -0.7026419639587402 5.310685634613037 1.2430229187011719 1.4162479639053345
<class 'torch.Tensor'> torch.Size([8, 1, 256, 256])
[Plot] Saved output_new/optuna_best_Nov05_0111_256_0.1/samples/plot13.png
[Plot] Saved histogram comparison to output_new/optuna_best_Nov05_0111_256_0.1/histograms/hist_normal_1.png
[Plot] Saved histogram comparison to output_new/optuna_best_Nov05_0111_256_0.1/histograms/hist_log_1.png
[Nov05_1006] Starting epoch 11/15...
Epoch 11/15 - avg_loss: 0.055060
[Nov05_1009] Starting epoch 1/15...
Epoch 1/15 - avg_loss: 0.087340
[Nov05_1012] Starting epoch 2/15...
Epoch 2/15 - avg_loss: 0.064181
[Nov05_1015] Starting epoch 3/15...
Epoch 3/15 - avg_loss: 0.062378
[Nov05_1018] Starting epoch 4/15...
Epoch 4/15 - avg_loss: 0.058950
[Nov05_1021] Starting epoch 5/15...
Epoch 5/15 - avg_loss: 0.058825
[Nov05_1024] Starting epoch 6/15...
Epoch 6/15 - avg_loss: 0.056252
[Nov05_1027] Starting epoch 7/15...
Epoch 7/15 - avg_loss: 0.056087
[Nov05_1030] Starting epoch 8/15...
Epoch 8/15 - avg_loss: 0.055630
[Nov05_1033] Starting epoch 9/15...
Epoch 9/15 - avg_loss: 0.055121
[Nov05_1035] Starting epoch 10/15...
Epoch 10/15 - avg_loss: 0.055096
[Nov05_1038] Sampling 1-8 / 8
After sampling: -2.4229564666748047 5.107187747955322 -0.021272744983434677 1.3856103420257568
Sample stats: -2.4229564666748047 5.107187747955322 -0.021272744983434677 1.3856103420257568
<class 'torch.Tensor'> torch.Size([8, 1, 256, 256])
[Plot] Saved output_new/optuna_best_Nov05_0111_256_0.1/samples/plot14.png
[Plot] Saved histogram comparison to output_new/optuna_best_Nov05_0111_256_0.1/histograms/hist_normal_1.png
[Plot] Saved histogram comparison to output_new/optuna_best_Nov05_0111_256_0.1/histograms/hist_log_1.png
[Nov05_1039] Starting epoch 11/15...
Epoch 11/15 - avg_loss: 0.055490
[Nov05_1042] Starting epoch 1/15...
Epoch 1/15 - avg_loss: 0.153784
[Nov05_1045] Starting epoch 1/15...
Epoch 1/15 - avg_loss: 0.107597
[Nov05_1048] Starting epoch 1/15...
Epoch 1/15 - avg_loss: 0.159202
[Nov05_1051] Starting epoch 1/15...
Epoch 1/15 - avg_loss: 0.089608
[Nov05_1055] Starting epoch 2/15...
Epoch 2/15 - avg_loss: 0.065733
[Nov05_1059] Starting epoch 3/15...
Epoch 3/15 - avg_loss: 0.061661
[Nov05_1103] Starting epoch 4/15...
Epoch 4/15 - avg_loss: 0.059397
[Nov05_1107] Starting epoch 5/15...
Epoch 5/15 - avg_loss: 0.059010
[Nov05_1110] Starting epoch 6/15...
Epoch 6/15 - avg_loss: 0.058747
[Nov05_1114] Starting epoch 7/15...
Epoch 7/15 - avg_loss: 0.057633
[Nov05_1118] Starting epoch 8/15...
Epoch 8/15 - avg_loss: 0.055204
[Nov05_1122] Starting epoch 9/15...
Epoch 9/15 - avg_loss: 0.056886
[Nov05_1126] Starting epoch 10/15...
Epoch 10/15 - avg_loss: 0.055376
[Nov05_1130] Sampling 1-8 / 8
After sampling: -0.9645323753356934 5.884860515594482 0.06567192077636719 1.17207932472229
Sample stats: -0.9645323753356934 5.884860515594482 0.06567192077636719 1.17207932472229
<class 'torch.Tensor'> torch.Size([8, 1, 256, 256])
[Plot] Saved output_new/optuna_best_Nov05_0111_256_0.1/samples/plot15.png
[Plot] Saved histogram comparison to output_new/optuna_best_Nov05_0111_256_0.1/histograms/hist_normal_1.png
[Plot] Saved histogram comparison to output_new/optuna_best_Nov05_0111_256_0.1/histograms/hist_log_1.png
[Nov05_1131] Starting epoch 11/15...
Epoch 11/15 - avg_loss: 0.053294
[Nov05_1135] Starting epoch 12/15...
Epoch 12/15 - avg_loss: 0.054999
[Nov05_1139] Starting epoch 1/15...
Epoch 1/15 - avg_loss: 0.115442
[Nov05_1142] Starting epoch 1/15...
Epoch 1/15 - avg_loss: 0.090321
[Nov05_1146] Starting epoch 2/15...
Epoch 2/15 - avg_loss: 0.070559
[Nov05_1150] Starting epoch 1/15...
Epoch 1/15 - avg_loss: 0.144509
[Nov05_1153] Starting epoch 1/15...
Epoch 1/15 - avg_loss: 0.087648
[Nov05_1157] Starting epoch 2/15...
Epoch 2/15 - avg_loss: 0.761443
[Nov05_1201] Starting epoch 1/15...
Epoch 1/15 - avg_loss: 0.140668
[Nov05_1204] Starting epoch 1/15...
Epoch 1/15 - avg_loss: 0.193737
[Nov05_1207] Starting epoch 1/15...
Epoch 1/15 - avg_loss: 0.150977
[Nov05_1210] Starting epoch 1/15...
Epoch 1/15 - avg_loss: 0.143927
[Nov05_1213] Starting epoch 1/15...
Epoch 1/15 - avg_loss: 0.144041
[Nov05_1215] Starting epoch 1/15...
Epoch 1/15 - avg_loss: 0.086403
[Nov05_1219] Starting epoch 2/15...
Epoch 2/15 - avg_loss: 0.068647
[Nov05_1223] Starting epoch 3/15...
Epoch 3/15 - avg_loss: 0.648904
[Nov05_1227] Starting epoch 1/15...
Epoch 1/15 - avg_loss: 0.222023
[Nov05_1230] Starting epoch 1/15...
Epoch 1/15 - avg_loss: 0.091033
[Nov05_1233] Starting epoch 2/15...
Epoch 2/15 - avg_loss: 0.063058
[Nov05_1235] Starting epoch 3/15...
Epoch 3/15 - avg_loss: 0.060294
[Nov05_1238] Starting epoch 4/15...
Epoch 4/15 - avg_loss: 0.059309
[Nov05_1241] Starting epoch 5/15...
Epoch 5/15 - avg_loss: 0.058681
[Nov05_1244] Starting epoch 6/15...
Epoch 6/15 - avg_loss: 0.056747
[Nov05_1247] Starting epoch 7/15...
Epoch 7/15 - avg_loss: 0.057684
[Nov05_1250] Starting epoch 8/15...
Epoch 8/15 - avg_loss: 0.054810
[Nov05_1253] Starting epoch 9/15...
Epoch 9/15 - avg_loss: 0.055673
[Nov05_1256] Starting epoch 10/15...
Epoch 10/15 - avg_loss: 0.055400
[Nov05_1259] Sampling 1-8 / 8
After sampling: -3.779520034790039 0.732157289981842 -2.432295083999634 0.6453797817230225
Sample stats: -3.779520034790039 0.732157289981842 -2.432295083999634 0.6453797817230225
<class 'torch.Tensor'> torch.Size([8, 1, 256, 256])
[Plot] Saved output_new/optuna_best_Nov05_0111_256_0.1/samples/plot16.png
[Plot] Saved histogram comparison to output_new/optuna_best_Nov05_0111_256_0.1/histograms/hist_normal_1.png
[Plot] Saved histogram comparison to output_new/optuna_best_Nov05_0111_256_0.1/histograms/hist_log_1.png
[Nov05_1300] Starting epoch 11/15...
Epoch 11/15 - avg_loss: 0.053993
[Nov05_1303] Starting epoch 12/15...
Epoch 12/15 - avg_loss: 0.052730
[Nov05_1306] Starting epoch 13/15...
Epoch 13/15 - avg_loss: 0.053724
[Nov05_1309] Starting epoch 14/15...
Epoch 14/15 - avg_loss: 0.053431
[Nov05_1312] Starting epoch 1/15...
Epoch 1/15 - avg_loss: 0.158730

=== Parameter-wise Summary ===

Parameter: model_channels
  128: avg RMSE=0.1604, avg time=infs over 27 trials
  256: avg RMSE=0.2621, avg time=infs over 23 trials

Parameter: dropout
  0.12763776188131887: avg RMSE=0.0990, avg time=2718.6s over 1 trials
  0.22161482680861186: avg RMSE=0.0520, avg time=3693.2s over 1 trials
  0.22737977360150574: avg RMSE=0.0495, avg time=2733.3s over 1 trials
  0.2906020343173173: avg RMSE=0.0525, avg time=2677.7s over 1 trials
  0.21849329091105552: avg RMSE=0.0508, avg time=3675.6s over 1 trials
  0.012840155246072581: avg RMSE=0.1068, avg time=infs over 1 trials
  0.0846589569413363: avg RMSE=0.1873, avg time=infs over 1 trials
  0.12339721704324588: avg RMSE=0.1453, avg time=infs over 1 trials
  0.14617656675366475: avg RMSE=0.0565, avg time=infs over 1 trials
  0.22074774165553676: avg RMSE=0.7429, avg time=infs over 1 trials
  0.2958464939853176: avg RMSE=0.1495, avg time=infs over 1 trials
  0.21560812133298357: avg RMSE=0.1130, avg time=infs over 1 trials
  0.19065759763915963: avg RMSE=0.7284, avg time=infs over 1 trials
  0.25698687756491123: avg RMSE=0.1014, avg time=infs over 1 trials
  0.17952954144756417: avg RMSE=0.7283, avg time=infs over 1 trials
  0.25611113772113336: avg RMSE=0.7578, avg time=infs over 1 trials
  0.07625715684919225: avg RMSE=0.0649, avg time=infs over 1 trials
  0.25899616741591314: avg RMSE=0.1168, avg time=infs over 1 trials
  0.17787552134913115: avg RMSE=0.1425, avg time=infs over 1 trials
  0.20189559581650932: avg RMSE=0.7272, avg time=infs over 1 trials
  0.25016090183228856: avg RMSE=0.0690, avg time=infs over 1 trials
  0.23069415737015495: avg RMSE=0.1291, avg time=infs over 1 trials
  0.16592364035379423: avg RMSE=0.0556, avg time=infs over 1 trials
  0.23495067647414725: avg RMSE=0.1321, avg time=infs over 1 trials
  0.20317800016966692: avg RMSE=0.0569, avg time=infs over 1 trials
  0.28677165571196644: avg RMSE=0.1209, avg time=infs over 1 trials
  0.16029391461577086: avg RMSE=0.1029, avg time=infs over 1 trials
  0.27605463926800744: avg RMSE=0.1587, avg time=infs over 1 trials
  0.23495916985578075: avg RMSE=0.0535, avg time=infs over 1 trials
  0.13809648314844758: avg RMSE=0.1439, avg time=infs over 1 trials
  0.20310680146195426: avg RMSE=0.6275, avg time=infs over 1 trials
  0.2763208166990615: avg RMSE=0.0551, avg time=infs over 1 trials
  0.10894854193030579: avg RMSE=0.0555, avg time=infs over 1 trials
  0.006000360134882615: avg RMSE=0.1538, avg time=infs over 1 trials
  0.04994586721851689: avg RMSE=0.1076, avg time=infs over 1 trials
  0.2995297874145097: avg RMSE=0.1592, avg time=infs over 1 trials
  0.2750761811758665: avg RMSE=0.0550, avg time=infs over 1 trials
  0.2399833443143113: avg RMSE=0.1154, avg time=infs over 1 trials
  0.26534904577532353: avg RMSE=0.0706, avg time=infs over 1 trials
  0.1877696356915843: avg RMSE=0.1445, avg time=infs over 1 trials
  0.21640572374143086: avg RMSE=0.7614, avg time=infs over 1 trials
  0.1148647808862274: avg RMSE=0.1407, avg time=infs over 1 trials
  0.14327945090888364: avg RMSE=0.1937, avg time=infs over 1 trials
  0.08990869750427874: avg RMSE=0.1510, avg time=infs over 1 trials
  0.13048076875622222: avg RMSE=0.1439, avg time=infs over 1 trials
  0.16032035392206379: avg RMSE=0.1440, avg time=infs over 1 trials
  0.04469675697766193: avg RMSE=0.6489, avg time=infs over 1 trials
  0.22051916073714475: avg RMSE=0.2220, avg time=infs over 1 trials
  0.09686272247948928: avg RMSE=0.0534, avg time=infs over 1 trials
  0.2476793787068161: avg RMSE=0.1587, avg time=infs over 1 trials

Parameter: beta_schedule
  exponential: avg RMSE=0.1508, avg time=infs over 15 trials
  linear: avg RMSE=0.2313, avg time=infs over 35 trials

Parameter: optimizer
  Adam: avg RMSE=0.2126, avg time=infs over 40 trials
  AdamW: avg RMSE=0.1853, avg time=infs over 10 trials

Parameter: scheduler
  ExponentialLR: avg RMSE=0.1044, avg time=infs over 26 trials
  WarmupCosine: avg RMSE=0.3184, avg time=infs over 24 trials

Parameter: lr
  5.5547586598076904e-05: avg RMSE=0.0990, avg time=2718.6s over 1 trials
  1.2563115935474083e-05: avg RMSE=0.0520, avg time=3693.2s over 1 trials
  0.00017898129466371347: avg RMSE=0.0495, avg time=2733.3s over 1 trials
  0.0002751517067122379: avg RMSE=0.0525, avg time=2677.7s over 1 trials
  0.0003108168876505867: avg RMSE=0.0508, avg time=3675.6s over 1 trials
  1.9235125029060806e-05: avg RMSE=0.1068, avg time=infs over 1 trials
  2.6682743059216485e-05: avg RMSE=0.1873, avg time=infs over 1 trials
  4.644845972177759e-05: avg RMSE=0.1453, avg time=infs over 1 trials
  0.00044614951917359096: avg RMSE=0.0565, avg time=infs over 1 trials
  0.0010268623934326442: avg RMSE=0.7429, avg time=infs over 1 trials
  0.004560109963157808: avg RMSE=0.1495, avg time=infs over 1 trials
  0.00010262939666781175: avg RMSE=0.1130, avg time=infs over 1 trials
  0.000983378521422154: avg RMSE=0.7284, avg time=infs over 1 trials
  0.00016081905593676274: avg RMSE=0.1014, avg time=infs over 1 trials
  0.0006083284324029164: avg RMSE=0.7283, avg time=infs over 1 trials
  0.0017820540662201658: avg RMSE=0.7578, avg time=infs over 1 trials
  0.0002245894613613318: avg RMSE=0.0649, avg time=infs over 1 trials
  8.946488251751115e-05: avg RMSE=0.1168, avg time=infs over 1 trials
  0.0002791166178179076: avg RMSE=0.1425, avg time=infs over 1 trials
  0.002469230924598242: avg RMSE=0.7272, avg time=infs over 1 trials
  0.00047172621454481296: avg RMSE=0.0690, avg time=infs over 1 trials
  1.1587206689087374e-05: avg RMSE=0.1291, avg time=infs over 1 trials
  0.0001573802008629243: avg RMSE=0.0556, avg time=infs over 1 trials
  1.0500105087212879e-05: avg RMSE=0.1321, avg time=infs over 1 trials
  0.00013851509935158704: avg RMSE=0.0569, avg time=infs over 1 trials
  4.172177674978479e-05: avg RMSE=0.1209, avg time=infs over 1 trials
  2.3611773220344765e-05: avg RMSE=0.1029, avg time=infs over 1 trials
  7.622003255805343e-05: avg RMSE=0.1587, avg time=infs over 1 trials
  0.0002166924171464063: avg RMSE=0.0535, avg time=infs over 1 trials
  0.00011831938918895163: avg RMSE=0.1439, avg time=infs over 1 trials
  0.0006447241031988014: avg RMSE=0.6275, avg time=infs over 1 trials
  0.0002417548159463686: avg RMSE=0.0551, avg time=infs over 1 trials
  0.0003027377478128777: avg RMSE=0.0555, avg time=infs over 1 trials
  1.4562231849907613e-05: avg RMSE=0.1538, avg time=infs over 1 trials
  3.6599746890240003e-05: avg RMSE=0.1076, avg time=infs over 1 trials
  5.636342632851153e-05: avg RMSE=0.1592, avg time=infs over 1 trials
  0.00019739995262502738: avg RMSE=0.0550, avg time=infs over 1 trials
  3.137766342188566e-05: avg RMSE=0.1154, avg time=infs over 1 trials
  0.0003656064502338856: avg RMSE=0.0706, avg time=infs over 1 trials
  0.00017784825652657102: avg RMSE=0.1445, avg time=infs over 1 trials
  0.0011436105076184607: avg RMSE=0.7614, avg time=infs over 1 trials
  0.000283896020574721: avg RMSE=0.1407, avg time=infs over 1 trials
  1.7621070461736197e-05: avg RMSE=0.1937, avg time=infs over 1 trials
  5.863129001085028e-05: avg RMSE=0.1510, avg time=infs over 1 trials
  0.0006363937763010616: avg RMSE=0.1439, avg time=infs over 1 trials
  0.00012988912544931172: avg RMSE=0.1440, avg time=infs over 1 trials
  0.0003969308010656361: avg RMSE=0.6489, avg time=infs over 1 trials
  2.393395193577958e-05: avg RMSE=0.2220, avg time=infs over 1 trials
  0.00010780392147269648: avg RMSE=0.0534, avg time=infs over 1 trials
  7.393697728833312e-05: avg RMSE=0.1587, avg time=infs over 1 trials
