Torch version: 2.5.1
CUDA available: True
CUDA device count: 4
CUDA device name: NVIDIA H100 80GB HBM3

[Cache] Loaded dataset from cache/precip_dataset_2001-2010_256_8760_10%.pkl

Output path set to: output_new/normal_Nov10_1851_256_0.1
[Prepare Run] No model file provided, initialized new, random model.
[Nov10_1851] Starting epoch 1/200...
Epoch 1/200 - train_loss: 0.069867 - val_loss: 0.054440
[Nov10_1905] Starting epoch 2/200...
Epoch 2/200 - train_loss: 0.059504 - val_loss: 0.054686
[Nov10_1919] Starting epoch 3/200...
Epoch 3/200 - train_loss: 0.058344 - val_loss: 0.053807
[Nov10_1932] Starting epoch 4/200...
Epoch 4/200 - train_loss: 0.055977 - val_loss: 0.056351
[Nov10_1946] Starting epoch 5/200...
Epoch 5/200 - train_loss: 0.055131 - val_loss: 0.056216
[Nov10_2000] Starting epoch 6/200...
Epoch 6/200 - train_loss: 0.054793 - val_loss: 0.053354
[Nov10_2013] Starting epoch 7/200...
Epoch 7/200 - train_loss: 0.053738 - val_loss: 0.053131
[Nov10_2027] Starting epoch 8/200...
Epoch 8/200 - train_loss: 0.053650 - val_loss: 0.052811
[Nov10_2041] Starting epoch 9/200...
Epoch 9/200 - train_loss: 0.053682 - val_loss: 0.051819
[Nov10_2054] Starting epoch 10/200...
Epoch 10/200 - train_loss: 0.052786 - val_loss: 0.051609
[Nov10_2108] Sampling 1-16 / 64
[Nov10_2110] Sampling 17-32 / 64
[Nov10_2112] Sampling 33-48 / 64
[Nov10_2113] Sampling 49-64 / 64
[Plot] Saved output_new/normal_Nov10_1851_256_0.1/samples/plot1.png
[Plot] Saved RAPSD comparison to output_new/normal_Nov10_1851_256_0.1/histograms/rapsd_1.png
[Plot] Saved histogram comparison to output_new/normal_Nov10_1851_256_0.1/histograms/hist_normal_1.png
[Plot] Saved histogram comparison to output_new/normal_Nov10_1851_256_0.1/histograms/hist_log_1.png
[Nov10_2119] Starting epoch 11/200...
Epoch 11/200 - train_loss: 0.052637 - val_loss: 0.050381
[Nov10_2133] Starting epoch 12/200...
Epoch 12/200 - train_loss: 0.052070 - val_loss: 0.051002
[Nov10_2146] Starting epoch 13/200...
Epoch 13/200 - train_loss: 0.051778 - val_loss: 0.050465
[Nov10_2200] Starting epoch 14/200...
Epoch 14/200 - train_loss: 0.051636 - val_loss: 0.052380
[Nov10_2214] Starting epoch 15/200...
Epoch 15/200 - train_loss: 0.051779 - val_loss: 0.051041
[Nov10_2228] Starting epoch 16/200...
Epoch 16/200 - train_loss: 0.051998 - val_loss: 0.049613
[Nov10_2241] Starting epoch 17/200...
Epoch 17/200 - train_loss: 0.050741 - val_loss: 0.052403
[Nov10_2255] Starting epoch 18/200...
Epoch 18/200 - train_loss: 0.050567 - val_loss: 0.048474
[Nov10_2309] Starting epoch 19/200...
Epoch 19/200 - train_loss: 0.050707 - val_loss: 0.048691
[Nov10_2322] Starting epoch 20/200...
Epoch 20/200 - train_loss: 0.050051 - val_loss: 0.051310
[Nov10_2336] Sampling 1-16 / 64
[Nov10_2338] Sampling 17-32 / 64
[Nov10_2340] Sampling 33-48 / 64
[Nov10_2341] Sampling 49-64 / 64
[Plot] Saved output_new/normal_Nov10_1851_256_0.1/samples/plot2.png
[Plot] Saved RAPSD comparison to output_new/normal_Nov10_1851_256_0.1/histograms/rapsd_2.png
[Plot] Saved histogram comparison to output_new/normal_Nov10_1851_256_0.1/histograms/hist_normal_2.png
[Plot] Saved histogram comparison to output_new/normal_Nov10_1851_256_0.1/histograms/hist_log_2.png
[Nov10_2347] Starting epoch 21/200...
Epoch 21/200 - train_loss: 0.049797 - val_loss: 0.049437
[Nov11_0001] Starting epoch 22/200...
Epoch 22/200 - train_loss: 0.049247 - val_loss: 0.050946
[Nov11_0015] Starting epoch 23/200...
Epoch 23/200 - train_loss: 0.050182 - val_loss: 0.048351
[Nov11_0028] Starting epoch 24/200...
Epoch 24/200 - train_loss: 0.050293 - val_loss: 0.049256
[Nov11_0042] Starting epoch 25/200...
Epoch 25/200 - train_loss: 0.049914 - val_loss: 0.048954
[Nov11_0056] Starting epoch 26/200...
Epoch 26/200 - train_loss: 0.049604 - val_loss: 0.048618
[Nov11_0109] Starting epoch 27/200...
Epoch 27/200 - train_loss: 0.049030 - val_loss: 0.048431
[Nov11_0123] Starting epoch 28/200...
Epoch 28/200 - train_loss: 0.049984 - val_loss: 0.049135
[Nov11_0136] Starting epoch 29/200...
Epoch 29/200 - train_loss: 0.049909 - val_loss: 0.049817
[Nov11_0150] Starting epoch 30/200...
Epoch 30/200 - train_loss: 0.049857 - val_loss: 0.047727
[Nov11_0204] Sampling 1-16 / 64
[Nov11_0205] Sampling 17-32 / 64
[Nov11_0207] Sampling 33-48 / 64
[Nov11_0209] Sampling 49-64 / 64
[Plot] Saved output_new/normal_Nov10_1851_256_0.1/samples/plot3.png
[Plot] Saved RAPSD comparison to output_new/normal_Nov10_1851_256_0.1/histograms/rapsd_3.png
[Plot] Saved histogram comparison to output_new/normal_Nov10_1851_256_0.1/histograms/hist_normal_3.png
[Plot] Saved histogram comparison to output_new/normal_Nov10_1851_256_0.1/histograms/hist_log_3.png
[Nov11_0215] Starting epoch 31/200...
Epoch 31/200 - train_loss: 0.049409 - val_loss: 0.048987
[Nov11_0228] Starting epoch 32/200...
Epoch 32/200 - train_loss: 0.049805 - val_loss: 0.048545
[Nov11_0242] Starting epoch 33/200...
Epoch 33/200 - train_loss: 0.049217 - val_loss: 0.049167
[Nov11_0256] Starting epoch 34/200...
Epoch 34/200 - train_loss: 0.049565 - val_loss: 0.049145
[Nov11_0309] Starting epoch 35/200...
Epoch 35/200 - train_loss: 0.049736 - val_loss: 0.047824
[Nov11_0323] Starting epoch 36/200...
Epoch 36/200 - train_loss: 0.049065 - val_loss: 0.048238
[Nov11_0337] Starting epoch 37/200...
Epoch 37/200 - train_loss: 0.048996 - val_loss: 0.049111
[Nov11_0351] Starting epoch 38/200...
Epoch 38/200 - train_loss: 0.049123 - val_loss: 0.049405
[Nov11_0404] Starting epoch 39/200...
Epoch 39/200 - train_loss: 0.048280 - val_loss: 0.048844
[Nov11_0418] Starting epoch 40/200...
Epoch 40/200 - train_loss: 0.048812 - val_loss: 0.047578
[Nov11_0432] Sampling 1-16 / 64
[Nov11_0433] Sampling 17-32 / 64
[Nov11_0435] Sampling 33-48 / 64
[Nov11_0437] Sampling 49-64 / 64
[Plot] Saved output_new/normal_Nov10_1851_256_0.1/samples/plot4.png
[Plot] Saved RAPSD comparison to output_new/normal_Nov10_1851_256_0.1/histograms/rapsd_4.png
[Plot] Saved histogram comparison to output_new/normal_Nov10_1851_256_0.1/histograms/hist_normal_4.png
[Plot] Saved histogram comparison to output_new/normal_Nov10_1851_256_0.1/histograms/hist_log_4.png
[Nov11_0443] Starting epoch 41/200...
Epoch 41/200 - train_loss: 0.048847 - val_loss: 0.048929
[Nov11_0456] Starting epoch 42/200...
Epoch 42/200 - train_loss: 0.048916 - val_loss: 0.048021
[Nov11_0510] Starting epoch 43/200...
Epoch 43/200 - train_loss: 0.049128 - val_loss: 0.047799
[Nov11_0524] Starting epoch 44/200...
Epoch 44/200 - train_loss: 0.049054 - val_loss: 0.049666
[Nov11_0537] Starting epoch 45/200...
Epoch 45/200 - train_loss: 0.048888 - val_loss: 0.048612
[Nov11_0551] Starting epoch 46/200...
Epoch 46/200 - train_loss: 0.048521 - val_loss: 0.048113
[Nov11_0605] Starting epoch 47/200...
Epoch 47/200 - train_loss: 0.048588 - val_loss: 0.049105
[Nov11_0618] Starting epoch 48/200...
Epoch 48/200 - train_loss: 0.049193 - val_loss: 0.047419
[Nov11_0632] Starting epoch 49/200...
Epoch 49/200 - train_loss: 0.049100 - val_loss: 0.046862
[Nov11_0646] Starting epoch 50/200...
Epoch 50/200 - train_loss: 0.048616 - val_loss: 0.050098
[Nov11_0659] Sampling 1-16 / 64
[Nov11_0701] Sampling 17-32 / 64
[Nov11_0703] Sampling 33-48 / 64
[Nov11_0705] Sampling 49-64 / 64
[Plot] Saved output_new/normal_Nov10_1851_256_0.1/samples/plot5.png
[Plot] Saved RAPSD comparison to output_new/normal_Nov10_1851_256_0.1/histograms/rapsd_5.png
[Plot] Saved histogram comparison to output_new/normal_Nov10_1851_256_0.1/histograms/hist_normal_5.png
[Plot] Saved histogram comparison to output_new/normal_Nov10_1851_256_0.1/histograms/hist_log_5.png
[Nov11_0710] Starting epoch 51/200...
Epoch 51/200 - train_loss: 0.048925 - val_loss: 0.048912
[Nov11_0724] Starting epoch 52/200...
Epoch 52/200 - train_loss: 0.049285 - val_loss: 0.048865
[Nov11_0738] Starting epoch 53/200...
Epoch 53/200 - train_loss: 0.048825 - val_loss: 0.048899
[Nov11_0751] Starting epoch 54/200...
Epoch 54/200 - train_loss: 0.048040 - val_loss: 0.047732
[Nov11_0805] Starting epoch 55/200...
Epoch 55/200 - train_loss: 0.048071 - val_loss: 0.047662
[Nov11_0818] Starting epoch 56/200...
Epoch 56/200 - train_loss: 0.049009 - val_loss: 0.048690
[Nov11_0832] Starting epoch 57/200...
Epoch 57/200 - train_loss: 0.049240 - val_loss: 0.049436
[Nov11_0846] Starting epoch 58/200...
Epoch 58/200 - train_loss: 0.048959 - val_loss: 0.046466
[Nov11_0859] Starting epoch 59/200...
Epoch 59/200 - train_loss: 0.048800 - val_loss: 0.046666
[Nov11_0913] Starting epoch 60/200...
Epoch 60/200 - train_loss: 0.047647 - val_loss: 0.046831
[Nov11_0926] Sampling 1-16 / 64
[Nov11_0928] Sampling 17-32 / 64
[Nov11_0930] Sampling 33-48 / 64
[Nov11_0932] Sampling 49-64 / 64
[Plot] Saved output_new/normal_Nov10_1851_256_0.1/samples/plot6.png
[Plot] Saved RAPSD comparison to output_new/normal_Nov10_1851_256_0.1/histograms/rapsd_6.png
[Plot] Saved histogram comparison to output_new/normal_Nov10_1851_256_0.1/histograms/hist_normal_6.png
[Plot] Saved histogram comparison to output_new/normal_Nov10_1851_256_0.1/histograms/hist_log_6.png
[Nov11_0937] Starting epoch 61/200...
Epoch 61/200 - train_loss: 0.048071 - val_loss: 0.047922
[Nov11_0951] Starting epoch 62/200...
Epoch 62/200 - train_loss: 0.048270 - val_loss: 0.049888
[Nov11_1005] Starting epoch 63/200...
Epoch 63/200 - train_loss: 0.048039 - val_loss: 0.047049
[Nov11_1018] Starting epoch 64/200...
Epoch 64/200 - train_loss: 0.048560 - val_loss: 0.047454
[Nov11_1032] Starting epoch 65/200...
Epoch 65/200 - train_loss: 0.048076 - val_loss: 0.048158
[Nov11_1046] Starting epoch 66/200...
Epoch 66/200 - train_loss: 0.047588 - val_loss: 0.046987
[Nov11_1100] Starting epoch 67/200...
Epoch 67/200 - train_loss: 0.047555 - val_loss: 0.048865
[Nov11_1113] Starting epoch 68/200...
Epoch 68/200 - train_loss: 0.048074 - val_loss: 0.047440
[Nov11_1127] Starting epoch 69/200...
Epoch 69/200 - train_loss: 0.047594 - val_loss: 0.049545
[Nov11_1140] Starting epoch 70/200...
Epoch 70/200 - train_loss: 0.047840 - val_loss: 0.049676
[Nov11_1154] Sampling 1-16 / 64
[Nov11_1156] Sampling 17-32 / 64
[Nov11_1158] Sampling 33-48 / 64
[Nov11_1200] Sampling 49-64 / 64
[Plot] Saved output_new/normal_Nov10_1851_256_0.1/samples/plot7.png
[Plot] Saved RAPSD comparison to output_new/normal_Nov10_1851_256_0.1/histograms/rapsd_7.png
[Plot] Saved histogram comparison to output_new/normal_Nov10_1851_256_0.1/histograms/hist_normal_7.png
[Plot] Saved histogram comparison to output_new/normal_Nov10_1851_256_0.1/histograms/hist_log_7.png
[Nov11_1205] Starting epoch 71/200...
Epoch 71/200 - train_loss: 0.047437 - val_loss: 0.047732
[Nov11_1219] Starting epoch 72/200...
Epoch 72/200 - train_loss: 0.047744 - val_loss: 0.047611
[Nov11_1233] Starting epoch 73/200...
Epoch 73/200 - train_loss: 0.048088 - val_loss: 0.047348
[Nov11_1246] Starting epoch 74/200...
Epoch 74/200 - train_loss: 0.047580 - val_loss: 0.048268
[Nov11_1300] Starting epoch 75/200...
Epoch 75/200 - train_loss: 0.047895 - val_loss: 0.046386
[Nov11_1314] Starting epoch 76/200...
Epoch 76/200 - train_loss: 0.047639 - val_loss: 0.045424
[Nov11_1328] Starting epoch 77/200...
Epoch 77/200 - train_loss: 0.047978 - val_loss: 0.046306
[Nov11_1341] Starting epoch 78/200...
Epoch 78/200 - train_loss: 0.047584 - val_loss: 0.046427
[Nov11_1355] Starting epoch 79/200...
Epoch 79/200 - train_loss: 0.047698 - val_loss: 0.047966
[Nov11_1409] Starting epoch 80/200...
Epoch 80/200 - train_loss: 0.047523 - val_loss: 0.045912
[Nov11_1422] Sampling 1-16 / 64
[Nov11_1424] Sampling 17-32 / 64
[Nov11_1426] Sampling 33-48 / 64
[Nov11_1428] Sampling 49-64 / 64
[Plot] Saved output_new/normal_Nov10_1851_256_0.1/samples/plot8.png
[Plot] Saved RAPSD comparison to output_new/normal_Nov10_1851_256_0.1/histograms/rapsd_8.png
[Plot] Saved histogram comparison to output_new/normal_Nov10_1851_256_0.1/histograms/hist_normal_8.png
[Plot] Saved histogram comparison to output_new/normal_Nov10_1851_256_0.1/histograms/hist_log_8.png
[Nov11_1434] Starting epoch 81/200...
Epoch 81/200 - train_loss: 0.047173 - val_loss: 0.047114
[Nov11_1447] Starting epoch 82/200...
Epoch 82/200 - train_loss: 0.048025 - val_loss: 0.044935
[Nov11_1501] Starting epoch 83/200...
Epoch 83/200 - train_loss: 0.047280 - val_loss: 0.045406
[Nov11_1515] Starting epoch 84/200...
Epoch 84/200 - train_loss: 0.047728 - val_loss: 0.047559
[Nov11_1528] Starting epoch 85/200...
Epoch 85/200 - train_loss: 0.047432 - val_loss: 0.046812
[Nov11_1542] Starting epoch 86/200...
Epoch 86/200 - train_loss: 0.047449 - val_loss: 0.046465
[Nov11_1555] Starting epoch 87/200...
Epoch 87/200 - train_loss: 0.047450 - val_loss: 0.046729
[Nov11_1609] Starting epoch 88/200...
Epoch 88/200 - train_loss: 0.047295 - val_loss: 0.047394
[Nov11_1623] Starting epoch 89/200...
Epoch 89/200 - train_loss: 0.047849 - val_loss: 0.046618
[Nov11_1636] Starting epoch 90/200...
Epoch 90/200 - train_loss: 0.047526 - val_loss: 0.047534
[Nov11_1650] Sampling 1-16 / 64
[Nov11_1652] Sampling 17-32 / 64
[Nov11_1653] Sampling 33-48 / 64
[Nov11_1655] Sampling 49-64 / 64
[Plot] Saved output_new/normal_Nov10_1851_256_0.1/samples/plot9.png
[Plot] Saved RAPSD comparison to output_new/normal_Nov10_1851_256_0.1/histograms/rapsd_9.png
[Plot] Saved histogram comparison to output_new/normal_Nov10_1851_256_0.1/histograms/hist_normal_9.png
[Plot] Saved histogram comparison to output_new/normal_Nov10_1851_256_0.1/histograms/hist_log_9.png
[Nov11_1701] Starting epoch 91/200...
Epoch 91/200 - train_loss: 0.047176 - val_loss: 0.048266
[Nov11_1715] Starting epoch 92/200...
Epoch 92/200 - train_loss: 0.046999 - val_loss: 0.047596
[Nov11_1728] Starting epoch 93/200...
Epoch 93/200 - train_loss: 0.047455 - val_loss: 0.045136
[Nov11_1742] Starting epoch 94/200...
Epoch 94/200 - train_loss: 0.047381 - val_loss: 0.044937
[Nov11_1755] Starting epoch 95/200...
Epoch 95/200 - train_loss: 0.046964 - val_loss: 0.046381
[Nov11_1809] Starting epoch 96/200...
Epoch 96/200 - train_loss: 0.046792 - val_loss: 0.048600
[Nov11_1823] Starting epoch 97/200...
Epoch 97/200 - train_loss: 0.047020 - val_loss: 0.045504
[Nov11_1836] Starting epoch 98/200...
Epoch 98/200 - train_loss: 0.047565 - val_loss: 0.045999
[Nov11_1850] Starting epoch 99/200...
Epoch 99/200 - train_loss: 0.047191 - val_loss: 0.045207
[Nov11_1904] Starting epoch 100/200...
Epoch 100/200 - train_loss: 0.047662 - val_loss: 0.046949
[Nov11_1917] Sampling 1-16 / 64
[Nov11_1919] Sampling 17-32 / 64
[Nov11_1921] Sampling 33-48 / 64
[Nov11_1923] Sampling 49-64 / 64
[Plot] Saved output_new/normal_Nov10_1851_256_0.1/samples/plot10.png
[Plot] Saved RAPSD comparison to output_new/normal_Nov10_1851_256_0.1/histograms/rapsd_10.png
[Plot] Saved histogram comparison to output_new/normal_Nov10_1851_256_0.1/histograms/hist_normal_10.png
[Plot] Saved histogram comparison to output_new/normal_Nov10_1851_256_0.1/histograms/hist_log_10.png
[Nov11_1929] Starting epoch 101/200...
Epoch 101/200 - train_loss: 0.047158 - val_loss: 0.045037
[Nov11_1942] Starting epoch 102/200...
Epoch 102/200 - train_loss: 0.047008 - val_loss: 0.047461
[Nov11_1956] Starting epoch 103/200...
Epoch 103/200 - train_loss: 0.046773 - val_loss: 0.046797
[Nov11_2010] Starting epoch 104/200...
Epoch 104/200 - train_loss: 0.047407 - val_loss: 0.046039
[Nov11_2023] Starting epoch 105/200...
Epoch 105/200 - train_loss: 0.046802 - val_loss: 0.046013
[Nov11_2037] Starting epoch 106/200...
Epoch 106/200 - train_loss: 0.047293 - val_loss: 0.047194
[Nov11_2050] Starting epoch 107/200...
Epoch 107/200 - train_loss: 0.047605 - val_loss: 0.046169
[Nov11_2104] Starting epoch 108/200...
Epoch 108/200 - train_loss: 0.046642 - val_loss: 0.047067
[Nov11_2118] Starting epoch 109/200...
Epoch 109/200 - train_loss: 0.046441 - val_loss: 0.045688
[Nov11_2131] Starting epoch 110/200...
Epoch 110/200 - train_loss: 0.046480 - val_loss: 0.046570
[Nov11_2145] Sampling 1-16 / 64
[Nov11_2147] Sampling 17-32 / 64
[Nov11_2148] Sampling 33-48 / 64
[Nov11_2150] Sampling 49-64 / 64
[Plot] Saved output_new/normal_Nov10_1851_256_0.1/samples/plot11.png
[Plot] Saved RAPSD comparison to output_new/normal_Nov10_1851_256_0.1/histograms/rapsd_11.png
[Plot] Saved histogram comparison to output_new/normal_Nov10_1851_256_0.1/histograms/hist_normal_11.png
[Plot] Saved histogram comparison to output_new/normal_Nov10_1851_256_0.1/histograms/hist_log_11.png
[Nov11_2156] Starting epoch 111/200...
Epoch 111/200 - train_loss: 0.046971 - val_loss: 0.046516
[Nov11_2210] Starting epoch 112/200...
Epoch 112/200 - train_loss: 0.047477 - val_loss: 0.045540
[Nov11_2223] Starting epoch 113/200...
Epoch 113/200 - train_loss: 0.047238 - val_loss: 0.047422
[Nov11_2237] Starting epoch 114/200...
Epoch 114/200 - train_loss: 0.046547 - val_loss: 0.045672
[Nov11_2251] Starting epoch 115/200...
Epoch 115/200 - train_loss: 0.046898 - val_loss: 0.047224
[Nov11_2304] Starting epoch 116/200...
Epoch 116/200 - train_loss: 0.047105 - val_loss: 0.047240
[Nov11_2318] Starting epoch 117/200...
Epoch 117/200 - train_loss: 0.046052 - val_loss: 0.046094
[Nov11_2332] Starting epoch 118/200...
Epoch 118/200 - train_loss: 0.046640 - val_loss: 0.046091
[Nov11_2345] Starting epoch 119/200...
Epoch 119/200 - train_loss: 0.046844 - val_loss: 0.045543
[Nov11_2359] Starting epoch 120/200...
Epoch 120/200 - train_loss: 0.046647 - val_loss: 0.045310
[Nov12_0012] Sampling 1-16 / 64
[Nov12_0014] Sampling 17-32 / 64
[Nov12_0016] Sampling 33-48 / 64
[Nov12_0018] Sampling 49-64 / 64
[Plot] Saved output_new/normal_Nov10_1851_256_0.1/samples/plot12.png
[Plot] Saved RAPSD comparison to output_new/normal_Nov10_1851_256_0.1/histograms/rapsd_12.png
[Plot] Saved histogram comparison to output_new/normal_Nov10_1851_256_0.1/histograms/hist_normal_12.png
[Plot] Saved histogram comparison to output_new/normal_Nov10_1851_256_0.1/histograms/hist_log_12.png
[Nov12_0024] Starting epoch 121/200...
Epoch 121/200 - train_loss: 0.046581 - val_loss: 0.046944
[Nov12_0037] Starting epoch 122/200...
Epoch 122/200 - train_loss: 0.047151 - val_loss: 0.045635
[Nov12_0051] Starting epoch 123/200...
Epoch 123/200 - train_loss: 0.046626 - val_loss: 0.045324
[Nov12_0105] Starting epoch 124/200...
Epoch 124/200 - train_loss: 0.046720 - val_loss: 0.046040
[Nov12_0118] Starting epoch 125/200...
Epoch 125/200 - train_loss: 0.046357 - val_loss: 0.046837
[Nov12_0132] Starting epoch 126/200...
Epoch 126/200 - train_loss: 0.046409 - val_loss: 0.046385
[Nov12_0145] Starting epoch 127/200...
Epoch 127/200 - train_loss: 0.046830 - val_loss: 0.046351
[Nov12_0159] Starting epoch 128/200...
Epoch 128/200 - train_loss: 0.045927 - val_loss: 0.047747
[Nov12_0212] Starting epoch 129/200...
Epoch 129/200 - train_loss: 0.046191 - val_loss: 0.046492
[Nov12_0226] Starting epoch 130/200...
Epoch 130/200 - train_loss: 0.046138 - val_loss: 0.044607
[Nov12_0240] Sampling 1-16 / 64
[Nov12_0241] Sampling 17-32 / 64
[Nov12_0243] Sampling 33-48 / 64
[Nov12_0245] Sampling 49-64 / 64
[Plot] Saved output_new/normal_Nov10_1851_256_0.1/samples/plot13.png
[Plot] Saved RAPSD comparison to output_new/normal_Nov10_1851_256_0.1/histograms/rapsd_13.png
[Plot] Saved histogram comparison to output_new/normal_Nov10_1851_256_0.1/histograms/hist_normal_13.png
[Plot] Saved histogram comparison to output_new/normal_Nov10_1851_256_0.1/histograms/hist_log_13.png
[Nov12_0251] Starting epoch 131/200...
Epoch 131/200 - train_loss: 0.046084 - val_loss: 0.046241
[Nov12_0304] Starting epoch 132/200...
Epoch 132/200 - train_loss: 0.046397 - val_loss: 0.045798
[Nov12_0318] Starting epoch 133/200...
Epoch 133/200 - train_loss: 0.045662 - val_loss: 0.045827
[Nov12_0332] Starting epoch 134/200...
Epoch 134/200 - train_loss: 0.046277 - val_loss: 0.047313
[Nov12_0345] Starting epoch 135/200...
Epoch 135/200 - train_loss: 0.046205 - val_loss: 0.044683
[Nov12_0359] Starting epoch 136/200...
Epoch 136/200 - train_loss: 0.046844 - val_loss: 0.046307
[Nov12_0412] Starting epoch 137/200...
Epoch 137/200 - train_loss: 0.045943 - val_loss: 0.046805
[Nov12_0426] Starting epoch 138/200...
Epoch 138/200 - train_loss: 0.046296 - val_loss: 0.045304
[Nov12_0440] Starting epoch 139/200...
Epoch 139/200 - train_loss: 0.046107 - val_loss: 0.046143
[Nov12_0453] Starting epoch 140/200...
Epoch 140/200 - train_loss: 0.045860 - val_loss: 0.046042
[Nov12_0507] Sampling 1-16 / 64
[Nov12_0509] Sampling 17-32 / 64
[Nov12_0510] Sampling 33-48 / 64
[Nov12_0512] Sampling 49-64 / 64
[Plot] Saved output_new/normal_Nov10_1851_256_0.1/samples/plot14.png
[Plot] Saved RAPSD comparison to output_new/normal_Nov10_1851_256_0.1/histograms/rapsd_14.png
[Plot] Saved histogram comparison to output_new/normal_Nov10_1851_256_0.1/histograms/hist_normal_14.png
[Plot] Saved histogram comparison to output_new/normal_Nov10_1851_256_0.1/histograms/hist_log_14.png
[Nov12_0518] Starting epoch 141/200...
Epoch 141/200 - train_loss: 0.045809 - val_loss: 0.046499
[Nov12_0532] Starting epoch 142/200...
Epoch 142/200 - train_loss: 0.045802 - val_loss: 0.044950
[Nov12_0545] Starting epoch 143/200...
Epoch 143/200 - train_loss: 0.046393 - val_loss: 0.046349
[Nov12_0559] Starting epoch 144/200...
Epoch 144/200 - train_loss: 0.046035 - val_loss: 0.045142
[Nov12_0612] Starting epoch 145/200...
Epoch 145/200 - train_loss: 0.046440 - val_loss: 0.046963
[Nov12_0626] Starting epoch 146/200...
Epoch 146/200 - train_loss: 0.045943 - val_loss: 0.046548
[Nov12_0640] Starting epoch 147/200...
Epoch 147/200 - train_loss: 0.046877 - val_loss: 0.045171
[Nov12_0653] Starting epoch 148/200...
Epoch 148/200 - train_loss: 0.045920 - val_loss: 0.045633
[Nov12_0707] Starting epoch 149/200...
Epoch 149/200 - train_loss: 0.046109 - val_loss: 0.045690
[Nov12_0721] Starting epoch 150/200...
Epoch 150/200 - train_loss: 0.046363 - val_loss: 0.046157
[Nov12_0734] Sampling 1-16 / 64
[Nov12_0736] Sampling 17-32 / 64
[Nov12_0738] Sampling 33-48 / 64
[Nov12_0740] Sampling 49-64 / 64
[Plot] Saved output_new/normal_Nov10_1851_256_0.1/samples/plot15.png
[Plot] Saved RAPSD comparison to output_new/normal_Nov10_1851_256_0.1/histograms/rapsd_15.png
[Plot] Saved histogram comparison to output_new/normal_Nov10_1851_256_0.1/histograms/hist_normal_15.png
[Plot] Saved histogram comparison to output_new/normal_Nov10_1851_256_0.1/histograms/hist_log_15.png
[Nov12_0745] Starting epoch 151/200...
Epoch 151/200 - train_loss: 0.045849 - val_loss: 0.045789
[Nov12_0759] Starting epoch 152/200...
Epoch 152/200 - train_loss: 0.046147 - val_loss: 0.044472
[Nov12_0812] Starting epoch 153/200...
Epoch 153/200 - train_loss: 0.046407 - val_loss: 0.047577
[Nov12_0826] Starting epoch 154/200...
Epoch 154/200 - train_loss: 0.046038 - val_loss: 0.044956
[Nov12_0840] Starting epoch 155/200...
Epoch 155/200 - train_loss: 0.045726 - val_loss: 0.045798
[Nov12_0853] Starting epoch 156/200...
Epoch 156/200 - train_loss: 0.045661 - val_loss: 0.044403
[Nov12_0907] Starting epoch 157/200...
Epoch 157/200 - train_loss: 0.046221 - val_loss: 0.045523
[Nov12_0921] Starting epoch 158/200...
Epoch 158/200 - train_loss: 0.046334 - val_loss: 0.046205
[Nov12_0934] Starting epoch 159/200...
Epoch 159/200 - train_loss: 0.045528 - val_loss: 0.046706
[Nov12_0948] Starting epoch 160/200...
Epoch 160/200 - train_loss: 0.045616 - val_loss: 0.045707
[Nov12_1001] Sampling 1-16 / 64
[Nov12_1003] Sampling 17-32 / 64
[Nov12_1005] Sampling 33-48 / 64
[Nov12_1007] Sampling 49-64 / 64
[Plot] Saved output_new/normal_Nov10_1851_256_0.1/samples/plot16.png
[Plot] Saved RAPSD comparison to output_new/normal_Nov10_1851_256_0.1/histograms/rapsd_16.png
[Plot] Saved histogram comparison to output_new/normal_Nov10_1851_256_0.1/histograms/hist_normal_16.png
[Plot] Saved histogram comparison to output_new/normal_Nov10_1851_256_0.1/histograms/hist_log_16.png
[Nov12_1013] Starting epoch 161/200...
Epoch 161/200 - train_loss: 0.046012 - val_loss: 0.044092
[Nov12_1026] Starting epoch 162/200...
Epoch 162/200 - train_loss: 0.046577 - val_loss: 0.045552
[Nov12_1040] Starting epoch 163/200...
Epoch 163/200 - train_loss: 0.045687 - val_loss: 0.044974
[Nov12_1053] Starting epoch 164/200...
Epoch 164/200 - train_loss: 0.046085 - val_loss: 0.045815
[Nov12_1107] Starting epoch 165/200...
Epoch 165/200 - train_loss: 0.045918 - val_loss: 0.043867
[Nov12_1120] Starting epoch 166/200...
Epoch 166/200 - train_loss: 0.046170 - val_loss: 0.045138
[Nov12_1134] Starting epoch 167/200...
Epoch 167/200 - train_loss: 0.046177 - val_loss: 0.043879
[Nov12_1148] Starting epoch 168/200...
Epoch 168/200 - train_loss: 0.046022 - val_loss: 0.045510
[Nov12_1201] Starting epoch 169/200...
Epoch 169/200 - train_loss: 0.045581 - val_loss: 0.044108
[Nov12_1215] Starting epoch 170/200...
Epoch 170/200 - train_loss: 0.046354 - val_loss: 0.045317
[Nov12_1228] Sampling 1-16 / 64
[Nov12_1230] Sampling 17-32 / 64
[Nov12_1232] Sampling 33-48 / 64
[Nov12_1234] Sampling 49-64 / 64
[Plot] Saved output_new/normal_Nov10_1851_256_0.1/samples/plot17.png
[Plot] Saved RAPSD comparison to output_new/normal_Nov10_1851_256_0.1/histograms/rapsd_17.png
[Plot] Saved histogram comparison to output_new/normal_Nov10_1851_256_0.1/histograms/hist_normal_17.png
[Plot] Saved histogram comparison to output_new/normal_Nov10_1851_256_0.1/histograms/hist_log_17.png
[Nov12_1239] Starting epoch 171/200...
Epoch 171/200 - train_loss: 0.045662 - val_loss: 0.044016
[Nov12_1253] Starting epoch 172/200...
Epoch 172/200 - train_loss: 0.045706 - val_loss: 0.045934
[Nov12_1307] Starting epoch 173/200...
Epoch 173/200 - train_loss: 0.045751 - val_loss: 0.045395
[Nov12_1320] Starting epoch 174/200...
Epoch 174/200 - train_loss: 0.045820 - val_loss: 0.045297
[Nov12_1334] Starting epoch 175/200...
Epoch 175/200 - train_loss: 0.045222 - val_loss: 0.045749
[Nov12_1348] Starting epoch 176/200...
Epoch 176/200 - train_loss: 0.045380 - val_loss: 0.045315
[Nov12_1401] Starting epoch 177/200...
Epoch 177/200 - train_loss: 0.045756 - val_loss: 0.045107
[Nov12_1415] Starting epoch 178/200...
Epoch 178/200 - train_loss: 0.045849 - val_loss: 0.044971
[Nov12_1429] Starting epoch 179/200...
Epoch 179/200 - train_loss: 0.045974 - val_loss: 0.045596
[Nov12_1442] Starting epoch 180/200...
Epoch 180/200 - train_loss: 0.045776 - val_loss: 0.043826
[Nov12_1456] Sampling 1-16 / 64
[Nov12_1458] Sampling 17-32 / 64
[Nov12_1500] Sampling 33-48 / 64
[Nov12_1501] Sampling 49-64 / 64
[Plot] Saved output_new/normal_Nov10_1851_256_0.1/samples/plot18.png
[Plot] Saved RAPSD comparison to output_new/normal_Nov10_1851_256_0.1/histograms/rapsd_18.png
[Plot] Saved histogram comparison to output_new/normal_Nov10_1851_256_0.1/histograms/hist_normal_18.png
[Plot] Saved histogram comparison to output_new/normal_Nov10_1851_256_0.1/histograms/hist_log_18.png
[Nov12_1507] Starting epoch 181/200...
Epoch 181/200 - train_loss: 0.045855 - val_loss: 0.044450
[Nov12_1521] Starting epoch 182/200...
Epoch 182/200 - train_loss: 0.045432 - val_loss: 0.047639
[Nov12_1535] Starting epoch 183/200...
Epoch 183/200 - train_loss: 0.045161 - val_loss: 0.045344
[Nov12_1548] Starting epoch 184/200...
Epoch 184/200 - train_loss: 0.045362 - val_loss: 0.045846
[Nov12_1602] Starting epoch 185/200...
Epoch 185/200 - train_loss: 0.045378 - val_loss: 0.046088
[Nov12_1616] Starting epoch 186/200...
Epoch 186/200 - train_loss: 0.045477 - val_loss: 0.045778
[Nov12_1630] Starting epoch 187/200...
Epoch 187/200 - train_loss: 0.045501 - val_loss: 0.044647
[Nov12_1643] Starting epoch 188/200...
Epoch 188/200 - train_loss: 0.045546 - val_loss: 0.044856
[Nov12_1657] Starting epoch 189/200...
Epoch 189/200 - train_loss: 0.045541 - val_loss: 0.043421
[Nov12_1711] Starting epoch 190/200...
Epoch 190/200 - train_loss: 0.045432 - val_loss: 0.046050
[Nov12_1724] Sampling 1-16 / 64
[Nov12_1726] Sampling 17-32 / 64
[Nov12_1728] Sampling 33-48 / 64
[Nov12_1730] Sampling 49-64 / 64
[Plot] Saved output_new/normal_Nov10_1851_256_0.1/samples/plot19.png
[Plot] Saved RAPSD comparison to output_new/normal_Nov10_1851_256_0.1/histograms/rapsd_19.png
[Plot] Saved histogram comparison to output_new/normal_Nov10_1851_256_0.1/histograms/hist_normal_19.png
[Plot] Saved histogram comparison to output_new/normal_Nov10_1851_256_0.1/histograms/hist_log_19.png
[Nov12_1735] Starting epoch 191/200...
Epoch 191/200 - train_loss: 0.045240 - val_loss: 0.044531
[Nov12_1749] Starting epoch 192/200...
Epoch 192/200 - train_loss: 0.045833 - val_loss: 0.045650
[Nov12_1803] Starting epoch 193/200...
Epoch 193/200 - train_loss: 0.045670 - val_loss: 0.045636
[Nov12_1816] Starting epoch 194/200...
Epoch 194/200 - train_loss: 0.045771 - val_loss: 0.044230
[Nov12_1830] Starting epoch 195/200...
Epoch 195/200 - train_loss: 0.046265 - val_loss: 0.044885
[Nov12_1844] Starting epoch 196/200...
Epoch 196/200 - train_loss: 0.045333 - val_loss: 0.045518
[Nov12_1857] Starting epoch 197/200...
Epoch 197/200 - train_loss: 0.045735 - val_loss: 0.045634
[Nov12_1911] Starting epoch 198/200...
Epoch 198/200 - train_loss: 0.045624 - val_loss: 0.043957
[Nov12_1925] Starting epoch 199/200...
Epoch 199/200 - train_loss: 0.045448 - val_loss: 0.046713
[Nov12_1938] Starting epoch 200/200...
Epoch 200/200 - train_loss: 0.045558 - val_loss: 0.046601
[Nov12_1952] Sampling 1-16 / 128
[Nov12_1954] Sampling 17-32 / 128
[Nov12_1956] Sampling 33-48 / 128
[Nov12_1957] Sampling 49-64 / 128
[Nov12_1959] Sampling 65-80 / 128
[Nov12_2001] Sampling 81-96 / 128
[Nov12_2003] Sampling 97-112 / 128
[Nov12_2005] Sampling 113-128 / 128
[Plot] Saved output_new/normal_Nov10_1851_256_0.1/samples/plot20.png
[Plot] Saved RAPSD comparison to output_new/normal_Nov10_1851_256_0.1/histograms/rapsd_20.png
[Plot] Saved histogram comparison to output_new/normal_Nov10_1851_256_0.1/histograms/hist_normal_20.png
[Plot] Saved histogram comparison to output_new/normal_Nov10_1851_256_0.1/histograms/hist_log_20.png
0.04342130494584365
Run directory renamed: output_new/0.04342_normal_Nov10_1851_256_0.1
Run complete. Results stored in output_new/0.04342_normal_Nov10_1851_256_0.1
