Torch version: 2.5.1
CUDA available: True
CUDA device count: 2
CUDA device name: NVIDIA H100 80GB HBM3

[Cache] Loaded dataset from cache/precip_dataset_2001-2010_256_8760_10%.pkl

Output path set to: output_new/extensive_inpainting_Nov19_1228_256_0.1
UNet constructor args:
model_channels: 256
num_blocks: 2
channel_mult: [1, 2, 2, 4]
attn_resolutions: [32]
encoder_type: standard
dropout: 0.15
patch_size: 256
Removing 'module.' prefix from state dict keys...

Testing inpainting with 5.0% known data and lambda 50:
Inpainting, 5.0%
Inpainting, 10.0%
Inpainting, 15.0%
Inpainting, 20.0%
Inpainting, 25.0%
Inpainting, 30.0%
Inpainting, 35.0%
Inpainting, 40.0%
Inpainting, 45.0%
Inpainting, 50.0%
Inpainting, 55.0%
Inpainting, 60.0%
Inpainting, 65.0%
Inpainting, 70.0%
Inpainting, 75.0%
Inpainting, 80.0%
Inpainting, 85.0%
Inpainting, 90.0%
Inpainting, 95.0%
Inpainting, 100.0%
Inpainting MSE (masked region): 0.230971
Inpainting MAE (masked region): 0.273270
[Plot] Saved inpainting results to output_new/extensive_inpainting_Nov19_1228_256_0.1/inpainting_results/inpainting_0.05_20251119_122951.png
MSE Loss at 5.0% known data and lambda 50: 0.230971

Testing inpainting with 5.0% known data and lambda 250:
Inpainting, 5.0%
Inpainting, 10.0%
Inpainting, 15.0%
Inpainting, 20.0%
Inpainting, 25.0%
Inpainting, 30.0%
Inpainting, 35.0%
Inpainting, 40.0%
Inpainting, 45.0%
Inpainting, 50.0%
Inpainting, 55.0%
Inpainting, 60.0%
Inpainting, 65.0%
Inpainting, 70.0%
Inpainting, 75.0%
Inpainting, 80.0%
Inpainting, 85.0%
Inpainting, 90.0%
Inpainting, 95.0%
Inpainting, 100.0%
Inpainting MSE (masked region): 0.083022
Inpainting MAE (masked region): 0.182498
[Plot] Saved inpainting results to output_new/extensive_inpainting_Nov19_1228_256_0.1/inpainting_results/inpainting_0.05_20251119_123114.png
MSE Loss at 5.0% known data and lambda 250: 0.083022

Testing inpainting with 5.0% known data and lambda 1000:
Inpainting, 5.0%
Inpainting, 10.0%
Inpainting, 15.0%
Inpainting, 20.0%
Inpainting, 25.0%
Inpainting, 30.0%
Inpainting, 35.0%
Inpainting, 40.0%
Inpainting, 45.0%
Inpainting, 50.0%
Inpainting, 55.0%
Inpainting, 60.0%
Inpainting, 65.0%
Inpainting, 70.0%
Inpainting, 75.0%
Inpainting, 80.0%
Inpainting, 85.0%
Inpainting, 90.0%
Inpainting, 95.0%
Inpainting, 100.0%
Inpainting MSE (masked region): 0.111242
Inpainting MAE (masked region): 0.197095
[Plot] Saved inpainting results to output_new/extensive_inpainting_Nov19_1228_256_0.1/inpainting_results/inpainting_0.05_20251119_123237.png
MSE Loss at 5.0% known data and lambda 1000: 0.111242

Testing inpainting with 5.0% known data and lambda 2000:
Inpainting, 5.0%
Inpainting, 10.0%
Inpainting, 15.0%
Inpainting, 20.0%
Inpainting, 25.0%
Inpainting, 30.0%
Inpainting, 35.0%
Inpainting, 40.0%
Inpainting, 45.0%
Inpainting, 50.0%
Inpainting, 55.0%
Inpainting, 60.0%
Inpainting, 65.0%
Inpainting, 70.0%
Inpainting, 75.0%
Inpainting, 80.0%
Inpainting, 85.0%
Inpainting, 90.0%
Inpainting, 95.0%
Inpainting, 100.0%
Inpainting MSE (masked region): 0.119064
Inpainting MAE (masked region): 0.216003
[Plot] Saved inpainting results to output_new/extensive_inpainting_Nov19_1228_256_0.1/inpainting_results/inpainting_0.05_20251119_123400.png
MSE Loss at 5.0% known data and lambda 2000: 0.119064

Testing inpainting with 1.0% known data and lambda 50:
Inpainting, 5.0%
Inpainting, 10.0%
Inpainting, 15.0%
Inpainting, 20.0%
Inpainting, 25.0%
Inpainting, 30.0%
Inpainting, 35.0%
Inpainting, 40.0%
Inpainting, 45.0%
Inpainting, 50.0%
Inpainting, 55.0%
Inpainting, 60.0%
Inpainting, 65.0%
Inpainting, 70.0%
Inpainting, 75.0%
Inpainting, 80.0%
Inpainting, 85.0%
Inpainting, 90.0%
Inpainting, 95.0%
Inpainting, 100.0%
Inpainting MSE (masked region): 0.327449
Inpainting MAE (masked region): 0.311103
[Plot] Saved inpainting results to output_new/extensive_inpainting_Nov19_1228_256_0.1/inpainting_results/inpainting_0.01_20251119_123523.png
MSE Loss at 1.0% known data and lambda 50: 0.327449

Testing inpainting with 1.0% known data and lambda 250:
Inpainting, 5.0%
Inpainting, 10.0%
Inpainting, 15.0%
Inpainting, 20.0%
Inpainting, 25.0%
Inpainting, 30.0%
Inpainting, 35.0%
Inpainting, 40.0%
Inpainting, 45.0%
Inpainting, 50.0%
Inpainting, 55.0%
Inpainting, 60.0%
Inpainting, 65.0%
Inpainting, 70.0%
Inpainting, 75.0%
Inpainting, 80.0%
Inpainting, 85.0%
Inpainting, 90.0%
Inpainting, 95.0%
Inpainting, 100.0%
Inpainting MSE (masked region): 0.272520
Inpainting MAE (masked region): 0.308366
[Plot] Saved inpainting results to output_new/extensive_inpainting_Nov19_1228_256_0.1/inpainting_results/inpainting_0.01_20251119_123647.png
MSE Loss at 1.0% known data and lambda 250: 0.272520

Testing inpainting with 1.0% known data and lambda 1000:
Inpainting, 5.0%
Inpainting, 10.0%
Inpainting, 15.0%
Inpainting, 20.0%
Inpainting, 25.0%
Inpainting, 30.0%
Inpainting, 35.0%
Inpainting, 40.0%
Inpainting, 45.0%
Inpainting, 50.0%
Inpainting, 55.0%
Inpainting, 60.0%
Inpainting, 65.0%
Inpainting, 70.0%
Inpainting, 75.0%
Inpainting, 80.0%
Inpainting, 85.0%
Inpainting, 90.0%
Inpainting, 95.0%
Inpainting, 100.0%
Inpainting MSE (masked region): 0.327803
Inpainting MAE (masked region): 0.290789
[Plot] Saved inpainting results to output_new/extensive_inpainting_Nov19_1228_256_0.1/inpainting_results/inpainting_0.01_20251119_123810.png
MSE Loss at 1.0% known data and lambda 1000: 0.327803

Testing inpainting with 1.0% known data and lambda 2000:
Inpainting, 5.0%
Inpainting, 10.0%
Inpainting, 15.0%
Inpainting, 20.0%
Inpainting, 25.0%
Inpainting, 30.0%
Inpainting, 35.0%
Inpainting, 40.0%
Inpainting, 45.0%
Inpainting, 50.0%
Inpainting, 55.0%
Inpainting, 60.0%
Inpainting, 65.0%
Inpainting, 70.0%
Inpainting, 75.0%
Inpainting, 80.0%
Inpainting, 85.0%
Inpainting, 90.0%
Inpainting, 95.0%
Inpainting, 100.0%
Inpainting MSE (masked region): 0.467418
Inpainting MAE (masked region): 0.414675
[Plot] Saved inpainting results to output_new/extensive_inpainting_Nov19_1228_256_0.1/inpainting_results/inpainting_0.01_20251119_123933.png
MSE Loss at 1.0% known data and lambda 2000: 0.467418

Testing inpainting with 0.1% known data and lambda 50:
Inpainting, 5.0%
Inpainting, 10.0%
Inpainting, 15.0%
Inpainting, 20.0%
Inpainting, 25.0%
Inpainting, 30.0%
Inpainting, 35.0%
Inpainting, 40.0%
Inpainting, 45.0%
Inpainting, 50.0%
Inpainting, 55.0%
Inpainting, 60.0%
Inpainting, 65.0%
Inpainting, 70.0%
Inpainting, 75.0%
Inpainting, 80.0%
Inpainting, 85.0%
Inpainting, 90.0%
Inpainting, 95.0%
Inpainting, 100.0%
Inpainting MSE (masked region): 2.210450
Inpainting MAE (masked region): 0.932666
[Plot] Saved inpainting results to output_new/extensive_inpainting_Nov19_1228_256_0.1/inpainting_results/inpainting_0.001_20251119_124056.png
MSE Loss at 0.1% known data and lambda 50: 2.210450

Testing inpainting with 0.1% known data and lambda 250:
Inpainting, 5.0%
Inpainting, 10.0%
Inpainting, 15.0%
Inpainting, 20.0%
Inpainting, 25.0%
Inpainting, 30.0%
Inpainting, 35.0%
Inpainting, 40.0%
Inpainting, 45.0%
Inpainting, 50.0%
Inpainting, 55.0%
Inpainting, 60.0%
Inpainting, 65.0%
Inpainting, 70.0%
Inpainting, 75.0%
Inpainting, 80.0%
Inpainting, 85.0%
Inpainting, 90.0%
Inpainting, 95.0%
Inpainting, 100.0%
Inpainting MSE (masked region): 0.561314
Inpainting MAE (masked region): 0.424208
[Plot] Saved inpainting results to output_new/extensive_inpainting_Nov19_1228_256_0.1/inpainting_results/inpainting_0.001_20251119_124219.png
MSE Loss at 0.1% known data and lambda 250: 0.561314

Testing inpainting with 0.1% known data and lambda 1000:
Inpainting, 5.0%
Inpainting, 10.0%
Inpainting, 15.0%
Inpainting, 20.0%
Inpainting, 25.0%
Inpainting, 30.0%
Inpainting, 35.0%
Inpainting, 40.0%
Inpainting, 45.0%
Inpainting, 50.0%
Inpainting, 55.0%
Inpainting, 60.0%
Inpainting, 65.0%
Inpainting, 70.0%
Inpainting, 75.0%
Inpainting, 80.0%
Inpainting, 85.0%
Inpainting, 90.0%
Inpainting, 95.0%
Inpainting, 100.0%
Inpainting MSE (masked region): 1.700464
Inpainting MAE (masked region): 0.868715
[Plot] Saved inpainting results to output_new/extensive_inpainting_Nov19_1228_256_0.1/inpainting_results/inpainting_0.001_20251119_124342.png
MSE Loss at 0.1% known data and lambda 1000: 1.700464

Testing inpainting with 0.1% known data and lambda 2000:
Inpainting, 5.0%
Inpainting, 10.0%
Inpainting, 15.0%
Inpainting, 20.0%
Inpainting, 25.0%
Inpainting, 30.0%
Inpainting, 35.0%
Inpainting, 40.0%
Inpainting, 45.0%
Inpainting, 50.0%
Inpainting, 55.0%
Inpainting, 60.0%
Inpainting, 65.0%
Inpainting, 70.0%
Inpainting, 75.0%
Inpainting, 80.0%
Inpainting, 85.0%
Inpainting, 90.0%
Inpainting, 95.0%
Inpainting, 100.0%
Inpainting MSE (masked region): 0.937975
Inpainting MAE (masked region): 0.507967
[Plot] Saved inpainting results to output_new/extensive_inpainting_Nov19_1228_256_0.1/inpainting_results/inpainting_0.001_20251119_124505.png
MSE Loss at 0.1% known data and lambda 2000: 0.937975
[Plot] Saved MSE curve plot to output_new/extensive_inpainting_Nov19_1228_256_0.1/inpainting_results/inpainting_mse_curve.png
[Plot] Saved MSE heatmap to output_new/extensive_inpainting_Nov19_1228_256_0.1/inpainting_results/inpainting_mse_heatmap.png

Saved MSE matrix to inpainting_mse_results.csv
Run directory renamed: output_new/0.04342_extensive_inpainting_Nov19_1228_256_0.1
Run complete. Results stored in output_new/0.04342_extensive_inpainting_Nov19_1228_256_0.1
