Torch version: 2.5.1
CUDA available: True
CUDA device count: 3
CUDA device name: NVIDIA H100 80GB HBM3

[Cache] Loaded dataset from cache/precip_dataset_2001-2001_256_8760_10%.pkl

Best params: {'model_channels': 256, 'num_blocks': 2, 'dropout': 0.0015810361283177601, 'downsample_type': 'standard', 'channel_mult': '1224', 'attn_config': 'last', 'timesteps': 1000, 'beta_schedule': 'linear', 'loss': 'mse', 'optimizer': 'Adam', 'scheduler': 'ExponentialLR', 'lr': 0.000179013101914261}
Best value: 0.013646426079155038
Best params saved to: output/params/best_params_0.0136_1025_05.csv
Best model saved to: output/models/best_model_0.0136_1025_05.pt





=== Parameter-wise Summary ===

Parameter: model_channels
  128: avg RMSE=0.0655, avg time=infs over 108 trials
  256: avg RMSE=0.0912, avg time=infs over 396 trials
  64: avg RMSE=0.1764, avg time=infs over 96 trials

Parameter: num_blocks
  3: avg RMSE=0.1344, avg time=infs over 120 trials
  2: avg RMSE=0.0764, avg time=infs over 384 trials
  1: avg RMSE=0.1529, avg time=infs over 96 trials

Parameter: dropout
  0.19967342037261018: avg RMSE=0.0144, avg time=423.4s over 12 trials
  0.02830356967323515: avg RMSE=0.0266, avg time=1511.0s over 12 trials
  0.10500848069581749: avg RMSE=0.0264, avg time=499.9s over 12 trials
  0.11610639756046598: avg RMSE=0.0409, avg time=373.3s over 12 trials
  0.22681674637378443: avg RMSE=0.0428, avg time=462.0s over 12 trials
  0.13103906544300062: avg RMSE=0.7854, avg time=infs over 12 trials
  0.10176283156576907: avg RMSE=0.0269, avg time=infs over 12 trials
  0.09091814960998966: avg RMSE=0.0327, avg time=infs over 12 trials
  0.19522727237195509: avg RMSE=0.4098, avg time=infs over 12 trials
  0.2214116324635826: avg RMSE=0.0208, avg time=437.0s over 12 trials
  0.2966670271613947: avg RMSE=0.0434, avg time=infs over 12 trials
  0.2370983595925692: avg RMSE=0.2180, avg time=infs over 12 trials
  0.1900477311198191: avg RMSE=0.1277, avg time=infs over 12 trials
  0.29059293552237064: avg RMSE=0.0207, avg time=499.1s over 12 trials
  0.29569642969828647: avg RMSE=0.0154, avg time=568.0s over 12 trials
  0.26692949002911515: avg RMSE=0.0143, avg time=662.2s over 12 trials
  0.17024696939143646: avg RMSE=0.0932, avg time=infs over 12 trials
  0.25618093133703884: avg RMSE=0.0281, avg time=infs over 12 trials
  0.2544323764437383: avg RMSE=0.0409, avg time=infs over 12 trials
  0.1554621264629931: avg RMSE=0.0143, avg time=1067.5s over 12 trials
  0.002855459873455979: avg RMSE=0.0138, avg time=948.2s over 12 trials
  0.020949313778116062: avg RMSE=0.0153, avg time=477.2s over 12 trials
  0.06393491584234437: avg RMSE=0.0158, avg time=477.1s over 12 trials
  0.060084360001425155: avg RMSE=0.0144, avg time=1066.3s over 12 trials
  0.15092323875904692: avg RMSE=0.0140, avg time=1066.2s over 12 trials
  0.15517374723628388: avg RMSE=0.0809, avg time=infs over 12 trials
  0.13474479611690415: avg RMSE=0.0531, avg time=infs over 12 trials
  0.0026562310723758217: avg RMSE=0.0557, avg time=infs over 12 trials
  0.1625734184888913: avg RMSE=0.0765, avg time=infs over 12 trials
  0.06819294591794434: avg RMSE=0.0198, avg time=infs over 12 trials
  0.17945582827826048: avg RMSE=0.0645, avg time=infs over 12 trials
  0.1369416844870251: avg RMSE=0.0158, avg time=712.5s over 12 trials
  0.20829413086448134: avg RMSE=0.0206, avg time=infs over 12 trials
  0.08416854870689858: avg RMSE=0.0482, avg time=infs over 12 trials
  0.0328463922296377: avg RMSE=0.0151, avg time=476.3s over 12 trials
  0.2711219420685774: avg RMSE=0.0146, avg time=830.3s over 12 trials
  0.10937059241728614: avg RMSE=1.2095, avg time=infs over 12 trials
  0.14235860070180528: avg RMSE=0.0547, avg time=infs over 12 trials
  0.12436696174934661: avg RMSE=0.0701, avg time=infs over 12 trials
  0.045237624117731884: avg RMSE=0.0911, avg time=infs over 12 trials
  0.17885019206917618: avg RMSE=0.0605, avg time=infs over 12 trials
  0.0015810361283177601: avg RMSE=0.0136, avg time=1065.5s over 12 trials
  0.003851116167274008: avg RMSE=0.0192, avg time=infs over 12 trials
  0.014713717450647989: avg RMSE=0.0152, avg time=infs over 12 trials
  0.03422883260823988: avg RMSE=0.0146, avg time=723.9s over 12 trials
  0.2158999735949178: avg RMSE=0.2034, avg time=infs over 12 trials
  0.09051437040299767: avg RMSE=0.2081, avg time=infs over 12 trials
  0.04520188299376211: avg RMSE=0.3494, avg time=infs over 12 trials
  0.23400721620254672: avg RMSE=0.0577, avg time=infs over 12 trials
  0.12134895575076872: avg RMSE=0.0633, avg time=infs over 12 trials

Parameter: downsample_type
  standard: avg RMSE=0.0830, avg time=infs over 492 trials
  residual: avg RMSE=0.1785, avg time=infs over 108 trials

Parameter: channel_mult
  1124: avg RMSE=0.0638, avg time=infs over 156 trials
  124: avg RMSE=0.3027, avg time=infs over 72 trials
  1248: avg RMSE=0.1028, avg time=infs over 72 trials
  1224: avg RMSE=0.0699, avg time=infs over 300 trials

Parameter: attn_config
  last: avg RMSE=0.0910, avg time=infs over 420 trials
  none: avg RMSE=0.1615, avg time=infs over 84 trials
  last_two: avg RMSE=0.0869, avg time=infs over 96 trials

Parameter: timesteps
  1000: avg RMSE=0.0542, avg time=infs over 408 trials
  250: avg RMSE=0.2168, avg time=infs over 84 trials
  500: avg RMSE=0.1836, avg time=infs over 108 trials

Parameter: beta_schedule
  linear: avg RMSE=0.0802, avg time=infs over 396 trials
  cosine: avg RMSE=0.2353, avg time=infs over 72 trials
  exponential: avg RMSE=0.0544, avg time=infs over 60 trials
  quadratic: avg RMSE=0.1138, avg time=infs over 72 trials

Parameter: loss
  mse: avg RMSE=0.0837, avg time=infs over 420 trials
  huber: avg RMSE=0.1118, avg time=infs over 108 trials
  l1: avg RMSE=0.1795, avg time=infs over 72 trials

Parameter: optimizer
  Adam: avg RMSE=0.0670, avg time=infs over 492 trials
  AdamW: avg RMSE=0.2516, avg time=infs over 108 trials

Parameter: scheduler
  ExponentialLR: avg RMSE=0.0491, avg time=infs over 492 trials
  WarmupCosine: avg RMSE=0.3332, avg time=infs over 108 trials

Parameter: lr
  0.00010066659677583863: avg RMSE=0.0144, avg time=423.4s over 12 trials
  0.00012523859915414772: avg RMSE=0.0266, avg time=1511.0s over 12 trials
  0.00022736365579036793: avg RMSE=0.0264, avg time=499.9s over 12 trials
  1.4913603634702872e-05: avg RMSE=0.0409, avg time=373.3s over 12 trials
  0.00012841036906552437: avg RMSE=0.0428, avg time=462.0s over 12 trials
  2.0800046590865623e-05: avg RMSE=0.7854, avg time=infs over 12 trials
  0.00010909985818563206: avg RMSE=0.0269, avg time=infs over 12 trials
  0.0019449761656919356: avg RMSE=0.0327, avg time=infs over 12 trials
  1.8760912994446124e-05: avg RMSE=0.4098, avg time=infs over 12 trials
  0.00027237780109162893: avg RMSE=0.0208, avg time=437.0s over 12 trials
  0.0004505675401359172: avg RMSE=0.0434, avg time=infs over 12 trials
  5.411550187957594e-05: avg RMSE=0.2180, avg time=infs over 12 trials
  4.6097745823580794e-05: avg RMSE=0.1277, avg time=infs over 12 trials
  0.00031265977887901393: avg RMSE=0.0207, avg time=499.1s over 12 trials
  0.00039172083171404044: avg RMSE=0.0154, avg time=568.0s over 12 trials
  0.0004774169173962966: avg RMSE=0.0143, avg time=662.2s over 12 trials
  3.714598472422654e-05: avg RMSE=0.0932, avg time=infs over 12 trials
  8.75679016423654e-05: avg RMSE=0.0281, avg time=infs over 12 trials
  0.0011383311170948716: avg RMSE=0.0409, avg time=infs over 12 trials
  0.00018064296757824163: avg RMSE=0.0143, avg time=1067.5s over 12 trials
  0.00018712780137181376: avg RMSE=0.0138, avg time=948.2s over 12 trials
  0.0001862707922840216: avg RMSE=0.0153, avg time=477.2s over 12 trials
  0.0001777944264276309: avg RMSE=0.0158, avg time=477.1s over 12 trials
  0.0001638206298649731: avg RMSE=0.0144, avg time=1066.3s over 12 trials
  0.00036689955743659234: avg RMSE=0.0140, avg time=1066.2s over 12 trials
  7.533424002176876e-05: avg RMSE=0.0809, avg time=infs over 12 trials
  0.0007613732753235728: avg RMSE=0.0531, avg time=infs over 12 trials
  0.00023907228116295143: avg RMSE=0.0557, avg time=infs over 12 trials
  0.00015160910629116828: avg RMSE=0.0765, avg time=infs over 12 trials
  0.00031645195525197245: avg RMSE=0.0198, avg time=infs over 12 trials
  0.00020936428183124147: avg RMSE=0.0645, avg time=infs over 12 trials
  0.0003683705839708001: avg RMSE=0.0158, avg time=712.5s over 12 trials
  0.0002763887914161161: avg RMSE=0.0206, avg time=infs over 12 trials
  0.00013116849458219505: avg RMSE=0.0482, avg time=infs over 12 trials
  0.000438328516585772: avg RMSE=0.0151, avg time=476.3s over 12 trials
  0.00022063297773329446: avg RMSE=0.0146, avg time=830.3s over 12 trials
  0.004750357457336903: avg RMSE=1.2095, avg time=infs over 12 trials
  9.718609039051567e-05: avg RMSE=0.0547, avg time=infs over 12 trials
  0.0001452955641735293: avg RMSE=0.0701, avg time=infs over 12 trials
  0.0006800772624533144: avg RMSE=0.0911, avg time=infs over 12 trials
  0.0001160446896478899: avg RMSE=0.0605, avg time=infs over 12 trials
  0.000179013101914261: avg RMSE=0.0136, avg time=1065.5s over 12 trials
  0.00025505661921795: avg RMSE=0.0192, avg time=infs over 12 trials
  0.00020643941849719856: avg RMSE=0.0152, avg time=infs over 12 trials
  0.0003240512648506887: avg RMSE=0.0146, avg time=723.9s over 12 trials
  2.907034568569721e-05: avg RMSE=0.2034, avg time=infs over 12 trials
  5.546454588936555e-05: avg RMSE=0.2081, avg time=infs over 12 trials
  0.0006105505749308799: avg RMSE=0.3494, avg time=infs over 12 trials
  0.0002775457431588249: avg RMSE=0.0577, avg time=infs over 12 trials
  0.00010231064318220898: avg RMSE=0.0633, avg time=infs over 12 trials

[Cache] Loaded dataset from cache/precip_dataset_2001-2001_256_8760_10%.pkl

