Torch version: 2.5.1
CUDA available: True
CUDA device count: 3
CUDA device name: NVIDIA H100 80GB HBM3

[Cache] Loaded dataset from cache/precip_dataset_2001-2001_256_8760_10%.pkl

Epoch 1/100 - avg_loss: 0.222406, avg_rmse: 0.218430
Sampling, 5.0%
Sampling, 10.0%
Sampling, 15.0%
Sampling, 20.0%
Sampling, 25.0%
Sampling, 30.0%
Sampling, 35.0%
Sampling, 40.0%
Sampling, 45.0%
Sampling, 50.0%
Sampling, 55.0%
Sampling, 60.0%
Sampling, 65.0%
Sampling, 70.0%
Sampling, 75.0%
Sampling, 80.0%
Sampling, 85.0%
Sampling, 90.0%
Sampling, 95.0%
Sampling, 100.0%
[Plot] Saved output_new/new_run/sample/plot1.png
[Plot] Saved histogram comparison to output_new/new_run/histograms/hist1.png
[Plot] Saved histogram comparison to output_new/new_run/histograms/hist2.png
Epoch 2/100 - avg_loss: 0.017599, avg_rmse: 0.016878
Sampling, 5.0%
Sampling, 10.0%
Sampling, 15.0%
Sampling, 20.0%
Sampling, 25.0%
Sampling, 30.0%
Sampling, 35.0%
Sampling, 40.0%
Sampling, 45.0%
Sampling, 50.0%
Sampling, 55.0%
Sampling, 60.0%
Sampling, 65.0%
Sampling, 70.0%
Sampling, 75.0%
Sampling, 80.0%
Sampling, 85.0%
Sampling, 90.0%
Sampling, 95.0%
Sampling, 100.0%
[Plot] Saved output_new/new_run/sample/plot2.png
[Plot] Saved histogram comparison to output_new/new_run/histograms/hist3.png
[Plot] Saved histogram comparison to output_new/new_run/histograms/hist4.png
Epoch 3/100 - avg_loss: 0.016087, avg_rmse: 0.015628
Sampling, 5.0%
Sampling, 10.0%
Sampling, 15.0%
Sampling, 20.0%
Sampling, 25.0%
Sampling, 30.0%
Sampling, 35.0%
Sampling, 40.0%
Sampling, 45.0%
Sampling, 50.0%
Sampling, 55.0%
Sampling, 60.0%
Sampling, 65.0%
Sampling, 70.0%
Sampling, 75.0%
Sampling, 80.0%
Sampling, 85.0%
Sampling, 90.0%
Sampling, 95.0%
Sampling, 100.0%
[Plot] Saved output_new/new_run/sample/plot3.png
[Plot] Saved histogram comparison to output_new/new_run/histograms/hist5.png
[Plot] Saved histogram comparison to output_new/new_run/histograms/hist6.png
Epoch 4/100 - avg_loss: 0.015560, avg_rmse: 0.015266
Sampling, 5.0%
Sampling, 10.0%
Sampling, 15.0%
Sampling, 20.0%
Sampling, 25.0%
Sampling, 30.0%
Sampling, 35.0%
Sampling, 40.0%
Sampling, 45.0%
Sampling, 50.0%
Sampling, 55.0%
Sampling, 60.0%
Sampling, 65.0%
Sampling, 70.0%
Sampling, 75.0%
Sampling, 80.0%
Sampling, 85.0%
Sampling, 90.0%
Sampling, 95.0%
Sampling, 100.0%
[Plot] Saved output_new/new_run/sample/plot4.png
[Plot] Saved histogram comparison to output_new/new_run/histograms/hist7.png
[Plot] Saved histogram comparison to output_new/new_run/histograms/hist8.png
Epoch 5/100 - avg_loss: 0.015011, avg_rmse: 0.014744
Sampling, 5.0%
Sampling, 10.0%
Sampling, 15.0%
Sampling, 20.0%
Sampling, 25.0%
Sampling, 30.0%
Sampling, 35.0%
Sampling, 40.0%
Sampling, 45.0%
Sampling, 50.0%
Sampling, 55.0%
Sampling, 60.0%
Sampling, 65.0%
Sampling, 70.0%
Sampling, 75.0%
Sampling, 80.0%
Sampling, 85.0%
Sampling, 90.0%
Sampling, 95.0%
Sampling, 100.0%
[Plot] Saved output_new/new_run/sample/plot5.png
[Plot] Saved histogram comparison to output_new/new_run/histograms/hist9.png
[Plot] Saved histogram comparison to output_new/new_run/histograms/hist10.png
Epoch 6/100 - avg_loss: 0.013471, avg_rmse: 0.013413
Sampling, 5.0%
Sampling, 10.0%
Sampling, 15.0%
Sampling, 20.0%
Sampling, 25.0%
Sampling, 30.0%
Sampling, 35.0%
Sampling, 40.0%
Sampling, 45.0%
Sampling, 50.0%
Sampling, 55.0%
Sampling, 60.0%
Sampling, 65.0%
Sampling, 70.0%
Sampling, 75.0%
Sampling, 80.0%
Sampling, 85.0%
Sampling, 90.0%
Sampling, 95.0%
Sampling, 100.0%
[Plot] Saved output_new/new_run/sample/plot6.png
[Plot] Saved histogram comparison to output_new/new_run/histograms/hist11.png
[Plot] Saved histogram comparison to output_new/new_run/histograms/hist12.png
Epoch 7/100 - avg_loss: 0.014647, avg_rmse: 0.014416
Sampling, 5.0%
Sampling, 10.0%
Sampling, 15.0%
Sampling, 20.0%
Sampling, 25.0%
Sampling, 30.0%
Sampling, 35.0%
Sampling, 40.0%
Sampling, 45.0%
Sampling, 50.0%
Sampling, 55.0%
Sampling, 60.0%
Sampling, 65.0%
Sampling, 70.0%
Sampling, 75.0%
Sampling, 80.0%
Sampling, 85.0%
Sampling, 90.0%
Sampling, 95.0%
Sampling, 100.0%
[Plot] Saved output_new/new_run/sample/plot7.png
[Plot] Saved histogram comparison to output_new/new_run/histograms/hist13.png
[Plot] Saved histogram comparison to output_new/new_run/histograms/hist14.png
Epoch 8/100 - avg_loss: 0.014497, avg_rmse: 0.014409
Sampling, 5.0%
Sampling, 10.0%
Sampling, 15.0%
Sampling, 20.0%
Sampling, 25.0%
Sampling, 30.0%
Sampling, 35.0%
Sampling, 40.0%
Sampling, 45.0%
Sampling, 50.0%
Sampling, 55.0%
Sampling, 60.0%
Sampling, 65.0%
Sampling, 70.0%
Sampling, 75.0%
Sampling, 80.0%
Sampling, 85.0%
Sampling, 90.0%
Sampling, 95.0%
Sampling, 100.0%
[Plot] Saved output_new/new_run/sample/plot8.png
[Plot] Saved histogram comparison to output_new/new_run/histograms/hist15.png
[Plot] Saved histogram comparison to output_new/new_run/histograms/hist16.png
Epoch 9/100 - avg_loss: 0.013617, avg_rmse: 0.013512
Sampling, 5.0%
Sampling, 10.0%
Sampling, 15.0%
Sampling, 20.0%
Sampling, 25.0%
Sampling, 30.0%
Sampling, 35.0%
Sampling, 40.0%
Sampling, 45.0%
Sampling, 50.0%
Sampling, 55.0%
Sampling, 60.0%
Sampling, 65.0%
Sampling, 70.0%
Sampling, 75.0%
Sampling, 80.0%
Sampling, 85.0%
Sampling, 90.0%
Sampling, 95.0%
Sampling, 100.0%
[Plot] Saved output_new/new_run/sample/plot9.png
[Plot] Saved histogram comparison to output_new/new_run/histograms/hist17.png
[Plot] Saved histogram comparison to output_new/new_run/histograms/hist18.png
Epoch 10/100 - avg_loss: 0.013983, avg_rmse: 0.013820
Early stopping at epoch 10
0.01341343725041766
Run directory renamed: output_new/0.01341_Normal_Oct23_0946_256_0.1
Run complete. Results stored in output_new/0.01341_Normal_Oct23_0946_256_0.1
